Job started on v007.ib.bridges2.psc.edu at Thu Dec 22 16:21:16 EST 2022
this task is on regression of SO4_react
loading ecfp features successfully!
loading maccs features successfully!
loading mordred features successfully!
loading dataframe successfully!
The result directory is created!
column number: ['set']
start given split
Regression on label, Feature - ecfp, Model - rf :
MAE 7.97E-01 +/- 0.00E+00
column number: ['set']
start given split
Regression on label, Feature - ecfp, Model - svm :
MAE 1.07E+00 +/- 0.00E+00
column number: ['set']
start given split
Regression on label, Feature - ecfp, Model - gb :
MAE 8.30E-01 +/- 0.00E+00
column number: ['set']
start given split
Regression on label, Feature - ecfp, Model - nn :
MAE 1.37E+00 +/- 0.00E+00
column number: ['set']
start given split
Regression on label, Feature - ecfp, Model - nn-pca :
MAE 1.03E+00 +/- 0.00E+00
column number: ['set']
start given split
Regression on label, Feature - ecfp, Model - gb-30 :
MAE 9.11E-01 +/- 0.00E+00
column number: ['set']
start given split
Regression on label, Feature - maccs, Model - rf :
MAE 6.87E-01 +/- 0.00E+00
column number: ['set']
start given split
Regression on label, Feature - maccs, Model - svm :
MAE 7.44E-01 +/- 0.00E+00
column number: ['set']
start given split
Regression on label, Feature - maccs, Model - gb :
MAE 7.19E-01 +/- 0.00E+00
column number: ['set']
start given split
Regression on label, Feature - maccs, Model - nn :
MAE 8.82E-01 +/- 0.00E+00
column number: ['set']
start given split
Regression on label, Feature - maccs, Model - nn-pca :
MAE 7.51E-01 +/- 0.00E+00
column number: ['set']
start given split
Regression on label, Feature - maccs, Model - gb-30 :
MAE 7.28E-01 +/- 0.00E+00
column number: ['set']
start given split
Regression on label, Feature - mordred, Model - rf :
MAE 6.75E-01 +/- 0.00E+00
column number: ['set']
start given split
Regression on label, Feature - mordred, Model - svm :
MAE 8.68E-01 +/- 0.00E+00
column number: ['set']
start given split
Regression on label, Feature - mordred, Model - gb :
MAE 7.25E-01 +/- 0.00E+00
column number: ['set']
start given split
Regression on label, Feature - mordred, Model - nn :
MAE 4.91E+06 +/- 0.00E+00
column number: ['set']
start given split
Regression on label, Feature - mordred, Model - nn-pca :
MAE 5.54E+05 +/- 0.00E+00
column number: ['set']
start given split
Regression on label, Feature - mordred, Model - gb-30 :
MAE 8.79E-01 +/- 0.00E+00
this task is on regression of O3_react
loading ecfp features successfully!
loading maccs features successfully!
loading mordred features successfully!
loading dataframe successfully!
The result directory is created!
column number: ['set']
start given split
Regression on label, Feature - ecfp, Model - rf :
MAE 2.27E+00 +/- 0.00E+00
column number: ['set']
start given split
Regression on label, Feature - ecfp, Model - svm :
MAE 2.76E+00 +/- 0.00E+00
column number: ['set']
start given split
Regression on label, Feature - ecfp, Model - gb :
MAE 2.26E+00 +/- 0.00E+00
column number: ['set']
start given split
Regression on label, Feature - ecfp, Model - nn :
MAE 2.31E+00 +/- 0.00E+00
column number: ['set']
start given split
Regression on label, Feature - ecfp, Model - nn-pca :
MAE 2.36E+00 +/- 0.00E+00
column number: ['set']
start given split
Regression on label, Feature - ecfp, Model - gb-30 :
MAE 2.52E+00 +/- 0.00E+00
column number: ['set']
start given split
Regression on label, Feature - maccs, Model - rf :
MAE 2.11E+00 +/- 0.00E+00
column number: ['set']
start given split
Regression on label, Feature - maccs, Model - svm :
MAE 2.53E+00 +/- 0.00E+00
column number: ['set']
start given split
Regression on label, Feature - maccs, Model - gb :
MAE 2.20E+00 +/- 0.00E+00
column number: ['set']
start given split
Regression on label, Feature - maccs, Model - nn :
MAE 2.13E+00 +/- 0.00E+00
column number: ['set']
start given split
Regression on label, Feature - maccs, Model - nn-pca :
MAE 2.24E+00 +/- 0.00E+00
column number: ['set']
start given split
Regression on label, Feature - maccs, Model - gb-30 :
MAE 2.31E+00 +/- 0.00E+00
column number: ['set']
start given split
Regression on label, Feature - mordred, Model - rf :
MAE 2.19E+00 +/- 0.00E+00
column number: ['set']
start given split
Regression on label, Feature - mordred, Model - svm :
MAE 2.52E+00 +/- 0.00E+00
column number: ['set']
start given split
Regression on label, Feature - mordred, Model - gb :
MAE 2.20E+00 +/- 0.00E+00
column number: ['set']
start given split
Regression on label, Feature - mordred, Model - nn :
MAE 2.94E+06 +/- 0.00E+00
column number: ['set']
start given split
Regression on label, Feature - mordred, Model - nn-pca :
MAE 8.98E+06 +/- 0.00E+00
column number: ['set']
start given split
Regression on label, Feature - mordred, Model - gb-30 :
MAE 2.69E+00 +/- 0.00E+00
this task is on regression of fup
loading ecfp features successfully!
loading maccs features successfully!
loading mordred features successfully!
loading dataframe successfully!
The result directory is created!
column number: ['set']
start given split
Regression on label, Feature - ecfp, Model - rf :
MAE 3.72E-01 +/- 0.00E+00
column number: ['set']
start given split
Regression on label, Feature - ecfp, Model - svm :
MAE 3.20E-01 +/- 0.00E+00
column number: ['set']
start given split
Regression on label, Feature - ecfp, Model - gb :
MAE 3.50E-01 +/- 0.00E+00
column number: ['set']
start given split
Regression on label, Feature - ecfp, Model - nn :
MAE 3.96E-01 +/- 0.00E+00
column number: ['set']
start given split
Regression on label, Feature - ecfp, Model - nn-pca :
MAE 3.89E-01 +/- 0.00E+00
column number: ['set']
start given split
Regression on label, Feature - ecfp, Model - gb-30 :
MAE 4.25E-01 +/- 0.00E+00
column number: ['set']
start given split
Regression on label, Feature - maccs, Model - rf :
MAE 3.82E-01 +/- 0.00E+00
column number: ['set']
start given split
Regression on label, Feature - maccs, Model - svm :
MAE 3.72E-01 +/- 0.00E+00
column number: ['set']
start given split
Regression on label, Feature - maccs, Model - gb :
MAE 3.79E-01 +/- 0.00E+00
column number: ['set']
start given split
Regression on label, Feature - maccs, Model - nn :
MAE 3.92E-01 +/- 0.00E+00
column number: ['set']
start given split
Regression on label, Feature - maccs, Model - nn-pca :
MAE 3.93E-01 +/- 0.00E+00
column number: ['set']
start given split
Regression on label, Feature - maccs, Model - gb-30 :
MAE 4.38E-01 +/- 0.00E+00
column number: ['set']
start given split
Regression on label, Feature - mordred, Model - rf :
MAE 3.91E-01 +/- 0.00E+00
column number: ['set']
start given split
Regression on label, Feature - mordred, Model - svm :
MAE 3.15E-01 +/- 0.00E+00
column number: ['set']
start given split
Regression on label, Feature - mordred, Model - gb :
MAE 3.98E-01 +/- 0.00E+00
column number: ['set']
start given split
Regression on label, Feature - mordred, Model - nn :
MAE 4.85E+02 +/- 0.00E+00
column number: ['set']
start given split
Regression on label, Feature - mordred, Model - nn-pca :
MAE 1.22E+03 +/- 0.00E+00
column number: ['set']
start given split
Regression on label, Feature - mordred, Model - gb-30 :
MAE 4.41E-01 +/- 0.00E+00
this task is on regression of OH_react
loading ecfp features successfully!
loading maccs features successfully!
loading mordred features successfully!
loading dataframe successfully!
The result directory is created!
column number: ['set1', 'set2', 'set3', 'set4', 'set5']
start given split
Regression on label, Feature - ecfp, Model - rf :
MAE 3.47E-01 +/- 1.93E-02
column number: ['set1', 'set2', 'set3', 'set4', 'set5']
start given split
Regression on label, Feature - ecfp, Model - svm :
MAE 4.91E-01 +/- 5.15E-02
column number: ['set1', 'set2', 'set3', 'set4', 'set5']
start given split
Regression on label, Feature - ecfp, Model - gb :
MAE 3.87E-01 +/- 3.16E-02
column number: ['set1', 'set2', 'set3', 'set4', 'set5']
start given split
Regression on label, Feature - ecfp, Model - nn :
MAE 1.76E+00 +/- 2.01E-01
column number: ['set1', 'set2', 'set3', 'set4', 'set5']
start given split
Regression on label, Feature - ecfp, Model - nn-pca :
MAE 7.23E-01 +/- 1.09E-01
column number: ['set1', 'set2', 'set3', 'set4', 'set5']
start given split
Regression on label, Feature - ecfp, Model - gb-30 :
MAE 3.99E-01 +/- 3.22E-02
column number: ['set1', 'set2', 'set3', 'set4', 'set5']
start given split
Regression on label, Feature - maccs, Model - rf :
MAE 3.52E-01 +/- 1.45E-02
column number: ['set1', 'set2', 'set3', 'set4', 'set5']
start given split
Regression on label, Feature - maccs, Model - svm :
MAE 3.83E-01 +/- 2.83E-02
column number: ['set1', 'set2', 'set3', 'set4', 'set5']
start given split
Regression on label, Feature - maccs, Model - gb :
MAE 3.49E-01 +/- 2.00E-02
column number: ['set1', 'set2', 'set3', 'set4', 'set5']
start given split
Regression on label, Feature - maccs, Model - nn :
MAE 5.94E-01 +/- 3.51E-02
column number: ['set1', 'set2', 'set3', 'set4', 'set5']
start given split
Regression on label, Feature - maccs, Model - nn-pca :
MAE 6.17E-01 +/- 3.57E-02
column number: ['set1', 'set2', 'set3', 'set4', 'set5']
start given split
Regression on label, Feature - maccs, Model - gb-30 :
MAE 4.26E-01 +/- 3.89E-02
column number: ['set1', 'set2', 'set3', 'set4', 'set5']
start given split
Regression on label, Feature - mordred, Model - rf :
MAE 3.38E-01 +/- 2.57E-02
column number: ['set1', 'set2', 'set3', 'set4', 'set5']
start given split
Regression on label, Feature - mordred, Model - svm :
MAE 5.60E-01 +/- 5.13E-02
column number: ['set1', 'set2', 'set3', 'set4', 'set5']
start given split
Regression on label, Feature - mordred, Model - gb :
MAE 3.28E-01 +/- 2.01E-02
column number: ['set1', 'set2', 'set3', 'set4', 'set5']
start given split
Regression on label, Feature - mordred, Model - nn :
MAE 4.10E+01 +/- 2.22E+01
column number: ['set1', 'set2', 'set3', 'set4', 'set5']
start given split
Regression on label, Feature - mordred, Model - nn-pca :
MAE 1.66E+02 +/- 4.60E+01
column number: ['set1', 'set2', 'set3', 'set4', 'set5']
start given split
Regression on label, Feature - mordred, Model - gb-30 :
MAE 4.72E-01 +/- 6.06E-02
 
Job Ended at Thu Dec 22 16:36:12 EST 2022
