Job started on v014.ib.bridges2.psc.edu at Thu Dec 15 11:30:20 EST 2022
MACCS features generated at data/maccs/feat.npy
ECFP features generated at data/ecfp/feat.npy
Mordred 2D features generated at data/mordred/feat.npy
this task is on regression of SO4_react
loading ecfp features successfully!
loading maccs features successfully!
loading mordred features successfully!
loading dataframe successfully!
The result directory is created!
standard scaler is applied!
column number: ['set']
start given split
Regression on label, Feature - ecfp, Model - rf :
MAE 7.97E-01 +/- 0.00E+00
standard scaler is applied!
column number: ['set']
start given split
Regression on label, Feature - ecfp, Model - svm :
MAE 7.40E-01 +/- 0.00E+00
standard scaler is applied!
column number: ['set']
start given split
Regression on label, Feature - ecfp, Model - gb :
MAE 8.30E-01 +/- 0.00E+00
standard scaler is applied!
column number: ['set']
start given split
Regression on label, Feature - ecfp, Model - nn :
MAE 4.60E+00 +/- 0.00E+00
standard scaler is applied!
column number: ['set']
start given split
Regression on label, Feature - ecfp, Model - nn-pca :
MAE 2.70E+00 +/- 0.00E+00
standard scaler is applied!
column number: ['set']
start given split
Regression on label, Feature - maccs, Model - rf :
MAE 6.87E-01 +/- 0.00E+00
standard scaler is applied!
column number: ['set']
start given split
Regression on label, Feature - maccs, Model - svm :
MAE 6.56E-01 +/- 0.00E+00
standard scaler is applied!
column number: ['set']
start given split
Regression on label, Feature - maccs, Model - gb :
MAE 7.19E-01 +/- 0.00E+00
standard scaler is applied!
column number: ['set']
start given split
Regression on label, Feature - maccs, Model - nn :
MAE 8.46E-01 +/- 0.00E+00
standard scaler is applied!
column number: ['set']
start given split
Regression on label, Feature - maccs, Model - nn-pca :
MAE 1.12E+00 +/- 0.00E+00
standard scaler is applied!
column number: ['set']
start given split
Regression on label, Feature - mordred, Model - rf :
MAE 6.71E-01 +/- 0.00E+00
standard scaler is applied!
column number: ['set']
start given split
Regression on label, Feature - mordred, Model - svm :
MAE 5.99E-01 +/- 0.00E+00
standard scaler is applied!
column number: ['set']
start given split
Regression on label, Feature - mordred, Model - gb :
MAE 7.24E-01 +/- 0.00E+00
standard scaler is applied!
column number: ['set']
start given split
Regression on label, Feature - mordred, Model - nn :
MAE 1.38E+00 +/- 0.00E+00
standard scaler is applied!
column number: ['set']
start given split
Regression on label, Feature - mordred, Model - nn-pca :
MAE 1.48E+00 +/- 0.00E+00
MACCS features generated at data/maccs/feat.npy
ECFP features generated at data/ecfp/feat.npy
/ocean/projects/civ210001p/shang9/miniconda3/envs/ml_env/lib/python3.6/site-packages/numpy/core/fromnumeric.py:87: RuntimeWarning: overflow encountered in reduce
  return ufunc.reduce(obj, axis, dtype, out, **passkwargs)
/ocean/projects/civ210001p/shang9/miniconda3/envs/ml_env/lib/python3.6/site-packages/numpy/core/fromnumeric.py:87: RuntimeWarning: overflow encountered in reduce
  return ufunc.reduce(obj, axis, dtype, out, **passkwargs)
/ocean/projects/civ210001p/shang9/miniconda3/envs/ml_env/lib/python3.6/site-packages/numpy/core/fromnumeric.py:87: RuntimeWarning: overflow encountered in reduce
  return ufunc.reduce(obj, axis, dtype, out, **passkwargs)
/ocean/projects/civ210001p/shang9/miniconda3/envs/ml_env/lib/python3.6/site-packages/numpy/core/fromnumeric.py:87: RuntimeWarning: overflow encountered in reduce
  return ufunc.reduce(obj, axis, dtype, out, **passkwargs)
/ocean/projects/civ210001p/shang9/miniconda3/envs/ml_env/lib/python3.6/site-packages/numpy/core/fromnumeric.py:87: RuntimeWarning: overflow encountered in reduce
  return ufunc.reduce(obj, axis, dtype, out, **passkwargs)
/ocean/projects/civ210001p/shang9/miniconda3/envs/ml_env/lib/python3.6/site-packages/numpy/core/fromnumeric.py:87: RuntimeWarning: overflow encountered in reduce
  return ufunc.reduce(obj, axis, dtype, out, **passkwargs)
/ocean/projects/civ210001p/shang9/miniconda3/envs/ml_env/lib/python3.6/site-packages/numpy/core/fromnumeric.py:87: RuntimeWarning: overflow encountered in reduce
  return ufunc.reduce(obj, axis, dtype, out, **passkwargs)
/ocean/projects/civ210001p/shang9/miniconda3/envs/ml_env/lib/python3.6/site-packages/numpy/core/fromnumeric.py:87: RuntimeWarning: overflow encountered in reduce
  return ufunc.reduce(obj, axis, dtype, out, **passkwargs)
/ocean/projects/civ210001p/shang9/miniconda3/envs/ml_env/lib/python3.6/site-packages/numpy/core/fromnumeric.py:87: RuntimeWarning: overflow encountered in reduce
  return ufunc.reduce(obj, axis, dtype, out, **passkwargs)
Mordred 2D features generated at data/mordred/feat.npy
this task is on regression of O3_react
loading ecfp features successfully!
loading maccs features successfully!
loading mordred features successfully!
loading dataframe successfully!
The result directory is created!
standard scaler is applied!
column number: ['set']
start given split
Regression on label, Feature - ecfp, Model - rf :
MAE 2.27E+00 +/- 0.00E+00
standard scaler is applied!
column number: ['set']
start given split
Regression on label, Feature - ecfp, Model - svm :
MAE 2.48E+00 +/- 0.00E+00
standard scaler is applied!
column number: ['set']
start given split
Regression on label, Feature - ecfp, Model - gb :
MAE 2.26E+00 +/- 0.00E+00
standard scaler is applied!
column number: ['set']
start given split
Regression on label, Feature - ecfp, Model - nn :
MAE 3.33E+00 +/- 0.00E+00
standard scaler is applied!
column number: ['set']
start given split
Regression on label, Feature - ecfp, Model - nn-pca :
MAE 3.31E+00 +/- 0.00E+00
standard scaler is applied!
column number: ['set']
start given split
Regression on label, Feature - maccs, Model - rf :
MAE 2.11E+00 +/- 0.00E+00
standard scaler is applied!
column number: ['set']
start given split
Regression on label, Feature - maccs, Model - svm :
MAE 2.23E+00 +/- 0.00E+00
standard scaler is applied!
column number: ['set']
start given split
Regression on label, Feature - maccs, Model - gb :
MAE 2.20E+00 +/- 0.00E+00
standard scaler is applied!
column number: ['set']
start given split
Regression on label, Feature - maccs, Model - nn :
MAE 2.05E+00 +/- 0.00E+00
standard scaler is applied!
column number: ['set']
start given split
Regression on label, Feature - maccs, Model - nn-pca :
MAE 2.22E+00 +/- 0.00E+00
standard scaler is applied!
column number: ['set']
start given split
Regression on label, Feature - mordred, Model - rf :
MAE 2.20E+00 +/- 0.00E+00
standard scaler is applied!
column number: ['set']
start given split
Regression on label, Feature - mordred, Model - svm :
MAE 2.47E+00 +/- 0.00E+00
standard scaler is applied!
column number: ['set']
start given split
Regression on label, Feature - mordred, Model - gb :
MAE 2.20E+00 +/- 0.00E+00
standard scaler is applied!
column number: ['set']
start given split
Regression on label, Feature - mordred, Model - nn :
MAE 2.30E+00 +/- 0.00E+00
standard scaler is applied!
column number: ['set']
start given split
Regression on label, Feature - mordred, Model - nn-pca :
MAE 2.48E+00 +/- 0.00E+00
MACCS features generated at data/maccs/feat.npy
ECFP features generated at data/ecfp/feat.npy
/ocean/projects/civ210001p/shang9/miniconda3/envs/ml_env/lib/python3.6/site-packages/numpy/core/fromnumeric.py:87: RuntimeWarning: overflow encountered in reduce
  return ufunc.reduce(obj, axis, dtype, out, **passkwargs)
/ocean/projects/civ210001p/shang9/miniconda3/envs/ml_env/lib/python3.6/site-packages/numpy/core/fromnumeric.py:87: RuntimeWarning: overflow encountered in reduce
  return ufunc.reduce(obj, axis, dtype, out, **passkwargs)
/ocean/projects/civ210001p/shang9/miniconda3/envs/ml_env/lib/python3.6/site-packages/numpy/core/fromnumeric.py:87: RuntimeWarning: overflow encountered in reduce
  return ufunc.reduce(obj, axis, dtype, out, **passkwargs)
/ocean/projects/civ210001p/shang9/miniconda3/envs/ml_env/lib/python3.6/site-packages/numpy/core/fromnumeric.py:87: RuntimeWarning: overflow encountered in reduce
  return ufunc.reduce(obj, axis, dtype, out, **passkwargs)
/ocean/projects/civ210001p/shang9/miniconda3/envs/ml_env/lib/python3.6/site-packages/numpy/core/fromnumeric.py:87: RuntimeWarning: overflow encountered in reduce
  return ufunc.reduce(obj, axis, dtype, out, **passkwargs)
/ocean/projects/civ210001p/shang9/miniconda3/envs/ml_env/lib/python3.6/site-packages/numpy/core/fromnumeric.py:87: RuntimeWarning: overflow encountered in reduce
  return ufunc.reduce(obj, axis, dtype, out, **passkwargs)
/ocean/projects/civ210001p/shang9/miniconda3/envs/ml_env/lib/python3.6/site-packages/numpy/core/fromnumeric.py:87: RuntimeWarning: overflow encountered in reduce
  return ufunc.reduce(obj, axis, dtype, out, **passkwargs)
/ocean/projects/civ210001p/shang9/miniconda3/envs/ml_env/lib/python3.6/site-packages/numpy/core/fromnumeric.py:87: RuntimeWarning: overflow encountered in reduce
  return ufunc.reduce(obj, axis, dtype, out, **passkwargs)
/ocean/projects/civ210001p/shang9/miniconda3/envs/ml_env/lib/python3.6/site-packages/numpy/core/fromnumeric.py:87: RuntimeWarning: overflow encountered in reduce
  return ufunc.reduce(obj, axis, dtype, out, **passkwargs)
/ocean/projects/civ210001p/shang9/miniconda3/envs/ml_env/lib/python3.6/site-packages/numpy/core/fromnumeric.py:87: RuntimeWarning: overflow encountered in reduce
  return ufunc.reduce(obj, axis, dtype, out, **passkwargs)
/ocean/projects/civ210001p/shang9/miniconda3/envs/ml_env/lib/python3.6/site-packages/numpy/core/fromnumeric.py:87: RuntimeWarning: overflow encountered in reduce
  return ufunc.reduce(obj, axis, dtype, out, **passkwargs)
/ocean/projects/civ210001p/shang9/miniconda3/envs/ml_env/lib/python3.6/site-packages/numpy/core/fromnumeric.py:87: RuntimeWarning: overflow encountered in reduce
  return ufunc.reduce(obj, axis, dtype, out, **passkwargs)
/ocean/projects/civ210001p/shang9/miniconda3/envs/ml_env/lib/python3.6/site-packages/numpy/core/fromnumeric.py:87: RuntimeWarning: overflow encountered in reduce
  return ufunc.reduce(obj, axis, dtype, out, **passkwargs)
/ocean/projects/civ210001p/shang9/miniconda3/envs/ml_env/lib/python3.6/site-packages/numpy/core/fromnumeric.py:87: RuntimeWarning: overflow encountered in reduce
  return ufunc.reduce(obj, axis, dtype, out, **passkwargs)
/ocean/projects/civ210001p/shang9/miniconda3/envs/ml_env/lib/python3.6/site-packages/numpy/core/fromnumeric.py:87: RuntimeWarning: overflow encountered in reduce
  return ufunc.reduce(obj, axis, dtype, out, **passkwargs)
/ocean/projects/civ210001p/shang9/miniconda3/envs/ml_env/lib/python3.6/site-packages/numpy/core/fromnumeric.py:87: RuntimeWarning: overflow encountered in reduce
  return ufunc.reduce(obj, axis, dtype, out, **passkwargs)
/ocean/projects/civ210001p/shang9/miniconda3/envs/ml_env/lib/python3.6/site-packages/numpy/core/fromnumeric.py:87: RuntimeWarning: overflow encountered in reduce
  return ufunc.reduce(obj, axis, dtype, out, **passkwargs)
/ocean/projects/civ210001p/shang9/miniconda3/envs/ml_env/lib/python3.6/site-packages/numpy/core/fromnumeric.py:87: RuntimeWarning: overflow encountered in reduce
  return ufunc.reduce(obj, axis, dtype, out, **passkwargs)
/ocean/projects/civ210001p/shang9/miniconda3/envs/ml_env/lib/python3.6/site-packages/numpy/core/fromnumeric.py:87: RuntimeWarning: overflow encountered in reduce
  return ufunc.reduce(obj, axis, dtype, out, **passkwargs)
/ocean/projects/civ210001p/shang9/miniconda3/envs/ml_env/lib/python3.6/site-packages/numpy/core/fromnumeric.py:87: RuntimeWarning: overflow encountered in reduce
  return ufunc.reduce(obj, axis, dtype, out, **passkwargs)
/ocean/projects/civ210001p/shang9/miniconda3/envs/ml_env/lib/python3.6/site-packages/numpy/core/fromnumeric.py:87: RuntimeWarning: overflow encountered in reduce
  return ufunc.reduce(obj, axis, dtype, out, **passkwargs)
/ocean/projects/civ210001p/shang9/miniconda3/envs/ml_env/lib/python3.6/site-packages/numpy/core/fromnumeric.py:87: RuntimeWarning: overflow encountered in reduce
  return ufunc.reduce(obj, axis, dtype, out, **passkwargs)
/ocean/projects/civ210001p/shang9/miniconda3/envs/ml_env/lib/python3.6/site-packages/numpy/core/fromnumeric.py:87: RuntimeWarning: overflow encountered in reduce
  return ufunc.reduce(obj, axis, dtype, out, **passkwargs)
Mordred 2D features generated at data/mordred/feat.npy
this task is on regression of fup
loading ecfp features successfully!
loading maccs features successfully!
loading mordred features successfully!
loading dataframe successfully!
The result directory is created!
standard scaler is applied!
column number: ['set']
start given split
Regression on label, Feature - ecfp, Model - rf :
MAE 3.72E-01 +/- 0.00E+00
standard scaler is applied!
column number: ['set']
start given split
Regression on label, Feature - ecfp, Model - svm :
MAE 3.42E-01 +/- 0.00E+00
standard scaler is applied!
column number: ['set']
start given split
Regression on label, Feature - ecfp, Model - gb :
MAE 3.50E-01 +/- 0.00E+00
standard scaler is applied!
column number: ['set']
start given split
Regression on label, Feature - ecfp, Model - nn :
MAE 7.70E-01 +/- 0.00E+00
standard scaler is applied!
column number: ['set']
start given split
Regression on label, Feature - ecfp, Model - nn-pca :
MAE 4.53E-01 +/- 0.00E+00
standard scaler is applied!
column number: ['set']
start given split
Regression on label, Feature - maccs, Model - rf :
MAE 3.82E-01 +/- 0.00E+00
standard scaler is applied!
column number: ['set']
start given split
Regression on label, Feature - maccs, Model - svm :
MAE 3.83E-01 +/- 0.00E+00
standard scaler is applied!
column number: ['set']
start given split
Regression on label, Feature - maccs, Model - gb :
MAE 3.79E-01 +/- 0.00E+00
standard scaler is applied!
column number: ['set']
start given split
Regression on label, Feature - maccs, Model - nn :
MAE 4.52E-01 +/- 0.00E+00
standard scaler is applied!
column number: ['set']
start given split
Regression on label, Feature - maccs, Model - nn-pca :
MAE 4.16E-01 +/- 0.00E+00
standard scaler is applied!
column number: ['set']
start given split
Regression on label, Feature - mordred, Model - rf :
MAE 3.91E-01 +/- 0.00E+00
standard scaler is applied!
column number: ['set']
start given split
Regression on label, Feature - mordred, Model - svm :
MAE 3.94E-01 +/- 0.00E+00
standard scaler is applied!
column number: ['set']
start given split
Regression on label, Feature - mordred, Model - gb :
MAE 3.98E-01 +/- 0.00E+00
standard scaler is applied!
column number: ['set']
start given split
Regression on label, Feature - mordred, Model - nn :
MAE 5.80E-01 +/- 0.00E+00
standard scaler is applied!
column number: ['set']
start given split
Regression on label, Feature - mordred, Model - nn-pca :
MAE 5.17E-01 +/- 0.00E+00
MACCS features generated at data/maccs/feat.npy
ECFP features generated at data/ecfp/feat.npy
/ocean/projects/civ210001p/shang9/miniconda3/envs/ml_env/lib/python3.6/site-packages/numpy/core/fromnumeric.py:87: RuntimeWarning: overflow encountered in reduce
  return ufunc.reduce(obj, axis, dtype, out, **passkwargs)
Mordred 2D features generated at data/mordred/feat.npy
this task is on regression of OH_react
loading ecfp features successfully!
loading maccs features successfully!
loading mordred features successfully!
loading dataframe successfully!
The result directory is created!
standard scaler is applied!
column number: ['set1', 'set2', 'set3', 'set4', 'set5']
start given split
Regression on label, Feature - ecfp, Model - rf :
MAE 3.47E-01 +/- 1.93E-02
standard scaler is applied!
column number: ['set1', 'set2', 'set3', 'set4', 'set5']
start given split
Regression on label, Feature - ecfp, Model - svm :
MAE 4.09E-01 +/- 4.32E-02
standard scaler is applied!
column number: ['set1', 'set2', 'set3', 'set4', 'set5']
start given split
Regression on label, Feature - ecfp, Model - gb :
MAE 3.87E-01 +/- 3.16E-02
standard scaler is applied!
column number: ['set1', 'set2', 'set3', 'set4', 'set5']
start given split
Regression on label, Feature - ecfp, Model - nn :
MAE 5.99E+00 +/- 1.37E-01
standard scaler is applied!
column number: ['set1', 'set2', 'set3', 'set4', 'set5']
start given split
Regression on label, Feature - ecfp, Model - nn-pca :
MAE 2.28E+00 +/- 7.28E-01
standard scaler is applied!
column number: ['set1', 'set2', 'set3', 'set4', 'set5']
start given split
Regression on label, Feature - maccs, Model - rf :
MAE 3.52E-01 +/- 1.45E-02
standard scaler is applied!
column number: ['set1', 'set2', 'set3', 'set4', 'set5']
start given split
Regression on label, Feature - maccs, Model - svm :
MAE 3.22E-01 +/- 2.40E-02
standard scaler is applied!
column number: ['set1', 'set2', 'set3', 'set4', 'set5']
start given split
Regression on label, Feature - maccs, Model - gb :
MAE 3.49E-01 +/- 2.00E-02
standard scaler is applied!
column number: ['set1', 'set2', 'set3', 'set4', 'set5']
start given split
Regression on label, Feature - maccs, Model - nn :
MAE 1.02E+00 +/- 1.66E-01
standard scaler is applied!
column number: ['set1', 'set2', 'set3', 'set4', 'set5']
start given split
Regression on label, Feature - maccs, Model - nn-pca :
MAE 7.81E-01 +/- 6.84E-02
standard scaler is applied!
column number: ['set1', 'set2', 'set3', 'set4', 'set5']
start given split
Regression on label, Feature - mordred, Model - rf :
MAE 3.36E-01 +/- 2.45E-02
standard scaler is applied!
column number: ['set1', 'set2', 'set3', 'set4', 'set5']
start given split
Regression on label, Feature - mordred, Model - svm :
MAE 3.26E-01 +/- 1.26E-02
standard scaler is applied!
column number: ['set1', 'set2', 'set3', 'set4', 'set5']
start given split
Regression on label, Feature - mordred, Model - gb :
MAE 3.29E-01 +/- 2.02E-02
standard scaler is applied!
column number: ['set1', 'set2', 'set3', 'set4', 'set5']
start given split
Regression on label, Feature - mordred, Model - nn :
MAE 7.57E-01 +/- 1.17E-01
standard scaler is applied!
column number: ['set1', 'set2', 'set3', 'set4', 'set5']
start given split
Regression on label, Feature - mordred, Model - nn-pca :
MAE 1.00E+00 +/- 1.89E-01
 
Job Ended at Thu Dec 15 11:42:03 EST 2022
