Job started on v019.ib.bridges2.psc.edu at Tue Dec 13 17:54:40 EST 2022
MACCS features generated at data/maccs/feat.npy
ECFP features generated at data/ecfp/feat.npy
Mordred 2D features generated at data/mordred/feat.npy
this task is on regression of SO4_react
loading ecfp features successfully!
loading maccs features successfully!
loading mordred features successfully!
loading dataframe successfully!
column number: ['set']
start given split
Regression on label, Feature - ecfp, Model - rf :
MAE 7.97E-01 +/- 0.00E+00
column number: ['set']
start given split
Regression on label, Feature - ecfp, Model - svm :
MAE 1.07E+00 +/- 0.00E+00
column number: ['set']
start given split
Regression on label, Feature - ecfp, Model - gb :
MAE 8.30E-01 +/- 0.00E+00
column number: ['set']
start given split
Regression on label, Feature - ecfp, Model - nn :
MAE 1.37E+00 +/- 0.00E+00
column number: ['set']
start given split
Regression on label, Feature - ecfp, Model - nn-pca :
MAE 1.03E+00 +/- 0.00E+00
column number: ['set']
start given split
Regression on label, Feature - maccs, Model - rf :
MAE 6.87E-01 +/- 0.00E+00
column number: ['set']
start given split
Regression on label, Feature - maccs, Model - svm :
MAE 7.44E-01 +/- 0.00E+00
column number: ['set']
start given split
Regression on label, Feature - maccs, Model - gb :
MAE 7.19E-01 +/- 0.00E+00
column number: ['set']
start given split
Regression on label, Feature - maccs, Model - nn :
MAE 8.82E-01 +/- 0.00E+00
column number: ['set']
start given split
Regression on label, Feature - maccs, Model - nn-pca :
MAE 7.51E-01 +/- 0.00E+00
column number: ['set']
start given split
Regression on label, Feature - mordred, Model - rf :
MAE 6.75E-01 +/- 0.00E+00
column number: ['set']
start given split
Regression on label, Feature - mordred, Model - svm :
MAE 8.68E-01 +/- 0.00E+00
column number: ['set']
start given split
Regression on label, Feature - mordred, Model - gb :
MAE 7.25E-01 +/- 0.00E+00
column number: ['set']
start given split
Regression on label, Feature - mordred, Model - nn :
MAE 4.91E+06 +/- 0.00E+00
column number: ['set']
start given split
Regression on label, Feature - mordred, Model - nn-pca :
MAE 5.54E+05 +/- 0.00E+00
MACCS features generated at data/maccs/feat.npy
ECFP features generated at data/ecfp/feat.npy
/ocean/projects/civ210001p/shang9/miniconda3/envs/ml_env/lib/python3.6/site-packages/numpy/core/fromnumeric.py:87: RuntimeWarning: overflow encountered in reduce
  return ufunc.reduce(obj, axis, dtype, out, **passkwargs)
/ocean/projects/civ210001p/shang9/miniconda3/envs/ml_env/lib/python3.6/site-packages/numpy/core/fromnumeric.py:87: RuntimeWarning: overflow encountered in reduce
  return ufunc.reduce(obj, axis, dtype, out, **passkwargs)
/ocean/projects/civ210001p/shang9/miniconda3/envs/ml_env/lib/python3.6/site-packages/numpy/core/fromnumeric.py:87: RuntimeWarning: overflow encountered in reduce
  return ufunc.reduce(obj, axis, dtype, out, **passkwargs)
/ocean/projects/civ210001p/shang9/miniconda3/envs/ml_env/lib/python3.6/site-packages/numpy/core/fromnumeric.py:87: RuntimeWarning: overflow encountered in reduce
  return ufunc.reduce(obj, axis, dtype, out, **passkwargs)
/ocean/projects/civ210001p/shang9/miniconda3/envs/ml_env/lib/python3.6/site-packages/numpy/core/fromnumeric.py:87: RuntimeWarning: overflow encountered in reduce
  return ufunc.reduce(obj, axis, dtype, out, **passkwargs)
/ocean/projects/civ210001p/shang9/miniconda3/envs/ml_env/lib/python3.6/site-packages/numpy/core/fromnumeric.py:87: RuntimeWarning: overflow encountered in reduce
  return ufunc.reduce(obj, axis, dtype, out, **passkwargs)
/ocean/projects/civ210001p/shang9/miniconda3/envs/ml_env/lib/python3.6/site-packages/numpy/core/fromnumeric.py:87: RuntimeWarning: overflow encountered in reduce
  return ufunc.reduce(obj, axis, dtype, out, **passkwargs)
/ocean/projects/civ210001p/shang9/miniconda3/envs/ml_env/lib/python3.6/site-packages/numpy/core/fromnumeric.py:87: RuntimeWarning: overflow encountered in reduce
  return ufunc.reduce(obj, axis, dtype, out, **passkwargs)
/ocean/projects/civ210001p/shang9/miniconda3/envs/ml_env/lib/python3.6/site-packages/numpy/core/fromnumeric.py:87: RuntimeWarning: overflow encountered in reduce
  return ufunc.reduce(obj, axis, dtype, out, **passkwargs)
Mordred 2D features generated at data/mordred/feat.npy
this task is on regression of O3_react
loading ecfp features successfully!
loading maccs features successfully!
loading mordred features successfully!
loading dataframe successfully!
column number: ['set']
start given split
Regression on label, Feature - ecfp, Model - rf :
MAE 2.27E+00 +/- 0.00E+00
column number: ['set']
start given split
Regression on label, Feature - ecfp, Model - svm :
MAE 2.76E+00 +/- 0.00E+00
column number: ['set']
start given split
Regression on label, Feature - ecfp, Model - gb :
MAE 2.26E+00 +/- 0.00E+00
column number: ['set']
start given split
Regression on label, Feature - ecfp, Model - nn :
MAE 2.31E+00 +/- 0.00E+00
column number: ['set']
start given split
Regression on label, Feature - ecfp, Model - nn-pca :
MAE 2.36E+00 +/- 0.00E+00
column number: ['set']
start given split
Regression on label, Feature - maccs, Model - rf :
MAE 2.11E+00 +/- 0.00E+00
column number: ['set']
start given split
Regression on label, Feature - maccs, Model - svm :
MAE 2.53E+00 +/- 0.00E+00
column number: ['set']
start given split
Regression on label, Feature - maccs, Model - gb :
MAE 2.20E+00 +/- 0.00E+00
column number: ['set']
start given split
Regression on label, Feature - maccs, Model - nn :
MAE 2.13E+00 +/- 0.00E+00
column number: ['set']
start given split
Regression on label, Feature - maccs, Model - nn-pca :
MAE 2.24E+00 +/- 0.00E+00
column number: ['set']
start given split
Regression on label, Feature - mordred, Model - rf :
MAE 2.19E+00 +/- 0.00E+00
column number: ['set']
start given split
Regression on label, Feature - mordred, Model - svm :
MAE 2.52E+00 +/- 0.00E+00
column number: ['set']
start given split
Regression on label, Feature - mordred, Model - gb :
MAE 2.20E+00 +/- 0.00E+00
column number: ['set']
start given split
Regression on label, Feature - mordred, Model - nn :
MAE 2.94E+06 +/- 0.00E+00
column number: ['set']
start given split
Regression on label, Feature - mordred, Model - nn-pca :
MAE 8.98E+06 +/- 0.00E+00
 
Job Ended at Tue Dec 13 17:57:23 EST 2022
