Job started on v011.ib.bridges2.psc.edu at Fri Dec 16 01:20:53 EST 2022
MACCS features generated at data/maccs/feat.npy
ECFP features generated at data/ecfp/feat.npy
/ocean/projects/civ210001p/shang9/miniconda3/envs/ml_env/lib/python3.6/site-packages/numpy/core/fromnumeric.py:87: RuntimeWarning: overflow encountered in reduce
  return ufunc.reduce(obj, axis, dtype, out, **passkwargs)
Mordred 2D features generated at data/mordred/feat.npy
this task is on regression of Clint_1_20
loading ecfp features successfully!
loading maccs features successfully!
loading mordred features successfully!
loading dataframe successfully!
The result directory is created!
standard scaler is applied!
column number: []
start kfold_validation
Regression on label, Feature - ecfp, Model - rf :
MAE 1.94E+00 +/- 4.72E-01
standard scaler is applied!
column number: []
start kfold_validation
Regression on label, Feature - ecfp, Model - svm :
MAE 1.86E+00 +/- 4.03E-01
standard scaler is applied!
column number: []
start kfold_validation
Regression on label, Feature - ecfp, Model - gb :
MAE 2.05E+00 +/- 4.98E-01
standard scaler is applied!
column number: []
start kfold_validation
Regression on label, Feature - ecfp, Model - nn :
MAE 3.17E+00 +/- 2.25E-01
standard scaler is applied!
column number: []
start kfold_validation
Regression on label, Feature - ecfp, Model - nn-pca :
MAE 2.26E+00 +/- 3.81E-01
standard scaler is applied!
column number: []
start kfold_validation
Regression on label, Feature - maccs, Model - rf :
MAE 1.90E+00 +/- 3.89E-01
standard scaler is applied!
column number: []
start kfold_validation
Regression on label, Feature - maccs, Model - svm :
MAE 1.84E+00 +/- 4.29E-01
standard scaler is applied!
column number: []
start kfold_validation
Regression on label, Feature - maccs, Model - gb :
MAE 2.13E+00 +/- 5.30E-01
standard scaler is applied!
column number: []
start kfold_validation
Regression on label, Feature - maccs, Model - nn :
MAE 2.11E+00 +/- 3.38E-01
standard scaler is applied!
column number: []
start kfold_validation
Regression on label, Feature - maccs, Model - nn-pca :
MAE 2.21E+00 +/- 2.91E-01
standard scaler is applied!
column number: []
start kfold_validation
Regression on label, Feature - mordred, Model - rf :
MAE 1.76E+00 +/- 2.41E-01
standard scaler is applied!
column number: []
start kfold_validation
Regression on label, Feature - mordred, Model - svm :
MAE 1.78E+00 +/- 3.93E-01
standard scaler is applied!
column number: []
start kfold_validation
Regression on label, Feature - mordred, Model - gb :
MAE 1.78E+00 +/- 3.61E-01
standard scaler is applied!
column number: []
start kfold_validation
Regression on label, Feature - mordred, Model - nn :
MAE 1.97E+00 +/- 3.81E-01
standard scaler is applied!
column number: []
start kfold_validation
Regression on label, Feature - mordred, Model - nn-pca :
MAE 2.31E+00 +/- 1.48E-01
MACCS features generated at data/maccs/feat.npy
ECFP features generated at data/ecfp/feat.npy
/ocean/projects/civ210001p/shang9/miniconda3/envs/ml_env/lib/python3.6/site-packages/numpy/core/fromnumeric.py:87: RuntimeWarning: overflow encountered in reduce
  return ufunc.reduce(obj, axis, dtype, out, **passkwargs)
Mordred 2D features generated at data/mordred/feat.npy
this task is on regression of Clint_1_10
loading ecfp features successfully!
loading maccs features successfully!
loading mordred features successfully!
loading dataframe successfully!
The result directory is created!
standard scaler is applied!
column number: []
start kfold_validation
Regression on label, Feature - ecfp, Model - rf :
MAE 1.79E+00 +/- 4.17E-01
standard scaler is applied!
column number: []
start kfold_validation
Regression on label, Feature - ecfp, Model - svm :
MAE 1.76E+00 +/- 4.41E-01
standard scaler is applied!
column number: []
start kfold_validation
Regression on label, Feature - ecfp, Model - gb :
MAE 1.82E+00 +/- 4.03E-01
standard scaler is applied!
column number: []
start kfold_validation
Regression on label, Feature - ecfp, Model - nn :
MAE 2.65E+00 +/- 2.15E-01
standard scaler is applied!
column number: []
start kfold_validation
Regression on label, Feature - ecfp, Model - nn-pca :
MAE 2.05E+00 +/- 3.73E-01
standard scaler is applied!
column number: []
start kfold_validation
Regression on label, Feature - maccs, Model - rf :
MAE 1.80E+00 +/- 3.44E-01
standard scaler is applied!
column number: []
start kfold_validation
Regression on label, Feature - maccs, Model - svm :
MAE 1.79E+00 +/- 4.75E-01
standard scaler is applied!
column number: []
start kfold_validation
Regression on label, Feature - maccs, Model - gb :
MAE 1.89E+00 +/- 4.56E-01
standard scaler is applied!
column number: []
start kfold_validation
Regression on label, Feature - maccs, Model - nn :
MAE 1.90E+00 +/- 3.97E-01
standard scaler is applied!
column number: []
start kfold_validation
Regression on label, Feature - maccs, Model - nn-pca :
MAE 2.06E+00 +/- 4.76E-01
standard scaler is applied!
column number: []
start kfold_validation
Regression on label, Feature - mordred, Model - rf :
MAE 1.75E+00 +/- 3.79E-01
standard scaler is applied!
column number: []
start kfold_validation
Regression on label, Feature - mordred, Model - svm :
MAE 1.78E+00 +/- 4.30E-01
standard scaler is applied!
column number: []
start kfold_validation
Regression on label, Feature - mordred, Model - gb :
MAE 1.77E+00 +/- 4.01E-01
standard scaler is applied!
column number: []
start kfold_validation
Regression on label, Feature - mordred, Model - nn :
MAE 2.10E+00 +/- 2.75E-01
standard scaler is applied!
column number: []
start kfold_validation
Regression on label, Feature - mordred, Model - nn-pca :
MAE 2.15E+00 +/- 4.42E-01
MACCS features generated at data/maccs/feat.npy
ECFP features generated at data/ecfp/feat.npy
/ocean/projects/civ210001p/shang9/miniconda3/envs/ml_env/lib/python3.6/site-packages/numpy/core/fromnumeric.py:87: RuntimeWarning: overflow encountered in reduce
  return ufunc.reduce(obj, axis, dtype, out, **passkwargs)
Mordred 2D features generated at data/mordred/feat.npy
this task is on regression of Clint_1_5
loading ecfp features successfully!
loading maccs features successfully!
loading mordred features successfully!
loading dataframe successfully!
The result directory is created!
standard scaler is applied!
column number: []
start kfold_validation
Regression on label, Feature - ecfp, Model - rf :
MAE 1.71E+00 +/- 2.50E-01
standard scaler is applied!
column number: []
start kfold_validation
Regression on label, Feature - ecfp, Model - svm :
MAE 1.66E+00 +/- 2.46E-01
standard scaler is applied!
column number: []
start kfold_validation
Regression on label, Feature - ecfp, Model - gb :
MAE 1.77E+00 +/- 2.40E-01
standard scaler is applied!
column number: []
start kfold_validation
Regression on label, Feature - ecfp, Model - nn :
MAE 2.16E+00 +/- 1.50E-01
standard scaler is applied!
column number: []
start kfold_validation
Regression on label, Feature - ecfp, Model - nn-pca :
MAE 1.73E+00 +/- 2.77E-01
standard scaler is applied!
column number: []
start kfold_validation
Regression on label, Feature - maccs, Model - rf :
MAE 1.73E+00 +/- 2.84E-01
standard scaler is applied!
column number: []
start kfold_validation
Regression on label, Feature - maccs, Model - svm :
MAE 1.70E+00 +/- 2.71E-01
standard scaler is applied!
column number: []
start kfold_validation
Regression on label, Feature - maccs, Model - gb :
MAE 1.86E+00 +/- 3.10E-01
standard scaler is applied!
column number: []
start kfold_validation
Regression on label, Feature - maccs, Model - nn :
MAE 1.83E+00 +/- 2.44E-01
standard scaler is applied!
column number: []
start kfold_validation
Regression on label, Feature - maccs, Model - nn-pca :
MAE 1.85E+00 +/- 2.61E-01
standard scaler is applied!
column number: []
start kfold_validation
Regression on label, Feature - mordred, Model - rf :
MAE 1.61E+00 +/- 2.78E-01
standard scaler is applied!
column number: []
start kfold_validation
Regression on label, Feature - mordred, Model - svm :
MAE 1.68E+00 +/- 2.49E-01
standard scaler is applied!
column number: []
start kfold_validation
Regression on label, Feature - mordred, Model - gb :
MAE 1.72E+00 +/- 2.13E-01
standard scaler is applied!
column number: []
start kfold_validation
Regression on label, Feature - mordred, Model - nn :
MAE 1.97E+00 +/- 2.03E-01
standard scaler is applied!
column number: []
start kfold_validation
Regression on label, Feature - mordred, Model - nn-pca :
MAE 1.92E+00 +/- 2.74E-01
MACCS features generated at data/maccs/feat.npy
ECFP features generated at data/ecfp/feat.npy
/ocean/projects/civ210001p/shang9/miniconda3/envs/ml_env/lib/python3.6/site-packages/numpy/core/fromnumeric.py:87: RuntimeWarning: overflow encountered in reduce
  return ufunc.reduce(obj, axis, dtype, out, **passkwargs)
/ocean/projects/civ210001p/shang9/miniconda3/envs/ml_env/lib/python3.6/site-packages/numpy/core/fromnumeric.py:87: RuntimeWarning: overflow encountered in reduce
  return ufunc.reduce(obj, axis, dtype, out, **passkwargs)
/ocean/projects/civ210001p/shang9/miniconda3/envs/ml_env/lib/python3.6/site-packages/numpy/core/fromnumeric.py:87: RuntimeWarning: overflow encountered in reduce
  return ufunc.reduce(obj, axis, dtype, out, **passkwargs)
/ocean/projects/civ210001p/shang9/miniconda3/envs/ml_env/lib/python3.6/site-packages/numpy/core/fromnumeric.py:87: RuntimeWarning: overflow encountered in reduce
  return ufunc.reduce(obj, axis, dtype, out, **passkwargs)
/ocean/projects/civ210001p/shang9/miniconda3/envs/ml_env/lib/python3.6/site-packages/numpy/core/fromnumeric.py:87: RuntimeWarning: overflow encountered in reduce
  return ufunc.reduce(obj, axis, dtype, out, **passkwargs)
/ocean/projects/civ210001p/shang9/miniconda3/envs/ml_env/lib/python3.6/site-packages/numpy/core/fromnumeric.py:87: RuntimeWarning: overflow encountered in reduce
  return ufunc.reduce(obj, axis, dtype, out, **passkwargs)
/ocean/projects/civ210001p/shang9/miniconda3/envs/ml_env/lib/python3.6/site-packages/numpy/core/fromnumeric.py:87: RuntimeWarning: overflow encountered in reduce
  return ufunc.reduce(obj, axis, dtype, out, **passkwargs)
/ocean/projects/civ210001p/shang9/miniconda3/envs/ml_env/lib/python3.6/site-packages/numpy/core/fromnumeric.py:87: RuntimeWarning: overflow encountered in reduce
  return ufunc.reduce(obj, axis, dtype, out, **passkwargs)
/ocean/projects/civ210001p/shang9/miniconda3/envs/ml_env/lib/python3.6/site-packages/numpy/core/fromnumeric.py:87: RuntimeWarning: overflow encountered in reduce
  return ufunc.reduce(obj, axis, dtype, out, **passkwargs)
/ocean/projects/civ210001p/shang9/miniconda3/envs/ml_env/lib/python3.6/site-packages/numpy/core/fromnumeric.py:87: RuntimeWarning: overflow encountered in reduce
  return ufunc.reduce(obj, axis, dtype, out, **passkwargs)
/ocean/projects/civ210001p/shang9/miniconda3/envs/ml_env/lib/python3.6/site-packages/numpy/core/fromnumeric.py:87: RuntimeWarning: overflow encountered in reduce
  return ufunc.reduce(obj, axis, dtype, out, **passkwargs)
/ocean/projects/civ210001p/shang9/miniconda3/envs/ml_env/lib/python3.6/site-packages/numpy/core/fromnumeric.py:87: RuntimeWarning: overflow encountered in reduce
  return ufunc.reduce(obj, axis, dtype, out, **passkwargs)
/ocean/projects/civ210001p/shang9/miniconda3/envs/ml_env/lib/python3.6/site-packages/numpy/core/fromnumeric.py:87: RuntimeWarning: overflow encountered in reduce
  return ufunc.reduce(obj, axis, dtype, out, **passkwargs)
Mordred 2D features generated at data/mordred/feat.npy
this task is on regression of Clint_1_2
loading ecfp features successfully!
loading maccs features successfully!
loading mordred features successfully!
loading dataframe successfully!
The result directory is created!
standard scaler is applied!
column number: []
start kfold_validation
Regression on label, Feature - ecfp, Model - rf :
MAE 1.40E+00 +/- 9.07E-02
standard scaler is applied!
column number: []
start kfold_validation
Regression on label, Feature - ecfp, Model - svm :
MAE 1.43E+00 +/- 1.35E-01
standard scaler is applied!
column number: []
start kfold_validation
Regression on label, Feature - ecfp, Model - gb :
MAE 1.54E+00 +/- 8.16E-02
standard scaler is applied!
column number: []
start kfold_validation
Regression on label, Feature - ecfp, Model - nn :
MAE 1.55E+00 +/- 4.35E-02
standard scaler is applied!
column number: []
start kfold_validation
Regression on label, Feature - ecfp, Model - nn-pca :
MAE 1.56E+00 +/- 1.21E-01
standard scaler is applied!
column number: []
start kfold_validation
Regression on label, Feature - maccs, Model - rf :
MAE 1.30E+00 +/- 1.14E-01
standard scaler is applied!
column number: []
start kfold_validation
Regression on label, Feature - maccs, Model - svm :
MAE 1.51E+00 +/- 1.47E-01
standard scaler is applied!
column number: []
start kfold_validation
Regression on label, Feature - maccs, Model - gb :
MAE 1.51E+00 +/- 8.41E-02
standard scaler is applied!
column number: []
start kfold_validation
Regression on label, Feature - maccs, Model - nn :
MAE 1.56E+00 +/- 1.27E-01
standard scaler is applied!
column number: []
start kfold_validation
Regression on label, Feature - maccs, Model - nn-pca :
MAE 1.60E+00 +/- 1.14E-01
standard scaler is applied!
column number: []
start kfold_validation
Regression on label, Feature - mordred, Model - rf :
MAE 1.25E+00 +/- 1.23E-01
standard scaler is applied!
column number: []
start kfold_validation
Regression on label, Feature - mordred, Model - svm :
MAE 1.48E+00 +/- 1.32E-01
standard scaler is applied!
column number: []
start kfold_validation
Regression on label, Feature - mordred, Model - gb :
MAE 1.37E+00 +/- 8.71E-02
standard scaler is applied!
column number: []
start kfold_validation
Regression on label, Feature - mordred, Model - nn :
MAE 1.70E+00 +/- 1.46E-01
standard scaler is applied!
column number: []
start kfold_validation
Regression on label, Feature - mordred, Model - nn-pca :
MAE 1.59E+00 +/- 1.22E-01
 
Job Ended at Fri Dec 16 01:50:26 EST 2022
