Job started on v001.ib.bridges2.psc.edu at Fri Dec 16 10:45:45 EST 2022
MACCS features generated at data/maccs/feat.npy
ECFP features generated at data/ecfp/feat.npy
Mordred 2D features generated at data/mordred/feat.npy
this task is on regression of BCF_1_20
loading ecfp features successfully!
loading maccs features successfully!
loading mordred features successfully!
loading dataframe successfully!
The result directory is created!
standard scaler is applied!
column number: []
start kfold_validation
Regression on label, Feature - ecfp, Model - rf :
MAE 1.39E+00 +/- 2.64E-01
standard scaler is applied!
column number: []
start kfold_validation
Regression on label, Feature - ecfp, Model - svm :
MAE 1.30E+00 +/- 4.12E-01
standard scaler is applied!
column number: []
start kfold_validation
Regression on label, Feature - ecfp, Model - gb :
MAE 1.49E+00 +/- 2.27E-01
standard scaler is applied!
column number: []
start kfold_validation
Regression on label, Feature - ecfp, Model - nn :
MAE 2.58E+00 +/- 4.51E-01
standard scaler is applied!
column number: []
start kfold_validation
Regression on label, Feature - ecfp, Model - nn-pca :
MAE 1.87E+00 +/- 5.09E-01
standard scaler is applied!
column number: []
start kfold_validation
Regression on label, Feature - maccs, Model - rf :
MAE 1.25E+00 +/- 1.29E-01
standard scaler is applied!
column number: []
start kfold_validation
Regression on label, Feature - maccs, Model - svm :
MAE 1.27E+00 +/- 2.99E-01
standard scaler is applied!
column number: []
start kfold_validation
Regression on label, Feature - maccs, Model - gb :
MAE 1.39E+00 +/- 1.97E-01
standard scaler is applied!
column number: []
start kfold_validation
Regression on label, Feature - maccs, Model - nn :
MAE 1.26E+00 +/- 3.40E-01
standard scaler is applied!
column number: []
start kfold_validation
Regression on label, Feature - maccs, Model - nn-pca :
MAE 1.65E+00 +/- 1.29E-01
standard scaler is applied!
column number: []
start kfold_validation
Regression on label, Feature - mordred, Model - rf :
MAE 9.76E-01 +/- 2.18E-01
standard scaler is applied!
column number: []
start kfold_validation
Regression on label, Feature - mordred, Model - svm :
MAE 1.10E+00 +/- 2.98E-01
standard scaler is applied!
column number: []
start kfold_validation
Regression on label, Feature - mordred, Model - gb :
MAE 1.15E+00 +/- 2.26E-01
standard scaler is applied!
column number: []
start kfold_validation
Regression on label, Feature - mordred, Model - nn :
MAE 9.54E-01 +/- 2.80E-01
standard scaler is applied!
column number: []
start kfold_validation
Regression on label, Feature - mordred, Model - nn-pca :
MAE 2.05E+00 +/- 8.72E-01
MACCS features generated at data/maccs/feat.npy
ECFP features generated at data/ecfp/feat.npy
/ocean/projects/civ210001p/shang9/miniconda3/envs/ml_env/lib/python3.6/site-packages/numpy/core/fromnumeric.py:87: RuntimeWarning: overflow encountered in reduce
  return ufunc.reduce(obj, axis, dtype, out, **passkwargs)
/ocean/projects/civ210001p/shang9/miniconda3/envs/ml_env/lib/python3.6/site-packages/numpy/core/fromnumeric.py:87: RuntimeWarning: overflow encountered in reduce
  return ufunc.reduce(obj, axis, dtype, out, **passkwargs)
/ocean/projects/civ210001p/shang9/miniconda3/envs/ml_env/lib/python3.6/site-packages/numpy/core/fromnumeric.py:87: RuntimeWarning: overflow encountered in reduce
  return ufunc.reduce(obj, axis, dtype, out, **passkwargs)
/ocean/projects/civ210001p/shang9/miniconda3/envs/ml_env/lib/python3.6/site-packages/numpy/core/fromnumeric.py:87: RuntimeWarning: overflow encountered in reduce
  return ufunc.reduce(obj, axis, dtype, out, **passkwargs)
/ocean/projects/civ210001p/shang9/miniconda3/envs/ml_env/lib/python3.6/site-packages/numpy/core/fromnumeric.py:87: RuntimeWarning: overflow encountered in reduce
  return ufunc.reduce(obj, axis, dtype, out, **passkwargs)
Mordred 2D features generated at data/mordred/feat.npy
this task is on regression of BCF_1_10
loading ecfp features successfully!
loading maccs features successfully!
loading mordred features successfully!
loading dataframe successfully!
The result directory is created!
standard scaler is applied!
column number: []
start kfold_validation
Regression on label, Feature - ecfp, Model - rf :
MAE 1.10E+00 +/- 2.09E-01
standard scaler is applied!
column number: []
start kfold_validation
Regression on label, Feature - ecfp, Model - svm :
MAE 1.32E+00 +/- 1.72E-01
standard scaler is applied!
column number: []
start kfold_validation
Regression on label, Feature - ecfp, Model - gb :
MAE 1.11E+00 +/- 2.10E-01
standard scaler is applied!
column number: []
start kfold_validation
Regression on label, Feature - ecfp, Model - nn :
MAE 2.90E+00 +/- 3.33E-01
standard scaler is applied!
column number: []
start kfold_validation
Regression on label, Feature - ecfp, Model - nn-pca :
MAE 1.86E+00 +/- 2.27E-01
standard scaler is applied!
column number: []
start kfold_validation
Regression on label, Feature - maccs, Model - rf :
MAE 9.72E-01 +/- 1.58E-01
standard scaler is applied!
column number: []
start kfold_validation
Regression on label, Feature - maccs, Model - svm :
MAE 1.06E+00 +/- 1.77E-01
standard scaler is applied!
column number: []
start kfold_validation
Regression on label, Feature - maccs, Model - gb :
MAE 9.91E-01 +/- 1.70E-01
standard scaler is applied!
column number: []
start kfold_validation
Regression on label, Feature - maccs, Model - nn :
MAE 1.11E+00 +/- 2.20E-01
standard scaler is applied!
column number: []
start kfold_validation
Regression on label, Feature - maccs, Model - nn-pca :
MAE 1.32E+00 +/- 1.03E-01
standard scaler is applied!
column number: []
start kfold_validation
Regression on label, Feature - mordred, Model - rf :
MAE 8.09E-01 +/- 1.24E-01
standard scaler is applied!
column number: []
start kfold_validation
Regression on label, Feature - mordred, Model - svm :
MAE 9.05E-01 +/- 1.05E-01
standard scaler is applied!
column number: []
start kfold_validation
Regression on label, Feature - mordred, Model - gb :
MAE 8.17E-01 +/- 8.69E-02
standard scaler is applied!
column number: []
start kfold_validation
Regression on label, Feature - mordred, Model - nn :
MAE 1.43E+00 +/- 3.67E-01
standard scaler is applied!
column number: []
start kfold_validation
Regression on label, Feature - mordred, Model - nn-pca :
MAE 1.43E+00 +/- 2.28E-01
MACCS features generated at data/maccs/feat.npy
ECFP features generated at data/ecfp/feat.npy
/ocean/projects/civ210001p/shang9/miniconda3/envs/ml_env/lib/python3.6/site-packages/numpy/core/fromnumeric.py:87: RuntimeWarning: overflow encountered in reduce
  return ufunc.reduce(obj, axis, dtype, out, **passkwargs)
Mordred 2D features generated at data/mordred/feat.npy
this task is on regression of BCF_1_5
loading ecfp features successfully!
loading maccs features successfully!
loading mordred features successfully!
loading dataframe successfully!
The result directory is created!
standard scaler is applied!
column number: []
start kfold_validation
Regression on label, Feature - ecfp, Model - rf :
MAE 9.91E-01 +/- 1.29E-01
standard scaler is applied!
column number: []
start kfold_validation
Regression on label, Feature - ecfp, Model - svm :
MAE 1.18E+00 +/- 1.41E-01
standard scaler is applied!
column number: []
start kfold_validation
Regression on label, Feature - ecfp, Model - gb :
MAE 1.00E+00 +/- 1.13E-01
standard scaler is applied!
column number: []
start kfold_validation
Regression on label, Feature - ecfp, Model - nn :
MAE 2.76E+00 +/- 2.27E-01
standard scaler is applied!
column number: []
start kfold_validation
Regression on label, Feature - ecfp, Model - nn-pca :
MAE 1.54E+00 +/- 2.69E-01
standard scaler is applied!
column number: []
start kfold_validation
Regression on label, Feature - maccs, Model - rf :
MAE 8.19E-01 +/- 1.10E-01
standard scaler is applied!
column number: []
start kfold_validation
Regression on label, Feature - maccs, Model - svm :
MAE 8.25E-01 +/- 1.57E-01
standard scaler is applied!
column number: []
start kfold_validation
Regression on label, Feature - maccs, Model - gb :
MAE 8.20E-01 +/- 9.08E-02
standard scaler is applied!
column number: []
start kfold_validation
Regression on label, Feature - maccs, Model - nn :
MAE 1.08E+00 +/- 1.94E-01
standard scaler is applied!
column number: []
start kfold_validation
Regression on label, Feature - maccs, Model - nn-pca :
MAE 1.02E+00 +/- 1.93E-01
standard scaler is applied!
column number: []
start kfold_validation
Regression on label, Feature - mordred, Model - rf :
MAE 6.83E-01 +/- 9.09E-02
standard scaler is applied!
column number: []
start kfold_validation
Regression on label, Feature - mordred, Model - svm :
MAE 7.80E-01 +/- 9.91E-02
standard scaler is applied!
column number: []
start kfold_validation
Regression on label, Feature - mordred, Model - gb :
MAE 6.46E-01 +/- 1.23E-01
standard scaler is applied!
column number: []
start kfold_validation
Regression on label, Feature - mordred, Model - nn :
MAE 9.58E-01 +/- 1.18E-01
standard scaler is applied!
column number: []
start kfold_validation
Regression on label, Feature - mordred, Model - nn-pca :
MAE 1.51E+00 +/- 1.93E-01
MACCS features generated at data/maccs/feat.npy
ECFP features generated at data/ecfp/feat.npy
/ocean/projects/civ210001p/shang9/miniconda3/envs/ml_env/lib/python3.6/site-packages/numpy/core/fromnumeric.py:87: RuntimeWarning: overflow encountered in reduce
  return ufunc.reduce(obj, axis, dtype, out, **passkwargs)
/ocean/projects/civ210001p/shang9/miniconda3/envs/ml_env/lib/python3.6/site-packages/numpy/core/fromnumeric.py:87: RuntimeWarning: overflow encountered in reduce
  return ufunc.reduce(obj, axis, dtype, out, **passkwargs)
/ocean/projects/civ210001p/shang9/miniconda3/envs/ml_env/lib/python3.6/site-packages/numpy/core/fromnumeric.py:87: RuntimeWarning: overflow encountered in reduce
  return ufunc.reduce(obj, axis, dtype, out, **passkwargs)
/ocean/projects/civ210001p/shang9/miniconda3/envs/ml_env/lib/python3.6/site-packages/numpy/core/fromnumeric.py:87: RuntimeWarning: overflow encountered in reduce
  return ufunc.reduce(obj, axis, dtype, out, **passkwargs)
Mordred 2D features generated at data/mordred/feat.npy
this task is on regression of BCF_1_2
loading ecfp features successfully!
loading maccs features successfully!
loading mordred features successfully!
loading dataframe successfully!
The result directory is created!
standard scaler is applied!
column number: []
start kfold_validation
Regression on label, Feature - ecfp, Model - rf :
MAE 8.89E-01 +/- 4.70E-02
standard scaler is applied!
column number: []
start kfold_validation
Regression on label, Feature - ecfp, Model - svm :
MAE 1.07E+00 +/- 6.32E-02
standard scaler is applied!
column number: []
start kfold_validation
Regression on label, Feature - ecfp, Model - gb :
MAE 9.56E-01 +/- 4.79E-02
standard scaler is applied!
column number: []
start kfold_validation
Regression on label, Feature - ecfp, Model - nn :
MAE 2.50E+00 +/- 2.94E-01
standard scaler is applied!
column number: []
start kfold_validation
Regression on label, Feature - ecfp, Model - nn-pca :
MAE 1.52E+00 +/- 1.83E-01
standard scaler is applied!
column number: []
start kfold_validation
Regression on label, Feature - maccs, Model - rf :
MAE 7.99E-01 +/- 6.07E-02
standard scaler is applied!
column number: []
start kfold_validation
Regression on label, Feature - maccs, Model - svm :
MAE 8.67E-01 +/- 8.17E-02
standard scaler is applied!
column number: []
start kfold_validation
Regression on label, Feature - maccs, Model - gb :
MAE 8.28E-01 +/- 7.41E-02
standard scaler is applied!
column number: []
start kfold_validation
Regression on label, Feature - maccs, Model - nn :
MAE 9.46E-01 +/- 6.66E-02
standard scaler is applied!
column number: []
start kfold_validation
Regression on label, Feature - maccs, Model - nn-pca :
MAE 9.19E-01 +/- 4.31E-02
standard scaler is applied!
column number: []
start kfold_validation
Regression on label, Feature - mordred, Model - rf :
MAE 7.11E-01 +/- 5.74E-02
standard scaler is applied!
column number: []
start kfold_validation
Regression on label, Feature - mordred, Model - svm :
MAE 7.46E-01 +/- 7.66E-02
standard scaler is applied!
column number: []
start kfold_validation
Regression on label, Feature - mordred, Model - gb :
MAE 6.89E-01 +/- 6.32E-02
standard scaler is applied!
column number: []
start kfold_validation
Regression on label, Feature - mordred, Model - nn :
MAE 9.13E-01 +/- 1.01E-01
standard scaler is applied!
column number: []
start kfold_validation
Regression on label, Feature - mordred, Model - nn-pca :
MAE 1.01E+00 +/- 9.61E-02
 
Job Ended at Fri Dec 16 10:49:55 EST 2022
