Job started on v007.ib.bridges2.psc.edu at Thu Dec 22 16:21:15 EST 2022
this task is on regression of ESOL
loading ecfp features successfully!
loading maccs features successfully!
loading mordred features successfully!
loading dataframe successfully!
The result directory is created!
column number: []
start kfold_validation
Regression on label, Feature - ecfp, Model - rf :
MAE 1.18E+00 +/- 5.75E-02
column number: []
start kfold_validation
Regression on label, Feature - ecfp, Model - svm :
MAE 1.96E+00 +/- 9.53E-02
column number: []
start kfold_validation
Regression on label, Feature - ecfp, Model - gb :
MAE 1.30E+00 +/- 5.44E-02
column number: []
start kfold_validation
Regression on label, Feature - ecfp, Model - nn :
MAE 1.30E+00 +/- 2.45E-02
column number: []
start kfold_validation
Regression on label, Feature - ecfp, Model - nn-pca :
MAE 1.34E+00 +/- 3.07E-02
column number: []
start kfold_validation
this task is on regression of BCF
loading ecfp features successfully!
loading maccs features successfully!
loading mordred features successfully!
loading dataframe successfully!
The result directory is created!
column number: []
start kfold_validation
Regression on label, Feature - ecfp, Model - rf :
MAE 8.51E-01 +/- 4.42E-02
column number: []
start kfold_validation
Regression on label, Feature - ecfp, Model - svm :
MAE 1.24E+00 +/- 7.88E-02
column number: []
start kfold_validation
Regression on label, Feature - ecfp, Model - gb :
MAE 9.12E-01 +/- 5.18E-02
column number: []
start kfold_validation
Regression on label, Feature - ecfp, Model - nn :
MAE 9.86E-01 +/- 6.64E-02
column number: []
start kfold_validation
Regression on label, Feature - ecfp, Model - nn-pca :
MAE 9.31E-01 +/- 6.54E-02
column number: []
start kfold_validation
this task is on regression of Clint
loading ecfp features successfully!
loading maccs features successfully!
loading mordred features successfully!
loading dataframe successfully!
The result directory is created!
column number: []
start kfold_validation
Regression on label, Feature - ecfp, Model - rf :
MAE 1.06E+00 +/- 3.91E-02
column number: []
start kfold_validation
Regression on label, Feature - ecfp, Model - svm :
MAE 1.67E+00 +/- 5.89E-02
column number: []
start kfold_validation
Regression on label, Feature - ecfp, Model - gb :
MAE 1.42E+00 +/- 2.93E-02
column number: []
start kfold_validation
Regression on label, Feature - ecfp, Model - nn :
MAE 9.19E-01 +/- 7.01E-02
column number: []
start kfold_validation
Regression on label, Feature - ecfp, Model - nn-pca :
MAE 1.37E+00 +/- 8.78E-02
column number: []
start kfold_validation
 
Job Ended at Thu Dec 22 16:33:45 EST 2022
