Job started on r015.ib.bridges2.psc.edu at Thu Apr  6 01:12:03 EDT 2023
Namespace(data_path='/ocean/projects/cts180021p/shang9/molecules/pretrainLCA/finalized/data/o_gnn_input/O3_react/raw/data.csv', split_folder='/ocean/projects/cts180021p/shang9/molecules/pretrainLCA/finalized/model/feature-based/result_1/O3_react/')
  0%|          | 0/15 [00:00<?, ?trial/s, best loss=?]Step 10 validation: rms_score=3.50149
Step 20 validation: rms_score=3.08114
Step 30 validation: rms_score=2.80032
Step 40 validation: rms_score=2.69373
Step 50 validation: rms_score=2.60612
Step 60 validation: rms_score=2.60672
Step 70 validation: rms_score=2.57653
Step 80 validation: rms_score=2.5413
Step 90 validation: rms_score=2.53548
Step 100 validation: rms_score=2.50392
Step 110 validation: rms_score=2.5549
Step 120 validation: rms_score=2.59326
Step 130 validation: rms_score=2.50121
Step 140 validation: rms_score=2.51855
Step 150 validation: rms_score=2.57581
Step 160 validation: rms_score=2.63573
Step 170 validation: rms_score=2.68171
Step 180 validation: rms_score=2.60797
Step 190 validation: rms_score=2.66194
Step 200 validation: rms_score=2.51369
Step 210 validation: rms_score=2.59451
Step 220 validation: rms_score=2.49447
Step 230 validation: rms_score=2.50157
Step 240 validation: rms_score=2.5471
Step 250 validation: rms_score=2.49213
Step 260 validation: rms_score=2.5125
Step 270 validation: rms_score=2.46925
Step 280 validation: rms_score=2.44904
Step 290 validation: rms_score=2.49575
Step 300 validation: rms_score=2.49605
Step 310 validation: rms_score=2.5138
Step 320 validation: rms_score=2.4185
Step 330 validation: rms_score=2.35842
Step 340 validation: rms_score=2.36931
Step 350 validation: rms_score=2.37984
  7%|▋         | 1/15 [00:46<10:56, 46.90s/trial, best loss: 2.35841760740794]Step 10 validation: rms_score=3.08503
Step 20 validation: rms_score=2.80001
Step 30 validation: rms_score=2.75133
Step 40 validation: rms_score=2.76496
Step 50 validation: rms_score=2.82243
Step 60 validation: rms_score=2.86936
Step 70 validation: rms_score=2.79726
Step 80 validation: rms_score=2.97213
Step 90 validation: rms_score=3.00704
Step 100 validation: rms_score=3.15428
Step 110 validation: rms_score=3.1761
Step 120 validation: rms_score=3.23037
Step 130 validation: rms_score=3.31481
Step 140 validation: rms_score=3.19018
Step 150 validation: rms_score=3.13341
Step 160 validation: rms_score=3.12421
Step 170 validation: rms_score=3.08753
Step 180 validation: rms_score=3.09657
Step 190 validation: rms_score=3.13198
Step 200 validation: rms_score=3.05512
Step 210 validation: rms_score=3.14432
Step 220 validation: rms_score=3.19166
Step 230 validation: rms_score=3.16357
Step 240 validation: rms_score=3.10043
Step 250 validation: rms_score=2.98408
Step 260 validation: rms_score=3.05203
Step 270 validation: rms_score=2.96302
Step 280 validation: rms_score=3.00681
Step 290 validation: rms_score=3.01835
Step 300 validation: rms_score=2.91634
Step 310 validation: rms_score=2.98256
Step 320 validation: rms_score=3.0312
Step 330 validation: rms_score=2.90956
Step 340 validation: rms_score=2.9335
Step 350 validation: rms_score=2.92087
 13%|█▎        | 2/15 [01:31<09:55, 45.78s/trial, best loss: 2.35841760740794]Step 10 validation: rms_score=2.80798
Step 20 validation: rms_score=2.58386
Step 30 validation: rms_score=2.56497
Step 40 validation: rms_score=2.54622
Step 50 validation: rms_score=2.64139
Step 60 validation: rms_score=2.67353
Step 70 validation: rms_score=2.65247
Step 80 validation: rms_score=2.72549
Step 90 validation: rms_score=2.84847
Step 100 validation: rms_score=3.00081
Step 110 validation: rms_score=2.92502
Step 120 validation: rms_score=2.96532
Step 130 validation: rms_score=3.02689
Step 140 validation: rms_score=3.08566
Step 150 validation: rms_score=3.06513
Step 160 validation: rms_score=3.11372
Step 170 validation: rms_score=3.13368
Step 180 validation: rms_score=2.99852
Step 190 validation: rms_score=2.90003
Step 200 validation: rms_score=2.85316
Step 210 validation: rms_score=2.84281
Step 220 validation: rms_score=2.78919
Step 230 validation: rms_score=2.70412
Step 240 validation: rms_score=2.69636
Step 250 validation: rms_score=2.73361
Step 260 validation: rms_score=2.64521
Step 270 validation: rms_score=2.56728
Step 280 validation: rms_score=2.49479
Step 290 validation: rms_score=2.53918
Step 300 validation: rms_score=2.53208
Step 310 validation: rms_score=2.34705
Step 320 validation: rms_score=2.47158
Step 330 validation: rms_score=2.79434
Step 340 validation: rms_score=2.35744
Step 350 validation: rms_score=2.38671
 20%|██        | 3/15 [02:07<08:15, 41.26s/trial, best loss: 2.347054393557804]Step 10 validation: rms_score=3.48585
Step 20 validation: rms_score=2.83799
Step 30 validation: rms_score=2.68363
Step 40 validation: rms_score=2.61096
Step 50 validation: rms_score=2.60495
Step 60 validation: rms_score=2.61125
Step 70 validation: rms_score=2.64096
Step 80 validation: rms_score=2.67388
Step 90 validation: rms_score=2.691
Step 100 validation: rms_score=2.84116
Step 110 validation: rms_score=2.82918
Step 120 validation: rms_score=3.01428
Step 130 validation: rms_score=3.00706
Step 140 validation: rms_score=3.02398
Step 150 validation: rms_score=3.10483
Step 160 validation: rms_score=3.1041
Step 170 validation: rms_score=3.15766
Step 180 validation: rms_score=3.07227
Step 190 validation: rms_score=2.98279
Step 200 validation: rms_score=3.02818
Step 210 validation: rms_score=2.98531
Step 220 validation: rms_score=2.96729
Step 230 validation: rms_score=2.92939
Step 240 validation: rms_score=2.82759
Step 250 validation: rms_score=2.78368
Step 260 validation: rms_score=2.87789
Step 270 validation: rms_score=2.72036
Step 280 validation: rms_score=2.66321
Step 290 validation: rms_score=2.61922
Step 300 validation: rms_score=2.68663
Step 310 validation: rms_score=2.7229
Step 320 validation: rms_score=2.67011
Step 330 validation: rms_score=2.60569
Step 340 validation: rms_score=2.55873
Step 350 validation: rms_score=2.55735
 27%|██▋       | 4/15 [02:36<06:37, 36.15s/trial, best loss: 2.347054393557804]Step 10 validation: rms_score=3.66387
Step 20 validation: rms_score=2.94642
Step 30 validation: rms_score=2.65253
Step 40 validation: rms_score=2.55868
Step 50 validation: rms_score=2.49055
Step 60 validation: rms_score=2.51965
Step 70 validation: rms_score=2.62672
Step 80 validation: rms_score=2.77712
Step 90 validation: rms_score=2.85145
Step 100 validation: rms_score=2.87128
Step 110 validation: rms_score=2.90751
Step 120 validation: rms_score=2.91005
Step 130 validation: rms_score=2.8698
Step 140 validation: rms_score=2.90144
Step 150 validation: rms_score=2.92476
Step 160 validation: rms_score=2.86036
Step 170 validation: rms_score=2.80686
Step 180 validation: rms_score=2.78265
Step 190 validation: rms_score=2.84532
Step 200 validation: rms_score=2.78062
Step 210 validation: rms_score=2.77534
Step 220 validation: rms_score=2.78017
Step 230 validation: rms_score=2.7606
Step 240 validation: rms_score=2.60175
Step 250 validation: rms_score=2.57967
Step 260 validation: rms_score=2.59662
Step 270 validation: rms_score=2.58884
Step 280 validation: rms_score=2.66661
Step 290 validation: rms_score=2.58855
Step 300 validation: rms_score=2.51725
Step 310 validation: rms_score=2.4684
Step 320 validation: rms_score=2.46142
Step 330 validation: rms_score=2.46822
Step 340 validation: rms_score=2.47204
Step 350 validation: rms_score=2.49016
 33%|███▎      | 5/15 [03:07<05:42, 34.28s/trial, best loss: 2.347054393557804]Step 10 validation: rms_score=4.52113
Step 20 validation: rms_score=3.79743
Step 30 validation: rms_score=3.12748
Step 40 validation: rms_score=2.71267
Step 50 validation: rms_score=2.56458
Step 60 validation: rms_score=2.5288
Step 70 validation: rms_score=2.51313
Step 80 validation: rms_score=2.51892
Step 90 validation: rms_score=2.5871
Step 100 validation: rms_score=2.62024
Step 110 validation: rms_score=2.68599
Step 120 validation: rms_score=2.85081
Step 130 validation: rms_score=2.87035
Step 140 validation: rms_score=2.87711
Step 150 validation: rms_score=2.89446
Step 160 validation: rms_score=3.06821
Step 170 validation: rms_score=3.05819
Step 180 validation: rms_score=2.99958
Step 190 validation: rms_score=3.02298
Step 200 validation: rms_score=3.03084
Step 210 validation: rms_score=2.92062
Step 220 validation: rms_score=2.92283
Step 230 validation: rms_score=2.81767
Step 240 validation: rms_score=2.72895
Step 250 validation: rms_score=2.73626
Step 260 validation: rms_score=2.84059
Step 270 validation: rms_score=2.66653
Step 280 validation: rms_score=2.59196
Step 290 validation: rms_score=2.6474
Step 300 validation: rms_score=2.58821
Step 310 validation: rms_score=2.60515
Step 320 validation: rms_score=2.5254
Step 330 validation: rms_score=2.42024
Step 340 validation: rms_score=2.37414
Step 350 validation: rms_score=2.48431
 40%|████      | 6/15 [03:35<04:52, 32.45s/trial, best loss: 2.347054393557804]Step 10 validation: rms_score=3.66784
Step 20 validation: rms_score=2.92796
Step 30 validation: rms_score=2.62407
Step 40 validation: rms_score=2.5646
Step 50 validation: rms_score=2.59789
Step 60 validation: rms_score=2.6439
Step 70 validation: rms_score=2.78622
Step 80 validation: rms_score=3.02281
Step 90 validation: rms_score=3.15189
Step 100 validation: rms_score=3.2143
Step 110 validation: rms_score=3.37295
Step 120 validation: rms_score=3.44707
Step 130 validation: rms_score=3.56332
Step 140 validation: rms_score=3.61231
Step 150 validation: rms_score=3.49429
Step 160 validation: rms_score=3.43063
Step 170 validation: rms_score=3.56931
Step 180 validation: rms_score=3.49208
Step 190 validation: rms_score=3.72169
Step 200 validation: rms_score=3.62685
Step 210 validation: rms_score=3.46592
Step 220 validation: rms_score=3.34885
Step 230 validation: rms_score=3.32913
Step 240 validation: rms_score=3.35827
Step 250 validation: rms_score=3.40676
Step 260 validation: rms_score=3.18294
Step 270 validation: rms_score=3.16296
Step 280 validation: rms_score=3.2304
Step 290 validation: rms_score=3.1473
Step 300 validation: rms_score=3.27674
Step 310 validation: rms_score=3.11744
Step 320 validation: rms_score=2.87014
Step 330 validation: rms_score=2.77314
Step 340 validation: rms_score=2.74997
Step 350 validation: rms_score=2.72436
 47%|████▋     | 7/15 [04:18<04:44, 35.61s/trial, best loss: 2.347054393557804]Step 10 validation: rms_score=3.75106
Step 20 validation: rms_score=3.33652
Step 30 validation: rms_score=2.92811
Step 40 validation: rms_score=2.64569
Step 50 validation: rms_score=2.60916
Step 60 validation: rms_score=2.63468
Step 70 validation: rms_score=2.63426
Step 80 validation: rms_score=2.75825
Step 90 validation: rms_score=2.79135
Step 100 validation: rms_score=2.81268
Step 110 validation: rms_score=2.89037
Step 120 validation: rms_score=2.84713
Step 130 validation: rms_score=2.91174
Step 140 validation: rms_score=3.24809
Step 150 validation: rms_score=3.20243
Step 160 validation: rms_score=3.22655
Step 170 validation: rms_score=3.30193
Step 180 validation: rms_score=3.38993
Step 190 validation: rms_score=3.2142
Step 200 validation: rms_score=3.40218
Step 210 validation: rms_score=3.52717
Step 220 validation: rms_score=3.43682
Step 230 validation: rms_score=3.56023
Step 240 validation: rms_score=3.52812
Step 250 validation: rms_score=3.46179
Step 260 validation: rms_score=3.35459
Step 270 validation: rms_score=3.37079
Step 280 validation: rms_score=3.38269
Step 290 validation: rms_score=3.47783
Step 300 validation: rms_score=3.50493
Step 310 validation: rms_score=3.22647
Step 320 validation: rms_score=3.30375
Step 330 validation: rms_score=3.11464
Step 340 validation: rms_score=3.04519
Step 350 validation: rms_score=3.14029
 53%|█████▎    | 8/15 [05:00<04:24, 37.75s/trial, best loss: 2.347054393557804]Step 10 validation: rms_score=3.17834
Step 20 validation: rms_score=2.6542
Step 30 validation: rms_score=2.6369
Step 40 validation: rms_score=2.63806
Step 50 validation: rms_score=2.62079
Step 60 validation: rms_score=2.59052
Step 70 validation: rms_score=2.5583
Step 80 validation: rms_score=2.56473
Step 90 validation: rms_score=2.63166
Step 100 validation: rms_score=2.69003
Step 110 validation: rms_score=2.7444
Step 120 validation: rms_score=2.83691
Step 130 validation: rms_score=2.86543
Step 140 validation: rms_score=3.04154
Step 150 validation: rms_score=3.196
Step 160 validation: rms_score=3.32294
Step 170 validation: rms_score=3.3416
Step 180 validation: rms_score=3.35436
Step 190 validation: rms_score=3.27548
Step 200 validation: rms_score=3.3659
Step 210 validation: rms_score=3.47086
Step 220 validation: rms_score=3.29201
Step 230 validation: rms_score=3.62099
Step 240 validation: rms_score=3.52939
Step 250 validation: rms_score=3.63284
Step 260 validation: rms_score=3.79423
Step 270 validation: rms_score=3.68374
Step 280 validation: rms_score=3.55049
Step 290 validation: rms_score=3.46022
Step 300 validation: rms_score=3.44792
Step 310 validation: rms_score=3.29544
Step 320 validation: rms_score=3.4113
Step 330 validation: rms_score=3.35245
Step 340 validation: rms_score=3.5202
Step 350 validation: rms_score=3.45632
 60%|██████    | 9/15 [05:43<03:56, 39.38s/trial, best loss: 2.347054393557804]Step 10 validation: rms_score=3.86442
Step 20 validation: rms_score=3.35018
Step 30 validation: rms_score=2.93888
Step 40 validation: rms_score=2.73152
Step 50 validation: rms_score=2.68287
Step 60 validation: rms_score=2.65907
Step 70 validation: rms_score=2.57798
Step 80 validation: rms_score=2.54728
Step 90 validation: rms_score=2.53177
Step 100 validation: rms_score=2.55303
Step 110 validation: rms_score=2.51163
Step 120 validation: rms_score=2.49123
Step 130 validation: rms_score=2.46192
Step 140 validation: rms_score=2.42443
Step 150 validation: rms_score=2.444
Step 160 validation: rms_score=2.4052
Step 170 validation: rms_score=2.42759
Step 180 validation: rms_score=2.37726
Step 190 validation: rms_score=2.4003
Step 200 validation: rms_score=2.39056
Step 210 validation: rms_score=2.35906
Step 220 validation: rms_score=2.34718
Step 230 validation: rms_score=2.3078
Step 240 validation: rms_score=2.31524
Step 250 validation: rms_score=2.29524
Step 260 validation: rms_score=2.25311
Step 270 validation: rms_score=2.27814
Step 280 validation: rms_score=2.26363
Step 290 validation: rms_score=2.24058
Step 300 validation: rms_score=2.25746
Step 310 validation: rms_score=2.25261
Step 320 validation: rms_score=2.25203
Step 330 validation: rms_score=2.2725
Step 340 validation: rms_score=2.22106
Step 350 validation: rms_score=2.18335
 67%|██████▋   | 10/15 [06:26<03:22, 40.50s/trial, best loss: 2.1833541723020313]Step 10 validation: rms_score=4.12385
Step 20 validation: rms_score=3.5088
Step 30 validation: rms_score=3.00074
Step 40 validation: rms_score=2.75957
Step 50 validation: rms_score=2.71307
Step 60 validation: rms_score=2.69583
Step 70 validation: rms_score=2.66399
Step 80 validation: rms_score=2.62114
Step 90 validation: rms_score=2.54515
Step 100 validation: rms_score=2.50083
Step 110 validation: rms_score=2.54102
Step 120 validation: rms_score=2.55586
Step 130 validation: rms_score=2.65748
Step 140 validation: rms_score=2.74514
Step 150 validation: rms_score=2.81594
Step 160 validation: rms_score=2.78192
Step 170 validation: rms_score=2.81893
Step 180 validation: rms_score=2.8696
Step 190 validation: rms_score=2.93349
Step 200 validation: rms_score=2.95168
Step 210 validation: rms_score=2.93424
Step 220 validation: rms_score=3.06809
Step 230 validation: rms_score=3.09156
Step 240 validation: rms_score=2.99735
Step 250 validation: rms_score=3.06377
Step 260 validation: rms_score=3.02507
Step 270 validation: rms_score=3.05191
Step 280 validation: rms_score=3.01626
Step 290 validation: rms_score=2.94529
Step 300 validation: rms_score=2.98724
Step 310 validation: rms_score=3.0184
Step 320 validation: rms_score=2.89921
Step 330 validation: rms_score=2.91102
Step 340 validation: rms_score=2.95489
Step 350 validation: rms_score=2.86569
 73%|███████▎  | 11/15 [06:56<02:29, 37.41s/trial, best loss: 2.1833541723020313]Step 10 validation: rms_score=3.73919
Step 20 validation: rms_score=3.40407
Step 30 validation: rms_score=3.14277
Step 40 validation: rms_score=2.9511
Step 50 validation: rms_score=2.86538
Step 60 validation: rms_score=2.76559
Step 70 validation: rms_score=2.71113
Step 80 validation: rms_score=2.67572
Step 90 validation: rms_score=2.6484
Step 100 validation: rms_score=2.56359
Step 110 validation: rms_score=2.57915
Step 120 validation: rms_score=2.56826
Step 130 validation: rms_score=2.56275
Step 140 validation: rms_score=2.57575
Step 150 validation: rms_score=2.5579
Step 160 validation: rms_score=2.53652
Step 170 validation: rms_score=2.58237
Step 180 validation: rms_score=2.56232
Step 190 validation: rms_score=2.57078
Step 200 validation: rms_score=2.6265
Step 210 validation: rms_score=2.59862
Step 220 validation: rms_score=2.59978
Step 230 validation: rms_score=2.57497
Step 240 validation: rms_score=2.5846
Step 250 validation: rms_score=2.56232
Step 260 validation: rms_score=2.48893
Step 270 validation: rms_score=2.51986
Step 280 validation: rms_score=2.48992
Step 290 validation: rms_score=2.45851
Step 300 validation: rms_score=2.42051
Step 310 validation: rms_score=2.41467
Step 320 validation: rms_score=2.40365
Step 330 validation: rms_score=2.38428
Step 340 validation: rms_score=2.46538
Step 350 validation: rms_score=2.42576
 80%|████████  | 12/15 [07:39<01:57, 39.17s/trial, best loss: 2.1833541723020313]Step 10 validation: rms_score=3.68582
Step 20 validation: rms_score=3.02681
Step 30 validation: rms_score=2.80717
Step 40 validation: rms_score=2.69182
Step 50 validation: rms_score=2.64781
Step 60 validation: rms_score=2.6354
Step 70 validation: rms_score=2.66
Step 80 validation: rms_score=2.75253
Step 90 validation: rms_score=2.86989
Step 100 validation: rms_score=2.86381
Step 110 validation: rms_score=2.93623
Step 120 validation: rms_score=3.12184
Step 130 validation: rms_score=3.0381
Step 140 validation: rms_score=2.97389
Step 150 validation: rms_score=2.88229
Step 160 validation: rms_score=2.92822
Step 170 validation: rms_score=2.89069
Step 180 validation: rms_score=2.91637
Step 190 validation: rms_score=2.97558
Step 200 validation: rms_score=2.84459
Step 210 validation: rms_score=2.80185
Step 220 validation: rms_score=2.84826
Step 230 validation: rms_score=2.82719
Step 240 validation: rms_score=2.58286
Step 250 validation: rms_score=2.53317
Step 260 validation: rms_score=2.54593
Step 270 validation: rms_score=2.5144
Step 280 validation: rms_score=2.44843
Step 290 validation: rms_score=2.47216
Step 300 validation: rms_score=2.41176
Step 310 validation: rms_score=2.38269
Step 320 validation: rms_score=2.36687
Step 330 validation: rms_score=2.2572
Step 340 validation: rms_score=2.25552
Step 350 validation: rms_score=2.24508
 87%|████████▋ | 13/15 [08:22<01:20, 40.03s/trial, best loss: 2.1833541723020313]Step 10 validation: rms_score=4.15358
Step 20 validation: rms_score=3.94126
Step 30 validation: rms_score=3.66189
Step 40 validation: rms_score=3.45128
Step 50 validation: rms_score=3.32879
Step 60 validation: rms_score=3.1667
Step 70 validation: rms_score=3.12406
Step 80 validation: rms_score=2.9955
Step 90 validation: rms_score=2.98108
Step 100 validation: rms_score=3.02199
Step 110 validation: rms_score=2.94889
Step 120 validation: rms_score=2.83135
Step 130 validation: rms_score=2.84809
Step 140 validation: rms_score=2.78991
Step 150 validation: rms_score=2.80523
Step 160 validation: rms_score=2.71709
Step 170 validation: rms_score=2.87011
Step 180 validation: rms_score=2.87288
Step 190 validation: rms_score=2.73721
Step 200 validation: rms_score=2.78825
Step 210 validation: rms_score=2.62912
Step 220 validation: rms_score=2.5931
Step 230 validation: rms_score=2.63908
Step 240 validation: rms_score=2.5893
Step 250 validation: rms_score=2.51186
Step 260 validation: rms_score=2.45083
Step 270 validation: rms_score=2.41471
Step 280 validation: rms_score=2.40999
Step 290 validation: rms_score=2.39278
Step 300 validation: rms_score=2.41092
Step 310 validation: rms_score=2.30411
Step 320 validation: rms_score=2.36239
Step 330 validation: rms_score=2.33344
Step 340 validation: rms_score=2.32122
Step 350 validation: rms_score=2.33289
 93%|█████████▎| 14/15 [09:11<00:42, 42.95s/trial, best loss: 2.1833541723020313]Step 10 validation: rms_score=2.74016
Step 20 validation: rms_score=2.63123
Step 30 validation: rms_score=2.5927
Step 40 validation: rms_score=2.59886
Step 50 validation: rms_score=2.65755
Step 60 validation: rms_score=2.7715
Step 70 validation: rms_score=2.86125
Step 80 validation: rms_score=2.91889
Step 90 validation: rms_score=3.02368
Step 100 validation: rms_score=3.13014
Step 110 validation: rms_score=3.07299
Step 120 validation: rms_score=3.20152
Step 130 validation: rms_score=3.15907
Step 140 validation: rms_score=3.15535
Step 150 validation: rms_score=3.4307
Step 160 validation: rms_score=3.33119
Step 170 validation: rms_score=2.97866
Step 180 validation: rms_score=3.09926
Step 190 validation: rms_score=3.02286
Step 200 validation: rms_score=3.02522
Step 210 validation: rms_score=3.0175
Step 220 validation: rms_score=2.91275
Step 230 validation: rms_score=2.80559
Step 240 validation: rms_score=2.86766
Step 250 validation: rms_score=2.82108
Step 260 validation: rms_score=2.75572
Step 270 validation: rms_score=2.64887
Step 280 validation: rms_score=2.56883
Step 290 validation: rms_score=2.48453
Step 300 validation: rms_score=2.5583
Step 310 validation: rms_score=2.48495
Step 320 validation: rms_score=2.46416
Step 330 validation: rms_score=2.40245
Step 340 validation: rms_score=2.41092
Step 350 validation: rms_score=2.52297
100%|██████████| 15/15 [09:47<00:00, 40.74s/trial, best loss: 2.1833541723020313]100%|██████████| 15/15 [09:47<00:00, 39.15s/trial, best loss: 2.1833541723020313]
O3_react Best: {'dense': 0, 'dropout': 0, 'layers': 2}
 
Job Ended at Thu Apr  6 01:24:00 EDT 2023
