Job started on r010.ib.bridges2.psc.edu at Sun Apr  9 14:54:55 EDT 2023
Namespace(data_path='/ocean/projects/cts180021p/shang9/molecules/pretrainLCA/finalized/data/o_gnn_input/O3_react/raw/data.csv', split_folder='/ocean/projects/cts180021p/shang9/molecules/pretrainLCA/finalized/model/feature-based/result_1/O3_react/')
  0%|          | 0/15 [00:00<?, ?trial/s, best loss=?]Step 10 validation: rms_score=3.59997
Step 20 validation: rms_score=3.03404
Step 30 validation: rms_score=2.76488
Step 40 validation: rms_score=2.71085
Step 50 validation: rms_score=2.7098
Step 60 validation: rms_score=2.72494
Step 70 validation: rms_score=2.74489
Step 80 validation: rms_score=2.77631
Step 90 validation: rms_score=2.68526
Step 100 validation: rms_score=2.7775
Step 110 validation: rms_score=2.78068
Step 120 validation: rms_score=2.82419
Step 130 validation: rms_score=2.86843
Step 140 validation: rms_score=2.92092
Step 150 validation: rms_score=2.87747
Step 160 validation: rms_score=2.74244
Step 170 validation: rms_score=2.76056
Step 180 validation: rms_score=2.69913
Step 190 validation: rms_score=2.67637
Step 200 validation: rms_score=2.65074
Step 210 validation: rms_score=2.67734
Step 220 validation: rms_score=2.5809
Step 230 validation: rms_score=2.51394
Step 240 validation: rms_score=2.53642
Step 250 validation: rms_score=2.47686
Step 260 validation: rms_score=2.37978
Step 270 validation: rms_score=2.43874
Step 280 validation: rms_score=2.35771
Step 290 validation: rms_score=2.33901
Step 300 validation: rms_score=2.30634
Step 310 validation: rms_score=2.3342
Step 320 validation: rms_score=2.27533
Step 330 validation: rms_score=2.21885
Step 340 validation: rms_score=2.25945
Step 350 validation: rms_score=2.31706
Step 360 validation: rms_score=2.22075
Step 370 validation: rms_score=2.21638
Step 380 validation: rms_score=2.25952
Step 390 validation: rms_score=2.23369
Step 400 validation: rms_score=2.28228
Step 410 validation: rms_score=2.21065
Step 420 validation: rms_score=2.24964
Step 430 validation: rms_score=2.26491
Step 440 validation: rms_score=2.31365
Step 450 validation: rms_score=2.23827
Step 460 validation: rms_score=2.22341
Step 470 validation: rms_score=2.2294
Step 480 validation: rms_score=2.2365
Step 490 validation: rms_score=2.21681
Step 500 validation: rms_score=2.22445
Step 510 validation: rms_score=2.19186
Step 520 validation: rms_score=2.22372
Step 530 validation: rms_score=2.24021
Step 540 validation: rms_score=2.20725
Step 550 validation: rms_score=2.19902
Step 560 validation: rms_score=2.22935
Step 570 validation: rms_score=2.24266
Step 580 validation: rms_score=2.22034
Step 590 validation: rms_score=2.29046
Step 600 validation: rms_score=2.25798
Step 610 validation: rms_score=2.2517
Step 620 validation: rms_score=2.25364
Step 630 validation: rms_score=2.25994
Step 640 validation: rms_score=2.25765
Step 650 validation: rms_score=2.26805
Step 660 validation: rms_score=2.26653
Step 670 validation: rms_score=2.3007
Step 680 validation: rms_score=2.40687
Step 690 validation: rms_score=2.27857
Step 700 validation: rms_score=2.26287
  7%|▋         | 1/15 [00:45<10:37, 45.55s/trial, best loss: 2.1918578028582836]Step 10 validation: rms_score=3.77708
Step 20 validation: rms_score=3.18534
Step 30 validation: rms_score=2.94305
Step 40 validation: rms_score=2.82468
Step 50 validation: rms_score=2.7107
Step 60 validation: rms_score=2.69572
Step 70 validation: rms_score=2.67614
Step 80 validation: rms_score=2.55576
Step 90 validation: rms_score=2.61175
Step 100 validation: rms_score=2.67228
Step 110 validation: rms_score=2.60056
Step 120 validation: rms_score=2.55748
Step 130 validation: rms_score=2.57451
Step 140 validation: rms_score=2.61046
Step 150 validation: rms_score=2.545
Step 160 validation: rms_score=2.57077
Step 170 validation: rms_score=2.57441
Step 180 validation: rms_score=2.4949
Step 190 validation: rms_score=2.42265
Step 200 validation: rms_score=2.48401
Step 210 validation: rms_score=2.42902
Step 220 validation: rms_score=2.35302
Step 230 validation: rms_score=2.33243
Step 240 validation: rms_score=2.38455
Step 250 validation: rms_score=2.32994
Step 260 validation: rms_score=2.30185
Step 270 validation: rms_score=2.29937
Step 280 validation: rms_score=2.33146
Step 290 validation: rms_score=2.31613
Step 300 validation: rms_score=2.30225
Step 310 validation: rms_score=2.31531
Step 320 validation: rms_score=2.3062
Step 330 validation: rms_score=2.38018
Step 340 validation: rms_score=2.32673
Step 350 validation: rms_score=2.31188
Step 360 validation: rms_score=2.3355
Step 370 validation: rms_score=2.35732
Step 380 validation: rms_score=2.37056
Step 390 validation: rms_score=2.3249
Step 400 validation: rms_score=2.38683
Step 410 validation: rms_score=2.44585
Step 420 validation: rms_score=2.32577
Step 430 validation: rms_score=2.31753
Step 440 validation: rms_score=2.3849
Step 450 validation: rms_score=2.3226
Step 460 validation: rms_score=2.28615
Step 470 validation: rms_score=2.3512
Step 480 validation: rms_score=2.33741
Step 490 validation: rms_score=2.26525
Step 500 validation: rms_score=2.31196
Step 510 validation: rms_score=2.26547
Step 520 validation: rms_score=2.24041
Step 530 validation: rms_score=2.26082
Step 540 validation: rms_score=2.30722
Step 550 validation: rms_score=2.3233
Step 560 validation: rms_score=2.2998
Step 570 validation: rms_score=2.32225
Step 580 validation: rms_score=2.27411
Step 590 validation: rms_score=2.23027
Step 600 validation: rms_score=2.26297
Step 610 validation: rms_score=2.30234
Step 620 validation: rms_score=2.27599
Step 630 validation: rms_score=2.29779
Step 640 validation: rms_score=2.32757
Step 650 validation: rms_score=2.2991
Step 660 validation: rms_score=2.35143
Step 670 validation: rms_score=2.29479
Step 680 validation: rms_score=2.28341
Step 690 validation: rms_score=2.28961
Step 700 validation: rms_score=2.25276
 13%|█▎        | 2/15 [01:33<10:12, 47.14s/trial, best loss: 2.1918578028582836]Step 10 validation: rms_score=3.74673
Step 20 validation: rms_score=3.06627
Step 30 validation: rms_score=2.7112
Step 40 validation: rms_score=2.66593
Step 50 validation: rms_score=2.68656
Step 60 validation: rms_score=2.76181
Step 70 validation: rms_score=2.78035
Step 80 validation: rms_score=2.76723
Step 90 validation: rms_score=2.8545
Step 100 validation: rms_score=2.88396
Step 110 validation: rms_score=2.91435
Step 120 validation: rms_score=2.80297
Step 130 validation: rms_score=2.85289
Step 140 validation: rms_score=2.95976
Step 150 validation: rms_score=2.92672
Step 160 validation: rms_score=2.99787
Step 170 validation: rms_score=2.8278
Step 180 validation: rms_score=2.9237
Step 190 validation: rms_score=2.91441
Step 200 validation: rms_score=2.69987
Step 210 validation: rms_score=2.81789
Step 220 validation: rms_score=2.7691
Step 230 validation: rms_score=2.66421
Step 240 validation: rms_score=2.60777
Step 250 validation: rms_score=2.58858
Step 260 validation: rms_score=2.53895
Step 270 validation: rms_score=2.52486
Step 280 validation: rms_score=2.55313
Step 290 validation: rms_score=2.47664
Step 300 validation: rms_score=2.3901
Step 310 validation: rms_score=2.41318
Step 320 validation: rms_score=2.371
Step 330 validation: rms_score=2.2904
Step 340 validation: rms_score=2.23714
Step 350 validation: rms_score=2.31527
Step 360 validation: rms_score=2.32983
Step 370 validation: rms_score=2.28945
Step 380 validation: rms_score=2.3139
Step 390 validation: rms_score=2.29209
Step 400 validation: rms_score=2.28236
Step 410 validation: rms_score=2.30954
Step 420 validation: rms_score=2.33056
Step 430 validation: rms_score=2.36019
Step 440 validation: rms_score=2.38051
Step 450 validation: rms_score=2.31295
Step 460 validation: rms_score=2.28245
Step 470 validation: rms_score=2.29658
Step 480 validation: rms_score=2.25666
Step 490 validation: rms_score=2.27109
Step 500 validation: rms_score=2.31263
Step 510 validation: rms_score=2.32041
Step 520 validation: rms_score=2.29421
Step 530 validation: rms_score=2.28011
Step 540 validation: rms_score=2.28599
Step 550 validation: rms_score=2.31656
Step 560 validation: rms_score=2.28532
Step 570 validation: rms_score=2.26347
Step 580 validation: rms_score=2.26553
Step 590 validation: rms_score=2.26587
Step 600 validation: rms_score=2.29767
Step 610 validation: rms_score=2.29777
Step 620 validation: rms_score=2.27005
Step 630 validation: rms_score=2.25934
Step 640 validation: rms_score=2.29432
Step 650 validation: rms_score=2.34496
Step 660 validation: rms_score=2.2865
Step 670 validation: rms_score=2.33933
Step 680 validation: rms_score=2.38182
Step 690 validation: rms_score=2.29245
Step 700 validation: rms_score=2.35466
 20%|██        | 3/15 [02:27<10:01, 50.14s/trial, best loss: 2.1918578028582836]Step 10 validation: rms_score=3.95742
Step 20 validation: rms_score=3.55295
Step 30 validation: rms_score=3.16361
Step 40 validation: rms_score=2.7984
Step 50 validation: rms_score=2.64466
Step 60 validation: rms_score=2.5893
Step 70 validation: rms_score=2.62001
Step 80 validation: rms_score=2.63354
Step 90 validation: rms_score=2.67787
Step 100 validation: rms_score=2.78162
Step 110 validation: rms_score=2.85367
Step 120 validation: rms_score=2.88009
Step 130 validation: rms_score=2.8978
Step 140 validation: rms_score=2.99241
Step 150 validation: rms_score=3.04173
Step 160 validation: rms_score=3.05676
Step 170 validation: rms_score=3.02734
Step 180 validation: rms_score=2.9422
Step 190 validation: rms_score=2.93099
Step 200 validation: rms_score=2.93925
Step 210 validation: rms_score=2.94746
Step 220 validation: rms_score=2.86728
Step 230 validation: rms_score=2.85831
Step 240 validation: rms_score=2.8817
Step 250 validation: rms_score=2.85188
Step 260 validation: rms_score=2.76104
Step 270 validation: rms_score=2.78805
Step 280 validation: rms_score=2.8075
Step 290 validation: rms_score=2.8258
Step 300 validation: rms_score=2.75991
Step 310 validation: rms_score=2.74901
Step 320 validation: rms_score=2.67227
Step 330 validation: rms_score=2.67305
Step 340 validation: rms_score=2.67745
Step 350 validation: rms_score=2.69691
Step 360 validation: rms_score=2.64827
Step 370 validation: rms_score=2.6405
Step 380 validation: rms_score=2.65546
Step 390 validation: rms_score=2.67912
Step 400 validation: rms_score=2.65637
Step 410 validation: rms_score=2.68951
Step 420 validation: rms_score=2.6708
Step 430 validation: rms_score=2.66659
Step 440 validation: rms_score=2.69668
Step 450 validation: rms_score=2.65211
Step 460 validation: rms_score=2.65539
Step 470 validation: rms_score=2.67003
Step 480 validation: rms_score=2.69731
Step 490 validation: rms_score=2.63368
Step 500 validation: rms_score=2.6559
Step 510 validation: rms_score=2.71428
Step 520 validation: rms_score=2.68522
Step 530 validation: rms_score=2.7213
Step 540 validation: rms_score=2.73093
Step 550 validation: rms_score=2.82582
Step 560 validation: rms_score=2.81204
Step 570 validation: rms_score=2.73084
Step 580 validation: rms_score=2.77118
Step 590 validation: rms_score=2.85
Step 600 validation: rms_score=2.73035
Step 610 validation: rms_score=2.66737
Step 620 validation: rms_score=2.70175
Step 630 validation: rms_score=2.70478
Step 640 validation: rms_score=2.6917
Step 650 validation: rms_score=2.71565
Step 660 validation: rms_score=2.73575
Step 670 validation: rms_score=2.78621
Step 680 validation: rms_score=2.76169
Step 690 validation: rms_score=2.79156
Step 700 validation: rms_score=2.8309
 27%|██▋       | 4/15 [03:32<10:15, 55.92s/trial, best loss: 2.1918578028582836]Step 10 validation: rms_score=3.41707
Step 20 validation: rms_score=2.88285
Step 30 validation: rms_score=2.60181
Step 40 validation: rms_score=2.57583
Step 50 validation: rms_score=2.64662
Step 60 validation: rms_score=2.7805
Step 70 validation: rms_score=2.95932
Step 80 validation: rms_score=3.08183
Step 90 validation: rms_score=3.2056
Step 100 validation: rms_score=3.33461
Step 110 validation: rms_score=3.30748
Step 120 validation: rms_score=3.64235
Step 130 validation: rms_score=3.55997
Step 140 validation: rms_score=3.53618
Step 150 validation: rms_score=3.55471
Step 160 validation: rms_score=3.62822
Step 170 validation: rms_score=3.64384
Step 180 validation: rms_score=3.57354
Step 190 validation: rms_score=3.66515
Step 200 validation: rms_score=3.5017
Step 210 validation: rms_score=3.4613
Step 220 validation: rms_score=3.48009
Step 230 validation: rms_score=3.55563
Step 240 validation: rms_score=3.57893
Step 250 validation: rms_score=3.29214
Step 260 validation: rms_score=3.14923
Step 270 validation: rms_score=3.27934
Step 280 validation: rms_score=3.18404
Step 290 validation: rms_score=2.96426
Step 300 validation: rms_score=2.78266
Step 310 validation: rms_score=3.01046
Step 320 validation: rms_score=2.67646
Step 330 validation: rms_score=2.54453
Step 340 validation: rms_score=2.69377
Step 350 validation: rms_score=2.61002
Step 360 validation: rms_score=2.43432
Step 370 validation: rms_score=2.36346
Step 380 validation: rms_score=2.58049
Step 390 validation: rms_score=2.41449
Step 400 validation: rms_score=2.30219
Step 410 validation: rms_score=2.36811
Step 420 validation: rms_score=2.36689
Step 430 validation: rms_score=2.37183
Step 440 validation: rms_score=2.43947
Step 450 validation: rms_score=2.35705
Step 460 validation: rms_score=2.40163
Step 470 validation: rms_score=2.3482
Step 480 validation: rms_score=2.2913
Step 490 validation: rms_score=2.25317
Step 500 validation: rms_score=2.36441
Step 510 validation: rms_score=2.3122
Step 520 validation: rms_score=2.25913
Step 530 validation: rms_score=2.24502
Step 540 validation: rms_score=2.27226
Step 550 validation: rms_score=2.26206
Step 560 validation: rms_score=2.21927
Step 570 validation: rms_score=2.22048
Step 580 validation: rms_score=2.2293
Step 590 validation: rms_score=2.22126
Step 600 validation: rms_score=2.26073
Step 610 validation: rms_score=2.21701
Step 620 validation: rms_score=2.31047
Step 630 validation: rms_score=2.26275
Step 640 validation: rms_score=2.22749
Step 650 validation: rms_score=2.19197
Step 660 validation: rms_score=2.28032
Step 670 validation: rms_score=2.25341
Step 680 validation: rms_score=2.27108
Step 690 validation: rms_score=2.28733
Step 700 validation: rms_score=2.27208
 33%|███▎      | 5/15 [04:23<09:02, 54.24s/trial, best loss: 2.1918578028582836]Step 10 validation: rms_score=4.57861
Step 20 validation: rms_score=3.62278
Step 30 validation: rms_score=2.9636
Step 40 validation: rms_score=2.68352
Step 50 validation: rms_score=2.58737
Step 60 validation: rms_score=2.53432
Step 70 validation: rms_score=2.48782
Step 80 validation: rms_score=2.46815
Step 90 validation: rms_score=2.49476
Step 100 validation: rms_score=2.52138
Step 110 validation: rms_score=2.60655
Step 120 validation: rms_score=2.71294
Step 130 validation: rms_score=2.81029
Step 140 validation: rms_score=2.91434
Step 150 validation: rms_score=3.02264
Step 160 validation: rms_score=2.94497
Step 170 validation: rms_score=2.89658
Step 180 validation: rms_score=3.00685
Step 190 validation: rms_score=3.16211
Step 200 validation: rms_score=3.11458
Step 210 validation: rms_score=3.00234
Step 220 validation: rms_score=3.15502
Step 230 validation: rms_score=3.03033
Step 240 validation: rms_score=2.87606
Step 250 validation: rms_score=3.00089
Step 260 validation: rms_score=2.93219
Step 270 validation: rms_score=3.13299
Step 280 validation: rms_score=3.0445
Step 290 validation: rms_score=3.12094
Step 300 validation: rms_score=2.97207
Step 310 validation: rms_score=2.99868
Step 320 validation: rms_score=2.82819
Step 330 validation: rms_score=2.80736
Step 340 validation: rms_score=2.74948
Step 350 validation: rms_score=2.73562
Step 360 validation: rms_score=2.73966
Step 370 validation: rms_score=2.66518
Step 380 validation: rms_score=2.80762
Step 390 validation: rms_score=2.81312
Step 400 validation: rms_score=2.84786
Step 410 validation: rms_score=2.89461
Step 420 validation: rms_score=2.85101
Step 430 validation: rms_score=2.83843
Step 440 validation: rms_score=2.93722
Step 450 validation: rms_score=2.92527
Step 460 validation: rms_score=2.86647
Step 470 validation: rms_score=2.89643
Step 480 validation: rms_score=2.8993
Step 490 validation: rms_score=2.96088
Step 500 validation: rms_score=2.85759
Step 510 validation: rms_score=2.76473
Step 520 validation: rms_score=2.64204
Step 530 validation: rms_score=2.66397
Step 540 validation: rms_score=2.66788
Step 550 validation: rms_score=2.70315
Step 560 validation: rms_score=2.79558
Step 570 validation: rms_score=2.64298
Step 580 validation: rms_score=2.65316
Step 590 validation: rms_score=2.66898
Step 600 validation: rms_score=2.70898
Step 610 validation: rms_score=2.64743
Step 620 validation: rms_score=2.6019
Step 630 validation: rms_score=2.5461
Step 640 validation: rms_score=2.7568
Step 650 validation: rms_score=2.61752
Step 660 validation: rms_score=2.53628
Step 670 validation: rms_score=2.59334
Step 680 validation: rms_score=2.49422
Step 690 validation: rms_score=2.50246
Step 700 validation: rms_score=2.60419
 40%|████      | 6/15 [05:05<07:29, 49.98s/trial, best loss: 2.1918578028582836]Step 10 validation: rms_score=4.74816
Step 20 validation: rms_score=3.67051
Step 30 validation: rms_score=2.94767
Step 40 validation: rms_score=2.65462
Step 50 validation: rms_score=2.64624
Step 60 validation: rms_score=2.62215
Step 70 validation: rms_score=2.62076
Step 80 validation: rms_score=2.63238
Step 90 validation: rms_score=2.63959
Step 100 validation: rms_score=2.574
Step 110 validation: rms_score=2.71044
Step 120 validation: rms_score=2.86991
Step 130 validation: rms_score=2.83433
Step 140 validation: rms_score=2.98034
Step 150 validation: rms_score=2.96122
Step 160 validation: rms_score=2.96094
Step 170 validation: rms_score=3.07742
Step 180 validation: rms_score=3.00053
Step 190 validation: rms_score=2.93704
Step 200 validation: rms_score=2.88714
Step 210 validation: rms_score=2.83454
Step 220 validation: rms_score=2.68227
Step 230 validation: rms_score=2.70713
Step 240 validation: rms_score=2.77582
Step 250 validation: rms_score=2.8367
Step 260 validation: rms_score=2.92472
Step 270 validation: rms_score=2.90004
Step 280 validation: rms_score=2.89387
Step 290 validation: rms_score=2.94546
Step 300 validation: rms_score=2.88065
Step 310 validation: rms_score=2.9533
Step 320 validation: rms_score=2.9331
Step 330 validation: rms_score=2.91837
Step 340 validation: rms_score=2.93696
Step 350 validation: rms_score=2.84513
Step 360 validation: rms_score=2.76572
Step 370 validation: rms_score=2.77556
Step 380 validation: rms_score=2.7971
Step 390 validation: rms_score=2.9012
Step 400 validation: rms_score=2.85875
Step 410 validation: rms_score=2.8472
Step 420 validation: rms_score=2.84343
Step 430 validation: rms_score=2.77037
Step 440 validation: rms_score=2.86994
Step 450 validation: rms_score=2.8441
Step 460 validation: rms_score=2.84765
Step 470 validation: rms_score=2.74591
Step 480 validation: rms_score=2.74333
Step 490 validation: rms_score=2.7191
Step 500 validation: rms_score=2.81076
Step 510 validation: rms_score=2.78323
Step 520 validation: rms_score=2.79271
Step 530 validation: rms_score=2.705
Step 540 validation: rms_score=2.6021
Step 550 validation: rms_score=2.62633
Step 560 validation: rms_score=2.7411
Step 570 validation: rms_score=2.69781
Step 580 validation: rms_score=2.6783
Step 590 validation: rms_score=2.69109
Step 600 validation: rms_score=2.69984
Step 610 validation: rms_score=2.7486
Step 620 validation: rms_score=2.67441
Step 630 validation: rms_score=2.67222
Step 640 validation: rms_score=2.71453
Step 650 validation: rms_score=2.80813
Step 660 validation: rms_score=2.67255
Step 670 validation: rms_score=2.64328
Step 680 validation: rms_score=2.61749
Step 690 validation: rms_score=2.65967
Step 700 validation: rms_score=2.67207
 47%|████▋     | 7/15 [06:05<07:06, 53.30s/trial, best loss: 2.1918578028582836]Step 10 validation: rms_score=4.36153
Step 20 validation: rms_score=3.87243
Step 30 validation: rms_score=3.43246
Step 40 validation: rms_score=3.1727
Step 50 validation: rms_score=3.03993
Step 60 validation: rms_score=2.84482
Step 70 validation: rms_score=2.86083
Step 80 validation: rms_score=2.72757
Step 90 validation: rms_score=2.72153
Step 100 validation: rms_score=2.71261
Step 110 validation: rms_score=2.71605
Step 120 validation: rms_score=2.731
Step 130 validation: rms_score=2.7348
Step 140 validation: rms_score=2.71644
Step 150 validation: rms_score=2.77428
Step 160 validation: rms_score=2.70603
Step 170 validation: rms_score=2.6829
Step 180 validation: rms_score=2.69602
Step 190 validation: rms_score=2.68541
Step 200 validation: rms_score=2.77021
Step 210 validation: rms_score=2.67549
Step 220 validation: rms_score=2.68233
Step 230 validation: rms_score=2.63719
Step 240 validation: rms_score=2.62739
Step 250 validation: rms_score=2.53207
Step 260 validation: rms_score=2.52646
Step 270 validation: rms_score=2.48247
Step 280 validation: rms_score=2.52757
Step 290 validation: rms_score=2.49156
Step 300 validation: rms_score=2.48837
Step 310 validation: rms_score=2.40566
Step 320 validation: rms_score=2.40713
Step 330 validation: rms_score=2.49237
Step 340 validation: rms_score=2.47057
Step 350 validation: rms_score=2.46442
Step 360 validation: rms_score=2.45095
Step 370 validation: rms_score=2.37893
Step 380 validation: rms_score=2.36211
Step 390 validation: rms_score=2.33418
Step 400 validation: rms_score=2.36752
Step 410 validation: rms_score=2.34343
Step 420 validation: rms_score=2.38295
Step 430 validation: rms_score=2.33029
Step 440 validation: rms_score=2.40653
Step 450 validation: rms_score=2.42945
Step 460 validation: rms_score=2.40404
Step 470 validation: rms_score=2.41903
Step 480 validation: rms_score=2.38274
Step 490 validation: rms_score=2.36132
Step 500 validation: rms_score=2.31875
Step 510 validation: rms_score=2.34541
Step 520 validation: rms_score=2.35365
Step 530 validation: rms_score=2.32861
Step 540 validation: rms_score=2.35954
Step 550 validation: rms_score=2.32608
Step 560 validation: rms_score=2.35536
Step 570 validation: rms_score=2.37975
Step 580 validation: rms_score=2.33879
Step 590 validation: rms_score=2.32289
Step 600 validation: rms_score=2.32788
Step 610 validation: rms_score=2.34412
Step 620 validation: rms_score=2.33376
Step 630 validation: rms_score=2.33791
Step 640 validation: rms_score=2.38377
Step 650 validation: rms_score=2.3094
Step 660 validation: rms_score=2.32292
Step 670 validation: rms_score=2.38058
Step 680 validation: rms_score=2.34853
Step 690 validation: rms_score=2.29969
Step 700 validation: rms_score=2.35371
 53%|█████▎    | 8/15 [07:02<06:22, 54.67s/trial, best loss: 2.1918578028582836]Step 10 validation: rms_score=3.52679
Step 20 validation: rms_score=3.07403
Step 30 validation: rms_score=3.06129
Step 40 validation: rms_score=3.22561
Step 50 validation: rms_score=3.27589
Step 60 validation: rms_score=3.34848
Step 70 validation: rms_score=3.28064
Step 80 validation: rms_score=3.28088
Step 90 validation: rms_score=3.2785
Step 100 validation: rms_score=3.20065
Step 110 validation: rms_score=3.16123
Step 120 validation: rms_score=3.12826
Step 130 validation: rms_score=3.08016
Step 140 validation: rms_score=3.06051
Step 150 validation: rms_score=3.05518
Step 160 validation: rms_score=2.85961
Step 170 validation: rms_score=2.87959
Step 180 validation: rms_score=2.70445
Step 190 validation: rms_score=2.63688
Step 200 validation: rms_score=2.60529
Step 210 validation: rms_score=2.56107
Step 220 validation: rms_score=2.50166
Step 230 validation: rms_score=2.50243
Step 240 validation: rms_score=2.43544
Step 250 validation: rms_score=2.44864
Step 260 validation: rms_score=2.49759
Step 270 validation: rms_score=2.36216
Step 280 validation: rms_score=2.32351
Step 290 validation: rms_score=2.38754
Step 300 validation: rms_score=2.3231
Step 310 validation: rms_score=2.33675
Step 320 validation: rms_score=2.36821
Step 330 validation: rms_score=2.29475
Step 340 validation: rms_score=2.34372
Step 350 validation: rms_score=2.28561
Step 360 validation: rms_score=2.25139
Step 370 validation: rms_score=2.26813
Step 380 validation: rms_score=2.24734
Step 390 validation: rms_score=2.20423
Step 400 validation: rms_score=2.23191
Step 410 validation: rms_score=2.22842
Step 420 validation: rms_score=2.25311
Step 430 validation: rms_score=2.22775
Step 440 validation: rms_score=2.24487
Step 450 validation: rms_score=2.2469
Step 460 validation: rms_score=2.24426
Step 470 validation: rms_score=2.27178
Step 480 validation: rms_score=2.23374
Step 490 validation: rms_score=2.28051
Step 500 validation: rms_score=2.26643
Step 510 validation: rms_score=2.24806
Step 520 validation: rms_score=2.25883
Step 530 validation: rms_score=2.25645
Step 540 validation: rms_score=2.21033
Step 550 validation: rms_score=2.2443
Step 560 validation: rms_score=2.23499
Step 570 validation: rms_score=2.2024
Step 580 validation: rms_score=2.22941
Step 590 validation: rms_score=2.25367
Step 600 validation: rms_score=2.24925
Step 610 validation: rms_score=2.25965
Step 620 validation: rms_score=2.2603
Step 630 validation: rms_score=2.26416
Step 640 validation: rms_score=2.28024
Step 650 validation: rms_score=2.23085
Step 660 validation: rms_score=2.28282
Step 670 validation: rms_score=2.2662
Step 680 validation: rms_score=2.23665
Step 690 validation: rms_score=2.23336
Step 700 validation: rms_score=2.2613
 60%|██████    | 9/15 [07:46<05:06, 51.08s/trial, best loss: 2.1918578028582836]Step 10 validation: rms_score=3.7986
Step 20 validation: rms_score=3.34507
Step 30 validation: rms_score=2.8935
Step 40 validation: rms_score=2.69274
Step 50 validation: rms_score=2.62111
Step 60 validation: rms_score=2.53539
Step 70 validation: rms_score=2.47641
Step 80 validation: rms_score=2.48319
Step 90 validation: rms_score=2.53309
Step 100 validation: rms_score=2.57502
Step 110 validation: rms_score=2.52826
Step 120 validation: rms_score=2.48572
Step 130 validation: rms_score=2.45881
Step 140 validation: rms_score=2.50737
Step 150 validation: rms_score=2.55061
Step 160 validation: rms_score=2.51832
Step 170 validation: rms_score=2.50791
Step 180 validation: rms_score=2.61608
Step 190 validation: rms_score=2.55025
Step 200 validation: rms_score=2.56545
Step 210 validation: rms_score=2.69897
Step 220 validation: rms_score=2.5436
Step 230 validation: rms_score=2.45342
Step 240 validation: rms_score=2.47664
Step 250 validation: rms_score=2.40325
Step 260 validation: rms_score=2.46664
Step 270 validation: rms_score=2.45149
Step 280 validation: rms_score=2.60792
Step 290 validation: rms_score=2.48576
Step 300 validation: rms_score=2.43986
Step 310 validation: rms_score=2.37988
Step 320 validation: rms_score=2.4782
Step 330 validation: rms_score=2.43811
Step 340 validation: rms_score=2.41845
Step 350 validation: rms_score=2.42078
Step 360 validation: rms_score=2.50222
Step 370 validation: rms_score=2.46603
Step 380 validation: rms_score=2.39654
Step 390 validation: rms_score=2.53803
Step 400 validation: rms_score=2.45765
Step 410 validation: rms_score=2.53365
Step 420 validation: rms_score=2.49366
Step 430 validation: rms_score=2.4847
Step 440 validation: rms_score=2.4504
Step 450 validation: rms_score=2.42464
Step 460 validation: rms_score=2.47589
Step 470 validation: rms_score=2.47151
Step 480 validation: rms_score=2.46755
Step 490 validation: rms_score=2.44336
Step 500 validation: rms_score=2.52424
Step 510 validation: rms_score=2.49788
Step 520 validation: rms_score=2.53309
Step 530 validation: rms_score=2.56389
Step 540 validation: rms_score=2.45553
Step 550 validation: rms_score=2.57544
Step 560 validation: rms_score=2.54031
Step 570 validation: rms_score=2.55056
Step 580 validation: rms_score=2.55628
Step 590 validation: rms_score=2.44641
Step 600 validation: rms_score=2.49278
Step 610 validation: rms_score=2.53053
Step 620 validation: rms_score=2.48621
Step 630 validation: rms_score=2.50238
Step 640 validation: rms_score=2.45393
Step 650 validation: rms_score=2.43428
Step 660 validation: rms_score=2.44587
Step 670 validation: rms_score=2.45844
Step 680 validation: rms_score=2.38377
Step 690 validation: rms_score=2.39223
Step 700 validation: rms_score=2.39083
 67%|██████▋   | 10/15 [08:45<04:27, 53.48s/trial, best loss: 2.1918578028582836]Step 10 validation: rms_score=3.26079
Step 20 validation: rms_score=2.87079
Step 30 validation: rms_score=2.68328
Step 40 validation: rms_score=2.66972
Step 50 validation: rms_score=2.6088
Step 60 validation: rms_score=2.5625
Step 70 validation: rms_score=2.53497
Step 80 validation: rms_score=2.52305
Step 90 validation: rms_score=2.50833
Step 100 validation: rms_score=2.50112
Step 110 validation: rms_score=2.52511
Step 120 validation: rms_score=2.54455
Step 130 validation: rms_score=2.53431
Step 140 validation: rms_score=2.53791
Step 150 validation: rms_score=2.54936
Step 160 validation: rms_score=2.53236
Step 170 validation: rms_score=2.56823
Step 180 validation: rms_score=2.66499
Step 190 validation: rms_score=2.65969
Step 200 validation: rms_score=2.5913
Step 210 validation: rms_score=2.54076
Step 220 validation: rms_score=2.46009
Step 230 validation: rms_score=2.4768
Step 240 validation: rms_score=2.42876
Step 250 validation: rms_score=2.42849
Step 260 validation: rms_score=2.43985
Step 270 validation: rms_score=2.36655
Step 280 validation: rms_score=2.39317
Step 290 validation: rms_score=2.39681
Step 300 validation: rms_score=2.40776
Step 310 validation: rms_score=2.33506
Step 320 validation: rms_score=2.33626
Step 330 validation: rms_score=2.31371
Step 340 validation: rms_score=2.33727
Step 350 validation: rms_score=2.27275
Step 360 validation: rms_score=2.33084
Step 370 validation: rms_score=2.30992
Step 380 validation: rms_score=2.33807
Step 390 validation: rms_score=2.3439
Step 400 validation: rms_score=2.36351
Step 410 validation: rms_score=2.34942
Step 420 validation: rms_score=2.3557
Step 430 validation: rms_score=2.34324
Step 440 validation: rms_score=2.29131
Step 450 validation: rms_score=2.30049
Step 460 validation: rms_score=2.33202
Step 470 validation: rms_score=2.33176
Step 480 validation: rms_score=2.33527
Step 490 validation: rms_score=2.32564
Step 500 validation: rms_score=2.26232
Step 510 validation: rms_score=2.27539
Step 520 validation: rms_score=2.26261
Step 530 validation: rms_score=2.30071
Step 540 validation: rms_score=2.27957
Step 550 validation: rms_score=2.29284
Step 560 validation: rms_score=2.3002
Step 570 validation: rms_score=2.31916
Step 580 validation: rms_score=2.32753
Step 590 validation: rms_score=2.28823
Step 600 validation: rms_score=2.34208
Step 610 validation: rms_score=2.31329
Step 620 validation: rms_score=2.29721
Step 630 validation: rms_score=2.2805
Step 640 validation: rms_score=2.27991
Step 650 validation: rms_score=2.27294
Step 660 validation: rms_score=2.28224
Step 670 validation: rms_score=2.27388
Step 680 validation: rms_score=2.30284
Step 690 validation: rms_score=2.33275
Step 700 validation: rms_score=2.34086
 73%|███████▎  | 11/15 [09:46<03:43, 55.82s/trial, best loss: 2.1918578028582836]Step 10 validation: rms_score=3.30883
Step 20 validation: rms_score=2.6541
Step 30 validation: rms_score=2.59642
Step 40 validation: rms_score=2.54604
Step 50 validation: rms_score=2.67592
Step 60 validation: rms_score=2.94358
Step 70 validation: rms_score=3.22939
Step 80 validation: rms_score=3.19421
Step 90 validation: rms_score=3.316
Step 100 validation: rms_score=3.31067
Step 110 validation: rms_score=3.37859
Step 120 validation: rms_score=3.43723
Step 130 validation: rms_score=3.52292
Step 140 validation: rms_score=3.75864
Step 150 validation: rms_score=3.72374
Step 160 validation: rms_score=3.79256
Step 170 validation: rms_score=3.96187
Step 180 validation: rms_score=3.91193
Step 190 validation: rms_score=3.81195
Step 200 validation: rms_score=3.6411
Step 210 validation: rms_score=3.55167
Step 220 validation: rms_score=3.47905
Step 230 validation: rms_score=3.49685
Step 240 validation: rms_score=3.57
Step 250 validation: rms_score=3.54538
Step 260 validation: rms_score=3.3044
Step 270 validation: rms_score=3.50272
Step 280 validation: rms_score=3.18836
Step 290 validation: rms_score=3.16153
Step 300 validation: rms_score=3.13365
Step 310 validation: rms_score=3.25769
Step 320 validation: rms_score=3.12329
Step 330 validation: rms_score=3.00061
Step 340 validation: rms_score=3.20789
Step 350 validation: rms_score=3.05807
Step 360 validation: rms_score=3.25517
Step 370 validation: rms_score=3.11611
Step 380 validation: rms_score=3.19425
Step 390 validation: rms_score=2.99011
Step 400 validation: rms_score=3.11626
Step 410 validation: rms_score=3.0869
Step 420 validation: rms_score=3.08925
Step 430 validation: rms_score=3.10796
Step 440 validation: rms_score=3.21207
Step 450 validation: rms_score=3.12678
Step 460 validation: rms_score=3.02016
Step 470 validation: rms_score=2.92062
Step 480 validation: rms_score=2.96243
Step 490 validation: rms_score=2.96812
Step 500 validation: rms_score=2.96914
Step 510 validation: rms_score=2.84103
Step 520 validation: rms_score=2.75496
Step 530 validation: rms_score=2.72837
Step 540 validation: rms_score=2.80051
Step 550 validation: rms_score=2.80263
Step 560 validation: rms_score=2.87836
Step 570 validation: rms_score=2.73931
Step 580 validation: rms_score=2.76127
Step 590 validation: rms_score=2.69032
Step 600 validation: rms_score=2.83934
Step 610 validation: rms_score=2.77263
Step 620 validation: rms_score=2.85726
Step 630 validation: rms_score=2.79965
Step 640 validation: rms_score=2.81851
Step 650 validation: rms_score=2.80436
Step 660 validation: rms_score=2.77817
Step 670 validation: rms_score=2.76139
Step 680 validation: rms_score=2.77797
Step 690 validation: rms_score=2.63889
Step 700 validation: rms_score=2.66632
 80%|████████  | 12/15 [10:52<02:56, 58.96s/trial, best loss: 2.1918578028582836]Step 10 validation: rms_score=3.50894
Step 20 validation: rms_score=2.8826
Step 30 validation: rms_score=2.70681
Step 40 validation: rms_score=2.63407
Step 50 validation: rms_score=2.60515
Step 60 validation: rms_score=2.61113
Step 70 validation: rms_score=2.63351
Step 80 validation: rms_score=2.66604
Step 90 validation: rms_score=2.71547
Step 100 validation: rms_score=2.79086
Step 110 validation: rms_score=2.80065
Step 120 validation: rms_score=2.81983
Step 130 validation: rms_score=2.78203
Step 140 validation: rms_score=2.75414
Step 150 validation: rms_score=2.78387
Step 160 validation: rms_score=2.75011
Step 170 validation: rms_score=2.76547
Step 180 validation: rms_score=2.77682
Step 190 validation: rms_score=2.73599
Step 200 validation: rms_score=2.67741
Step 210 validation: rms_score=2.64116
Step 220 validation: rms_score=2.62303
Step 230 validation: rms_score=2.65872
Step 240 validation: rms_score=2.65269
Step 250 validation: rms_score=2.70105
Step 260 validation: rms_score=2.61573
Step 270 validation: rms_score=2.55789
Step 280 validation: rms_score=2.5278
Step 290 validation: rms_score=2.48095
Step 300 validation: rms_score=2.47981
Step 310 validation: rms_score=2.43718
Step 320 validation: rms_score=2.40309
Step 330 validation: rms_score=2.37831
Step 340 validation: rms_score=2.38724
Step 350 validation: rms_score=2.32835
Step 360 validation: rms_score=2.34129
Step 370 validation: rms_score=2.31518
Step 380 validation: rms_score=2.36642
Step 390 validation: rms_score=2.28761
Step 400 validation: rms_score=2.2427
Step 410 validation: rms_score=2.2693
Step 420 validation: rms_score=2.2962
Step 430 validation: rms_score=2.22479
Step 440 validation: rms_score=2.26401
Step 450 validation: rms_score=2.25848
Step 460 validation: rms_score=2.26139
Step 470 validation: rms_score=2.2428
Step 480 validation: rms_score=2.23309
Step 490 validation: rms_score=2.25329
Step 500 validation: rms_score=2.25916
Step 510 validation: rms_score=2.23344
Step 520 validation: rms_score=2.24527
Step 530 validation: rms_score=2.24077
Step 540 validation: rms_score=2.25806
Step 550 validation: rms_score=2.27388
Step 560 validation: rms_score=2.27914
Step 570 validation: rms_score=2.30107
Step 580 validation: rms_score=2.30724
Step 590 validation: rms_score=2.27827
Step 600 validation: rms_score=2.28407
Step 610 validation: rms_score=2.27576
Step 620 validation: rms_score=2.26512
Step 630 validation: rms_score=2.27574
Step 640 validation: rms_score=2.26971
Step 650 validation: rms_score=2.2614
Step 660 validation: rms_score=2.29953
Step 670 validation: rms_score=2.30435
Step 680 validation: rms_score=2.30714
Step 690 validation: rms_score=2.24847
Step 700 validation: rms_score=2.26545
 87%|████████▋ | 13/15 [11:47<01:55, 57.87s/trial, best loss: 2.1918578028582836]Step 10 validation: rms_score=4.0868
Step 20 validation: rms_score=3.5487
Step 30 validation: rms_score=3.09527
Step 40 validation: rms_score=2.88786
Step 50 validation: rms_score=2.79672
Step 60 validation: rms_score=2.69644
Step 70 validation: rms_score=2.71198
Step 80 validation: rms_score=2.84019
Step 90 validation: rms_score=2.81254
Step 100 validation: rms_score=2.81123
Step 110 validation: rms_score=2.83365
Step 120 validation: rms_score=2.85297
Step 130 validation: rms_score=2.78859
Step 140 validation: rms_score=2.74014
Step 150 validation: rms_score=2.84473
Step 160 validation: rms_score=2.95947
Step 170 validation: rms_score=3.09474
Step 180 validation: rms_score=3.12008
Step 190 validation: rms_score=3.11549
Step 200 validation: rms_score=3.07297
Step 210 validation: rms_score=3.12588
Step 220 validation: rms_score=3.00931
Step 230 validation: rms_score=2.99068
Step 240 validation: rms_score=3.12445
Step 250 validation: rms_score=3.02375
Step 260 validation: rms_score=2.86575
Step 270 validation: rms_score=2.81201
Step 280 validation: rms_score=2.83488
Step 290 validation: rms_score=2.81949
Step 300 validation: rms_score=2.76241
Step 310 validation: rms_score=2.78025
Step 320 validation: rms_score=2.79722
Step 330 validation: rms_score=2.8226
Step 340 validation: rms_score=2.81704
Step 350 validation: rms_score=2.76692
Step 360 validation: rms_score=2.74022
Step 370 validation: rms_score=2.84532
Step 380 validation: rms_score=2.90453
Step 390 validation: rms_score=2.74426
Step 400 validation: rms_score=2.67719
Step 410 validation: rms_score=2.84092
Step 420 validation: rms_score=2.73736
Step 430 validation: rms_score=2.77942
Step 440 validation: rms_score=2.91445
Step 450 validation: rms_score=2.78058
Step 460 validation: rms_score=2.83665
Step 470 validation: rms_score=2.82995
Step 480 validation: rms_score=2.80504
Step 490 validation: rms_score=2.71828
Step 500 validation: rms_score=2.66768
Step 510 validation: rms_score=2.74951
Step 520 validation: rms_score=2.78135
Step 530 validation: rms_score=2.74023
Step 540 validation: rms_score=2.63598
Step 550 validation: rms_score=2.60912
Step 560 validation: rms_score=2.65774
Step 570 validation: rms_score=2.61559
Step 580 validation: rms_score=2.65885
Step 590 validation: rms_score=2.69502
Step 600 validation: rms_score=2.66335
Step 610 validation: rms_score=2.64406
Step 620 validation: rms_score=2.64617
Step 630 validation: rms_score=2.5716
Step 640 validation: rms_score=2.55234
Step 650 validation: rms_score=2.51834
Step 660 validation: rms_score=2.47494
Step 670 validation: rms_score=2.46404
Step 680 validation: rms_score=2.56321
Step 690 validation: rms_score=2.49972
Step 700 validation: rms_score=2.44213
 93%|█████████▎| 14/15 [12:47<00:58, 58.55s/trial, best loss: 2.1918578028582836]Step 10 validation: rms_score=4.44194
Step 20 validation: rms_score=3.79678
Step 30 validation: rms_score=3.36822
Step 40 validation: rms_score=3.21089
Step 50 validation: rms_score=3.22256
Step 60 validation: rms_score=3.11283
Step 70 validation: rms_score=2.92838
Step 80 validation: rms_score=2.94873
Step 90 validation: rms_score=2.93656
Step 100 validation: rms_score=2.9638
Step 110 validation: rms_score=2.94981
Step 120 validation: rms_score=3.03986
Step 130 validation: rms_score=2.95496
Step 140 validation: rms_score=2.97684
Step 150 validation: rms_score=3.01424
Step 160 validation: rms_score=2.96241
Step 170 validation: rms_score=2.9881
Step 180 validation: rms_score=2.95271
Step 190 validation: rms_score=2.99241
Step 200 validation: rms_score=2.97857
Step 210 validation: rms_score=2.89946
Step 220 validation: rms_score=2.8741
Step 230 validation: rms_score=2.81213
Step 240 validation: rms_score=2.61079
Step 250 validation: rms_score=2.75175
Step 260 validation: rms_score=2.59807
Step 270 validation: rms_score=2.66532
Step 280 validation: rms_score=2.62294
Step 290 validation: rms_score=2.48713
Step 300 validation: rms_score=2.50454
Step 310 validation: rms_score=2.58993
Step 320 validation: rms_score=2.52583
Step 330 validation: rms_score=2.51739
Step 340 validation: rms_score=2.54585
Step 350 validation: rms_score=2.39057
Step 360 validation: rms_score=2.4516
Step 370 validation: rms_score=2.43694
Step 380 validation: rms_score=2.40616
Step 390 validation: rms_score=2.51596
Step 400 validation: rms_score=2.43776
Step 410 validation: rms_score=2.38514
Step 420 validation: rms_score=2.39451
Step 430 validation: rms_score=2.32622
Step 440 validation: rms_score=2.33197
Step 450 validation: rms_score=2.3534
Step 460 validation: rms_score=2.38058
Step 470 validation: rms_score=2.34366
Step 480 validation: rms_score=2.34732
Step 490 validation: rms_score=2.34522
Step 500 validation: rms_score=2.36731
Step 510 validation: rms_score=2.33875
Step 520 validation: rms_score=2.29777
Step 530 validation: rms_score=2.27043
Step 540 validation: rms_score=2.21598
Step 550 validation: rms_score=2.24626
Step 560 validation: rms_score=2.23794
Step 570 validation: rms_score=2.21054
Step 580 validation: rms_score=2.19487
Step 590 validation: rms_score=2.22716
Step 600 validation: rms_score=2.24351
Step 610 validation: rms_score=2.25277
Step 620 validation: rms_score=2.26683
Step 630 validation: rms_score=2.23786
Step 640 validation: rms_score=2.25853
Step 650 validation: rms_score=2.2385
Step 660 validation: rms_score=2.19823
Step 670 validation: rms_score=2.22267
Step 680 validation: rms_score=2.27161
Step 690 validation: rms_score=2.26483
Step 700 validation: rms_score=2.2933
100%|██████████| 15/15 [13:47<00:00, 58.90s/trial, best loss: 2.1918578028582836]100%|██████████| 15/15 [13:47<00:00, 55.17s/trial, best loss: 2.1918578028582836]
O3_react Best: {'dense': 1, 'dropout': 0, 'layers': 0}
 
Job Ended at Sun Apr  9 15:11:17 EDT 2023
