2023-04-06 01:12:36.729459: I tensorflow/core/platform/cpu_feature_guard.cc:193] This TensorFlow binary is optimized with oneAPI Deep Neural Network Library (oneDNN) to use the following CPU instructions in performance-critical operations:  AVX2 FMA
To enable them in other operations, rebuild TensorFlow with the appropriate compiler flags.
2023-04-06 01:12:44.611412: W tensorflow/compiler/xla/stream_executor/platform/default/dso_loader.cc:64] Could not load dynamic library 'libcudart.so.11.0'; dlerror: libcudart.so.11.0: cannot open shared object file: No such file or directory
2023-04-06 01:12:44.611934: I tensorflow/compiler/xla/stream_executor/cuda/cudart_stub.cc:29] Ignore above cudart dlerror if you do not have a GPU set up on your machine.
2023-04-06 01:13:03.331780: W tensorflow/compiler/xla/stream_executor/platform/default/dso_loader.cc:64] Could not load dynamic library 'libnvinfer.so.7'; dlerror: libnvinfer.so.7: cannot open shared object file: No such file or directory
2023-04-06 01:13:03.332152: W tensorflow/compiler/xla/stream_executor/platform/default/dso_loader.cc:64] Could not load dynamic library 'libnvinfer_plugin.so.7'; dlerror: libnvinfer_plugin.so.7: cannot open shared object file: No such file or directory
2023-04-06 01:13:03.332173: W tensorflow/compiler/tf2tensorrt/utils/py_utils.cc:38] TF-TRT Warning: Cannot dlopen some TensorRT libraries. If you would like to use Nvidia GPU with TensorRT, please make sure the missing libraries mentioned above are installed properly.
/ocean/projects/cts180021p/shang9/miniconda/miniconda3/envs/ml_echem/lib/python3.7/site-packages/torchvision/io/image.py:13: UserWarning: Failed to load image Python extension: libc10_cuda.so: cannot open shared object file: No such file or directory
  warn(f"Failed to load image Python extension: {e}")
Skipped loading some Jax models, missing a dependency. No module named 'jax'
[01:13:57] WARNING: not removing hydrogen atom without neighbors
[01:13:57] WARNING: not removing hydrogen atom without neighbors
[01:13:57] WARNING: not removing hydrogen atom without neighbors
[01:13:57] WARNING: not removing hydrogen atom without neighbors
[01:13:57] WARNING: not removing hydrogen atom without neighbors
[01:13:58] WARNING: not removing hydrogen atom without neighbors
[01:13:58] WARNING: not removing hydrogen atom without neighbors
[01:13:58] WARNING: not removing hydrogen atom without neighbors
2023-04-06 01:13:59.083321: W tensorflow/compiler/xla/stream_executor/platform/default/dso_loader.cc:64] Could not load dynamic library 'libcuda.so.1'; dlerror: libcuda.so.1: cannot open shared object file: No such file or directory
2023-04-06 01:13:59.141214: W tensorflow/compiler/xla/stream_executor/cuda/cuda_driver.cc:265] failed call to cuInit: UNKNOWN ERROR (303)
2023-04-06 01:13:59.141565: I tensorflow/compiler/xla/stream_executor/cuda/cuda_diagnostics.cc:156] kernel driver does not appear to be running on this host (r015.ib.bridges2.psc.edu): /proc/driver/nvidia/version does not exist
2023-04-06 01:13:59.218259: I tensorflow/core/platform/cpu_feature_guard.cc:193] This TensorFlow binary is optimized with oneAPI Deep Neural Network Library (oneDNN) to use the following CPU instructions in performance-critical operations:  AVX2 FMA
To enable them in other operations, rebuild TensorFlow with the appropriate compiler flags.
[01:14:44] WARNING: not removing hydrogen atom without neighbors
[01:14:44] WARNING: not removing hydrogen atom without neighbors
[01:14:44] WARNING: not removing hydrogen atom without neighbors
[01:14:44] WARNING: not removing hydrogen atom without neighbors
[01:14:44] WARNING: not removing hydrogen atom without neighbors
[01:14:44] WARNING: not removing hydrogen atom without neighbors
[01:14:44] WARNING: not removing hydrogen atom without neighbors
[01:14:44] WARNING: not removing hydrogen atom without neighbors
[01:15:29] WARNING: not removing hydrogen atom without neighbors
[01:15:29] WARNING: not removing hydrogen atom without neighbors
[01:15:29] WARNING: not removing hydrogen atom without neighbors
[01:15:29] WARNING: not removing hydrogen atom without neighbors
[01:15:29] WARNING: not removing hydrogen atom without neighbors
[01:15:29] WARNING: not removing hydrogen atom without neighbors
[01:15:29] WARNING: not removing hydrogen atom without neighbors
[01:15:29] WARNING: not removing hydrogen atom without neighbors
[01:16:05] WARNING: not removing hydrogen atom without neighbors
[01:16:05] WARNING: not removing hydrogen atom without neighbors
[01:16:05] WARNING: not removing hydrogen atom without neighbors
[01:16:05] WARNING: not removing hydrogen atom without neighbors
[01:16:05] WARNING: not removing hydrogen atom without neighbors
[01:16:05] WARNING: not removing hydrogen atom without neighbors
[01:16:05] WARNING: not removing hydrogen atom without neighbors
[01:16:05] WARNING: not removing hydrogen atom without neighbors
[01:16:33] WARNING: not removing hydrogen atom without neighbors
[01:16:34] WARNING: not removing hydrogen atom without neighbors
[01:16:34] WARNING: not removing hydrogen atom without neighbors
[01:16:34] WARNING: not removing hydrogen atom without neighbors
[01:16:34] WARNING: not removing hydrogen atom without neighbors
[01:16:34] WARNING: not removing hydrogen atom without neighbors
[01:16:34] WARNING: not removing hydrogen atom without neighbors
[01:16:34] WARNING: not removing hydrogen atom without neighbors
[01:17:04] WARNING: not removing hydrogen atom without neighbors
[01:17:04] WARNING: not removing hydrogen atom without neighbors
[01:17:04] WARNING: not removing hydrogen atom without neighbors
[01:17:04] WARNING: not removing hydrogen atom without neighbors
[01:17:04] WARNING: not removing hydrogen atom without neighbors
[01:17:04] WARNING: not removing hydrogen atom without neighbors
[01:17:04] WARNING: not removing hydrogen atom without neighbors
[01:17:04] WARNING: not removing hydrogen atom without neighbors
[01:17:33] WARNING: not removing hydrogen atom without neighbors
[01:17:33] WARNING: not removing hydrogen atom without neighbors
[01:17:33] WARNING: not removing hydrogen atom without neighbors
[01:17:33] WARNING: not removing hydrogen atom without neighbors
[01:17:33] WARNING: not removing hydrogen atom without neighbors
[01:17:33] WARNING: not removing hydrogen atom without neighbors
[01:17:33] WARNING: not removing hydrogen atom without neighbors
[01:17:33] WARNING: not removing hydrogen atom without neighbors
[01:18:15] WARNING: not removing hydrogen atom without neighbors
[01:18:15] WARNING: not removing hydrogen atom without neighbors
[01:18:15] WARNING: not removing hydrogen atom without neighbors
[01:18:15] WARNING: not removing hydrogen atom without neighbors
[01:18:15] WARNING: not removing hydrogen atom without neighbors
[01:18:15] WARNING: not removing hydrogen atom without neighbors
[01:18:15] WARNING: not removing hydrogen atom without neighbors
[01:18:15] WARNING: not removing hydrogen atom without neighbors
[01:18:57] WARNING: not removing hydrogen atom without neighbors
[01:18:57] WARNING: not removing hydrogen atom without neighbors
[01:18:57] WARNING: not removing hydrogen atom without neighbors
[01:18:57] WARNING: not removing hydrogen atom without neighbors
[01:18:57] WARNING: not removing hydrogen atom without neighbors
[01:18:58] WARNING: not removing hydrogen atom without neighbors
[01:18:58] WARNING: not removing hydrogen atom without neighbors
[01:18:58] WARNING: not removing hydrogen atom without neighbors
[01:19:40] WARNING: not removing hydrogen atom without neighbors
[01:19:40] WARNING: not removing hydrogen atom without neighbors
[01:19:40] WARNING: not removing hydrogen atom without neighbors
[01:19:40] WARNING: not removing hydrogen atom without neighbors
[01:19:40] WARNING: not removing hydrogen atom without neighbors
[01:19:41] WARNING: not removing hydrogen atom without neighbors
[01:19:41] WARNING: not removing hydrogen atom without neighbors
[01:19:41] WARNING: not removing hydrogen atom without neighbors
[01:20:23] WARNING: not removing hydrogen atom without neighbors
[01:20:23] WARNING: not removing hydrogen atom without neighbors
[01:20:23] WARNING: not removing hydrogen atom without neighbors
[01:20:23] WARNING: not removing hydrogen atom without neighbors
[01:20:23] WARNING: not removing hydrogen atom without neighbors
[01:20:24] WARNING: not removing hydrogen atom without neighbors
[01:20:24] WARNING: not removing hydrogen atom without neighbors
[01:20:24] WARNING: not removing hydrogen atom without neighbors
[01:20:54] WARNING: not removing hydrogen atom without neighbors
[01:20:54] WARNING: not removing hydrogen atom without neighbors
[01:20:54] WARNING: not removing hydrogen atom without neighbors
[01:20:54] WARNING: not removing hydrogen atom without neighbors
[01:20:54] WARNING: not removing hydrogen atom without neighbors
[01:20:54] WARNING: not removing hydrogen atom without neighbors
[01:20:54] WARNING: not removing hydrogen atom without neighbors
[01:20:54] WARNING: not removing hydrogen atom without neighbors
[01:21:37] WARNING: not removing hydrogen atom without neighbors
[01:21:37] WARNING: not removing hydrogen atom without neighbors
[01:21:37] WARNING: not removing hydrogen atom without neighbors
[01:21:37] WARNING: not removing hydrogen atom without neighbors
[01:21:37] WARNING: not removing hydrogen atom without neighbors
[01:21:37] WARNING: not removing hydrogen atom without neighbors
[01:21:37] WARNING: not removing hydrogen atom without neighbors
[01:21:37] WARNING: not removing hydrogen atom without neighbors
[01:22:22] WARNING: not removing hydrogen atom without neighbors
[01:22:22] WARNING: not removing hydrogen atom without neighbors
[01:22:22] WARNING: not removing hydrogen atom without neighbors
[01:22:22] WARNING: not removing hydrogen atom without neighbors
[01:22:22] WARNING: not removing hydrogen atom without neighbors
[01:22:22] WARNING: not removing hydrogen atom without neighbors
[01:22:22] WARNING: not removing hydrogen atom without neighbors
[01:22:22] WARNING: not removing hydrogen atom without neighbors
[01:23:09] WARNING: not removing hydrogen atom without neighbors
[01:23:09] WARNING: not removing hydrogen atom without neighbors
[01:23:09] WARNING: not removing hydrogen atom without neighbors
[01:23:09] WARNING: not removing hydrogen atom without neighbors
[01:23:09] WARNING: not removing hydrogen atom without neighbors
[01:23:09] WARNING: not removing hydrogen atom without neighbors
[01:23:09] WARNING: not removing hydrogen atom without neighbors
[01:23:09] WARNING: not removing hydrogen atom without neighbors
