Job started on r010.ib.bridges2.psc.edu at Sun Apr  9 14:54:59 EDT 2023
Namespace(data_path='/ocean/projects/cts180021p/shang9/molecules/pretrainLCA/finalized/data/o_gnn_input/SO4_react/raw/data.csv', split_folder='/ocean/projects/cts180021p/shang9/molecules/pretrainLCA/finalized/model/feature-based/result_1/SO4_react/')
  0%|          | 0/15 [00:00<?, ?trial/s, best loss=?]Step 10 validation: rms_score=7.08717
Step 20 validation: rms_score=4.79118
Step 30 validation: rms_score=3.24018
Step 40 validation: rms_score=2.51728
Step 50 validation: rms_score=2.42145
Step 60 validation: rms_score=2.65242
Step 70 validation: rms_score=3.14722
Step 80 validation: rms_score=3.75758
Step 90 validation: rms_score=4.3384
Step 100 validation: rms_score=4.77515
Step 110 validation: rms_score=5.09542
Step 120 validation: rms_score=5.32784
Step 130 validation: rms_score=5.43362
Step 140 validation: rms_score=5.43652
Step 150 validation: rms_score=5.41517
Step 160 validation: rms_score=5.38692
Step 170 validation: rms_score=5.33516
Step 180 validation: rms_score=5.28239
Step 190 validation: rms_score=5.22882
Step 200 validation: rms_score=5.16652
Step 210 validation: rms_score=5.02941
Step 220 validation: rms_score=4.89019
Step 230 validation: rms_score=4.73881
Step 240 validation: rms_score=4.54
Step 250 validation: rms_score=4.29565
Step 260 validation: rms_score=4.27547
Step 270 validation: rms_score=4.22765
Step 280 validation: rms_score=3.9864
Step 290 validation: rms_score=3.83226
Step 300 validation: rms_score=3.68556
Step 310 validation: rms_score=3.5233
Step 320 validation: rms_score=3.4558
Step 330 validation: rms_score=3.38189
Step 340 validation: rms_score=3.32941
Step 350 validation: rms_score=3.22605
Step 360 validation: rms_score=3.05462
Step 370 validation: rms_score=2.98636
Step 380 validation: rms_score=2.8331
Step 390 validation: rms_score=2.73297
Step 400 validation: rms_score=2.66725
Step 410 validation: rms_score=2.5911
Step 420 validation: rms_score=2.4811
Step 430 validation: rms_score=2.42726
Step 440 validation: rms_score=2.43417
Step 450 validation: rms_score=2.34627
Step 460 validation: rms_score=2.31173
Step 470 validation: rms_score=2.32567
Step 480 validation: rms_score=2.25432
Step 490 validation: rms_score=2.20525
Step 500 validation: rms_score=2.12911
  7%|▋         | 1/15 [00:46<10:53, 46.67s/trial, best loss: 2.129106316674415]Step 10 validation: rms_score=7.645
Step 20 validation: rms_score=6.74909
Step 30 validation: rms_score=5.95339
Step 40 validation: rms_score=5.34511
Step 50 validation: rms_score=4.73934
Step 60 validation: rms_score=4.14356
Step 70 validation: rms_score=3.64247
Step 80 validation: rms_score=3.3574
Step 90 validation: rms_score=3.12411
Step 100 validation: rms_score=2.96854
Step 110 validation: rms_score=2.87655
Step 120 validation: rms_score=2.74608
Step 130 validation: rms_score=2.68787
Step 140 validation: rms_score=2.6378
Step 150 validation: rms_score=2.58072
Step 160 validation: rms_score=2.57321
Step 170 validation: rms_score=2.53229
Step 180 validation: rms_score=2.50598
Step 190 validation: rms_score=2.33499
Step 200 validation: rms_score=2.19458
Step 210 validation: rms_score=2.12529
Step 220 validation: rms_score=2.04997
Step 230 validation: rms_score=2.01767
Step 240 validation: rms_score=1.99821
Step 250 validation: rms_score=1.94354
Step 260 validation: rms_score=1.87323
Step 270 validation: rms_score=1.79812
Step 280 validation: rms_score=1.72764
Step 290 validation: rms_score=1.68916
Step 300 validation: rms_score=1.66343
Step 310 validation: rms_score=1.61271
Step 320 validation: rms_score=1.58387
Step 330 validation: rms_score=1.51716
Step 340 validation: rms_score=1.44794
Step 350 validation: rms_score=1.43325
Step 360 validation: rms_score=1.39953
Step 370 validation: rms_score=1.36739
Step 380 validation: rms_score=1.34248
Step 390 validation: rms_score=1.31492
Step 400 validation: rms_score=1.29851
Step 410 validation: rms_score=1.25299
Step 420 validation: rms_score=1.24671
Step 430 validation: rms_score=1.22811
Step 440 validation: rms_score=1.22967
Step 450 validation: rms_score=1.22457
Step 460 validation: rms_score=1.2072
Step 470 validation: rms_score=1.20283
Step 480 validation: rms_score=1.17777
Step 490 validation: rms_score=1.14487
Step 500 validation: rms_score=1.14459
 13%|█▎        | 2/15 [01:35<10:20, 47.76s/trial, best loss: 1.1445877167738205]Step 10 validation: rms_score=6.94017
Step 20 validation: rms_score=5.60096
Step 30 validation: rms_score=4.62247
Step 40 validation: rms_score=4.06917
Step 50 validation: rms_score=3.87909
Step 60 validation: rms_score=3.95983
Step 70 validation: rms_score=4.16815
Step 80 validation: rms_score=4.54469
Step 90 validation: rms_score=4.79027
Step 100 validation: rms_score=5.11001
Step 110 validation: rms_score=5.29452
Step 120 validation: rms_score=5.45486
Step 130 validation: rms_score=5.58274
Step 140 validation: rms_score=5.6683
Step 150 validation: rms_score=5.75283
Step 160 validation: rms_score=5.63038
Step 170 validation: rms_score=5.50067
Step 180 validation: rms_score=5.50354
Step 190 validation: rms_score=5.35345
Step 200 validation: rms_score=5.20618
Step 210 validation: rms_score=5.08049
Step 220 validation: rms_score=4.92462
Step 230 validation: rms_score=4.7523
Step 240 validation: rms_score=4.55869
Step 250 validation: rms_score=4.37839
Step 260 validation: rms_score=4.18567
Step 270 validation: rms_score=4.03061
Step 280 validation: rms_score=3.82658
Step 290 validation: rms_score=3.57407
Step 300 validation: rms_score=3.37937
Step 310 validation: rms_score=3.20076
Step 320 validation: rms_score=3.06169
Step 330 validation: rms_score=2.84538
Step 340 validation: rms_score=2.65598
Step 350 validation: rms_score=2.58273
Step 360 validation: rms_score=2.34369
Step 370 validation: rms_score=2.23472
Step 380 validation: rms_score=2.17128
Step 390 validation: rms_score=2.03941
Step 400 validation: rms_score=1.83794
Step 410 validation: rms_score=1.7969
Step 420 validation: rms_score=1.77388
Step 430 validation: rms_score=1.70646
Step 440 validation: rms_score=1.6328
Step 450 validation: rms_score=1.58268
Step 460 validation: rms_score=1.51003
Step 470 validation: rms_score=1.42425
Step 480 validation: rms_score=1.37177
Step 490 validation: rms_score=1.36499
Step 500 validation: rms_score=1.28862
 20%|██        | 3/15 [02:15<08:52, 44.40s/trial, best loss: 1.1445877167738205]Step 10 validation: rms_score=7.2983
Step 20 validation: rms_score=6.27997
Step 30 validation: rms_score=5.24804
Step 40 validation: rms_score=4.49265
Step 50 validation: rms_score=4.0049
Step 60 validation: rms_score=3.55215
Step 70 validation: rms_score=3.23652
Step 80 validation: rms_score=3.02997
Step 90 validation: rms_score=2.93793
Step 100 validation: rms_score=2.92321
Step 110 validation: rms_score=2.8667
Step 120 validation: rms_score=2.86287
Step 130 validation: rms_score=2.9168
Step 140 validation: rms_score=2.93976
Step 150 validation: rms_score=2.91756
Step 160 validation: rms_score=2.8775
Step 170 validation: rms_score=2.83603
Step 180 validation: rms_score=2.82296
Step 190 validation: rms_score=2.7369
Step 200 validation: rms_score=2.65754
Step 210 validation: rms_score=2.55889
Step 220 validation: rms_score=2.44723
Step 230 validation: rms_score=2.38252
Step 240 validation: rms_score=2.3589
Step 250 validation: rms_score=2.2481
Step 260 validation: rms_score=2.18227
Step 270 validation: rms_score=2.07294
Step 280 validation: rms_score=2.00214
Step 290 validation: rms_score=2.02889
Step 300 validation: rms_score=1.94113
Step 310 validation: rms_score=1.82402
Step 320 validation: rms_score=1.75701
Step 330 validation: rms_score=1.68104
Step 340 validation: rms_score=1.63482
Step 350 validation: rms_score=1.58078
Step 360 validation: rms_score=1.52744
Step 370 validation: rms_score=1.46717
Step 380 validation: rms_score=1.37821
Step 390 validation: rms_score=1.36041
Step 400 validation: rms_score=1.34769
Step 410 validation: rms_score=1.31148
Step 420 validation: rms_score=1.29416
Step 430 validation: rms_score=1.30027
Step 440 validation: rms_score=1.30027
Step 450 validation: rms_score=1.20907
Step 460 validation: rms_score=1.16856
Step 470 validation: rms_score=1.15039
Step 480 validation: rms_score=1.17639
Step 490 validation: rms_score=1.16512
Step 500 validation: rms_score=1.17209
 27%|██▋       | 4/15 [02:48<07:16, 39.72s/trial, best loss: 1.1445877167738205]Step 10 validation: rms_score=8.32824
Step 20 validation: rms_score=6.89625
Step 30 validation: rms_score=5.7361
Step 40 validation: rms_score=4.95991
Step 50 validation: rms_score=4.38066
Step 60 validation: rms_score=3.96356
Step 70 validation: rms_score=3.63072
Step 80 validation: rms_score=3.36944
Step 90 validation: rms_score=3.20794
Step 100 validation: rms_score=3.05713
Step 110 validation: rms_score=2.97657
Step 120 validation: rms_score=2.98517
Step 130 validation: rms_score=2.97407
Step 140 validation: rms_score=2.99687
Step 150 validation: rms_score=2.9932
Step 160 validation: rms_score=2.97057
Step 170 validation: rms_score=2.91585
Step 180 validation: rms_score=2.86038
Step 190 validation: rms_score=2.83592
Step 200 validation: rms_score=2.80451
Step 210 validation: rms_score=2.73986
Step 220 validation: rms_score=2.73585
Step 230 validation: rms_score=2.72032
Step 240 validation: rms_score=2.66635
Step 250 validation: rms_score=2.60538
Step 260 validation: rms_score=2.55378
Step 270 validation: rms_score=2.47183
Step 280 validation: rms_score=2.39552
Step 290 validation: rms_score=2.37706
Step 300 validation: rms_score=2.36129
Step 310 validation: rms_score=2.32909
Step 320 validation: rms_score=2.31184
Step 330 validation: rms_score=2.26487
Step 340 validation: rms_score=2.18673
Step 350 validation: rms_score=2.13663
Step 360 validation: rms_score=2.10324
Step 370 validation: rms_score=2.06841
Step 380 validation: rms_score=2.04126
Step 390 validation: rms_score=1.97419
Step 400 validation: rms_score=1.91546
Step 410 validation: rms_score=1.8858
Step 420 validation: rms_score=1.8687
Step 430 validation: rms_score=1.83808
Step 440 validation: rms_score=1.74813
Step 450 validation: rms_score=1.705
Step 460 validation: rms_score=1.67583
Step 470 validation: rms_score=1.65813
Step 480 validation: rms_score=1.6366
Step 490 validation: rms_score=1.60807
Step 500 validation: rms_score=1.60454
 33%|███▎      | 5/15 [03:23<06:22, 38.26s/trial, best loss: 1.1445877167738205]Step 10 validation: rms_score=7.08384
Step 20 validation: rms_score=5.17258
Step 30 validation: rms_score=3.86032
Step 40 validation: rms_score=3.01193
Step 50 validation: rms_score=2.70101
Step 60 validation: rms_score=2.70901
Step 70 validation: rms_score=3
Step 80 validation: rms_score=3.42901
Step 90 validation: rms_score=3.81244
Step 100 validation: rms_score=4.06728
Step 110 validation: rms_score=4.28357
Step 120 validation: rms_score=4.48464
Step 130 validation: rms_score=4.57186
Step 140 validation: rms_score=4.60288
Step 150 validation: rms_score=4.7325
Step 160 validation: rms_score=4.68764
Step 170 validation: rms_score=4.62592
Step 180 validation: rms_score=4.49217
Step 190 validation: rms_score=4.4588
Step 200 validation: rms_score=4.42465
Step 210 validation: rms_score=4.36505
Step 220 validation: rms_score=4.21866
Step 230 validation: rms_score=4.16574
Step 240 validation: rms_score=4.00244
Step 250 validation: rms_score=3.92686
Step 260 validation: rms_score=3.8278
Step 270 validation: rms_score=3.66948
Step 280 validation: rms_score=3.45388
Step 290 validation: rms_score=3.22644
Step 300 validation: rms_score=3.11774
Step 310 validation: rms_score=2.96059
Step 320 validation: rms_score=2.86713
Step 330 validation: rms_score=2.7405
Step 340 validation: rms_score=2.65886
Step 350 validation: rms_score=2.46969
Step 360 validation: rms_score=2.34727
Step 370 validation: rms_score=2.25563
Step 380 validation: rms_score=2.17466
Step 390 validation: rms_score=2.12845
Step 400 validation: rms_score=2.07197
Step 410 validation: rms_score=2.07657
Step 420 validation: rms_score=2.05841
Step 430 validation: rms_score=1.97565
Step 440 validation: rms_score=1.92584
Step 450 validation: rms_score=1.87128
Step 460 validation: rms_score=1.82602
Step 470 validation: rms_score=1.76971
Step 480 validation: rms_score=1.73275
Step 490 validation: rms_score=1.73211
Step 500 validation: rms_score=1.68239
 40%|████      | 6/15 [04:05<05:53, 39.27s/trial, best loss: 1.1445877167738205]Step 10 validation: rms_score=9.32961
Step 20 validation: rms_score=8.21834
Step 30 validation: rms_score=6.65583
Step 40 validation: rms_score=5.38494
Step 50 validation: rms_score=4.48131
Step 60 validation: rms_score=3.80294
Step 70 validation: rms_score=3.35496
Step 80 validation: rms_score=2.96141
Step 90 validation: rms_score=2.66576
Step 100 validation: rms_score=2.35804
Step 110 validation: rms_score=2.14484
Step 120 validation: rms_score=1.94758
Step 130 validation: rms_score=1.87032
Step 140 validation: rms_score=1.76237
Step 150 validation: rms_score=1.72547
Step 160 validation: rms_score=1.65168
Step 170 validation: rms_score=1.61408
Step 180 validation: rms_score=1.55048
Step 190 validation: rms_score=1.5174
Step 200 validation: rms_score=1.42261
Step 210 validation: rms_score=1.40248
Step 220 validation: rms_score=1.32112
Step 230 validation: rms_score=1.26883
Step 240 validation: rms_score=1.24603
Step 250 validation: rms_score=1.24502
Step 260 validation: rms_score=1.20143
Step 270 validation: rms_score=1.18232
Step 280 validation: rms_score=1.15282
Step 290 validation: rms_score=1.14863
Step 300 validation: rms_score=1.09108
Step 310 validation: rms_score=1.05222
Step 320 validation: rms_score=1.02893
Step 330 validation: rms_score=1.04804
Step 340 validation: rms_score=1.02606
Step 350 validation: rms_score=1.00824
Step 360 validation: rms_score=1.00452
Step 370 validation: rms_score=0.954922
Step 380 validation: rms_score=0.925563
Step 390 validation: rms_score=0.943372
Step 400 validation: rms_score=0.961433
Step 410 validation: rms_score=0.995756
Step 420 validation: rms_score=0.965365
Step 430 validation: rms_score=0.958522
Step 440 validation: rms_score=0.945857
Step 450 validation: rms_score=0.959477
Step 460 validation: rms_score=0.969698
Step 470 validation: rms_score=0.978417
Step 480 validation: rms_score=0.979613
Step 490 validation: rms_score=0.949819
Step 500 validation: rms_score=0.967362
 47%|████▋     | 7/15 [04:57<05:48, 43.60s/trial, best loss: 0.9255627729702769]Step 10 validation: rms_score=7.83992
Step 20 validation: rms_score=6.76638
Step 30 validation: rms_score=5.3756
Step 40 validation: rms_score=4.23465
Step 50 validation: rms_score=3.71749
Step 60 validation: rms_score=3.40149
Step 70 validation: rms_score=3.09381
Step 80 validation: rms_score=2.89768
Step 90 validation: rms_score=2.84141
Step 100 validation: rms_score=2.85755
Step 110 validation: rms_score=2.86935
Step 120 validation: rms_score=2.93509
Step 130 validation: rms_score=3.04703
Step 140 validation: rms_score=3.20283
Step 150 validation: rms_score=3.27458
Step 160 validation: rms_score=3.31626
Step 170 validation: rms_score=3.36212
Step 180 validation: rms_score=3.34262
Step 190 validation: rms_score=3.31516
Step 200 validation: rms_score=3.3396
Step 210 validation: rms_score=3.31587
Step 220 validation: rms_score=3.26317
Step 230 validation: rms_score=3.16018
Step 240 validation: rms_score=2.99696
Step 250 validation: rms_score=2.97293
Step 260 validation: rms_score=2.91934
Step 270 validation: rms_score=2.83903
Step 280 validation: rms_score=2.73388
Step 290 validation: rms_score=2.67235
Step 300 validation: rms_score=2.62188
Step 310 validation: rms_score=2.53754
Step 320 validation: rms_score=2.4719
Step 330 validation: rms_score=2.42158
Step 340 validation: rms_score=2.37928
Step 350 validation: rms_score=2.30721
Step 360 validation: rms_score=2.28055
Step 370 validation: rms_score=2.27988
Step 380 validation: rms_score=2.26174
Step 390 validation: rms_score=2.22454
Step 400 validation: rms_score=2.17118
Step 410 validation: rms_score=2.14349
Step 420 validation: rms_score=2.10571
Step 430 validation: rms_score=2.07696
Step 440 validation: rms_score=2.07605
Step 450 validation: rms_score=2.02809
Step 460 validation: rms_score=2.01403
Step 470 validation: rms_score=1.97959
Step 480 validation: rms_score=1.97611
Step 490 validation: rms_score=1.95134
Step 500 validation: rms_score=1.94681
 53%|█████▎    | 8/15 [05:31<04:43, 40.49s/trial, best loss: 0.9255627729702769]Step 10 validation: rms_score=6.4219
Step 20 validation: rms_score=5.20483
Step 30 validation: rms_score=4.29626
Step 40 validation: rms_score=3.59533
Step 50 validation: rms_score=3.32125
Step 60 validation: rms_score=3.16318
Step 70 validation: rms_score=3.10287
Step 80 validation: rms_score=3.10536
Step 90 validation: rms_score=3.33999
Step 100 validation: rms_score=3.62562
Step 110 validation: rms_score=3.73189
Step 120 validation: rms_score=3.82594
Step 130 validation: rms_score=3.84433
Step 140 validation: rms_score=3.89584
Step 150 validation: rms_score=3.86102
Step 160 validation: rms_score=3.9764
Step 170 validation: rms_score=3.93174
Step 180 validation: rms_score=3.88949
Step 190 validation: rms_score=3.70096
Step 200 validation: rms_score=3.6314
Step 210 validation: rms_score=3.49217
Step 220 validation: rms_score=3.44644
Step 230 validation: rms_score=3.40039
Step 240 validation: rms_score=3.29044
Step 250 validation: rms_score=3.16828
Step 260 validation: rms_score=3.1331
Step 270 validation: rms_score=3.01685
Step 280 validation: rms_score=2.93647
Step 290 validation: rms_score=2.79423
Step 300 validation: rms_score=2.68633
Step 310 validation: rms_score=2.51075
Step 320 validation: rms_score=2.44455
Step 330 validation: rms_score=2.28946
Step 340 validation: rms_score=2.14368
Step 350 validation: rms_score=2.05655
Step 360 validation: rms_score=1.93978
Step 370 validation: rms_score=1.8286
Step 380 validation: rms_score=1.69145
Step 390 validation: rms_score=1.69057
Step 400 validation: rms_score=1.57935
Step 410 validation: rms_score=1.48791
Step 420 validation: rms_score=1.51222
Step 430 validation: rms_score=1.41947
Step 440 validation: rms_score=1.40867
Step 450 validation: rms_score=1.38683
Step 460 validation: rms_score=1.38381
Step 470 validation: rms_score=1.36503
Step 480 validation: rms_score=1.25974
Step 490 validation: rms_score=1.21452
Step 500 validation: rms_score=1.20568
 60%|██████    | 9/15 [06:09<03:59, 39.87s/trial, best loss: 0.9255627729702769]Step 10 validation: rms_score=7.56873
Step 20 validation: rms_score=6.79495
Step 30 validation: rms_score=5.76069
Step 40 validation: rms_score=4.84642
Step 50 validation: rms_score=4.09974
Step 60 validation: rms_score=3.57951
Step 70 validation: rms_score=3.32021
Step 80 validation: rms_score=3.20231
Step 90 validation: rms_score=3.2341
Step 100 validation: rms_score=3.26155
Step 110 validation: rms_score=3.34694
Step 120 validation: rms_score=3.45545
Step 130 validation: rms_score=3.5203
Step 140 validation: rms_score=3.50874
Step 150 validation: rms_score=3.47438
Step 160 validation: rms_score=3.46923
Step 170 validation: rms_score=3.45975
Step 180 validation: rms_score=3.41312
Step 190 validation: rms_score=3.30366
Step 200 validation: rms_score=3.20156
Step 210 validation: rms_score=3.12803
Step 220 validation: rms_score=3.10796
Step 230 validation: rms_score=3.03363
Step 240 validation: rms_score=2.91456
Step 250 validation: rms_score=2.81134
Step 260 validation: rms_score=2.77939
Step 270 validation: rms_score=2.68936
Step 280 validation: rms_score=2.58992
Step 290 validation: rms_score=2.51672
Step 300 validation: rms_score=2.46139
Step 310 validation: rms_score=2.43402
Step 320 validation: rms_score=2.37166
Step 330 validation: rms_score=2.2988
Step 340 validation: rms_score=2.27486
Step 350 validation: rms_score=2.22381
Step 360 validation: rms_score=2.13533
Step 370 validation: rms_score=2.05959
Step 380 validation: rms_score=1.99686
Step 390 validation: rms_score=1.96501
Step 400 validation: rms_score=1.93667
Step 410 validation: rms_score=1.93672
Step 420 validation: rms_score=1.89783
Step 430 validation: rms_score=1.87049
Step 440 validation: rms_score=1.83139
Step 450 validation: rms_score=1.82666
Step 460 validation: rms_score=1.81552
Step 470 validation: rms_score=1.8032
Step 480 validation: rms_score=1.82255
Step 490 validation: rms_score=1.80021
Step 500 validation: rms_score=1.78816
 67%|██████▋   | 10/15 [06:58<03:33, 42.60s/trial, best loss: 0.9255627729702769]Step 10 validation: rms_score=7.25295
Step 20 validation: rms_score=6.25517
Step 30 validation: rms_score=5.15356
Step 40 validation: rms_score=4.23357
Step 50 validation: rms_score=3.53647
Step 60 validation: rms_score=3.14515
Step 70 validation: rms_score=2.94148
Step 80 validation: rms_score=2.83054
Step 90 validation: rms_score=2.8277
Step 100 validation: rms_score=2.81581
Step 110 validation: rms_score=2.78681
Step 120 validation: rms_score=2.72681
Step 130 validation: rms_score=2.6813
Step 140 validation: rms_score=2.59437
Step 150 validation: rms_score=2.52023
Step 160 validation: rms_score=2.47754
Step 170 validation: rms_score=2.44645
Step 180 validation: rms_score=2.36193
Step 190 validation: rms_score=2.20014
Step 200 validation: rms_score=2.14407
Step 210 validation: rms_score=2.07398
Step 220 validation: rms_score=2.01389
Step 230 validation: rms_score=1.9023
Step 240 validation: rms_score=1.78674
Step 250 validation: rms_score=1.70496
Step 260 validation: rms_score=1.55206
Step 270 validation: rms_score=1.45652
Step 280 validation: rms_score=1.3945
Step 290 validation: rms_score=1.32251
Step 300 validation: rms_score=1.20785
Step 310 validation: rms_score=1.20685
Step 320 validation: rms_score=1.17312
Step 330 validation: rms_score=1.12296
Step 340 validation: rms_score=1.08504
Step 350 validation: rms_score=1.05625
Step 360 validation: rms_score=1.03215
Step 370 validation: rms_score=1.0581
Step 380 validation: rms_score=1.02812
Step 390 validation: rms_score=1.016
Step 400 validation: rms_score=0.964064
Step 410 validation: rms_score=0.957617
Step 420 validation: rms_score=0.978917
Step 430 validation: rms_score=0.967115
Step 440 validation: rms_score=0.940031
Step 450 validation: rms_score=0.927474
Step 460 validation: rms_score=0.932388
Step 470 validation: rms_score=0.939788
Step 480 validation: rms_score=0.927813
Step 490 validation: rms_score=0.948433
Step 500 validation: rms_score=0.940899
 73%|███████▎  | 11/15 [07:33<02:40, 40.11s/trial, best loss: 0.9255627729702769]Step 10 validation: rms_score=7.86979
Step 20 validation: rms_score=6.89783
Step 30 validation: rms_score=5.83603
Step 40 validation: rms_score=5.11155
Step 50 validation: rms_score=4.52798
Step 60 validation: rms_score=3.95159
Step 70 validation: rms_score=3.53257
Step 80 validation: rms_score=3.23698
Step 90 validation: rms_score=3.12389
Step 100 validation: rms_score=3.06361
Step 110 validation: rms_score=3.00216
Step 120 validation: rms_score=2.9599
Step 130 validation: rms_score=2.93608
Step 140 validation: rms_score=2.88616
Step 150 validation: rms_score=2.76921
Step 160 validation: rms_score=2.70284
Step 170 validation: rms_score=2.63606
Step 180 validation: rms_score=2.60214
Step 190 validation: rms_score=2.49872
Step 200 validation: rms_score=2.45512
Step 210 validation: rms_score=2.3726
Step 220 validation: rms_score=2.242
Step 230 validation: rms_score=2.07926
Step 240 validation: rms_score=2.05411
Step 250 validation: rms_score=2.04714
Step 260 validation: rms_score=1.92636
Step 270 validation: rms_score=1.82128
Step 280 validation: rms_score=1.76764
Step 290 validation: rms_score=1.69323
Step 300 validation: rms_score=1.62694
Step 310 validation: rms_score=1.548
Step 320 validation: rms_score=1.50627
Step 330 validation: rms_score=1.46907
Step 340 validation: rms_score=1.40082
Step 350 validation: rms_score=1.35487
Step 360 validation: rms_score=1.33679
Step 370 validation: rms_score=1.30006
Step 380 validation: rms_score=1.2947
Step 390 validation: rms_score=1.24623
Step 400 validation: rms_score=1.22505
Step 410 validation: rms_score=1.20171
Step 420 validation: rms_score=1.18994
Step 430 validation: rms_score=1.20046
Step 440 validation: rms_score=1.2033
Step 450 validation: rms_score=1.20055
Step 460 validation: rms_score=1.1889
Step 470 validation: rms_score=1.19679
Step 480 validation: rms_score=1.15083
Step 490 validation: rms_score=1.14985
Step 500 validation: rms_score=1.17482
 80%|████████  | 12/15 [08:06<01:54, 38.04s/trial, best loss: 0.9255627729702769]Step 10 validation: rms_score=9.08767
Step 20 validation: rms_score=7.98455
Step 30 validation: rms_score=6.56683
Step 40 validation: rms_score=5.58887
Step 50 validation: rms_score=4.91433
Step 60 validation: rms_score=4.39062
Step 70 validation: rms_score=3.98188
Step 80 validation: rms_score=3.67247
Step 90 validation: rms_score=3.39664
Step 100 validation: rms_score=3.14625
Step 110 validation: rms_score=2.99657
Step 120 validation: rms_score=2.92038
Step 130 validation: rms_score=2.9132
Step 140 validation: rms_score=2.87883
Step 150 validation: rms_score=2.87278
Step 160 validation: rms_score=2.82677
Step 170 validation: rms_score=2.78324
Step 180 validation: rms_score=2.74605
Step 190 validation: rms_score=2.70033
Step 200 validation: rms_score=2.68336
Step 210 validation: rms_score=2.72046
Step 220 validation: rms_score=2.70837
Step 230 validation: rms_score=2.63099
Step 240 validation: rms_score=2.54747
Step 250 validation: rms_score=2.44896
Step 260 validation: rms_score=2.37395
Step 270 validation: rms_score=2.31273
Step 280 validation: rms_score=2.30995
Step 290 validation: rms_score=2.27151
Step 300 validation: rms_score=2.17516
Step 310 validation: rms_score=2.10182
Step 320 validation: rms_score=2.05444
Step 330 validation: rms_score=1.97313
Step 340 validation: rms_score=1.91971
Step 350 validation: rms_score=1.9062
Step 360 validation: rms_score=1.89204
Step 370 validation: rms_score=1.84595
Step 380 validation: rms_score=1.81245
Step 390 validation: rms_score=1.77035
Step 400 validation: rms_score=1.75479
Step 410 validation: rms_score=1.77514
Step 420 validation: rms_score=1.76244
Step 430 validation: rms_score=1.74853
Step 440 validation: rms_score=1.69948
Step 450 validation: rms_score=1.66253
Step 460 validation: rms_score=1.63707
Step 470 validation: rms_score=1.60773
Step 480 validation: rms_score=1.57079
Step 490 validation: rms_score=1.54912
Step 500 validation: rms_score=1.52127
 87%|████████▋ | 13/15 [08:42<01:14, 37.42s/trial, best loss: 0.9255627729702769]Step 10 validation: rms_score=8.29272
Step 20 validation: rms_score=7.71612
Step 30 validation: rms_score=6.96193
Step 40 validation: rms_score=6.10937
Step 50 validation: rms_score=5.25902
Step 60 validation: rms_score=4.50532
Step 70 validation: rms_score=3.8898
Step 80 validation: rms_score=3.41233
Step 90 validation: rms_score=3.1167
Step 100 validation: rms_score=2.9475
Step 110 validation: rms_score=2.83659
Step 120 validation: rms_score=2.76
Step 130 validation: rms_score=2.72903
Step 140 validation: rms_score=2.76919
Step 150 validation: rms_score=2.76388
Step 160 validation: rms_score=2.76272
Step 170 validation: rms_score=2.78903
Step 180 validation: rms_score=2.80832
Step 190 validation: rms_score=2.8679
Step 200 validation: rms_score=2.91067
Step 210 validation: rms_score=2.87152
Step 220 validation: rms_score=2.83638
Step 230 validation: rms_score=2.7887
Step 240 validation: rms_score=2.77254
Step 250 validation: rms_score=2.72566
Step 260 validation: rms_score=2.69108
Step 270 validation: rms_score=2.6419
Step 280 validation: rms_score=2.57824
Step 290 validation: rms_score=2.48236
Step 300 validation: rms_score=2.42241
Step 310 validation: rms_score=2.38322
Step 320 validation: rms_score=2.33551
Step 330 validation: rms_score=2.23059
Step 340 validation: rms_score=2.2013
Step 350 validation: rms_score=2.12935
Step 360 validation: rms_score=2.12567
Step 370 validation: rms_score=2.12531
Step 380 validation: rms_score=2.12061
Step 390 validation: rms_score=2.0988
Step 400 validation: rms_score=2.03584
Step 410 validation: rms_score=1.97198
Step 420 validation: rms_score=1.92359
Step 430 validation: rms_score=1.92027
Step 440 validation: rms_score=1.94135
Step 450 validation: rms_score=1.83898
Step 460 validation: rms_score=1.7999
Step 470 validation: rms_score=1.78168
Step 480 validation: rms_score=1.76251
Step 490 validation: rms_score=1.71812
Step 500 validation: rms_score=1.72454
 93%|█████████▎| 14/15 [09:30<00:40, 40.66s/trial, best loss: 0.9255627729702769]Step 10 validation: rms_score=8.27012
Step 20 validation: rms_score=7.70808
Step 30 validation: rms_score=5.91334
Step 40 validation: rms_score=4.15467
Step 50 validation: rms_score=3.15139
Step 60 validation: rms_score=2.65038
Step 70 validation: rms_score=2.38645
Step 80 validation: rms_score=2.1865
Step 90 validation: rms_score=2.08412
Step 100 validation: rms_score=2.04298
Step 110 validation: rms_score=2.1173
Step 120 validation: rms_score=2.19228
Step 130 validation: rms_score=2.20221
Step 140 validation: rms_score=2.20867
Step 150 validation: rms_score=2.16165
Step 160 validation: rms_score=2.18223
Step 170 validation: rms_score=2.17386
Step 180 validation: rms_score=2.13775
Step 190 validation: rms_score=2.0802
Step 200 validation: rms_score=2.06706
Step 210 validation: rms_score=2.06028
Step 220 validation: rms_score=2.07108
Step 230 validation: rms_score=2.07467
Step 240 validation: rms_score=2.00453
Step 250 validation: rms_score=1.95893
Step 260 validation: rms_score=1.94306
Step 270 validation: rms_score=1.94272
Step 280 validation: rms_score=1.92513
Step 290 validation: rms_score=1.88657
Step 300 validation: rms_score=1.89618
Step 310 validation: rms_score=1.86809
Step 320 validation: rms_score=1.80733
Step 330 validation: rms_score=1.75995
Step 340 validation: rms_score=1.73265
Step 350 validation: rms_score=1.7564
Step 360 validation: rms_score=1.7508
Step 370 validation: rms_score=1.7222
Step 380 validation: rms_score=1.7093
Step 390 validation: rms_score=1.7086
Step 400 validation: rms_score=1.65708
Step 410 validation: rms_score=1.6202
Step 420 validation: rms_score=1.63165
Step 430 validation: rms_score=1.63734
Step 440 validation: rms_score=1.59395
Step 450 validation: rms_score=1.56329
Step 460 validation: rms_score=1.55499
Step 470 validation: rms_score=1.55033
Step 480 validation: rms_score=1.53668
Step 490 validation: rms_score=1.5129
Step 500 validation: rms_score=1.51518
100%|██████████| 15/15 [10:19<00:00, 43.14s/trial, best loss: 0.9255627729702769]100%|██████████| 15/15 [10:19<00:00, 41.29s/trial, best loss: 0.9255627729702769]
SO4_react Best: {'dense': 1, 'dropout': 0, 'layers': 2}
 
Job Ended at Sun Apr  9 15:07:38 EDT 2023
