Job started on r015.ib.bridges2.psc.edu at Thu Apr  6 01:11:59 EDT 2023
Namespace(data_path='/ocean/projects/cts180021p/shang9/molecules/pretrainLCA/finalized/data/o_gnn_input/SO4_react/raw/data.csv', split_folder='/ocean/projects/cts180021p/shang9/molecules/pretrainLCA/finalized/model/feature-based/result_1/SO4_react/')
  0%|          | 0/15 [00:00<?, ?trial/s, best loss=?]Step 10 validation: rms_score=8.47181
Step 20 validation: rms_score=6.96405
Step 30 validation: rms_score=5.6362
Step 40 validation: rms_score=4.62215
Step 50 validation: rms_score=3.90121
Step 60 validation: rms_score=3.41199
Step 70 validation: rms_score=2.97636
Step 80 validation: rms_score=2.66028
Step 90 validation: rms_score=2.46505
Step 100 validation: rms_score=2.39249
Step 110 validation: rms_score=2.43155
Step 120 validation: rms_score=2.49733
Step 130 validation: rms_score=2.55198
Step 140 validation: rms_score=2.61535
Step 150 validation: rms_score=2.70924
Step 160 validation: rms_score=2.77398
Step 170 validation: rms_score=2.80814
Step 180 validation: rms_score=2.85803
Step 190 validation: rms_score=2.88558
Step 200 validation: rms_score=2.90813
Step 210 validation: rms_score=2.89468
Step 220 validation: rms_score=2.80738
Step 230 validation: rms_score=2.74312
Step 240 validation: rms_score=2.70259
Step 250 validation: rms_score=2.70425
  7%|▋         | 1/15 [00:35<08:22, 35.90s/trial, best loss: 2.3924902369780856]Step 10 validation: rms_score=7.7802
Step 20 validation: rms_score=6.80224
Step 30 validation: rms_score=5.66169
Step 40 validation: rms_score=4.73663
Step 50 validation: rms_score=4.08067
Step 60 validation: rms_score=3.62413
Step 70 validation: rms_score=3.3983
Step 80 validation: rms_score=3.12554
Step 90 validation: rms_score=2.97405
Step 100 validation: rms_score=2.88433
Step 110 validation: rms_score=2.76982
Step 120 validation: rms_score=2.75668
Step 130 validation: rms_score=2.77696
Step 140 validation: rms_score=2.75625
Step 150 validation: rms_score=2.74578
Step 160 validation: rms_score=2.58446
Step 170 validation: rms_score=2.56015
Step 180 validation: rms_score=2.5355
Step 190 validation: rms_score=2.51118
Step 200 validation: rms_score=2.38654
Step 210 validation: rms_score=2.2884
Step 220 validation: rms_score=2.26796
Step 230 validation: rms_score=2.14601
Step 240 validation: rms_score=2.10454
Step 250 validation: rms_score=2.06038
 13%|█▎        | 2/15 [01:15<08:18, 38.31s/trial, best loss: 2.0603785042478546]Step 10 validation: rms_score=6.6272
Step 20 validation: rms_score=5.2007
Step 30 validation: rms_score=4.29232
Step 40 validation: rms_score=4.04525
Step 50 validation: rms_score=3.97867
Step 60 validation: rms_score=4.01148
Step 70 validation: rms_score=4.22345
Step 80 validation: rms_score=4.48036
Step 90 validation: rms_score=4.81519
Step 100 validation: rms_score=5.45783
Step 110 validation: rms_score=5.72413
Step 120 validation: rms_score=5.98125
Step 130 validation: rms_score=5.97392
Step 140 validation: rms_score=6.11884
Step 150 validation: rms_score=6.14903
Step 160 validation: rms_score=6.24669
Step 170 validation: rms_score=6.28886
Step 180 validation: rms_score=6.16636
Step 190 validation: rms_score=6.11654
Step 200 validation: rms_score=5.95569
Step 210 validation: rms_score=5.80858
Step 220 validation: rms_score=5.65754
Step 230 validation: rms_score=5.4374
Step 240 validation: rms_score=5.28057
Step 250 validation: rms_score=5.12964
 20%|██        | 3/15 [01:45<06:52, 34.41s/trial, best loss: 2.0603785042478546]Step 10 validation: rms_score=7.7312
Step 20 validation: rms_score=6.27812
Step 30 validation: rms_score=5.07966
Step 40 validation: rms_score=4.13026
Step 50 validation: rms_score=3.53607
Step 60 validation: rms_score=3.25496
Step 70 validation: rms_score=3.29914
Step 80 validation: rms_score=3.48228
Step 90 validation: rms_score=3.64652
Step 100 validation: rms_score=3.81257
Step 110 validation: rms_score=3.91565
Step 120 validation: rms_score=3.96144
Step 130 validation: rms_score=3.95651
Step 140 validation: rms_score=3.94569
Step 150 validation: rms_score=3.88099
Step 160 validation: rms_score=3.89108
Step 170 validation: rms_score=3.8025
Step 180 validation: rms_score=3.74164
Step 190 validation: rms_score=3.56786
Step 200 validation: rms_score=3.47765
Step 210 validation: rms_score=3.39156
Step 220 validation: rms_score=3.29634
Step 230 validation: rms_score=3.13477
Step 240 validation: rms_score=2.94937
Step 250 validation: rms_score=2.90148
 27%|██▋       | 4/15 [02:15<06:00, 32.77s/trial, best loss: 2.0603785042478546]Step 10 validation: rms_score=7.58985
Step 20 validation: rms_score=5.91205
Step 30 validation: rms_score=4.2787
Step 40 validation: rms_score=2.99058
Step 50 validation: rms_score=2.56233
Step 60 validation: rms_score=2.66882
Step 70 validation: rms_score=3.10865
Step 80 validation: rms_score=3.6451
Step 90 validation: rms_score=4.10549
Step 100 validation: rms_score=4.45498
Step 110 validation: rms_score=4.61279
Step 120 validation: rms_score=4.68954
Step 130 validation: rms_score=4.849
Step 140 validation: rms_score=4.90482
Step 150 validation: rms_score=4.83457
Step 160 validation: rms_score=4.78042
Step 170 validation: rms_score=4.78243
Step 180 validation: rms_score=4.6855
Step 190 validation: rms_score=4.52798
Step 200 validation: rms_score=4.35748
Step 210 validation: rms_score=4.3153
Step 220 validation: rms_score=4.19697
Step 230 validation: rms_score=3.99769
Step 240 validation: rms_score=3.85746
Step 250 validation: rms_score=3.70863
 33%|███▎      | 5/15 [02:45<05:17, 31.71s/trial, best loss: 2.0603785042478546]Step 10 validation: rms_score=8.65327
Step 20 validation: rms_score=7.68553
Step 30 validation: rms_score=6.72194
Step 40 validation: rms_score=5.5899
Step 50 validation: rms_score=4.67039
Step 60 validation: rms_score=3.71997
Step 70 validation: rms_score=3.04473
Step 80 validation: rms_score=2.57705
Step 90 validation: rms_score=2.18406
Step 100 validation: rms_score=1.95016
Step 110 validation: rms_score=1.81451
Step 120 validation: rms_score=1.73821
Step 130 validation: rms_score=1.65186
Step 140 validation: rms_score=1.54684
Step 150 validation: rms_score=1.49873
Step 160 validation: rms_score=1.47024
Step 170 validation: rms_score=1.48153
Step 180 validation: rms_score=1.4561
Step 190 validation: rms_score=1.48809
Step 200 validation: rms_score=1.50535
Step 210 validation: rms_score=1.45987
Step 220 validation: rms_score=1.46583
Step 230 validation: rms_score=1.51666
Step 240 validation: rms_score=1.49425
Step 250 validation: rms_score=1.44711
 40%|████      | 6/15 [03:31<05:28, 36.51s/trial, best loss: 1.4471083535475422]Step 10 validation: rms_score=7.67523
Step 20 validation: rms_score=5.98279
Step 30 validation: rms_score=4.40559
Step 40 validation: rms_score=3.26361
Step 50 validation: rms_score=2.59597
Step 60 validation: rms_score=2.37171
Step 70 validation: rms_score=2.36375
Step 80 validation: rms_score=2.5483
Step 90 validation: rms_score=2.79222
Step 100 validation: rms_score=3.06735
Step 110 validation: rms_score=3.32274
Step 120 validation: rms_score=3.47532
Step 130 validation: rms_score=3.64025
Step 140 validation: rms_score=3.79781
Step 150 validation: rms_score=3.83988
Step 160 validation: rms_score=3.84756
Step 170 validation: rms_score=3.85704
Step 180 validation: rms_score=3.85214
Step 190 validation: rms_score=3.77986
Step 200 validation: rms_score=3.65506
Step 210 validation: rms_score=3.62392
Step 220 validation: rms_score=3.61048
Step 230 validation: rms_score=3.56714
Step 240 validation: rms_score=3.43928
Step 250 validation: rms_score=3.33102
 47%|████▋     | 7/15 [03:58<04:26, 33.37s/trial, best loss: 1.4471083535475422]Step 10 validation: rms_score=6.09174
Step 20 validation: rms_score=4.73271
Step 30 validation: rms_score=3.52283
Step 40 validation: rms_score=3.00242
Step 50 validation: rms_score=2.92128
Step 60 validation: rms_score=3.17542
Step 70 validation: rms_score=3.53838
Step 80 validation: rms_score=3.97875
Step 90 validation: rms_score=4.47145
Step 100 validation: rms_score=4.86493
Step 110 validation: rms_score=5.12395
Step 120 validation: rms_score=5.26597
Step 130 validation: rms_score=5.39234
Step 140 validation: rms_score=5.40582
Step 150 validation: rms_score=5.40246
Step 160 validation: rms_score=5.33358
Step 170 validation: rms_score=5.26897
Step 180 validation: rms_score=5.20795
Step 190 validation: rms_score=5.05208
Step 200 validation: rms_score=4.8361
Step 210 validation: rms_score=4.70102
Step 220 validation: rms_score=4.62584
Step 230 validation: rms_score=4.50892
Step 240 validation: rms_score=4.32776
Step 250 validation: rms_score=4.18904
 53%|█████▎    | 8/15 [04:29<03:48, 32.62s/trial, best loss: 1.4471083535475422]Step 10 validation: rms_score=6.69546
Step 20 validation: rms_score=5.39948
Step 30 validation: rms_score=4.33365
Step 40 validation: rms_score=3.73821
Step 50 validation: rms_score=3.35176
Step 60 validation: rms_score=3.23076
Step 70 validation: rms_score=3.26979
Step 80 validation: rms_score=3.46295
Step 90 validation: rms_score=3.71552
Step 100 validation: rms_score=3.98683
Step 110 validation: rms_score=4.20632
Step 120 validation: rms_score=4.22719
Step 130 validation: rms_score=4.34365
Step 140 validation: rms_score=4.40335
Step 150 validation: rms_score=4.41688
Step 160 validation: rms_score=4.38497
Step 170 validation: rms_score=4.3963
Step 180 validation: rms_score=4.36888
Step 190 validation: rms_score=4.25199
Step 200 validation: rms_score=4.13467
Step 210 validation: rms_score=3.96821
Step 220 validation: rms_score=3.80332
Step 230 validation: rms_score=3.66928
Step 240 validation: rms_score=3.53115
Step 250 validation: rms_score=3.38181
 60%|██████    | 9/15 [04:57<03:06, 31.13s/trial, best loss: 1.4471083535475422]Step 10 validation: rms_score=7.42902
Step 20 validation: rms_score=6.6724
Step 30 validation: rms_score=5.69091
Step 40 validation: rms_score=4.7698
Step 50 validation: rms_score=4.11799
Step 60 validation: rms_score=3.63872
Step 70 validation: rms_score=3.12058
Step 80 validation: rms_score=2.6635
Step 90 validation: rms_score=2.46369
Step 100 validation: rms_score=2.38418
Step 110 validation: rms_score=2.34315
Step 120 validation: rms_score=2.31887
Step 130 validation: rms_score=2.29962
Step 140 validation: rms_score=2.35578
Step 150 validation: rms_score=2.3749
Step 160 validation: rms_score=2.34727
Step 170 validation: rms_score=2.28869
Step 180 validation: rms_score=2.25131
Step 190 validation: rms_score=2.22111
Step 200 validation: rms_score=2.16821
Step 210 validation: rms_score=2.11629
Step 220 validation: rms_score=2.08344
Step 230 validation: rms_score=2.04612
Step 240 validation: rms_score=1.97102
Step 250 validation: rms_score=1.94565
 67%|██████▋   | 10/15 [05:34<02:45, 33.08s/trial, best loss: 1.4471083535475422]Step 10 validation: rms_score=7.3138
Step 20 validation: rms_score=6.57381
Step 30 validation: rms_score=5.72306
Step 40 validation: rms_score=5.06717
Step 50 validation: rms_score=4.57853
Step 60 validation: rms_score=4.03596
Step 70 validation: rms_score=3.62222
Step 80 validation: rms_score=3.27518
Step 90 validation: rms_score=3.05603
Step 100 validation: rms_score=2.94638
Step 110 validation: rms_score=2.85563
Step 120 validation: rms_score=2.80929
Step 130 validation: rms_score=2.7715
Step 140 validation: rms_score=2.70552
Step 150 validation: rms_score=2.65823
Step 160 validation: rms_score=2.59654
Step 170 validation: rms_score=2.55234
Step 180 validation: rms_score=2.51997
Step 190 validation: rms_score=2.46082
Step 200 validation: rms_score=2.3925
Step 210 validation: rms_score=2.31146
Step 220 validation: rms_score=2.21397
Step 230 validation: rms_score=2.15304
Step 240 validation: rms_score=2.08785
Step 250 validation: rms_score=1.95702
 73%|███████▎  | 11/15 [06:01<02:04, 31.02s/trial, best loss: 1.4471083535475422]Step 10 validation: rms_score=7.08275
Step 20 validation: rms_score=5.97328
Step 30 validation: rms_score=5.09014
Step 40 validation: rms_score=4.4311
Step 50 validation: rms_score=4.05697
Step 60 validation: rms_score=4.09095
Step 70 validation: rms_score=4.04032
Step 80 validation: rms_score=3.95425
Step 90 validation: rms_score=4.15577
Step 100 validation: rms_score=4.45694
Step 110 validation: rms_score=4.57912
Step 120 validation: rms_score=4.76035
Step 130 validation: rms_score=4.7608
Step 140 validation: rms_score=4.81939
Step 150 validation: rms_score=4.79237
Step 160 validation: rms_score=4.80124
Step 170 validation: rms_score=4.69444
Step 180 validation: rms_score=4.60894
Step 190 validation: rms_score=4.53505
Step 200 validation: rms_score=4.41515
Step 210 validation: rms_score=4.33024
Step 220 validation: rms_score=4.1247
Step 230 validation: rms_score=3.98171
Step 240 validation: rms_score=3.79517
Step 250 validation: rms_score=3.69254
 80%|████████  | 12/15 [06:28<01:29, 30.00s/trial, best loss: 1.4471083535475422]Step 10 validation: rms_score=7.21046
Step 20 validation: rms_score=5.62792
Step 30 validation: rms_score=4.45876
Step 40 validation: rms_score=3.65092
Step 50 validation: rms_score=3.28947
Step 60 validation: rms_score=3.2056
Step 70 validation: rms_score=3.24089
Step 80 validation: rms_score=3.31686
Step 90 validation: rms_score=3.40504
Step 100 validation: rms_score=3.54154
Step 110 validation: rms_score=3.67306
Step 120 validation: rms_score=3.77978
Step 130 validation: rms_score=3.80111
Step 140 validation: rms_score=3.77946
Step 150 validation: rms_score=3.74383
Step 160 validation: rms_score=3.63903
Step 170 validation: rms_score=3.55787
Step 180 validation: rms_score=3.47309
Step 190 validation: rms_score=3.34034
Step 200 validation: rms_score=3.20943
Step 210 validation: rms_score=3.11666
Step 220 validation: rms_score=2.97111
Step 230 validation: rms_score=2.80563
Step 240 validation: rms_score=2.71335
Step 250 validation: rms_score=2.57361
 87%|████████▋ | 13/15 [07:03<01:02, 31.37s/trial, best loss: 1.4471083535475422]Step 10 validation: rms_score=6.78832
Step 20 validation: rms_score=5.17096
Step 30 validation: rms_score=3.85763
Step 40 validation: rms_score=3.10915
Step 50 validation: rms_score=2.82244
Step 60 validation: rms_score=2.87435
Step 70 validation: rms_score=3.10707
Step 80 validation: rms_score=3.455
Step 90 validation: rms_score=3.74025
Step 100 validation: rms_score=3.99722
Step 110 validation: rms_score=4.2453
Step 120 validation: rms_score=4.39942
Step 130 validation: rms_score=4.48641
Step 140 validation: rms_score=4.56758
Step 150 validation: rms_score=4.58849
Step 160 validation: rms_score=4.56817
Step 170 validation: rms_score=4.45608
Step 180 validation: rms_score=4.39244
Step 190 validation: rms_score=4.24032
Step 200 validation: rms_score=4.05343
Step 210 validation: rms_score=3.89134
Step 220 validation: rms_score=3.71456
Step 230 validation: rms_score=3.60354
Step 240 validation: rms_score=3.43213
Step 250 validation: rms_score=3.23864
 93%|█████████▎| 14/15 [07:32<00:30, 30.64s/trial, best loss: 1.4471083535475422]Step 10 validation: rms_score=8.50498
Step 20 validation: rms_score=7.11713
Step 30 validation: rms_score=5.78282
Step 40 validation: rms_score=4.66846
Step 50 validation: rms_score=3.86216
Step 60 validation: rms_score=3.39905
Step 70 validation: rms_score=3.1612
Step 80 validation: rms_score=3.02988
Step 90 validation: rms_score=2.987
Step 100 validation: rms_score=2.93993
Step 110 validation: rms_score=2.92559
Step 120 validation: rms_score=2.85085
Step 130 validation: rms_score=2.79719
Step 140 validation: rms_score=2.77796
Step 150 validation: rms_score=2.6609
Step 160 validation: rms_score=2.57573
Step 170 validation: rms_score=2.5354
Step 180 validation: rms_score=2.50189
Step 190 validation: rms_score=2.41978
Step 200 validation: rms_score=2.31787
Step 210 validation: rms_score=2.2373
Step 220 validation: rms_score=2.16341
Step 230 validation: rms_score=2.07215
Step 240 validation: rms_score=1.97722
Step 250 validation: rms_score=1.91246
100%|██████████| 15/15 [07:59<00:00, 29.59s/trial, best loss: 1.4471083535475422]100%|██████████| 15/15 [07:59<00:00, 31.96s/trial, best loss: 1.4471083535475422]
SO4_react Best: {'dense': 0, 'dropout': 1, 'layers': 2}
 
Job Ended at Thu Apr  6 01:22:03 EDT 2023
