2023-04-06 01:12:36.729459: I tensorflow/core/platform/cpu_feature_guard.cc:193] This TensorFlow binary is optimized with oneAPI Deep Neural Network Library (oneDNN) to use the following CPU instructions in performance-critical operations:  AVX2 FMA
To enable them in other operations, rebuild TensorFlow with the appropriate compiler flags.
2023-04-06 01:12:44.611410: W tensorflow/compiler/xla/stream_executor/platform/default/dso_loader.cc:64] Could not load dynamic library 'libcudart.so.11.0'; dlerror: libcudart.so.11.0: cannot open shared object file: No such file or directory
2023-04-06 01:12:44.611929: I tensorflow/compiler/xla/stream_executor/cuda/cudart_stub.cc:29] Ignore above cudart dlerror if you do not have a GPU set up on your machine.
2023-04-06 01:13:03.331743: W tensorflow/compiler/xla/stream_executor/platform/default/dso_loader.cc:64] Could not load dynamic library 'libnvinfer.so.7'; dlerror: libnvinfer.so.7: cannot open shared object file: No such file or directory
2023-04-06 01:13:03.332090: W tensorflow/compiler/xla/stream_executor/platform/default/dso_loader.cc:64] Could not load dynamic library 'libnvinfer_plugin.so.7'; dlerror: libnvinfer_plugin.so.7: cannot open shared object file: No such file or directory
2023-04-06 01:13:03.332112: W tensorflow/compiler/tf2tensorrt/utils/py_utils.cc:38] TF-TRT Warning: Cannot dlopen some TensorRT libraries. If you would like to use Nvidia GPU with TensorRT, please make sure the missing libraries mentioned above are installed properly.
/ocean/projects/cts180021p/shang9/miniconda/miniconda3/envs/ml_echem/lib/python3.7/site-packages/torchvision/io/image.py:13: UserWarning: Failed to load image Python extension: libc10_cuda.so: cannot open shared object file: No such file or directory
  warn(f"Failed to load image Python extension: {e}")
Skipped loading some Jax models, missing a dependency. No module named 'jax'
[01:13:57] WARNING: not removing hydrogen atom without neighbors
2023-04-06 01:13:59.083323: W tensorflow/compiler/xla/stream_executor/platform/default/dso_loader.cc:64] Could not load dynamic library 'libcuda.so.1'; dlerror: libcuda.so.1: cannot open shared object file: No such file or directory
2023-04-06 01:13:59.141217: W tensorflow/compiler/xla/stream_executor/cuda/cuda_driver.cc:265] failed call to cuInit: UNKNOWN ERROR (303)
2023-04-06 01:13:59.141567: I tensorflow/compiler/xla/stream_executor/cuda/cuda_diagnostics.cc:156] kernel driver does not appear to be running on this host (r015.ib.bridges2.psc.edu): /proc/driver/nvidia/version does not exist
2023-04-06 01:13:59.218259: I tensorflow/core/platform/cpu_feature_guard.cc:193] This TensorFlow binary is optimized with oneAPI Deep Neural Network Library (oneDNN) to use the following CPU instructions in performance-critical operations:  AVX2 FMA
To enable them in other operations, rebuild TensorFlow with the appropriate compiler flags.
[01:14:33] WARNING: not removing hydrogen atom without neighbors
[01:15:13] WARNING: not removing hydrogen atom without neighbors
[01:15:43] WARNING: not removing hydrogen atom without neighbors
[01:16:13] WARNING: not removing hydrogen atom without neighbors
[01:16:43] WARNING: not removing hydrogen atom without neighbors
[01:17:29] WARNING: not removing hydrogen atom without neighbors
[01:17:55] WARNING: not removing hydrogen atom without neighbors
[01:18:27] WARNING: not removing hydrogen atom without neighbors
[01:18:54] WARNING: not removing hydrogen atom without neighbors
[01:19:32] WARNING: not removing hydrogen atom without neighbors
[01:19:58] WARNING: not removing hydrogen atom without neighbors
[01:20:26] WARNING: not removing hydrogen atom without neighbors
[01:21:00] WARNING: not removing hydrogen atom without neighbors
[01:21:29] WARNING: not removing hydrogen atom without neighbors
