Job started on r177.ib.bridges2.psc.edu at Mon Apr 10 09:19:19 EDT 2023
Namespace(data_path='/ocean/projects/cts180021p/shang9/molecules/pretrainLCA/finalized/data/o_gnn_input/BCF/raw/data.csv', dense=1, dropout=0, folder_idx=2, layer=2, split_folder='/ocean/projects/cts180021p/shang9/molecules/pretrainLCA/finalized/model/feature-based/result_1/BCF/')
kfold index: 0
Epoch 10 : train  1.1890364146490107 , valid  1.3039129436235468 , test  1.3813737672557018 

Epoch 20 : train  0.9053382401401538 , valid  1.1814204093040672 , test  1.2328099125179557 

Epoch 30 : train  0.6941743278302688 , valid  1.0734139520374484 , test  1.140904285059149 

Epoch 40 : train  0.4620805905322512 , valid  1.1088345050708581 , test  1.0974706870041182 

Epoch 50 : train  0.4334531790823181 , valid  1.0461472405119316 , test  1.0223312604634653 

Epoch 60 : train  0.3161548106159247 , valid  1.043911668490419 , test  0.9898015748244822 

Epoch 70 : train  0.2592556857794015 , valid  1.0672583668701414 , test  1.0140971961267662 

Epoch 80 : train  0.23317110233361377 , valid  1.032920604948825 , test  0.9490330629174702 

Epoch 90 : train  0.24055502319146796 , valid  1.0017820663514834 , test  0.9380216249773627 

Epoch 100 : train  0.2562954069252219 , valid  1.0182855180936459 , test  0.9399829020512119 

Epoch 110 : train  0.20647943161864787 , valid  0.9867825505058101 , test  0.9309527875516144 

Epoch 120 : train  0.19490367004471412 , valid  0.9785549134286498 , test  0.9395810709365259 

Epoch 130 : train  0.18744198908532625 , valid  1.0028692914279957 , test  0.9403758317788021 

Epoch 140 : train  0.17622004060072927 , valid  0.976598267634445 , test  0.9530793640432926 

Epoch 150 : train  0.1737061110254656 , valid  0.9795787348775318 , test  0.9231371612251346 

Epoch 160 : train  0.1761136299698243 , valid  0.9660936154770282 , test  0.9274172426850997 

Epoch 170 : train  0.16719429986717002 , valid  0.9762579431872045 , test  0.9216583488318126 

Epoch 180 : train  0.20561010349954098 , valid  0.9835585792102072 , test  0.9276885761702144 

Epoch 190 : train  0.17614218610143073 , valid  0.9610261416490969 , test  0.9021522942261219 

Epoch 200 : train  0.23007446778458335 , valid  0.9919683675864013 , test  0.9343528027730352 

Epoch 210 : train  0.17483364032183743 , valid  0.9872152399379674 , test  0.9027169309411055 

Epoch 220 : train  0.19096831960039723 , valid  0.9522109851985604 , test  0.89704705780856 

Epoch 230 : train  0.15473782102270123 , valid  0.9809905361111889 , test  0.921180494532255 

Epoch 240 : train  0.1330311234027245 , valid  0.9775496231774152 , test  0.9186393998019484 

Epoch 250 : train  0.16061901642235854 , valid  0.977574108173471 , test  0.8961751184502902 

Epoch 260 : train  0.1657440376132509 , valid  0.9652210538867422 , test  0.9120910864071194 

Epoch 270 : train  0.15194902235613877 , valid  0.9689514236673075 , test  0.8887093671822826 

Epoch 280 : train  0.1493910368470399 , valid  0.9724088421282694 , test  0.8847452980753636 

Epoch 290 : train  0.18266696926115375 , valid  0.9777080556650032 , test  0.9173309627123163 

Epoch 300 : train  0.12915297659388153 , valid  0.9787624338181252 , test  0.8932908316704244 

Epoch 310 : train  0.13412067784845688 , valid  0.9496317142499646 , test  0.887690274711342 

Epoch 320 : train  0.150125120485593 , valid  0.9478060502134 , test  0.898951836172469 

Epoch 330 : train  0.12789151533127943 , valid  0.9294445954428292 , test  0.8824135629715845 

Epoch 340 : train  0.13385076847990454 , valid  0.9184008347417992 , test  0.8758879777130444 

Epoch 350 : train  0.1307124454592112 , valid  0.9507902163942619 , test  0.8867902237840456 

Epoch 360 : train  0.12497135543218853 , valid  0.9387657708592911 , test  0.8741222492633565 

Epoch 370 : train  0.11555756137586169 , valid  0.9411369699866629 , test  0.8717233396103738 

Epoch 380 : train  0.1204086681970318 , valid  0.9467750229499131 , test  0.8640375202874943 

Epoch 390 : train  0.11739262762618213 , valid  0.9025796789535228 , test  0.8570000413965884 

Epoch 400 : train  0.15244381746663135 , valid  0.9199151610090547 , test  0.8753604428633748 

Epoch 410 : train  0.13852420802533458 , valid  0.9180585864856403 , test  0.8695997462621115 

Epoch 420 : train  0.13127789904629725 , valid  0.9471437095626377 , test  0.8847069045256367 

Epoch 430 : train  0.18647595346837673 , valid  0.9307774738435397 , test  0.8913034286582378 

Epoch 440 : train  0.12534055705687758 , valid  0.950037834765205 , test  0.876969360691373 

Epoch 450 : train  0.12274828773011398 , valid  0.9158487332365146 , test  0.8823258390810879 

Epoch 460 : train  0.11347282837293259 , valid  0.913469580367251 , test  0.877737749312369 

Epoch 470 : train  0.12205927880189119 , valid  0.9260846692561698 , test  0.881069285217386 

Epoch 480 : train  0.12753690882147845 , valid  0.9499157617772431 , test  0.8905745837360896 

Epoch 490 : train  0.141296464237302 , valid  0.9368565637110758 , test  0.8839621574653386 

Epoch 500 : train  0.1260317928709273 , valid  0.9160478364280435 , test  0.8702530484854228 

Epoch 510 : train  0.11862872282808296 , valid  0.942031262229512 , test  0.8798428943804604 

Epoch 520 : train  0.12863030218859572 , valid  0.9255769956135946 , test  0.8629748835482719 

Epoch 530 : train  0.12232608065651204 , valid  0.92782320865204 , test  0.8664780288221309 

Epoch 540 : train  0.12044038087933326 , valid  0.9151999639223253 , test  0.8649719720283056 

Epoch 550 : train  0.14216623241438142 , valid  0.9323590557195345 , test  0.855432401388172 

Epoch 560 : train  0.11246666437684237 , valid  0.904685311474462 , test  0.86910735979155 

Epoch 570 : train  0.12420433611913843 , valid  0.9290777542806616 , test  0.8642649084855193 

Epoch 580 : train  0.18553414646128918 , valid  0.91596669875545 , test  0.8721928290286173 

Epoch 590 : train  0.11685958103772714 , valid  0.9218122451334247 , test  0.8588238156715801 

Epoch 600 : train  0.11673605793365291 , valid  0.9286684408346737 , test  0.8702258023847916 

Epoch 610 : train  0.10486639645116425 , valid  0.9119042182729722 , test  0.8656166643198427 

Epoch 620 : train  0.12814716150368372 , valid  0.9114177750415805 , test  0.8489979046515324 

Epoch 630 : train  0.10246065532415982 , valid  0.902221469351186 , test  0.866200774273815 

Epoch 640 : train  0.13429244357896636 , valid  0.919131671359924 , test  0.86357138608762 

Epoch 650 : train  0.10758527275331685 , valid  0.9153133652499251 , test  0.8853041336967521 

Epoch 660 : train  0.1078252315857403 , valid  0.9055501901921499 , test  0.8717459035402327 

Epoch 670 : train  0.12480574906151103 , valid  0.8932585717144242 , test  0.8774199458973674 

Epoch 680 : train  0.10635677865677862 , valid  0.9322669195056561 , test  0.8759189197455713 

Epoch 690 : train  0.09255899316016988 , valid  0.9082292825328835 , test  0.8668317915031424 

Epoch 700 : train  0.1341028614036046 , valid  0.9145572337703974 , test  0.8740897227095743 

Epoch 710 : train  0.10970580976456798 , valid  0.9233585257954185 , test  0.8695098195233714 

Epoch 720 : train  0.10386390698410569 , valid  0.9126617825461983 , test  0.8721823236785157 

Epoch 730 : train  0.09201411714527256 , valid  0.926638219783351 , test  0.8711172451324383 

Epoch 740 : train  0.10786839489881046 , valid  0.9269884962480485 , test  0.890448315799409 

Epoch 750 : train  0.10438394691584815 , valid  0.924755875665249 , test  0.8814188617408317 

Epoch 760 : train  0.16978126889258646 , valid  0.9465303619720975 , test  0.8855972034002416 

Epoch 770 : train  0.09721744321426976 , valid  0.9231411715116521 , test  0.8821762035811179 

Epoch 780 : train  0.09698082522507287 , valid  0.8940132098844233 , test  0.8689494512245298 

Epoch 790 : train  0.1349929041072829 , valid  0.9054912791559091 , test  0.8680126715832371 

Epoch 800 : train  0.13882799403415585 , valid  0.9076034747303603 , test  0.8901056119481916 

Epoch 810 : train  0.13753313506257378 , valid  0.9135322240979646 , test  0.8751295638735618 

Epoch 820 : train  0.11542172792282655 , valid  0.9073347157771796 , test  0.8545248822580075 

Epoch 830 : train  0.10123670201490313 , valid  0.9013189707379264 , test  0.8499022090911248 

Epoch 840 : train  0.10195224272730145 , valid  0.8829765253879152 , test  0.8618420164796748 

Epoch 850 : train  0.14911147581685336 , valid  0.9025237795856987 , test  0.8707062414405458 

Epoch 860 : train  0.10234589963160563 , valid  0.8951624196698786 , test  0.8624256515791757 

Epoch 870 : train  0.09836607616989201 , valid  0.9001296426606197 , test  0.8645315277689691 

Epoch 880 : train  0.09024200570954118 , valid  0.8880907110401555 , test  0.8624715287417012 

Epoch 890 : train  0.09613502604234923 , valid  0.8853723367905337 , test  0.8527686951149931 

Epoch 900 : train  0.09739544970843377 , valid  0.8657357288957129 , test  0.8395709338294761 

Epoch 910 : train  0.13352157622280242 , valid  0.8710763041924569 , test  0.8481555827181534 

Epoch 920 : train  0.09407379639116965 , valid  0.8759023189997327 , test  0.8371690697496285 

Epoch 930 : train  0.1108767780737855 , valid  0.9055348371081094 , test  0.828654863672938 

Epoch 940 : train  0.1116001981922821 , valid  0.8948392447625533 , test  0.8478850825158715 

Epoch 950 : train  0.09183491480598552 , valid  0.8797643582819409 , test  0.8552365052554408 

Epoch 960 : train  0.09122630109309007 , valid  0.8749110776994085 , test  0.85332182965765 

Epoch 970 : train  0.10581499986572847 , valid  0.9080362136538724 , test  0.8658347001285163 

Epoch 980 : train  0.09095425408539626 , valid  0.8676099253380972 , test  0.8530585269053652 

Epoch 990 : train  0.09029484268583024 , valid  0.8782674903651359 , test  0.8574284769343766 

Epoch 1000 : train  0.09916862030972634 , valid  0.8521180030849308 , test  0.8610843473069774 

best valid loss: 0.8521180030849308
best test loss: 0.8610843473069774
kfold index: 1
Epoch 10 : train  0.990508547203685 , valid  1.1741192290263802 , test  1.1756050985749305 

Epoch 20 : train  0.8586604966548801 , valid  1.1314478250000866 , test  1.0806571083423244 

Epoch 30 : train  0.7287628480943892 , valid  1.0494109807683194 , test  0.9977147660793023 

Epoch 40 : train  0.5598648064245758 , valid  1.0143073270297713 , test  0.9664264566382779 

Epoch 50 : train  0.3910614242764517 , valid  0.9960621395449173 , test  0.9600419359005219 

Epoch 60 : train  0.3104067926091239 , valid  0.963624645829195 , test  0.9613501727385554 

Epoch 70 : train  0.23614526869418279 , valid  0.9599348858136523 , test  0.9420303594801156 

Epoch 80 : train  0.19940223644311753 , valid  0.9522776636346995 , test  0.940809304067561 

Epoch 90 : train  0.21593343875753707 , valid  0.9642183366588237 , test  0.9743177130287813 

Epoch 100 : train  0.19451796201075666 , valid  0.9697872393280326 , test  0.9558872944185294 

Epoch 110 : train  0.19047027310395104 , valid  0.9221189001584328 , test  0.9451075302309306 

Epoch 120 : train  0.17631520173239823 , valid  0.9380861927197908 , test  0.9447090568705353 

Epoch 130 : train  0.16430719311952535 , valid  0.9144860831020991 , test  0.958506703930712 

Epoch 140 : train  0.17076812483474055 , valid  0.905378840516882 , test  0.927050670365722 

Epoch 150 : train  0.15212702606503686 , valid  0.9343401688716599 , test  0.9481673011645906 

Epoch 160 : train  0.19830238436810985 , valid  0.9231353028474102 , test  0.9528163747968378 

Epoch 170 : train  0.1576565194232468 , valid  0.9166042839983154 , test  0.9377356855219112 

Epoch 180 : train  0.14539559032441077 , valid  0.9106714060221763 , test  0.9391074374957885 

Epoch 190 : train  0.13142079687437858 , valid  0.900762664949906 , test  0.9380490857770687 

Epoch 200 : train  0.1279224960429401 , valid  0.9285713208199524 , test  0.9424023203381428 

Epoch 210 : train  0.13501998119109807 , valid  0.9265660042744118 , test  0.9515492307859685 

Epoch 220 : train  0.13377718470388159 , valid  0.9068743325577918 , test  0.9345153137758299 

Epoch 230 : train  0.142853002424049 , valid  0.9148383382932217 , test  0.9479984076672995 

Epoch 240 : train  0.12420683965580924 , valid  0.9152799986352075 , test  0.9499676101263991 

Epoch 250 : train  0.13019583571096327 , valid  0.9012953170588001 , test  0.9540685812546138 

Epoch 260 : train  0.12572695561367872 , valid  0.8976020725256398 , test  0.9447965946466154 

Epoch 270 : train  0.11921594747187643 , valid  0.8896038482388643 , test  0.9195325420859433 

Epoch 280 : train  0.1169085670474574 , valid  0.9033695276828967 , test  0.91788349006373 

Epoch 290 : train  0.13677240427683138 , valid  0.9159746233557412 , test  0.9532144258259273 

Epoch 300 : train  0.12600266163476218 , valid  0.896827159662863 , test  0.9456972753812813 

Epoch 310 : train  0.11821593294915754 , valid  0.9007822708067074 , test  0.9453775846938852 

Epoch 320 : train  0.13714177123470384 , valid  0.8977147361668059 , test  0.9288344999002627 

Epoch 330 : train  0.1183505016746115 , valid  0.8968151166808745 , test  0.9349290722979967 

Epoch 340 : train  0.1210729702820937 , valid  0.9082547126058496 , test  0.9297638651367462 

Epoch 350 : train  0.10916960024819775 , valid  0.9048415801391553 , test  0.9355279689792575 

Epoch 360 : train  0.11200997307585187 , valid  0.8860504741914443 , test  0.9184656592724393 

Epoch 370 : train  0.10390208817649581 , valid  0.8999114896237944 , test  0.9362674204951253 

Epoch 380 : train  0.10761362452128358 , valid  0.8907800686195732 , test  0.9169397593677365 

Epoch 390 : train  0.11088535547155957 , valid  0.8844739103607568 , test  0.9188450829496888 

Epoch 400 : train  0.10808175049594754 , valid  0.8827000421498759 , test  0.9222289173682551 

Epoch 410 : train  0.10930808130731627 , valid  0.8815499638706517 , test  0.9084883808079516 

Epoch 420 : train  0.1225283375915184 , valid  0.8891987761810999 , test  0.9299083607934148 

Epoch 430 : train  0.10441927407723123 , valid  0.8763859781720469 , test  0.9193139000522265 

Epoch 440 : train  0.11224517475940307 , valid  0.9001214951173107 , test  0.9194716241205921 

Epoch 450 : train  0.09995948741704584 , valid  0.8814925885378427 , test  0.9187082977938955 

Epoch 460 : train  0.10568438749838249 , valid  0.8896364583509999 , test  0.9338359237879393 

Epoch 470 : train  0.12377268968057502 , valid  0.874261975769237 , test  0.9063509419793357 

Epoch 480 : train  0.10512969032769733 , valid  0.8620790873763998 , test  0.9047878341036892 

Epoch 490 : train  0.12012457649011804 , valid  0.8816857638269888 , test  0.9071732861550299 

Epoch 500 : train  0.13413648129630354 , valid  0.8855135239958994 , test  0.9132356321545032 

Epoch 510 : train  0.11916068932665572 , valid  0.8849869958522233 , test  0.9201854532924773 

Epoch 520 : train  0.10394138811906868 , valid  0.8737059416994395 , test  0.9050109106477356 

Epoch 530 : train  0.10018609480334191 , valid  0.8560918340814591 , test  0.9013156920202766 

Epoch 540 : train  0.10112954772267883 , valid  0.8599356135808583 , test  0.8872079615619941 

Epoch 550 : train  0.09267868767968931 , valid  0.8695058820754787 , test  0.8973640890727516 

Epoch 560 : train  0.11276610342969011 , valid  0.8861575554807772 , test  0.9056223623763606 

Epoch 570 : train  0.11669793632382834 , valid  0.885382375755747 , test  0.8934512403819843 

Epoch 580 : train  0.1034641106089352 , valid  0.8745328358605156 , test  0.8927299419412564 

Epoch 590 : train  0.09372946679716933 , valid  0.8881228810394315 , test  0.8958147390005781 

Epoch 600 : train  0.09890721234716453 , valid  0.8871737234002217 , test  0.8898802733842285 

Epoch 610 : train  0.09655597552987204 , valid  0.8867262047525079 , test  0.8819916751137921 

Epoch 620 : train  0.094033788429587 , valid  0.8985134834007449 , test  0.9042774134109971 

Epoch 630 : train  0.0935249042252368 , valid  0.8878481290807292 , test  0.8981255298215034 

Epoch 640 : train  0.11148668867907195 , valid  0.8778142960614131 , test  0.8891161590903154 

Epoch 650 : train  0.09581835886649503 , valid  0.9006736672073706 , test  0.9037803229720638 

Epoch 660 : train  0.09293989522278126 , valid  0.8784270282613054 , test  0.888579220291848 

Epoch 670 : train  0.10916329604702679 , valid  0.8801605339547418 , test  0.8923880061431968 

Epoch 680 : train  0.10212570616306908 , valid  0.8809736794652032 , test  0.9033842446471054 

Epoch 690 : train  0.10088497062890298 , valid  0.8803657750234642 , test  0.8964885676234609 

Epoch 700 : train  0.11544058210231796 , valid  0.8968617744296247 , test  0.8990773191570846 

Epoch 710 : train  0.09940550731216669 , valid  0.8766652207835183 , test  0.8965680660494908 

Epoch 720 : train  0.09209428030721475 , valid  0.8800752626244752 , test  0.8899327682723656 

Epoch 730 : train  0.08911902846101921 , valid  0.8921388752624411 , test  0.9027937723511721 

Epoch 740 : train  0.09427036526160736 , valid  0.8812113687022237 , test  0.9065911685024536 

Epoch 750 : train  0.11616357828878347 , valid  0.9004139148701945 , test  0.9105524614935554 

Epoch 760 : train  0.09141784402116473 , valid  0.8733435144192104 , test  0.8947641576820906 

Epoch 770 : train  0.08402034183051803 , valid  0.8783009596565244 , test  0.8816254710300094 

Epoch 780 : train  0.0846812992022163 , valid  0.9045643403412373 , test  0.9074328939765566 

Epoch 790 : train  0.08207460928568353 , valid  0.9145058732174057 , test  0.9080588294516891 

Epoch 800 : train  0.11492203718429701 , valid  0.9071264918875732 , test  0.9114437810018016 

Epoch 810 : train  0.09103621994377589 , valid  0.8874101778461054 , test  0.9019277851539688 

Epoch 820 : train  0.10688860395350465 , valid  0.8958065788074149 , test  0.9055306542147213 

Epoch 830 : train  0.09094837376467856 , valid  0.8860337567156888 , test  0.9075146977974372 

Epoch 840 : train  0.08673241742762777 , valid  0.8997748029054703 , test  0.9125729519902445 

Epoch 850 : train  0.08816931019573192 , valid  0.905751007257114 , test  0.9093375002457266 

Epoch 860 : train  0.09273131970815934 , valid  0.913874018157631 , test  0.8966151744526332 

Epoch 870 : train  0.08619719662342484 , valid  0.9049613684915021 , test  0.9046416281137742 

Epoch 880 : train  0.09412589357621165 , valid  0.9068051718098654 , test  0.9055267071016404 

Epoch 890 : train  0.08986353217512369 , valid  0.8941494174881573 , test  0.8840140887118607 

Epoch 900 : train  0.09396967718268985 , valid  0.9048191506366828 , test  0.9073864718077401 

Epoch 910 : train  0.08314210353491405 , valid  0.913504947370156 , test  0.9037554849588083 

Epoch 920 : train  0.10938712142192711 , valid  0.9119947642135444 , test  0.9059193123820019 

Epoch 930 : train  0.08329911483611713 , valid  0.9010628689882791 , test  0.897036259118551 

Epoch 940 : train  0.09646657003857362 , valid  0.9134693592286992 , test  0.8966940021971672 

Epoch 950 : train  0.1004786165847588 , valid  0.8888454371254683 , test  0.8886809206808766 

Epoch 960 : train  0.08983206857111091 , valid  0.901484695788347 , test  0.893308148226174 

Epoch 970 : train  0.10022340674430448 , valid  0.9044375971603525 , test  0.9046161995039027 

Epoch 980 : train  0.10599339450412726 , valid  0.9014110779349138 , test  0.884974346151088 

Epoch 990 : train  0.09483585231822425 , valid  0.8888504025288405 , test  0.8919538615691759 

Epoch 1000 : train  0.09363143022449785 , valid  0.8965308434723143 , test  0.8997395079438721 

best valid loss: 0.8560918340814591
best test loss: 0.9013156920202766
kfold index: 2
Epoch 10 : train  1.1562096475007317 , valid  1.2614953993991722 , test  1.2912882060086464 

Epoch 20 : train  0.8932689865880032 , valid  1.0056787818087138 , test  1.085171945564509 

Epoch 30 : train  0.7596819116818436 , valid  0.943841301009902 , test  1.0215167806210945 

Epoch 40 : train  0.608662741857248 , valid  0.9905823839882835 , test  1.063500546862196 

Epoch 50 : train  0.4344500555872663 , valid  0.9307159132102955 , test  0.9680436297937102 

Epoch 60 : train  0.307234331903724 , valid  0.9405015767310285 , test  0.929007660148165 

Epoch 70 : train  0.2733929045860412 , valid  0.9403015198558294 , test  0.9764739444595543 

Epoch 80 : train  0.23555478789834886 , valid  0.9379116179991032 , test  0.9543421286234492 

Epoch 90 : train  0.2270841393595509 , valid  0.9166392710237236 , test  0.9305189584336205 

Epoch 100 : train  0.1893789884981029 , valid  0.9172278221996979 , test  0.9417264126572042 

Epoch 110 : train  0.20136844307092247 , valid  0.9555463870198311 , test  0.947033437413226 

Epoch 120 : train  0.1888917048988326 , valid  0.9060756187421157 , test  0.9575473497355783 

Epoch 130 : train  0.18643181296559785 , valid  0.8753717957370983 , test  0.9450925411024474 

Epoch 140 : train  0.21327530309717355 , valid  0.8909901886426596 , test  0.9422747860616819 

Epoch 150 : train  0.18952353817422568 , valid  0.8987111002587909 , test  0.9634722562381464 

Epoch 160 : train  0.15058634370055318 , valid  0.8765835476281828 , test  0.9479298133458098 

Epoch 170 : train  0.18660456805206452 , valid  0.8761837401228812 , test  0.9407849391700928 

Epoch 180 : train  0.15998135833743177 , valid  0.8521373686156395 , test  0.9185276186252673 

Epoch 190 : train  0.16372116290157276 , valid  0.8746776754268851 , test  0.9326291112955969 

Epoch 200 : train  0.14625989458861266 , valid  0.880067236980671 , test  0.9343306885477665 

Epoch 210 : train  0.14028566961900316 , valid  0.8415773143457378 , test  0.9110974261999194 

Epoch 220 : train  0.153935265396383 , valid  0.8333395361794242 , test  0.9162658383651308 

Epoch 230 : train  0.1383633845319505 , valid  0.8606927856631134 , test  0.9152268438016323 

Epoch 240 : train  0.1604526418257808 , valid  0.8657595925335557 , test  0.9124826478502835 

Epoch 250 : train  0.13310563893654268 , valid  0.8504946988351508 , test  0.9124544937672454 

Epoch 260 : train  0.14007836564590698 , valid  0.837195503916891 , test  0.9161127399844905 

Epoch 270 : train  0.14833676257704867 , valid  0.8476354176151193 , test  0.9249738613861557 

Epoch 280 : train  0.1328154985099161 , valid  0.8450193988957614 , test  0.9156594374477903 

Epoch 290 : train  0.13284967332169056 , valid  0.8806196930232746 , test  0.9330916176510692 

Epoch 300 : train  0.12421991685617205 , valid  0.8600775653760251 , test  0.9114677482992528 

Epoch 310 : train  0.1405783866132621 , valid  0.8806331469792763 , test  0.9223215210820174 

Epoch 320 : train  0.1408773146622382 , valid  0.8838471644886724 , test  0.9334436107756426 

Epoch 330 : train  0.12833026491742192 , valid  0.865880480232996 , test  0.9250073906197808 

Epoch 340 : train  0.1254017333697673 , valid  0.8581349192564373 , test  0.9170243834066737 

Epoch 350 : train  0.11727839690023148 , valid  0.8714054292489969 , test  0.9189609033678902 

Epoch 360 : train  0.10988085842201917 , valid  0.8724147854247762 , test  0.9289686299721956 

Epoch 370 : train  0.1063934314811157 , valid  0.8620358658483568 , test  0.914319299690529 

Epoch 380 : train  0.10836347958190691 , valid  0.8607840537444436 , test  0.9132095224194413 

Epoch 390 : train  0.13532897673537714 , valid  0.8803296399170933 , test  0.9330244502142823 

Epoch 400 : train  0.12128476420424224 , valid  0.8644765348776522 , test  0.9251827223590803 

Epoch 410 : train  0.12655273844092632 , valid  0.8803765412826504 , test  0.9329871750828896 

Epoch 420 : train  0.12300806853135957 , valid  0.8686112600742887 , test  0.9168048458094459 

Epoch 430 : train  0.12361657214341475 , valid  0.8712687700117793 , test  0.9175246955239282 

Epoch 440 : train  0.11452779590704136 , valid  0.8686588364214322 , test  0.925576590349346 

Epoch 450 : train  0.11183897693547963 , valid  0.8630918670961706 , test  0.9137049416511475 

Epoch 460 : train  0.11401901792933551 , valid  0.8371673165992239 , test  0.9066232397737799 

Epoch 470 : train  0.10276234463588681 , valid  0.85611550734378 , test  0.9021346576059978 

Epoch 480 : train  0.10728227956799273 , valid  0.8766682239584904 , test  0.9216678817665783 

Epoch 490 : train  0.10391568703906515 , valid  0.886722130790189 , test  0.9284680267511207 

Epoch 500 : train  0.10836008931555009 , valid  0.8625969366937586 , test  0.9032894133656663 

Epoch 510 : train  0.16648054553899175 , valid  0.8813199340831619 , test  0.925265487250314 

Epoch 520 : train  0.11468252294402202 , valid  0.8678403675769263 , test  0.894077634931296 

Epoch 530 : train  0.11142355317469674 , valid  0.8779560259438469 , test  0.9147053414517571 

Epoch 540 : train  0.11359835652098563 , valid  0.8735297417130342 , test  0.9128375438455827 

Epoch 550 : train  0.10338054416772478 , valid  0.8701933552968388 , test  0.9265961813426246 

Epoch 560 : train  0.10938807732935994 , valid  0.8549010820688894 , test  0.915620454121679 

Epoch 570 : train  0.12289235510502114 , valid  0.8748339190438438 , test  0.9289841190316414 

Epoch 580 : train  0.11355416568010614 , valid  0.8542130029221273 , test  0.9081117808048619 

Epoch 590 : train  0.10595151989299784 , valid  0.8742376228548849 , test  0.9352696276417449 

Epoch 600 : train  0.0961400560832475 , valid  0.8458123640140867 , test  0.8991643130098825 

Epoch 610 : train  0.12201819374607781 , valid  0.8344030056118447 , test  0.8825485899757567 

Epoch 620 : train  0.10945172519283568 , valid  0.8545640667149603 , test  0.8770063462358144 

Epoch 630 : train  0.1074135651684167 , valid  0.8457401409264146 , test  0.8844512429473457 

Epoch 640 : train  0.1064392549522193 , valid  0.8506478994370723 , test  0.9148708888787489 

Epoch 650 : train  0.10898206587523931 , valid  0.8541498538986195 , test  0.938167802918983 

Epoch 660 : train  0.11069962876310875 , valid  0.8450575463021953 , test  0.914755212103512 

Epoch 670 : train  0.09589237322753476 , valid  0.8504169180441401 , test  0.9015631842424252 

Epoch 680 : train  0.09592564214835841 , valid  0.8441962747196167 , test  0.9117677861440232 

Epoch 690 : train  0.1031240627375968 , valid  0.8561759606769938 , test  0.9195862651437703 

Epoch 700 : train  0.10077303796646064 , valid  0.8438903771122253 , test  0.9112285816437143 

Epoch 710 : train  0.09717431280257184 , valid  0.8422049628728917 , test  0.8958694275754584 

Epoch 720 : train  0.09461927620019957 , valid  0.8256582299411718 , test  0.8806558511343668 

Epoch 730 : train  0.09347172296963095 , valid  0.8395023990048835 , test  0.9082127944761647 

Epoch 740 : train  0.10292859536182149 , valid  0.8343109106253702 , test  0.9087830725062127 

Epoch 750 : train  0.09346299299145899 , valid  0.8347981731580415 , test  0.8833549730209539 

Epoch 760 : train  0.10059902754487589 , valid  0.843087960885857 , test  0.9106189274421311 

Epoch 770 : train  0.1027299242870242 , valid  0.8241260022134899 , test  0.9007984553714578 

Epoch 780 : train  0.0892563827846372 , valid  0.807469211720768 , test  0.8726555806458994 

Epoch 790 : train  0.09582050691049929 , valid  0.8257772824937921 , test  0.8929954149379842 

Epoch 800 : train  0.10165405806871619 , valid  0.8092806761276289 , test  0.8760699630824228 

Epoch 810 : train  0.10042185930642165 , valid  0.8196742070873216 , test  0.8907551487458581 

Epoch 820 : train  0.1071312841433182 , valid  0.822686141431931 , test  0.8866938887767094 

Epoch 830 : train  0.08690264294533762 , valid  0.8199462973025152 , test  0.8904769916110357 

Epoch 840 : train  0.12813043969458224 , valid  0.8337514470782521 , test  0.8919212885897176 

Epoch 850 : train  0.09614537190316093 , valid  0.826910357695622 , test  0.8875689380334543 

Epoch 860 : train  0.10174148814777059 , valid  0.8408832070803751 , test  0.9050289344285626 

Epoch 870 : train  0.10059655820235107 , valid  0.8334744972370449 , test  0.8804892296062511 

Epoch 880 : train  0.08741335627718717 , valid  0.8364040826996674 , test  0.881011448676886 

Epoch 890 : train  0.08920663054739962 , valid  0.8280451845985773 , test  0.8922574532078813 

Epoch 900 : train  0.13457855164550536 , valid  0.8364976296818494 , test  0.8927805423588998 

Epoch 910 : train  0.08987980388651211 , valid  0.8284141445490639 , test  0.8865776591798328 

Epoch 920 : train  0.09158093937423416 , valid  0.8469721772981037 , test  0.8769708913275087 

Epoch 930 : train  0.10210729151180768 , valid  0.8361854837972919 , test  0.8623332574358251 

Epoch 940 : train  0.09044483559128332 , valid  0.8343731275930057 , test  0.8778310857617301 

Epoch 950 : train  0.08908588544983938 , valid  0.8234441472978907 , test  0.8666880496635087 

Epoch 960 : train  0.09090872012711979 , valid  0.8432376559686628 , test  0.876075384779188 

Epoch 970 : train  0.08701628950215406 , valid  0.8469300539472301 , test  0.877875562029151 

Epoch 980 : train  0.10648390976296176 , valid  0.8403877133637089 , test  0.8779562690339878 

Epoch 990 : train  0.09781168347277253 , valid  0.8216396313070838 , test  0.8825229442652514 

Epoch 1000 : train  0.08998845212119916 , valid  0.8417677030320261 , test  0.8851212312404974 

best valid loss: 0.807469211720768
best test loss: 0.8726555806458994
kfold index: 3
Epoch 10 : train  1.075639417187106 , valid  1.207032602743573 , test  1.2766844373733008 

Epoch 20 : train  0.9574496288627917 , valid  1.1622303039147843 , test  1.1760931843843327 

Epoch 30 : train  0.8781351528642958 , valid  1.1393299761923197 , test  1.1908355111724407 

Epoch 40 : train  0.6813154940046476 , valid  1.0763625484609614 , test  1.142147550237137 

Epoch 50 : train  0.48932076201056707 , valid  1.0398499267720278 , test  1.071304712639499 

Epoch 60 : train  0.332779595101038 , valid  1.005167256277804 , test  1.0570446108083869 

Epoch 70 : train  0.2573639100205009 , valid  0.9896830118495953 , test  1.0164702355589286 

Epoch 80 : train  0.23704967248467668 , valid  1.0053282165289126 , test  1.0001530678171782 

Epoch 90 : train  0.22757520194794098 , valid  1.0076703583447773 , test  1.0095740357889713 

Epoch 100 : train  0.19534016733633092 , valid  0.985905393193459 , test  0.9824645420148668 

Epoch 110 : train  0.19463333097064842 , valid  0.9950552686111137 , test  0.9794140725193735 

Epoch 120 : train  0.17641223326703154 , valid  0.9750728565848408 , test  0.9921612719981773 

Epoch 130 : train  0.1845077715346539 , valid  0.9784833619285882 , test  0.9721265846157031 

Epoch 140 : train  0.16613269118460602 , valid  0.9403276754217459 , test  0.9542669969743054 

Epoch 150 : train  0.17148107978304278 , valid  0.9481769208654756 , test  0.9627445871877984 

Epoch 160 : train  0.16280753458096495 , valid  0.9323666973184637 , test  0.9509825002456364 

Epoch 170 : train  0.15090996846360968 , valid  0.9284076768687128 , test  0.9577676377987788 

Epoch 180 : train  0.15465133073897358 , valid  0.9591602652522253 , test  0.9269242261932441 

Epoch 190 : train  0.14121397134061472 , valid  0.9490892158109889 , test  0.936593349792968 

Epoch 200 : train  0.1564242638307757 , valid  0.9251946826474741 , test  0.9502406455536307 

Epoch 210 : train  0.12817979043235864 , valid  0.920802144165014 , test  0.9606866873513586 

Epoch 220 : train  0.13997411798219173 , valid  0.9143620403593846 , test  0.9658173262847797 

Epoch 230 : train  0.1303692495911671 , valid  0.9118732962569862 , test  0.974100769220023 

Epoch 240 : train  0.11791404755536228 , valid  0.9007875382326039 , test  0.9362918512065722 

Epoch 250 : train  0.13095169895574393 , valid  0.9099878076412958 , test  0.9410645404385244 

Epoch 260 : train  0.11872838102716546 , valid  0.9306630750188897 , test  0.9425298567386298 

Epoch 270 : train  0.11673829680617555 , valid  0.9008500679207068 , test  0.9358338540076181 

Epoch 280 : train  0.12347826485718988 , valid  0.9090589024537619 , test  0.9345332867541133 

Epoch 290 : train  0.12631082154340184 , valid  0.9289693054273557 , test  0.9338154392598855 

Epoch 300 : train  0.12209116578407755 , valid  0.9128762703835154 , test  0.9511199318470224 

Epoch 310 : train  0.11224314729119841 , valid  0.9236484930491091 , test  0.9542477988478875 

Epoch 320 : train  0.11209549859806464 , valid  0.8936241404498763 , test  0.9416750196390292 

Epoch 330 : train  0.12290016037553941 , valid  0.9140014860947724 , test  0.9527729905844892 

Epoch 340 : train  0.11814355025348941 , valid  0.9100888809848052 , test  0.9153068725694202 

Epoch 350 : train  0.10311561331941964 , valid  0.9316896435778618 , test  0.9282406899609211 

Epoch 360 : train  0.11853689335689652 , valid  0.9093379699164635 , test  0.9443892773391014 

Epoch 370 : train  0.11480268612298587 , valid  0.9259283743621696 , test  0.9321388528805268 

Epoch 380 : train  0.09703851900431483 , valid  0.9213974665161915 , test  0.9238330251053675 

Epoch 390 : train  0.0891532437037799 , valid  0.9157977045757513 , test  0.9206401305527873 

Epoch 400 : train  0.10499032516530027 , valid  0.9171259093637968 , test  0.9074471549877622 

Epoch 410 : train  0.11524344091366392 , valid  0.9129215411696503 , test  0.9247804808408842 

Epoch 420 : train  0.10029652125390176 , valid  0.910430098111355 , test  0.9214618727575338 

Epoch 430 : train  0.09906385982946392 , valid  0.9003309253814077 , test  0.9149860550219899 

Epoch 440 : train  0.10032055284936517 , valid  0.8855676258469571 , test  0.9347928407289852 

Epoch 450 : train  0.1050074889538122 , valid  0.8960317531058717 , test  0.931558107167085 

Epoch 460 : train  0.09759529357548083 , valid  0.89630477643317 , test  0.9099289459842971 

Epoch 470 : train  0.11549196271640709 , valid  0.9048395920397979 , test  0.9179026198650074 

Epoch 480 : train  0.09345480020624712 , valid  0.905807567342439 , test  0.9146314421461634 

Epoch 490 : train  0.10509509310812094 , valid  0.8965251445929061 , test  0.915033584463428 

Epoch 500 : train  0.09927686399527673 , valid  0.9112644139993122 , test  0.9365950014939888 

Epoch 510 : train  0.0886620192962795 , valid  0.8871040840338759 , test  0.9172776121730908 

Epoch 520 : train  0.10417544389096456 , valid  0.8923786816021926 , test  0.9071648781410279 

Epoch 530 : train  0.11412645046797597 , valid  0.911114213399053 , test  0.9216082561354282 

Epoch 540 : train  0.10638847709484402 , valid  0.889779340435001 , test  0.9357052113358695 

Epoch 550 : train  0.09508862419261284 , valid  0.8892498565608534 , test  0.919716652787607 

Epoch 560 : train  0.10522707885299032 , valid  0.9065955330076205 , test  0.912076775381454 

Epoch 570 : train  0.10236754563005723 , valid  0.8986894689426084 , test  0.9271551853160941 

Epoch 580 : train  0.09682480060224051 , valid  0.8816163191064322 , test  0.9350638637423809 

Epoch 590 : train  0.09864585019049087 , valid  0.8809581542735883 , test  0.9175467466419948 

Epoch 600 : train  0.11623109602602529 , valid  0.878329695698293 , test  0.9098396089999874 

Epoch 610 : train  0.09281720799321708 , valid  0.9005102446772759 , test  0.8989289924848212 

Epoch 620 : train  0.09367236259664068 , valid  0.8774092094613105 , test  0.8983457076195323 

Epoch 630 : train  0.10592406827199338 , valid  0.8825247177324144 , test  0.8966692200303572 

Epoch 640 : train  0.08904540638736982 , valid  0.8866285207346511 , test  0.9107869979221991 

Epoch 650 : train  0.08935275714265395 , valid  0.8810292372760365 , test  0.9041929455937797 

Epoch 660 : train  0.08967096804073832 , valid  0.8811976416321917 , test  0.8956443959858854 

Epoch 670 : train  0.08802368827548128 , valid  0.8670133576161623 , test  0.8938760864711817 

Epoch 680 : train  0.08901417997962675 , valid  0.8995370069658613 , test  0.9180596510449018 

Epoch 690 : train  0.08467961803049934 , valid  0.899376555087627 , test  0.8962783331043865 

Epoch 700 : train  0.09355656724611822 , valid  0.8977440024427114 , test  0.9110727377701234 

Epoch 710 : train  0.09300131378768194 , valid  0.8956457053452928 , test  0.8993825737330616 

Epoch 720 : train  0.08264570285228622 , valid  0.8913098867525425 , test  0.8992883318788284 

Epoch 730 : train  0.09215578066715677 , valid  0.8958102431277736 , test  0.8835669379861479 

Epoch 740 : train  0.08073134715499594 , valid  0.884404836706883 , test  0.8978834287759578 

Epoch 750 : train  0.12429324240990201 , valid  0.8957662803446149 , test  0.902851752220566 

Epoch 760 : train  0.094192682072559 , valid  0.8836384457368187 , test  0.8929483589586272 

Epoch 770 : train  0.08889283532506989 , valid  0.8767182745883529 , test  0.8879330729462526 

Epoch 780 : train  0.09812632041075851 , valid  0.8911289518464298 , test  0.8942033937805313 

Epoch 790 : train  0.09632053217968667 , valid  0.8949839619282735 , test  0.9013033637062673 

Epoch 800 : train  0.0893745406321465 , valid  0.9003273327711817 , test  0.9080741850528218 

Epoch 810 : train  0.10466650930780115 , valid  0.8875472431593714 , test  0.8793214535734505 

Epoch 820 : train  0.10236427790668089 , valid  0.8808466473040035 , test  0.8931928133968282 

Epoch 830 : train  0.09724199043177958 , valid  0.8765623689868333 , test  0.8938363655029673 

Epoch 840 : train  0.10585298801356503 , valid  0.8826574471812277 , test  0.8972529169327338 

Epoch 850 : train  0.08273595709019593 , valid  0.8753793731015861 , test  0.903442910868903 

Epoch 860 : train  0.09029519644098684 , valid  0.8771650560188514 , test  0.8904481621102535 

Epoch 870 : train  0.08704247275378683 , valid  0.8926918706575745 , test  0.8926429839315507 

Epoch 880 : train  0.08186226722210457 , valid  0.9002125038211617 , test  0.9038710989657998 

Epoch 890 : train  0.08018236341412166 , valid  0.8844042720493223 , test  0.8859338288353279 

Epoch 900 : train  0.10219700528483172 , valid  0.8804600765322977 , test  0.8801176215683167 

Epoch 910 : train  0.10063105988699163 , valid  0.8944965701609048 , test  0.8737023997022832 

Epoch 920 : train  0.08958580894105285 , valid  0.9119802616472443 , test  0.8842465928564924 

Epoch 930 : train  0.08179752527402094 , valid  0.8940333355094944 , test  0.8850357231546511 

Epoch 940 : train  0.08657607600834324 , valid  0.9086662105097324 , test  0.8826153057592913 

Epoch 950 : train  0.10163751068809082 , valid  0.9084734464466837 , test  0.9028178812567912 

Epoch 960 : train  0.09722505243418009 , valid  0.8931460059546741 , test  0.9007069212261399 

Epoch 970 : train  0.09786689254025853 , valid  0.8820596874730322 , test  0.8897751388553917 

Epoch 980 : train  0.08515536204808119 , valid  0.887492368972703 , test  0.8798576495708473 

Epoch 990 : train  0.09514531147227187 , valid  0.8862004034637291 , test  0.9156622627576105 

Epoch 1000 : train  0.09316652961126663 , valid  0.9031730690583065 , test  0.9101588818162497 

best valid loss: 0.8670133576161623
best test loss: 0.8938760864711817
kfold index: 4
Epoch 10 : train  1.08959981744197 , valid  1.2036301630362565 , test  1.2427019003502224 

Epoch 20 : train  0.9011750855124389 , valid  1.1047838603193076 , test  1.1095955420407573 

Epoch 30 : train  0.7954409807735274 , valid  1.118097442750356 , test  1.0527908462978484 

Epoch 40 : train  0.6733050289084875 , valid  1.0797028717655344 , test  1.0920544873098952 

Epoch 50 : train  0.4820892481108258 , valid  0.97644542335572 , test  1.0512382722187843 

Epoch 60 : train  0.35007528081129224 , valid  0.9430897945608745 , test  0.9848074118752644 

Epoch 70 : train  0.281752143763292 , valid  0.9398810394703568 , test  0.9788774949926545 

Epoch 80 : train  0.23976577684836156 , valid  0.9029277704510958 , test  0.9634537993872341 

Epoch 90 : train  0.21109858952375476 , valid  0.8864436356880594 , test  0.9364519768414834 

Epoch 100 : train  0.21213210018731357 , valid  0.9007290985623747 , test  0.947078725768635 

Epoch 110 : train  0.19995432435977317 , valid  0.9161495617851604 , test  0.9613105065965427 

Epoch 120 : train  0.20393935113528372 , valid  0.9292131986391517 , test  0.9621815425004904 

Epoch 130 : train  0.19012249434156728 , valid  0.8999611698874381 , test  0.9583954614581406 

Epoch 140 : train  0.1926898972386476 , valid  0.929963130969315 , test  0.9347260840960915 

Epoch 150 : train  0.18275659007335315 , valid  0.888294488942013 , test  0.9290298422957767 

Epoch 160 : train  0.18335701036108784 , valid  0.9104568209389103 , test  0.9687178606581102 

Epoch 170 : train  0.1604544194501852 , valid  0.9219275748240122 , test  0.9530167935591839 

Epoch 180 : train  0.16166493446606417 , valid  0.8670290654015463 , test  0.9164624357402956 

Epoch 190 : train  0.16477243346328843 , valid  0.8688553415681187 , test  0.8971446501067769 

Epoch 200 : train  0.14749054447360194 , valid  0.8744270858671923 , test  0.9104237403254835 

Epoch 210 : train  0.14909561579393785 , valid  0.8704303823828958 , test  0.9212196910754891 

Epoch 220 : train  0.15149572314583357 , valid  0.88476996572172 , test  0.9174615888485056 

Epoch 230 : train  0.13835190858029128 , valid  0.8878826279990333 , test  0.9309168142103282 

Epoch 240 : train  0.15494986727281448 , valid  0.901773586952822 , test  0.9326827846348236 

Epoch 250 : train  0.13815354250792927 , valid  0.8936109298905447 , test  0.9070522216454716 

Epoch 260 : train  0.14201416616603652 , valid  0.8329491792580985 , test  0.8936692878800875 

Epoch 270 : train  0.14094870349055927 , valid  0.8518273559573155 , test  0.9063361620019121 

Epoch 280 : train  0.12925696122462602 , valid  0.8378614407762068 , test  0.9062740873645879 

Epoch 290 : train  0.1214262781489294 , valid  0.8838963811499924 , test  0.9162496834891412 

Epoch 300 : train  0.13102697942323965 , valid  0.8836345037763922 , test  0.9015484301149309 

Epoch 310 : train  0.11416030728539277 , valid  0.851392141766745 , test  0.899554772274922 

Epoch 320 : train  0.11446685255710154 , valid  0.867913844470863 , test  0.8987599123329469 

Epoch 330 : train  0.12309337032710023 , valid  0.8392784082424133 , test  0.8850875128799283 

Epoch 340 : train  0.12689793626558296 , valid  0.8544491778989232 , test  0.897091822741215 

Epoch 350 : train  0.11655829872921239 , valid  0.8375972764843055 , test  0.8789594667049456 

Epoch 360 : train  0.12066727192798642 , valid  0.8320838432618828 , test  0.909185655715296 

Epoch 370 : train  0.13693657379592025 , valid  0.8388242782898924 , test  0.8966362360025554 

Epoch 380 : train  0.1258549288658772 , valid  0.857905168743547 , test  0.8960533250137241 

Epoch 390 : train  0.11257617446923682 , valid  0.8622800424128888 , test  0.9282330778795803 

Epoch 400 : train  0.11462980831792438 , valid  0.8605338621831023 , test  0.8997109216680368 

Epoch 410 : train  0.1096265491335251 , valid  0.8447543029239866 , test  0.9129691255581837 

Epoch 420 : train  0.10933835356166233 , valid  0.8412651792847508 , test  0.8906518509571812 

Epoch 430 : train  0.09854946732392594 , valid  0.8491468031087106 , test  0.904230305017162 

Epoch 440 : train  0.09889097570098213 , valid  0.8499910238311226 , test  0.9106036863393495 

Epoch 450 : train  0.1227977327784894 , valid  0.8373391068169943 , test  0.8922744013425835 

Epoch 460 : train  0.10804521700410313 , valid  0.8362721729175391 , test  0.9088751197066481 

Epoch 470 : train  0.10781132632783844 , valid  0.8353815201362406 , test  0.8832938313718794 

Epoch 480 : train  0.1365916382293958 , valid  0.8321449812834312 , test  0.9031295954470347 

Epoch 490 : train  0.09881908617318906 , valid  0.8328703561943386 , test  0.8822926194163531 

Epoch 500 : train  0.10597920078854114 , valid  0.854517461357891 , test  0.8943275781768687 

Epoch 510 : train  0.10992856071922981 , valid  0.846453766361291 , test  0.8910924170992922 

Epoch 520 : train  0.1270815687530075 , valid  0.834107365008065 , test  0.8864659959469428 

Epoch 530 : train  0.09426644639466224 , valid  0.8451895500359626 , test  0.8877094332024609 

Epoch 540 : train  0.10686925718030099 , valid  0.84354644381149 , test  0.8629063942191553 

Epoch 550 : train  0.10274955474295862 , valid  0.8238887655158526 , test  0.8775484591892441 

Epoch 560 : train  0.10164863379857074 , valid  0.8407728333091514 , test  0.8819888136488042 

Epoch 570 : train  0.09917663093195571 , valid  0.8312755501923286 , test  0.8840096803302813 

Epoch 580 : train  0.09374405711588435 , valid  0.8317301495785046 , test  0.887042546259846 

Epoch 590 : train  0.11622696433813509 , valid  0.7994451530231688 , test  0.8753509194774808 

Epoch 600 : train  0.09723943512025245 , valid  0.8355201559528075 , test  0.8807946886876244 

Epoch 610 : train  0.09460103091681066 , valid  0.8348493690539821 , test  0.8684041237437902 

Epoch 620 : train  0.09998715800858658 , valid  0.8068378859902219 , test  0.8789634768265523 

Epoch 630 : train  0.12631963883761352 , valid  0.8449616561244542 , test  0.8770311745110524 

Epoch 640 : train  0.1182108167030227 , valid  0.8784471989722727 , test  0.8782459229178083 

Epoch 650 : train  0.09367216217954033 , valid  0.840796935528929 , test  0.8587219069772157 

Epoch 660 : train  0.11290642673636823 , valid  0.8430091093844293 , test  0.8850281685152774 

Epoch 670 : train  0.1093884912754223 , valid  0.8638017742104885 , test  0.8638087884965201 

Epoch 680 : train  0.10981251372371578 , valid  0.8562048634137056 , test  0.880718188502742 

Epoch 690 : train  0.10370911582422612 , valid  0.8358728160599553 , test  0.8854255744544279 

Epoch 700 : train  0.09371155372314582 , valid  0.8321003087380334 , test  0.8751104916831943 

Epoch 710 : train  0.10583027726685301 , valid  0.8328668784033622 , test  0.8835903117383942 

Epoch 720 : train  0.0884912881820851 , valid  0.819556109342117 , test  0.8718860357792547 

Epoch 730 : train  0.09526962258288944 , valid  0.8115357587355171 , test  0.8745336517928942 

Epoch 740 : train  0.0996052077998137 , valid  0.8323716425851728 , test  0.8691803674932161 

Epoch 750 : train  0.10424802247787764 , valid  0.8442366212898601 , test  0.893030269338087 

Epoch 760 : train  0.09700907881195123 , valid  0.8292094538688526 , test  0.8838336379415619 

Epoch 770 : train  0.08889877293392778 , valid  0.8312928248412516 , test  0.8648619727973502 

Epoch 780 : train  0.11215045877245132 , valid  0.8081658881044024 , test  0.8658845521944494 

Epoch 790 : train  0.10147431431200717 , valid  0.832308115290449 , test  0.8576612822596272 

Epoch 800 : train  0.09367796434499949 , valid  0.8296275529218334 , test  0.8612266524408188 

Epoch 810 : train  0.09746263175464115 , valid  0.808162962377727 , test  0.8541310590058143 

Epoch 820 : train  0.08982836165990739 , valid  0.8382635689768468 , test  0.8707308289822012 

Epoch 830 : train  0.1043524913442877 , valid  0.8614649907516864 , test  0.8778216407557664 

Epoch 840 : train  0.09304213547563962 , valid  0.8208614816667286 , test  0.8572649112061488 

Epoch 850 : train  0.08917400847282864 , valid  0.8093824356676719 , test  0.8549834878135764 

Epoch 860 : train  0.09192038459343305 , valid  0.8303471623067403 , test  0.8615828470496573 

Epoch 870 : train  0.08796169084947614 , valid  0.8169230877050803 , test  0.8572484547168044 

Epoch 880 : train  0.10044453723804432 , valid  0.8139073214926319 , test  0.8550779898661394 

Epoch 890 : train  0.09803546103468375 , valid  0.8190739822798339 , test  0.8579146410259254 

Epoch 900 : train  0.1075336934061052 , valid  0.782717092835882 , test  0.8400948179178026 

Epoch 910 : train  0.11807895335652827 , valid  0.8159065597191627 , test  0.8364172596235545 

Epoch 920 : train  0.11629535513025395 , valid  0.8231035368167037 , test  0.8583364537408521 

Epoch 930 : train  0.13474246887480837 , valid  0.776946532103115 , test  0.8484153937527883 

Epoch 940 : train  0.10045456262538328 , valid  0.8009846590616824 , test  0.8431788728505005 

Epoch 950 : train  0.09558851081155102 , valid  0.7961114205118744 , test  0.850675065412761 

Epoch 960 : train  0.09268301158462958 , valid  0.772014481462131 , test  0.8479297321735445 

Epoch 970 : train  0.09277051712265541 , valid  0.82131255013995 , test  0.8625394846564556 

Epoch 980 : train  0.10046916267241045 , valid  0.8227102955293846 , test  0.8587020592756078 

Epoch 990 : train  0.09085314490775145 , valid  0.8086385635608789 , test  0.8365193388287785 

Epoch 1000 : train  0.0784342350422986 , valid  0.8255745693611523 , test  0.8539143969242019 

best valid loss: 0.772014481462131
best test loss: 0.8479297321735445
 
Job Ended at Mon Apr 10 09:51:56 EDT 2023
