Job started on r177.ib.bridges2.psc.edu at Mon Apr 10 09:19:25 EDT 2023
Namespace(data_path='/ocean/projects/cts180021p/shang9/molecules/pretrainLCA/finalized/data/o_gnn_input/BCF/raw/data.csv', dense=1, dropout=0, folder_idx=3, layer=2, split_folder='/ocean/projects/cts180021p/shang9/molecules/pretrainLCA/finalized/model/feature-based/result_1/BCF/')
kfold index: 0
Epoch 10 : train  1.098652399630376 , valid  1.1730478589202222 , test  1.1262849173056864 

Epoch 20 : train  0.9133372682348675 , valid  1.104743672335283 , test  1.030287524031301 

Epoch 30 : train  0.7816311699427924 , valid  1.1433320413261927 , test  0.9470981441584783 

Epoch 40 : train  0.6361076967257631 , valid  1.1492323237331812 , test  0.9090793427542556 

Epoch 50 : train  0.4467712377466556 , valid  1.0923924015462563 , test  0.8888908665482909 

Epoch 60 : train  0.30069139122133187 , valid  1.0493391062034967 , test  0.8790598031451214 

Epoch 70 : train  0.23970866275122704 , valid  1.053582476368459 , test  0.8646971518866646 

Epoch 80 : train  0.19762421969730476 , valid  1.0066128105902243 , test  0.9133999968082964 

Epoch 90 : train  0.20638468842944044 , valid  1.025674736520332 , test  0.912174105291121 

Epoch 100 : train  0.1914944262039523 , valid  0.9830225792622318 , test  0.8671628693234146 

Epoch 110 : train  0.19420230365876193 , valid  0.9912104474573042 , test  0.8750286890146713 

Epoch 120 : train  0.1605185283555652 , valid  0.9714663937037196 , test  0.8382071966964048 

Epoch 130 : train  0.15695282667816396 , valid  0.9535541473858691 , test  0.8441230704823269 

Epoch 140 : train  0.16078281528541918 , valid  0.9624676105353326 , test  0.8545793843632865 

Epoch 150 : train  0.13977974824331335 , valid  0.9374380556311377 , test  0.8237788980522813 

Epoch 160 : train  0.1539027120523376 , valid  0.9454382177142356 , test  0.8213366007195488 

Epoch 170 : train  0.15206192106200928 , valid  0.979618831870726 , test  0.8463236469870323 

Epoch 180 : train  0.13813069595933053 , valid  0.9615836171372637 , test  0.8303285785110779 

Epoch 190 : train  0.11863281003260627 , valid  0.9604364667067355 , test  0.8446363578939496 

Epoch 200 : train  0.11845076626023385 , valid  0.9740017746870295 , test  0.825918539508153 

Epoch 210 : train  0.1303124668683788 , valid  0.9844727673934337 , test  0.8390617789405176 

Epoch 220 : train  0.14872083244516368 , valid  0.9919375490922339 , test  0.8405644632229824 

Epoch 230 : train  0.11017382362526396 , valid  0.9768076604617466 , test  0.8456776853593719 

Epoch 240 : train  0.11045126386176758 , valid  0.9828813432360334 , test  0.8423293391544948 

Epoch 250 : train  0.10722084032174341 , valid  0.9699267677644192 , test  0.8308246354370992 

Epoch 260 : train  0.10867073288857658 , valid  0.962155463938831 , test  0.8413687842606206 

Epoch 270 : train  0.13908824533003833 , valid  0.9577960194962232 , test  0.8234163399507705 

Epoch 280 : train  0.10380444495009787 , valid  0.9453291401814345 , test  0.8069562179076368 

Epoch 290 : train  0.11055037713352149 , valid  0.9508605358194966 , test  0.8285109141361591 

Epoch 300 : train  0.13788973065681662 , valid  0.9579501299591572 , test  0.8245887885010695 

Epoch 310 : train  0.10807039654320118 , valid  0.9403326583409223 , test  0.8194759092578002 

Epoch 320 : train  0.10409689378843655 , valid  0.9526155385786705 , test  0.8286331527040536 

Epoch 330 : train  0.10576551894263597 , valid  0.9628288910634948 , test  0.826496613929076 

Epoch 340 : train  0.08854639775518995 , valid  0.9551738804974089 , test  0.8196451192334535 

Epoch 350 : train  0.09011052521524746 , valid  0.9378137043737814 , test  0.8180357633000411 

Epoch 360 : train  0.09814377137197974 , valid  0.9386797435983724 , test  0.8011839222785438 

Epoch 370 : train  0.089861694980775 , valid  0.9621137837312852 , test  0.8159153949836536 

Epoch 380 : train  0.08446459830653631 , valid  0.9732738382700616 , test  0.8115088213714531 

Epoch 390 : train  0.09568837629521725 , valid  0.9292950226439615 , test  0.790693189026636 

Epoch 400 : train  0.1324199215819735 , valid  0.9375336870686674 , test  0.8369705409022871 

Epoch 410 : train  0.08599896611790112 , valid  0.9413126773699834 , test  0.789898672955162 

Epoch 420 : train  0.09750391569156212 , valid  0.9559800285724134 , test  0.808640940192551 

Epoch 430 : train  0.09416941324034502 , valid  0.9446289155518429 , test  0.8178001112531191 

Epoch 440 : train  0.09466282549588201 , valid  0.9574882752276387 , test  0.8240119935324569 

Epoch 450 : train  0.08620673678068685 , valid  0.948852443170383 , test  0.8184577112913212 

Epoch 460 : train  0.09163934124213671 , valid  0.9733963783355732 , test  0.8313941983477297 

Epoch 470 : train  0.1168238846623603 , valid  0.9576210721648224 , test  0.8155057425365866 

Epoch 480 : train  0.0860302522969136 , valid  0.9565518537240619 , test  0.8100407845306407 

Epoch 490 : train  0.0933809381621032 , valid  0.9572486026446743 , test  0.8186676039368044 

Epoch 500 : train  0.08924389545636685 , valid  0.9492451788620463 , test  0.8125072173114181 

Epoch 510 : train  0.09893741081502919 , valid  0.9708005012176212 , test  0.8182578819097923 

Epoch 520 : train  0.0832838778090486 , valid  0.9424761125326538 , test  0.8074503944497069 

Epoch 530 : train  0.08671530295419264 , valid  0.9516775326720406 , test  0.799450524479375 

Epoch 540 : train  0.09984579910893643 , valid  0.9693333148249209 , test  0.8181808862673573 

Epoch 550 : train  0.07990331046284706 , valid  0.9456867773211013 , test  0.8051453888313151 

Epoch 560 : train  0.08319630302962831 , valid  0.9394908236479402 , test  0.8118291218965021 

Epoch 570 : train  0.0833335859897297 , valid  0.9491689853469394 , test  0.8107471340759558 

Epoch 580 : train  0.0799218863842309 , valid  0.9493241573540095 , test  0.8121865792518368 

Epoch 590 : train  0.09803195737867555 , valid  0.9421259698418769 , test  0.8215292556023779 

Epoch 600 : train  0.1035136007475449 , valid  0.9284232035274337 , test  0.8107311691857765 

Epoch 610 : train  0.09217843749037512 , valid  0.9537034005202246 , test  0.8197429307882661 

Epoch 620 : train  0.09963799416387412 , valid  0.950822706227271 , test  0.8185992046916749 

Epoch 630 : train  0.09981640481072805 , valid  0.9521470452192276 , test  0.8146506036357319 

Epoch 640 : train  0.08090602395275338 , valid  0.9552235127572213 , test  0.8084021722242608 

Epoch 650 : train  0.09194874857189636 , valid  0.9785370141631895 , test  0.8209301547163856 

Epoch 660 : train  0.09652359946703698 , valid  0.9388439455326543 , test  0.809847386837982 

Epoch 670 : train  0.09230311111661929 , valid  0.9365231887575795 , test  0.830687308755336 

Epoch 680 : train  0.10580750373868024 , valid  0.9643859810941854 , test  0.812126586650687 

Epoch 690 : train  0.09508393032764266 , valid  0.9577109412061688 , test  0.8165861787938865 

Epoch 700 : train  0.0887242470059343 , valid  0.9598451806563985 , test  0.8340539445541832 

Epoch 710 : train  0.08789522387899229 , valid  0.9562363302706238 , test  0.8203437325491715 

Epoch 720 : train  0.09629839607883345 , valid  0.9513298485335786 , test  0.8128630841826955 

Epoch 730 : train  0.08125947725011405 , valid  0.9558406691607341 , test  0.8120885864624097 

Epoch 740 : train  0.07495957633389258 , valid  0.9711074895033838 , test  0.8177924512127788 

Epoch 750 : train  0.07697565930610561 , valid  0.9485832463744643 , test  0.8137936341470947 

Epoch 760 : train  0.09865328679557638 , valid  0.9360320859584328 , test  0.7978926796582962 

Epoch 770 : train  0.07920972238649847 , valid  0.9450776498548957 , test  0.7967083696027332 

Epoch 780 : train  0.0738458890338375 , valid  0.9406244050204688 , test  0.8114891600865914 

Epoch 790 : train  0.10000215099161212 , valid  0.956783331955719 , test  0.8153828605754577 

Epoch 800 : train  0.09125917643467381 , valid  0.9330662603631517 , test  0.8062438961161202 

Epoch 810 : train  0.08120455883911619 , valid  0.9503001869699944 , test  0.8112269093481238 

Epoch 820 : train  0.08468506050628333 , valid  0.9386095853572651 , test  0.8176246031678039 

Epoch 830 : train  0.07118244530253558 , valid  0.9460284810198899 , test  0.8220115768435108 

Epoch 840 : train  0.07204692073298483 , valid  0.9468415824037949 , test  0.8102205558077366 

Epoch 850 : train  0.07672088995291257 , valid  0.9447607775345083 , test  0.8198122983938378 

Epoch 860 : train  0.08276737991180598 , valid  0.9434403946868749 , test  0.8171939550011118 

Epoch 870 : train  0.07384972236062526 , valid  0.9505173239714967 , test  0.8042305027851492 

Epoch 880 : train  0.07527835034035102 , valid  0.9420547439744524 , test  0.8096785165216467 

Epoch 890 : train  0.07282024375870935 , valid  0.9469876770684583 , test  0.813977214013568 

Epoch 900 : train  0.10456339248820642 , valid  0.9505469287542098 , test  0.8238951686329004 

Epoch 910 : train  0.08593128111763658 , valid  0.9297433261042396 , test  0.8176610004895221 

Epoch 920 : train  0.08078394472224262 , valid  0.9185482948357411 , test  0.8205698619362769 

Epoch 930 : train  0.08630898116387041 , valid  0.9650276248593374 , test  0.8337639633554002 

Epoch 940 : train  0.07608432149079072 , valid  0.9559174221764436 , test  0.8373583031645201 

Epoch 950 : train  0.07318115327082637 , valid  0.9564168353292481 , test  0.8278562123858458 

Epoch 960 : train  0.0861778839848326 , valid  0.9574125615024381 , test  0.8114772725188413 

Epoch 970 : train  0.0919600773056446 , valid  0.9541565646115173 , test  0.825867757146092 

Epoch 980 : train  0.0843869818868591 , valid  0.9483261942121384 , test  0.833829975175409 

Epoch 990 : train  0.06768330964031058 , valid  0.9245396873531254 , test  0.8212691873550436 

Epoch 1000 : train  0.06464628486269838 , valid  0.9311687313941828 , test  0.8315643540790288 

best valid loss: 0.9185482948357411
best test loss: 0.8205698619362769
kfold index: 1
Epoch 10 : train  1.1233410646946658 , valid  1.118193569923833 , test  1.1834819588117969 

Epoch 20 : train  0.9385369816033986 , valid  1.12942259253182 , test  1.1392732916918975 

Epoch 30 : train  0.7669255943408957 , valid  1.094618753501929 , test  1.045999785068036 

Epoch 40 : train  0.6123035654573152 , valid  1.0500855159534805 , test  1.0211883438546716 

Epoch 50 : train  0.49008490126310955 , valid  1.0676781719626762 , test  0.9057932697227015 

Epoch 60 : train  0.3179116011942907 , valid  1.0669726816116332 , test  0.9293330569540433 

Epoch 70 : train  0.26670711405096825 , valid  1.0825131584944823 , test  0.9351320374632893 

Epoch 80 : train  0.22933626346185645 , valid  1.0982924798301346 , test  0.9264245865424297 

Epoch 90 : train  0.22941036560279673 , valid  1.0453880872180916 , test  0.9187340414765172 

Epoch 100 : train  0.2098864523310627 , valid  1.019468342409835 , test  0.9013045904055037 

Epoch 110 : train  0.21434294368576057 , valid  1.0279390459781348 , test  0.888063379278826 

Epoch 120 : train  0.1929124575863768 , valid  0.9943195713906355 , test  0.8754526887557579 

Epoch 130 : train  0.17796728472221374 , valid  0.9829230438022534 , test  0.8727495581747817 

Epoch 140 : train  0.18529852811366782 , valid  0.9977850380602776 , test  0.8907002033259498 

Epoch 150 : train  0.1714594550028869 , valid  0.9852022740160091 , test  0.887059606222896 

Epoch 160 : train  0.15889312070416625 , valid  0.979671236142269 , test  0.8766960135078737 

Epoch 170 : train  0.16950892169301365 , valid  0.9616941480009242 , test  0.8724721449058872 

Epoch 180 : train  0.1515106942828796 , valid  0.9787805496881342 , test  0.866752206357195 

Epoch 190 : train  0.16373278603062266 , valid  0.9822508246047441 , test  0.8784217532402774 

Epoch 200 : train  0.15311172255796943 , valid  0.9882941970678608 , test  0.8601326953485351 

Epoch 210 : train  0.1609014285370129 , valid  0.9701632637014765 , test  0.8743742307065671 

Epoch 220 : train  0.14684230341593044 , valid  0.9600120453601053 , test  0.8853630686771732 

Epoch 230 : train  0.1361476240376547 , valid  0.9594570682572809 , test  0.8692402312253076 

Epoch 240 : train  0.14441989035431282 , valid  0.963321812276615 , test  0.86364991406264 

Epoch 250 : train  0.13786830955190751 , valid  0.9700736109637262 , test  0.8610632861703734 

Epoch 260 : train  0.12829112530237208 , valid  0.9759016397067731 , test  0.8560214553489188 

Epoch 270 : train  0.12470288474330628 , valid  0.9511161434637762 , test  0.8512783573623267 

Epoch 280 : train  0.12755852620347558 , valid  0.9409629326873716 , test  0.8647605665246916 

Epoch 290 : train  0.14165433646100398 , valid  0.9552826177245748 , test  0.89535100275312 

Epoch 300 : train  0.1330126327240455 , valid  0.944254178918126 , test  0.8655193231098103 

Epoch 310 : train  0.11666549059461935 , valid  0.9383640568931719 , test  0.8643358574458128 

Epoch 320 : train  0.1262615196319705 , valid  0.9391668190096474 , test  0.8547182261216283 

Epoch 330 : train  0.12192676545430721 , valid  0.9327123911230848 , test  0.8525516837758407 

Epoch 340 : train  0.12697384771911757 , valid  0.9517627887788901 , test  0.838039915528765 

Epoch 350 : train  0.12391835113054608 , valid  0.9505551088301905 , test  0.8527067722495016 

Epoch 360 : train  0.12814007916326087 , valid  0.9676978753200857 , test  0.8695195762769631 

Epoch 370 : train  0.12513790096752028 , valid  0.9913004339388072 , test  0.8419953932834423 

Epoch 380 : train  0.11047306800594088 , valid  0.9726431263331928 , test  0.838907259972389 

Epoch 390 : train  0.1086891106112815 , valid  0.9813859283921433 , test  0.8535089245608958 

Epoch 400 : train  0.1097250908126958 , valid  0.9604766208261253 , test  0.8396802782867584 

Epoch 410 : train  0.1063437777662793 , valid  0.973761615858179 , test  0.8330863942032091 

Epoch 420 : train  0.13017916611858024 , valid  0.9693487154186078 , test  0.859047839533149 

Epoch 430 : train  0.12276251042826737 , valid  0.9655001861312732 , test  0.8449422438904484 

Epoch 440 : train  0.11875488730578103 , valid  0.9646939536224504 , test  0.827436506055828 

Epoch 450 : train  0.10807957548076666 , valid  0.9566432482906214 , test  0.8370645085796388 

Epoch 460 : train  0.10457090243272739 , valid  0.9517392170539613 , test  0.8207136922618528 

Epoch 470 : train  0.09651914045102891 , valid  0.9781662171265039 , test  0.8346575730264043 

Epoch 480 : train  0.1108284940426262 , valid  0.9784564129243836 , test  0.8284742451978706 

Epoch 490 : train  0.10534545880612713 , valid  0.9696988680957712 , test  0.8393222159561267 

Epoch 500 : train  0.11287707574120864 , valid  0.9738814609081936 , test  0.8491587035421346 

Epoch 510 : train  0.10266266959237581 , valid  0.9610255822522126 , test  0.8326191431284334 

Epoch 520 : train  0.09592586677694837 , valid  0.9766266336200249 , test  0.8279500654921618 

Epoch 530 : train  0.1156429749279974 , valid  0.9660436951420507 , test  0.8220545523113173 

Epoch 540 : train  0.12050207045138522 , valid  0.9628229465482521 , test  0.8128806012177083 

Epoch 550 : train  0.11179685161686914 , valid  0.9640834444409352 , test  0.8161418401890081 

Epoch 560 : train  0.09349578560683854 , valid  0.9603718221241496 , test  0.828918555474563 

Epoch 570 : train  0.10570039042608638 , valid  0.9747924694132694 , test  0.8251866764681636 

Epoch 580 : train  0.09667641863274275 , valid  0.9643871212292539 , test  0.8038763731379476 

Epoch 590 : train  0.09833588379445046 , valid  0.9600637841604884 , test  0.8236785827202839 

Epoch 600 : train  0.10047936227562923 , valid  0.9645455567445502 , test  0.8340440599244177 

Epoch 610 : train  0.093644161358563 , valid  0.9716001498648634 , test  0.8344530674209755 

Epoch 620 : train  0.09527156807487577 , valid  0.9470758390512811 , test  0.8236772051445922 

Epoch 630 : train  0.10244562290628294 , valid  0.9552128173030113 , test  0.8148437282332305 

Epoch 640 : train  0.10072736824997464 , valid  0.9621701346816208 , test  0.8256584264235587 

Epoch 650 : train  0.11077236430687305 , valid  0.9587658321297751 , test  0.8152834504354337 

Epoch 660 : train  0.09106070142103223 , valid  0.9654984782847731 , test  0.81684522799091 

Epoch 670 : train  0.10411971037779992 , valid  0.9541922718163853 , test  0.8226085513894926 

Epoch 680 : train  0.10273577812502513 , valid  0.9540376166192702 , test  0.8161023189857343 

Epoch 690 : train  0.09853885990490036 , valid  0.9331545842176203 , test  0.8090430821229545 

Epoch 700 : train  0.10619953428613524 , valid  0.9564411877970614 , test  0.8098105716165501 

Epoch 710 : train  0.08643929667439493 , valid  0.9287458696454379 , test  0.8182689607283654 

Epoch 720 : train  0.11237115353928107 , valid  0.952665118317351 , test  0.8192367005885633 

Epoch 730 : train  0.09702978056551408 , valid  0.9442949332771131 , test  0.8121520308797546 

Epoch 740 : train  0.09886260155142725 , valid  0.9430650731183637 , test  0.8180516772400279 

Epoch 750 : train  0.10562910092472415 , valid  0.9329052770917883 , test  0.8287537268203342 

Epoch 760 : train  0.09267690106452185 , valid  0.9186225428334919 , test  0.8126580000515101 

Epoch 770 : train  0.09095921679408024 , valid  0.9368296439919157 , test  0.8136329686184892 

Epoch 780 : train  0.09467765640568535 , valid  0.9429493328674269 , test  0.8190125541162829 

Epoch 790 : train  0.09110953342172406 , valid  0.9410462005422164 , test  0.8215600160357684 

Epoch 800 : train  0.09008641583008063 , valid  0.9431237295206133 , test  0.8083299139964826 

Epoch 810 : train  0.12697298680925165 , valid  0.9236212851119867 , test  0.8230502603892349 

Epoch 820 : train  0.10207261787405152 , valid  0.9435663793014268 , test  0.8390736681201569 

Epoch 830 : train  0.09686443776614631 , valid  0.9465996595176417 , test  0.8092939218206269 

Epoch 840 : train  0.09728248582222641 , valid  0.9471815585721994 , test  0.829825551879859 

Epoch 850 : train  0.09909066339092071 , valid  0.9357857594302769 , test  0.8358182068439052 

Epoch 860 : train  0.08648138422976168 , valid  0.937292962021352 , test  0.82605072293594 

Epoch 870 : train  0.09381138597165974 , valid  0.950662245024012 , test  0.8304013312878497 

Epoch 880 : train  0.08979750472322096 , valid  0.9494841392356166 , test  0.8112550818743309 

Epoch 890 : train  0.08453534352436978 , valid  0.9479850458498238 , test  0.8179322411052068 

Epoch 900 : train  0.09503492423652378 , valid  0.9534315252564578 , test  0.8198859980910963 

Epoch 910 : train  0.085794329489046 , valid  0.9434124711446807 , test  0.8190847320571991 

Epoch 920 : train  0.09905348500731019 , valid  0.9470601793872444 , test  0.8373786272834873 

Epoch 930 : train  0.09134137881963089 , valid  0.9298914948037643 , test  0.823809478860221 

Epoch 940 : train  0.09646252887104567 , valid  0.9476011142587478 , test  0.8180881659819379 

Epoch 950 : train  0.09286660386219754 , valid  0.9520414905975931 , test  0.8332959714976627 

Epoch 960 : train  0.08831606352753725 , valid  0.9408318688431714 , test  0.8244126248468937 

Epoch 970 : train  0.09459264248546545 , valid  0.9560298531046005 , test  0.8184099475496357 

Epoch 980 : train  0.09783252421367594 , valid  0.9244517183466483 , test  0.8185846574097375 

Epoch 990 : train  0.09754392666740953 , valid  0.9239543038728164 , test  0.8306341982401976 

Epoch 1000 : train  0.10162451066302781 , valid  0.9400943972487157 , test  0.842166014427876 

best valid loss: 0.9186225428334919
best test loss: 0.8126580000515101
kfold index: 2
Epoch 10 : train  1.3832988851530228 , valid  1.3716837169538394 , test  1.4035590115420757 

Epoch 20 : train  0.9978169723452786 , valid  1.0027404505978113 , test  1.0401551165029101 

Epoch 30 : train  0.8207135686813282 , valid  0.939622511724415 , test  0.945996050048085 

Epoch 40 : train  0.6953433256741378 , valid  0.9296250040357084 , test  0.9297070677482632 

Epoch 50 : train  0.5105423493103263 , valid  0.9641572059875093 , test  0.9176461434635024 

Epoch 60 : train  0.35542271409381015 , valid  0.9679723504068748 , test  0.8664270547051506 

Epoch 70 : train  0.3043469474887436 , valid  1.036601233162581 , test  0.8740419792326911 

Epoch 80 : train  0.23515961322122886 , valid  1.0214558248244294 , test  0.8741123036373089 

Epoch 90 : train  0.21128076978358545 , valid  0.9908546060694258 , test  0.8463460885412678 

Epoch 100 : train  0.20507715799569956 , valid  1.0025651356448457 , test  0.8295443371165818 

Epoch 110 : train  0.19943835712303584 , valid  1.026339140777362 , test  0.8431189406526421 

Epoch 120 : train  0.18970823350909763 , valid  0.9780376019309172 , test  0.8413458397378245 

Epoch 130 : train  0.18484381340557493 , valid  0.9983556651975469 , test  0.8649970937490349 

Epoch 140 : train  0.17775411851157394 , valid  0.9515692367938108 , test  0.8394751438712412 

Epoch 150 : train  0.1686268081957006 , valid  0.9921543286233718 , test  0.8436493805816908 

Epoch 160 : train  0.16488562946508833 , valid  0.9895672081626069 , test  0.8410691284224175 

Epoch 170 : train  0.14662304627668013 , valid  0.9735799106307456 , test  0.8470870665235226 

Epoch 180 : train  0.13676085213176026 , valid  0.9850184774277198 , test  0.835238431212898 

Epoch 190 : train  0.14396889509696448 , valid  0.9788901987868515 , test  0.8485194153083488 

Epoch 200 : train  0.15147270213801725 , valid  0.9734262591176736 , test  0.8396719440280583 

Epoch 210 : train  0.1429579474478947 , valid  0.9567711400103416 , test  0.8217061216758426 

Epoch 220 : train  0.13088110333782055 , valid  0.9540097556382456 , test  0.8224403705290552 

Epoch 230 : train  0.15182546019633272 , valid  0.9959365948943993 , test  0.8361527930035484 

Epoch 240 : train  0.13736022645503265 , valid  0.9707588952515688 , test  0.859131094570699 

Epoch 250 : train  0.1304236684441746 , valid  0.9620976310477645 , test  0.845740106326465 

Epoch 260 : train  0.12948616510245187 , valid  0.9505951700916959 , test  0.84297494072775 

Epoch 270 : train  0.13533381169645647 , valid  0.9630003441741142 , test  0.8552294412057587 

Epoch 280 : train  0.13179957594537306 , valid  0.9562259301577894 , test  0.8446660097821788 

Epoch 290 : train  0.11859115468133238 , valid  0.9472080635598845 , test  0.8241312521962249 

Epoch 300 : train  0.12388622105941127 , valid  0.9337288518594149 , test  0.8474828378928997 

Epoch 310 : train  0.12301424266743968 , valid  0.9305456241479181 , test  0.8306339726768796 

Epoch 320 : train  0.12166939381412013 , valid  0.9450486594343817 , test  0.8434400994942484 

Epoch 330 : train  0.17078877430636719 , valid  0.9396100510359293 , test  0.8629738294269916 

Epoch 340 : train  0.10947743818988726 , valid  0.9247485421026704 , test  0.8244273053716231 

Epoch 350 : train  0.10341934406524818 , valid  0.9421502635179017 , test  0.8427344110359247 

Epoch 360 : train  0.11637979033587996 , valid  0.9256964744835283 , test  0.8237712687391258 

Epoch 370 : train  0.13312264958075382 , valid  0.9229817820254268 , test  0.8414773026447546 

Epoch 380 : train  0.15232539366088907 , valid  0.9366178005939196 , test  0.8369885185486079 

Epoch 390 : train  0.11408682456390763 , valid  0.9617824099403127 , test  0.8392418423975035 

Epoch 400 : train  0.12024510874002456 , valid  0.9383361028072976 , test  0.8208200103396516 

Epoch 410 : train  0.13311701154681624 , valid  0.9389722813014353 , test  0.8376214177401826 

Epoch 420 : train  0.11293769848780524 , valid  0.9485013915505082 , test  0.8568120031561023 

Epoch 430 : train  0.10701041881371186 , valid  0.9285483364588231 , test  0.832240323514169 

Epoch 440 : train  0.11434134881065158 , valid  0.9382179975677479 , test  0.8162356382428754 

Epoch 450 : train  0.1115694888741419 , valid  0.9323518753718606 , test  0.8263428640771541 

Epoch 460 : train  0.10503837951290884 , valid  0.9023845323484472 , test  0.8320606953606796 

Epoch 470 : train  0.12047736998024246 , valid  0.929365654554767 , test  0.8296885234540837 

Epoch 480 : train  0.10493588806866318 , valid  0.9156210110146564 , test  0.8326994566059498 

Epoch 490 : train  0.10858368443016997 , valid  0.9133165090713254 , test  0.8213859563625401 

Epoch 500 : train  0.10034933190509382 , valid  0.9195009579646853 , test  0.8274353599945955 

Epoch 510 : train  0.10889692641704193 , valid  0.9171210071673473 , test  0.8412533853333826 

Epoch 520 : train  0.09873675551271997 , valid  0.9387385479430667 , test  0.8157221594701178 

Epoch 530 : train  0.09277464798319086 , valid  0.9100564400709478 , test  0.8257229110439803 

Epoch 540 : train  0.09541874197222211 , valid  0.9156461474816974 , test  0.8347154859996644 

Epoch 550 : train  0.09831593314170425 , valid  0.9014707869727823 , test  0.8402906740618021 

Epoch 560 : train  0.12311805488073707 , valid  0.9130744559064761 , test  0.826547701495572 

Epoch 570 : train  0.10750722541907769 , valid  0.9204179151704367 , test  0.8256227555159839 

Epoch 580 : train  0.10102813709654856 , valid  0.9166126146851604 , test  0.8187448114615844 

Epoch 590 : train  0.10099961991109875 , valid  0.8946902195483496 , test  0.8239175032660958 

Epoch 600 : train  0.10077228172143105 , valid  0.9084593789445758 , test  0.8296851232347866 

Epoch 610 : train  0.10095950276933711 , valid  0.9039959766509265 , test  0.8266728056706129 

Epoch 620 : train  0.09584448009509805 , valid  0.9227835044527939 , test  0.8269224755878875 

Epoch 630 : train  0.0945980685858012 , valid  0.921862253441506 , test  0.8275579825423092 

Epoch 640 : train  0.0923664272916574 , valid  0.9160996730431634 , test  0.8230906273950914 

Epoch 650 : train  0.10382631104509045 , valid  0.9308709772998418 , test  0.8334605695158087 

Epoch 660 : train  0.10252830630690839 , valid  0.9183552367238786 , test  0.8292989375266839 

Epoch 670 : train  0.10218195685138337 , valid  0.9276034786890968 , test  0.8422622766426417 

Epoch 680 : train  0.09878184220663061 , valid  0.8987977633554866 , test  0.8336122647803599 

Epoch 690 : train  0.1109997016637953 , valid  0.9118964938548728 , test  0.81964162152684 

Epoch 700 : train  0.11824324882868437 , valid  0.9178704030445983 , test  0.8251960197063131 

Epoch 710 : train  0.09799370473024706 , valid  0.9064998487131354 , test  0.8199898733634808 

Epoch 720 : train  0.09570995901448619 , valid  0.8998963535447051 , test  0.8253189196333555 

Epoch 730 : train  0.09968134396982309 , valid  0.9000114606265369 , test  0.8333710554488016 

Epoch 740 : train  0.10565233438428366 , valid  0.9343085416855701 , test  0.8317054250980024 

Epoch 750 : train  0.12248326743504952 , valid  0.9147228434253373 , test  0.8208545318070877 

Epoch 760 : train  0.12530446790658234 , valid  0.9052759195961425 , test  0.8485176814975592 

Epoch 770 : train  0.10612599539875174 , valid  0.9108727152310336 , test  0.8291834959600914 

Epoch 780 : train  0.10476741275503519 , valid  0.894924968045605 , test  0.8166564455408903 

Epoch 790 : train  0.10149335541602138 , valid  0.9013874304723175 , test  0.8169659224463883 

Epoch 800 : train  0.11307861486541648 , valid  0.8744555631683101 , test  0.8163575065560525 

Epoch 810 : train  0.12039444657901176 , valid  0.885168912724689 , test  0.8212924370128925 

Epoch 820 : train  0.1130855928294557 , valid  0.8875546349066122 , test  0.8268193477143468 

Epoch 830 : train  0.1059845494360402 , valid  0.891724953589207 , test  0.8273154787808533 

Epoch 840 : train  0.11593306237983456 , valid  0.9213854784244193 , test  0.8409293812682672 

Epoch 850 : train  0.09672592057295891 , valid  0.9160248510225405 , test  0.850498227436696 

Epoch 860 : train  0.08928916993102907 , valid  0.9047374837163351 , test  0.8404940589231724 

Epoch 870 : train  0.1000276632789819 , valid  0.907748375388494 , test  0.8129511664878454 

Epoch 880 : train  0.10175757870607312 , valid  0.8857798133616941 , test  0.8434181289221981 

Epoch 890 : train  0.10868169233720908 , valid  0.9006881235317381 , test  0.8223513321491727 

Epoch 900 : train  0.10074181664949114 , valid  0.8815622587614796 , test  0.8244127458969396 

Epoch 910 : train  0.08451102738315826 , valid  0.8822001541195693 , test  0.8120473692785958 

Epoch 920 : train  0.08366411029945428 , valid  0.8767654171477728 , test  0.8203855592268642 

Epoch 930 : train  0.1001686207987602 , valid  0.8779806456038036 , test  0.8112001257458776 

Epoch 940 : train  0.08149252772365555 , valid  0.8643627935171331 , test  0.8104205903094837 

Epoch 950 : train  0.08137045914506619 , valid  0.8701961856474183 , test  0.8131417639423208 

Epoch 960 : train  0.08493907981790208 , valid  0.8715383389838202 , test  0.8346241035880186 

Epoch 970 : train  0.10683439983116834 , valid  0.8743865229090724 , test  0.8236583611176874 

Epoch 980 : train  0.09847715030828356 , valid  0.8745971561661695 , test  0.8261524845335526 

Epoch 990 : train  0.08747150822460766 , valid  0.8864124650899806 , test  0.8086468838773951 

Epoch 1000 : train  0.08894874242672236 , valid  0.8716251525479346 , test  0.8185589090969375 

best valid loss: 0.8643627935171331
best test loss: 0.8104205903094837
kfold index: 3
Epoch 10 : train  1.1672440477242432 , valid  1.2108249355148344 , test  1.1560399168940785 

Epoch 20 : train  0.9139213884730646 , valid  1.1045143493585234 , test  1.0247198061995164 

Epoch 30 : train  0.7576354750842478 , valid  1.0558119150112735 , test  0.9509301871921584 

Epoch 40 : train  0.5888931252079161 , valid  1.0186079572073363 , test  0.9291935094835632 

Epoch 50 : train  0.4198051820249103 , valid  1.041642252580507 , test  0.9179543985822952 

Epoch 60 : train  0.28603023120110055 , valid  0.9827941055371796 , test  0.89713101318952 

Epoch 70 : train  0.26335223510896527 , valid  0.9469460978648653 , test  0.8802665097608583 

Epoch 80 : train  0.21289691601025296 , valid  0.957991822408487 , test  0.8829593700396573 

Epoch 90 : train  0.1971790297954653 , valid  0.9302054932482511 , test  0.8495751279918295 

Epoch 100 : train  0.2226619078847786 , valid  0.963996826497608 , test  0.8672142216751432 

Epoch 110 : train  0.17190740406435812 , valid  0.9394757625464571 , test  0.8754169094414839 

Epoch 120 : train  0.19694600632194487 , valid  0.964403767953326 , test  0.9003892963599667 

Epoch 130 : train  0.18220246803220191 , valid  0.975034314814096 , test  0.884855866809867 

Epoch 140 : train  0.19676266660105782 , valid  0.9375730439879854 , test  0.866592595565709 

Epoch 150 : train  0.1600798953141155 , valid  0.9338742556759575 , test  0.835735249771349 

Epoch 160 : train  0.15957558874899053 , valid  0.9386361719121956 , test  0.8548948277298221 

Epoch 170 : train  0.1975076529028063 , valid  0.9831959802043836 , test  0.8729931187677307 

Epoch 180 : train  0.15713307264382226 , valid  0.9523201721778571 , test  0.8240389542658135 

Epoch 190 : train  0.1527314082775952 , valid  0.9238689404775617 , test  0.8098680489917754 

Epoch 200 : train  0.17398982465696375 , valid  0.9376162364936776 , test  0.837720488279183 

Epoch 210 : train  0.14523239320535553 , valid  0.9262480964610353 , test  0.8125974478345367 

Epoch 220 : train  0.1597752314343289 , valid  0.9444707671217082 , test  0.8309615889306669 

Epoch 230 : train  0.1286315198898715 , valid  0.9146139681106115 , test  0.8193144353294326 

Epoch 240 : train  0.1352286748461623 , valid  0.9331154767453891 , test  0.8307896077283577 

Epoch 250 : train  0.12836007761150156 , valid  0.9199963265438041 , test  0.8205899183030201 

Epoch 260 : train  0.13493706168480746 , valid  0.9387082522390257 , test  0.8267495303161085 

Epoch 270 : train  0.1750840769415694 , valid  0.9740837802310841 , test  0.855573280216231 

Epoch 280 : train  0.12769854873458686 , valid  0.9303736832883416 , test  0.8297106362970479 

Epoch 290 : train  0.13497291629509198 , valid  0.9251510078031844 , test  0.8350714462098434 

Epoch 300 : train  0.121224460906282 , valid  0.931400454927196 , test  0.824975240455343 

Epoch 310 : train  0.13271523283593756 , valid  0.9029394719497706 , test  0.8111429698606516 

Epoch 320 : train  0.11613929591517956 , valid  0.9269132921143494 , test  0.8132977864340551 

Epoch 330 : train  0.12089225818811537 , valid  0.9260633982953702 , test  0.8195484888450568 

Epoch 340 : train  0.12670169979587104 , valid  0.9384489338594301 , test  0.8267229355514981 

Epoch 350 : train  0.1240821331983717 , valid  0.923193592078929 , test  0.8073922661628499 

Epoch 360 : train  0.12291579109496466 , valid  0.9323046793029132 , test  0.8170597781621034 

Epoch 370 : train  0.11227761104470708 , valid  0.9190545894693896 , test  0.8177164529377917 

Epoch 380 : train  0.1155619265361513 , valid  0.9054341252639413 , test  0.7944825288430495 

Epoch 390 : train  0.11318964427857138 , valid  0.8910067595553713 , test  0.7923186090278731 

Epoch 400 : train  0.11424955004201122 , valid  0.8940321874153775 , test  0.7980025640196267 

Epoch 410 : train  0.12570680597757142 , valid  0.9265226766552109 , test  0.8200423433960911 

Epoch 420 : train  0.1236470766818833 , valid  0.9143544415146166 , test  0.8068059020587707 

Epoch 430 : train  0.12705557596054387 , valid  0.9173443014095284 , test  0.8016419132692444 

Epoch 440 : train  0.11794784259315769 , valid  0.9310048424539504 , test  0.82479930277543 

Epoch 450 : train  0.11413616451363842 , valid  0.9285739846156102 , test  0.8268178083182903 

Epoch 460 : train  0.14295457846530826 , valid  0.9156975931785628 , test  0.8074839883148107 

Epoch 470 : train  0.12066959019496293 , valid  0.9216264569007403 , test  0.8007112608709414 

Epoch 480 : train  0.1185933767217856 , valid  0.9413167461647708 , test  0.8222091731642953 

Epoch 490 : train  0.112784256163029 , valid  0.9238225536066229 , test  0.798679934291442 

Epoch 500 : train  0.12513113538758786 , valid  0.9318848587667223 , test  0.8027287920351523 

Epoch 510 : train  0.12266816360564933 , valid  0.9322699226054274 , test  0.7987954236886703 

Epoch 520 : train  0.12261887654992151 , valid  0.9315405323885679 , test  0.7962173368585479 

Epoch 530 : train  0.11717107993991746 , valid  0.8967595672308346 , test  0.7818433260425799 

Epoch 540 : train  0.11151505791206823 , valid  0.8910559946214225 , test  0.7797508016974287 

Epoch 550 : train  0.13061192307516958 , valid  0.8978689806571049 , test  0.7926495588899309 

Epoch 560 : train  0.11078740287248445 , valid  0.902233419836218 , test  0.7868898983387231 

Epoch 570 : train  0.1389502725847693 , valid  0.9367618770954749 , test  0.8089246570357939 

Epoch 580 : train  0.14573543963822616 , valid  0.8750492071746214 , test  0.7852262375400287 

Epoch 590 : train  0.12352262048876249 , valid  0.894772096805972 , test  0.7946791207618308 

Epoch 600 : train  0.11215933542316878 , valid  0.9017704876321961 , test  0.7945117326841006 

Epoch 610 : train  0.12457959561797179 , valid  0.8773761265645416 , test  0.7705862235965067 

Epoch 620 : train  0.11511371299018716 , valid  0.8703356189009293 , test  0.7752930441729784 

Epoch 630 : train  0.12169027481677819 , valid  0.8967201258502514 , test  0.8002633124483556 

Epoch 640 : train  0.10571467220261041 , valid  0.8967382935126259 , test  0.7881135110771258 

Epoch 650 : train  0.10336626626550385 , valid  0.8744573584011752 , test  0.7864799978020018 

Epoch 660 : train  0.10241965616558928 , valid  0.8883032659856324 , test  0.7852810868777436 

Epoch 670 : train  0.10398679924271734 , valid  0.8943568852225166 , test  0.795745750270376 

Epoch 680 : train  0.11249247123954863 , valid  0.8832878743126048 , test  0.7726884119974369 

Epoch 690 : train  0.10560811745633171 , valid  0.9023502938778291 , test  0.7967311353844062 

Epoch 700 : train  0.10170745672469829 , valid  0.8837515662124769 , test  0.7805792042100052 

Epoch 710 : train  0.10621297389817377 , valid  0.8735156060143496 , test  0.7729023111542899 

Epoch 720 : train  0.11031145303537768 , valid  0.8609294532054642 , test  0.7635861893019423 

Epoch 730 : train  0.1156381664355071 , valid  0.8719971476762506 , test  0.7632285233684051 

Epoch 740 : train  0.16509542324118803 , valid  0.8894396635832639 , test  0.7988006010488585 

Epoch 750 : train  0.12123026200973512 , valid  0.884965223296681 , test  0.778805428881586 

Epoch 760 : train  0.10411702985229573 , valid  0.8367545609300532 , test  0.7465560705956716 

Epoch 770 : train  0.14189010003604227 , valid  0.8577151187388027 , test  0.7615145738074495 

Epoch 780 : train  0.11890311091511307 , valid  0.8637494613248101 , test  0.7734546980437789 

Epoch 790 : train  0.1341911312953019 , valid  0.8775063258018996 , test  0.778356056821166 

Epoch 800 : train  0.13052476772365684 , valid  0.8744556037895634 , test  0.7843873629359251 

Epoch 810 : train  0.10618853644128616 , valid  0.8589372232304897 , test  0.7771290550884731 

Epoch 820 : train  0.10442186555915466 , valid  0.8614200189436578 , test  0.7733663501646744 

Epoch 830 : train  0.12049085791889842 , valid  0.8826614944620771 , test  0.7715751080801385 

Epoch 840 : train  0.10199357489692415 , valid  0.8634431341945012 , test  0.7785932894490697 

Epoch 850 : train  0.0964422103311206 , valid  0.8563445278951481 , test  0.7749977077399898 

Epoch 860 : train  0.09574092456921611 , valid  0.8819201480175157 , test  0.7870505065890533 

Epoch 870 : train  0.0965076886003743 , valid  0.8544762022873498 , test  0.7715225404705744 

Epoch 880 : train  0.09310429193191319 , valid  0.858532545765754 , test  0.7753032955068998 

Epoch 890 : train  0.09776456252766914 , valid  0.8533798084131964 , test  0.7596164697396236 

Epoch 900 : train  0.09574432765608194 , valid  0.8567769756770868 , test  0.7719150392838123 

Epoch 910 : train  0.10694351283235025 , valid  0.8585605559681113 , test  0.7682411172173662 

Epoch 920 : train  0.1043048012147222 , valid  0.8793956847733633 , test  0.7720250470436207 

Epoch 930 : train  0.09214437286055444 , valid  0.8658780410852401 , test  0.7757204981044393 

Epoch 940 : train  0.10561386283642689 , valid  0.8501714346151916 , test  0.7610495812799652 

Epoch 950 : train  0.10189484560806798 , valid  0.8727661610701495 , test  0.7871688023224912 

Epoch 960 : train  0.10522150112408826 , valid  0.8480657561884212 , test  0.7509987715756841 

Epoch 970 : train  0.0969623711209156 , valid  0.875872740206013 , test  0.779038194718811 

Epoch 980 : train  0.09885983025308134 , valid  0.8693885523773954 , test  0.7753457030125003 

Epoch 990 : train  0.100600796558935 , valid  0.8807329912269705 , test  0.7747408959125692 

Epoch 1000 : train  0.10374550151526304 , valid  0.8772835564536833 , test  0.7857081895656759 

best valid loss: 0.8367545609300532
best test loss: 0.7465560705956716
kfold index: 4
Epoch 10 : train  1.0729401781070458 , valid  1.3188120499702727 , test  1.1612264950645088 

Epoch 20 : train  0.8720056371456175 , valid  1.1887699814102815 , test  1.0323865859043804 

Epoch 30 : train  0.7756353425235916 , valid  1.1294742400632793 , test  1.0201675309609202 

Epoch 40 : train  0.5844464259008756 , valid  1.0792194671451114 , test  0.9833880604522083 

Epoch 50 : train  0.4206605415209988 , valid  1.0065226872120299 , test  0.9366179169291661 

Epoch 60 : train  0.2887323044007763 , valid  0.9958079924744345 , test  0.9091855048024186 

Epoch 70 : train  0.25007335407988984 , valid  1.0029308360789895 , test  0.9479959255140235 

Epoch 80 : train  0.2633623841419063 , valid  0.9423301039296926 , test  0.912203142729183 

Epoch 90 : train  0.23407138181250364 , valid  0.9203330061956757 , test  0.8954560314532013 

Epoch 100 : train  0.21256002869912222 , valid  0.9455983000353636 , test  0.8963510619116116 

Epoch 110 : train  0.2243163647605333 , valid  0.9407836560071083 , test  0.8877444248351427 

Epoch 120 : train  0.1771630525935875 , valid  0.9327351461454854 , test  0.8791530533983739 

Epoch 130 : train  0.18334983779150135 , valid  0.9187649564605253 , test  0.8742704433125429 

Epoch 140 : train  0.1773795335041176 , valid  0.9096229407537475 , test  0.8671310448021109 

Epoch 150 : train  0.17230771255281105 , valid  0.9131115537687994 , test  0.8690678698870293 

Epoch 160 : train  0.15557215104090275 , valid  0.9309339746050812 , test  0.8602967475266926 

Epoch 170 : train  0.17432731285418837 , valid  0.9305804054188522 , test  0.8624237478319746 

Epoch 180 : train  0.16510449429006424 , valid  0.9083473949472215 , test  0.8487967118367862 

Epoch 190 : train  0.16211074473753667 , valid  0.8998467613532638 , test  0.8487431089930976 

Epoch 200 : train  0.15979791261325307 , valid  0.9173197440595485 , test  0.8461569683850744 

Epoch 210 : train  0.1511027968502333 , valid  0.9271779535192868 , test  0.8523547750603964 

Epoch 220 : train  0.15104417719079924 , valid  0.9085539129583571 , test  0.8707326340908156 

Epoch 230 : train  0.14035795620005673 , valid  0.9096238649186921 , test  0.8828982078596166 

Epoch 240 : train  0.1382383650075219 , valid  0.919600565262437 , test  0.8553405081760669 

Epoch 250 : train  0.13473184261719107 , valid  0.9276390443637411 , test  0.8624386759547291 

Epoch 260 : train  0.13570496895593184 , valid  0.9118563659851501 , test  0.848999077215326 

Epoch 270 : train  0.12893904368251882 , valid  0.9069653007777866 , test  0.8548788723950631 

Epoch 280 : train  0.1361119253150669 , valid  0.925822783234888 , test  0.8665053526032692 

Epoch 290 : train  0.13401913360587145 , valid  0.918470116270697 , test  0.8331198012571335 

Epoch 300 : train  0.13199122822199608 , valid  0.9135970551774578 , test  0.8418601456328267 

Epoch 310 : train  0.15384324222573198 , valid  0.8928635727083203 , test  0.8508560759021407 

Epoch 320 : train  0.12163851966752763 , valid  0.9273757864615686 , test  0.8437260189685888 

Epoch 330 : train  0.13981654201166382 , valid  0.901495868209146 , test  0.8307662611045513 

Epoch 340 : train  0.12656127204022907 , valid  0.9305521250250538 , test  0.8447287103740334 

Epoch 350 : train  0.11963581498031181 , valid  0.9386769610338834 , test  0.8549292513244753 

Epoch 360 : train  0.12267832668012642 , valid  0.9256020226064975 , test  0.8390254836685943 

Epoch 370 : train  0.12288910833817639 , valid  0.911916335466218 , test  0.8400080948884667 

Epoch 380 : train  0.12383366980435406 , valid  0.9354494257588879 , test  0.8314265302426224 

Epoch 390 : train  0.115404462699583 , valid  0.9110453178179885 , test  0.8176441712259044 

Epoch 400 : train  0.11904694797245707 , valid  0.9046124352701553 , test  0.830752025497187 

Epoch 410 : train  0.12313011794611849 , valid  0.9315903989541584 , test  0.8291238166231846 

Epoch 420 : train  0.11407701389253722 , valid  0.941118812428301 , test  0.8298884168728901 

Epoch 430 : train  0.12582615350472115 , valid  0.9187703498262485 , test  0.8453001501875773 

Epoch 440 : train  0.11697235274534534 , valid  0.9120376834246124 , test  0.8260904221020221 

Epoch 450 : train  0.11212153648321697 , valid  0.9270836557888563 , test  0.8309856868415243 

Epoch 460 : train  0.11656275921759868 , valid  0.9293991745398669 , test  0.8320560426240073 

Epoch 470 : train  0.11074373943949642 , valid  0.9064657879461899 , test  0.8220706220959043 

Epoch 480 : train  0.12233100085374973 , valid  0.9086430270047581 , test  0.83905927114982 

Epoch 490 : train  0.11755054517055777 , valid  0.9010320010191594 , test  0.8375396979747649 

Epoch 500 : train  0.1493370090294574 , valid  0.9245820205785572 , test  0.8323772851715565 

Epoch 510 : train  0.12295670287038779 , valid  0.8902691782818624 , test  0.8174084786786143 

Epoch 520 : train  0.12097694046250272 , valid  0.9223082745512204 , test  0.8424931641402831 

Epoch 530 : train  0.13295119928806828 , valid  0.9097442656588296 , test  0.8310293433513312 

Epoch 540 : train  0.13972627823868053 , valid  0.9137644171165791 , test  0.8446090634667168 

Epoch 550 : train  0.10936780689505271 , valid  0.9219909951023406 , test  0.8464561263717683 

Epoch 560 : train  0.121008271093102 , valid  0.9182539155140339 , test  0.8355862354044734 

Epoch 570 : train  0.10662915401429676 , valid  0.9541801655467483 , test  0.8546630865012773 

Epoch 580 : train  0.10691337880451676 , valid  0.9249688606427492 , test  0.8341537451455816 

Epoch 590 : train  0.11025196671242293 , valid  0.9276188002720698 , test  0.836651567526954 

Epoch 600 : train  0.12304024889460394 , valid  0.9281834052920639 , test  0.8292822350218704 

Epoch 610 : train  0.12386465620355464 , valid  0.9416415046986183 , test  0.8485492703483191 

Epoch 620 : train  0.12166443184719979 , valid  0.9178002953564754 , test  0.8112061001082516 

Epoch 630 : train  0.13090288032471983 , valid  0.9120728815592437 , test  0.8285206748147523 

Epoch 640 : train  0.12788593383864952 , valid  0.9302223706681804 , test  0.8320056202014715 

Epoch 650 : train  0.11246369746316066 , valid  0.9034654955853167 , test  0.8160723447823829 

Epoch 660 : train  0.12020200644023661 , valid  0.9088314451425075 , test  0.821641371777754 

Epoch 670 : train  0.10915604230296641 , valid  0.8825070241734454 , test  0.8081377507544077 

Epoch 680 : train  0.11464411810484362 , valid  0.9127425513466396 , test  0.8181170023977659 

Epoch 690 : train  0.11762325220849423 , valid  0.8990061020992718 , test  0.8216740265917349 

Epoch 700 : train  0.10157076556845533 , valid  0.8990148456603154 , test  0.8138934760574311 

Epoch 710 : train  0.12914045761133933 , valid  0.8822936818907419 , test  0.8152032367895753 

Epoch 720 : train  0.10765819381579958 , valid  0.9012157809720369 , test  0.7991043384403336 

Epoch 730 : train  0.16091107459414472 , valid  0.8926979069148787 , test  0.8162644041980845 

Epoch 740 : train  0.1244168782496454 , valid  0.8825002648560735 , test  0.8105253465038332 

Epoch 750 : train  0.13040970811778943 , valid  0.8753922765930985 , test  0.8116861060493682 

Epoch 760 : train  0.13820498822300112 , valid  0.8719847905959014 , test  0.8105908566917921 

Epoch 770 : train  0.13472853800445533 , valid  0.8742764384266756 , test  0.8172089882781529 

Epoch 780 : train  0.11155990987506371 , valid  0.8715275797673815 , test  0.812746606112679 

Epoch 790 : train  0.11172572203395285 , valid  0.8717192330092434 , test  0.8297448217065754 

Epoch 800 : train  0.10782726881760402 , valid  0.8936118189700953 , test  0.8133062038425222 

Epoch 810 : train  0.10336909469266074 , valid  0.8660866155782899 , test  0.7974737250582224 

Epoch 820 : train  0.10513624060496662 , valid  0.8793700540025029 , test  0.8036200102324702 

Epoch 830 : train  0.09805140791069958 , valid  0.8902234032220245 , test  0.804337814322867 

Epoch 840 : train  0.10351897117291518 , valid  0.8690467666505441 , test  0.8135625716668942 

Epoch 850 : train  0.09013879472042784 , valid  0.8769477991910037 , test  0.8088708471481989 

Epoch 860 : train  0.11488399150399956 , valid  0.9022521624880037 , test  0.8068923091808747 

Epoch 870 : train  0.10011058334797136 , valid  0.8747055929639937 , test  0.806363044198831 

Epoch 880 : train  0.09672852628253914 , valid  0.8929860105806673 , test  0.8154841634538623 

Epoch 890 : train  0.10066022538528159 , valid  0.9000552971144279 , test  0.8083803949716434 

Epoch 900 : train  0.11922603707495102 , valid  0.8881738494466153 , test  0.8060940581991698 

Epoch 910 : train  0.09694153480981355 , valid  0.890948093292063 , test  0.8148358686985939 

Epoch 920 : train  0.10046402369148907 , valid  0.886251262818893 , test  0.8020926690639745 

Epoch 930 : train  0.09921790454076837 , valid  0.8945326687158045 , test  0.7913558191050324 

Epoch 940 : train  0.11372034308444293 , valid  0.8969771729893562 , test  0.7986536102979956 

Epoch 950 : train  0.09582497415372679 , valid  0.8981671740346903 , test  0.8106777214315868 

Epoch 960 : train  0.0961107640802821 , valid  0.8887403171173428 , test  0.8053029352498129 

Epoch 970 : train  0.11553085316602162 , valid  0.8772493956663738 , test  0.8212567675528863 

Epoch 980 : train  0.09475637707128409 , valid  0.8925230227303748 , test  0.793152768037436 

Epoch 990 : train  0.12188234682703508 , valid  0.885300016881396 , test  0.8148137737547118 

Epoch 1000 : train  0.11008299401046061 , valid  0.8908299103760563 , test  0.7984571659709826 

best valid loss: 0.8660866155782899
best test loss: 0.7974737250582224
 
Job Ended at Mon Apr 10 09:48:05 EDT 2023
