Job started on r177.ib.bridges2.psc.edu at Mon Apr 10 09:19:33 EDT 2023
Namespace(data_path='/ocean/projects/cts180021p/shang9/molecules/pretrainLCA/finalized/data/o_gnn_input/BCF/raw/data.csv', dense=1, dropout=0, folder_idx=4, layer=2, split_folder='/ocean/projects/cts180021p/shang9/molecules/pretrainLCA/finalized/model/feature-based/result_1/BCF/')
kfold index: 0
Epoch 10 : train  1.050561012605525 , valid  1.2882841944141095 , test  1.3110793088833512 

Epoch 20 : train  0.8964477052184009 , valid  1.1197579156816382 , test  1.165950417547434 

Epoch 30 : train  0.7851256998651549 , valid  1.0576373034459554 , test  1.1582389748567772 

Epoch 40 : train  0.6270773950614756 , valid  1.0662113887477351 , test  1.05654186303334 

Epoch 50 : train  0.46237689908384855 , valid  1.007534122055182 , test  1.032281444847926 

Epoch 60 : train  0.36458290534857934 , valid  0.9855680992157742 , test  1.012414285117408 

Epoch 70 : train  0.2506903879997538 , valid  0.9726802802631028 , test  0.9809676921157578 

Epoch 80 : train  0.2344876119993573 , valid  0.9583022347918051 , test  0.9395190684869195 

Epoch 90 : train  0.20571070673236333 , valid  0.9729310660350626 , test  0.9797712613562544 

Epoch 100 : train  0.1952520956439771 , valid  0.967403529153885 , test  0.9288395999596498 

Epoch 110 : train  0.1864917324997122 , valid  0.9481195542607214 , test  0.9237949769305801 

Epoch 120 : train  0.16972908383493027 , valid  0.9326929622737633 , test  0.9233292686413823 

Epoch 130 : train  0.1641034679549422 , valid  0.9281081068639996 , test  0.9391780644945013 

Epoch 140 : train  0.16042361352259388 , valid  0.9102860279485216 , test  0.9510892226142769 

Epoch 150 : train  0.14380911034454505 , valid  0.9266186880479151 , test  0.9339039737764231 

Epoch 160 : train  0.13833315098233748 , valid  0.892100649387983 , test  0.9138033271364322 

Epoch 170 : train  0.1332806600769285 , valid  0.8999509063787442 , test  0.94021575954504 

Epoch 180 : train  0.14020796282763384 , valid  0.9171066206305651 , test  0.9235535217789506 

Epoch 190 : train  0.1338718719715896 , valid  0.8932762632947975 , test  0.9323396883543922 

Epoch 200 : train  0.1289214391366558 , valid  0.9031700846871653 , test  0.9185339169521911 

Epoch 210 : train  0.12413602788766899 , valid  0.9046367360345856 , test  0.9289530683782014 

Epoch 220 : train  0.13473278683948192 , valid  0.900790769463276 , test  0.9314587404739691 

Epoch 230 : train  0.12236596549181725 , valid  0.9014727016283766 , test  0.9177071527334646 

Epoch 240 : train  0.11856959351024007 , valid  0.9011035145491035 , test  0.9540639680367992 

Epoch 250 : train  0.11964171728826462 , valid  0.907187918668767 , test  0.953292299814993 

Epoch 260 : train  0.12119505294521628 , valid  0.9031524233852362 , test  0.9324916455169454 

Epoch 270 : train  0.116073126696583 , valid  0.8937977006905409 , test  0.9119624522650365 

Epoch 280 : train  0.11330269898213599 , valid  0.9041750243372629 , test  0.9045677851996546 

Epoch 290 : train  0.10645024090199776 , valid  0.9036245133565285 , test  0.9438961800824329 

Epoch 300 : train  0.1088844837393206 , valid  0.9262570231926687 , test  0.9169901627252625 

Epoch 310 : train  0.12029374105249696 , valid  0.9077343085062931 , test  0.9194553350137123 

Epoch 320 : train  0.11049823010491679 , valid  0.912250125918026 , test  0.9230130770248083 

Epoch 330 : train  0.10384727617057453 , valid  0.9040416529693048 , test  0.9285709916673686 

Epoch 340 : train  0.0956426737846908 , valid  0.8969779268024809 , test  0.918400872229338 

Epoch 350 : train  0.11689322898913751 , valid  0.9114632760163793 , test  0.9258389979410242 

Epoch 360 : train  0.1117875830147702 , valid  0.8967556161686209 , test  0.9364824694624229 

Epoch 370 : train  0.09934196473427322 , valid  0.893491608220751 , test  0.9352396851144266 

Epoch 380 : train  0.09754048996523229 , valid  0.879411599387146 , test  0.9050999240128238 

Epoch 390 : train  0.09981986445454245 , valid  0.870542204320241 , test  0.9016567735479819 

Epoch 400 : train  0.09884218425678738 , valid  0.8658250320553871 , test  0.8958472665528444 

Epoch 410 : train  0.10763916149764852 , valid  0.887901356662469 , test  0.9007187921769595 

Epoch 420 : train  0.10573387636390286 , valid  0.8907358034795907 , test  0.9094070690798757 

Epoch 430 : train  0.09533417864093267 , valid  0.89010034734604 , test  0.9015511533916432 

Epoch 440 : train  0.09621079544077872 , valid  0.8863052872387637 , test  0.9024505868558812 

Epoch 450 : train  0.10481555432849617 , valid  0.8870735808664276 , test  0.9030687737813086 

Epoch 460 : train  0.0908752481165344 , valid  0.8993598327053118 , test  0.8985766091350912 

Epoch 470 : train  0.10671424941352285 , valid  0.8914236633304706 , test  0.8997504446455364 

Epoch 480 : train  0.10447738282693074 , valid  0.8978955075045035 , test  0.9033570472256633 

Epoch 490 : train  0.10296376067988296 , valid  0.8955539612992616 , test  0.8889920255461382 

Epoch 500 : train  0.10809691190848325 , valid  0.8882632642711005 , test  0.910428494122877 

Epoch 510 : train  0.11107554322353305 , valid  0.9087947293773448 , test  0.9109652445556258 

Epoch 520 : train  0.09266468525942145 , valid  0.9132269632411734 , test  0.889489930766634 

Epoch 530 : train  0.09922647557919807 , valid  0.8882991075346487 , test  0.8981343345353713 

Epoch 540 : train  0.09961011664627098 , valid  0.910226140178507 , test  0.8899313869725562 

Epoch 550 : train  0.10970873824061761 , valid  0.902527931643178 , test  0.9042174285182304 

Epoch 560 : train  0.10721920747797582 , valid  0.9038587448473 , test  0.9395196590858942 

Epoch 570 : train  0.13031197759857116 , valid  0.9160374732899577 , test  0.9199825533715685 

Epoch 580 : train  0.10162878674264042 , valid  0.9116992092033831 , test  0.9096879703339639 

Epoch 590 : train  0.09912896212501689 , valid  0.9043669542328676 , test  0.901007806573103 

Epoch 600 : train  0.1021973875323709 , valid  0.8937721922105227 , test  0.8904502192020071 

Epoch 610 : train  0.10810499027432208 , valid  0.896021425883619 , test  0.8832780349802786 

Epoch 620 : train  0.10772821918323362 , valid  0.8856755959901356 , test  0.8859229430933038 

Epoch 630 : train  0.09906232440205272 , valid  0.8945632861979357 , test  0.8921885050475855 

Epoch 640 : train  0.10029080397189986 , valid  0.9076517983914685 , test  0.9056529113134854 

Epoch 650 : train  0.09619439676894183 , valid  0.9235651421080546 , test  0.915092382614774 

Epoch 660 : train  0.10952009908384083 , valid  0.9033479722381271 , test  0.8788030474488596 

Epoch 670 : train  0.13086132587351015 , valid  0.8996019288065179 , test  0.8800731655742892 

Epoch 680 : train  0.12076611517786505 , valid  0.9027653304485548 , test  0.8761739799005671 

Epoch 690 : train  0.09208938581711226 , valid  0.8806803452944605 , test  0.8903539824409811 

Epoch 700 : train  0.08519942944605376 , valid  0.8969989954180293 , test  0.8886423077539878 

Epoch 710 : train  0.10382822113731015 , valid  0.8994522951642192 , test  0.8918389602668677 

Epoch 720 : train  0.09072359629025988 , valid  0.8849642631512793 , test  0.8877403296647319 

Epoch 730 : train  0.09990763360629354 , valid  0.8895426232580397 , test  0.8819691559364239 

Epoch 740 : train  0.09526827332567589 , valid  0.8939685440209132 , test  0.8916984394846766 

Epoch 750 : train  0.1131097938448374 , valid  0.9062348637435874 , test  0.8911973238568764 

Epoch 760 : train  0.09020335208618935 , valid  0.8795486815709931 , test  0.8949950043572299 

Epoch 770 : train  0.10230905297030664 , valid  0.8881097903194568 , test  0.8878918238762731 

Epoch 780 : train  0.08899521027675955 , valid  0.869523468546775 , test  0.8757535460703869 

Epoch 790 : train  0.08791622800149458 , valid  0.84485046215291 , test  0.8803675201310746 

Epoch 800 : train  0.08994670764942339 , valid  0.886643812866489 , test  0.8855637647119722 

Epoch 810 : train  0.08703718047919017 , valid  0.8791209784466691 , test  0.8822592706637116 

Epoch 820 : train  0.09821533608150856 , valid  0.8808305912258922 , test  0.8689039463944445 

Epoch 830 : train  0.08212016401194153 , valid  0.8682259210258703 , test  0.8737699744259891 

Epoch 840 : train  0.08487363297146283 , valid  0.8705547504686968 , test  0.877875532048844 

Epoch 850 : train  0.08891085776968621 , valid  0.8739247258793437 , test  0.8762891516638329 

Epoch 860 : train  0.08308495484417526 , valid  0.8682093481361324 , test  0.8736395475863106 

Epoch 870 : train  0.0870700677041974 , valid  0.8742057554078152 , test  0.8830506523006486 

Epoch 880 : train  0.08512374838195896 , valid  0.8668580844059719 , test  0.880156796353322 

Epoch 890 : train  0.09131386839547008 , valid  0.8701939728825818 , test  0.8826175948956426 

Epoch 900 : train  0.08730344186603466 , valid  0.8527477718925872 , test  0.8864969605180354 

Epoch 910 : train  0.08837681178677939 , valid  0.8535800314606747 , test  0.8753488569700828 

Epoch 920 : train  0.07903378961334648 , valid  0.8840924180416935 , test  0.8910860720695587 

Epoch 930 : train  0.09613789660858157 , valid  0.8477206858213175 , test  0.8821695085889892 

Epoch 940 : train  0.08362924406987672 , valid  0.8348038129203453 , test  0.8809882392023037 

Epoch 950 : train  0.08826972393291632 , valid  0.8521875091656694 , test  0.8810581607149781 

Epoch 960 : train  0.09661724057022596 , valid  0.8564364183155402 , test  0.8952936750453041 

Epoch 970 : train  0.0938219077932654 , valid  0.8560316136816851 , test  0.8929833516823643 

Epoch 980 : train  0.0875197911339561 , valid  0.8558420570115626 , test  0.8815385343339496 

Epoch 990 : train  0.09691973742603975 , valid  0.8845649146810044 , test  0.8845828088209446 

Epoch 1000 : train  0.09466865244183577 , valid  0.8564196591853103 , test  0.8805618512882303 

best valid loss: 0.8348038129203453
best test loss: 0.8809882392023037
kfold index: 1
Epoch 10 : train  1.1069474662078003 , valid  1.1784594957591554 , test  1.2722244795984798 

Epoch 20 : train  0.8704467741789345 , valid  1.1096667929771138 , test  1.1907119936796695 

Epoch 30 : train  0.7510634721706165 , valid  1.0095980964647806 , test  1.1094534073116917 

Epoch 40 : train  0.5786713919732428 , valid  1.0306408476070434 , test  1.0364941526412657 

Epoch 50 : train  0.4315182511971578 , valid  0.9714760692914106 , test  1.0218339621790615 

Epoch 60 : train  0.3616929414576814 , valid  0.9982800636920084 , test  1.0055649570923453 

Epoch 70 : train  0.28235735908745885 , valid  0.9784135189469654 , test  1.0096011897352837 

Epoch 80 : train  0.23154694934346365 , valid  0.9360120328504987 , test  1.0279218491911213 

Epoch 90 : train  0.20762136755547078 , valid  0.9428303219472983 , test  0.9831020662666943 

Epoch 100 : train  0.2217712570784324 , valid  0.9519304432217875 , test  1.0132945486672453 

Epoch 110 : train  0.20478108898851813 , valid  0.9411046080941974 , test  0.9922359815635837 

Epoch 120 : train  0.18839028343619602 , valid  0.9237538865978216 , test  0.9593279296120711 

Epoch 130 : train  0.1826542787531966 , valid  0.8998723143676138 , test  0.97355505502826 

Epoch 140 : train  0.18820711544513025 , valid  0.9293691947688636 , test  0.9663308098467239 

Epoch 150 : train  0.16323195583804256 , valid  0.9038475943881278 , test  0.9756942545817712 

Epoch 160 : train  0.1606257472917423 , valid  0.8937841779769868 , test  0.9643991577063533 

Epoch 170 : train  0.16481016954271094 , valid  0.9247546802937237 , test  0.987395380864063 

Epoch 180 : train  0.17945510253749922 , valid  0.8907673385567669 , test  1.0024730518488925 

Epoch 190 : train  0.15456618675065528 , valid  0.9361629327325659 , test  0.9998441413828101 

Epoch 200 : train  0.14836473199497333 , valid  0.9120123460534966 , test  0.9903225668741032 

Epoch 210 : train  0.15643885496055726 , valid  0.9249681517367475 , test  0.9849480127681188 

Epoch 220 : train  0.14372914928613792 , valid  0.9366354520216296 , test  0.9706084500401867 

Epoch 230 : train  0.13752838298294656 , valid  0.9144278978066954 , test  0.9584137375908894 

Epoch 240 : train  0.15299340925417063 , valid  0.9194699293322939 , test  0.9763288645154645 

Epoch 250 : train  0.14149360983026393 , valid  0.9237425936925663 , test  0.9549717304477335 

Epoch 260 : train  0.14628320224126823 , valid  0.9136366039799163 , test  0.9530247672868613 

Epoch 270 : train  0.1348123938509983 , valid  0.9258678555211595 , test  0.9610079885173052 

Epoch 280 : train  0.13415928151896947 , valid  0.9109993314554284 , test  0.9658936368738217 

Epoch 290 : train  0.13533607334134248 , valid  0.9022441452252477 , test  0.9660698286497705 

Epoch 300 : train  0.13560370575285652 , valid  0.9002358748165886 , test  0.9458499113647452 

Epoch 310 : train  0.12699544402268131 , valid  0.894386969459987 , test  0.957783021416344 

Epoch 320 : train  0.13590986399288682 , valid  0.9262609330191213 , test  0.9552312729292319 

Epoch 330 : train  0.13863149247108525 , valid  0.9008176583339301 , test  0.9579095256644342 

Epoch 340 : train  0.12961573497225776 , valid  0.9083948382448216 , test  0.9487325037866122 

Epoch 350 : train  0.14541646599242883 , valid  0.9289020638853672 , test  0.9496689837976356 

Epoch 360 : train  0.12605034159985615 , valid  0.9197307426153456 , test  0.947738628046766 

Epoch 370 : train  0.1291059030199157 , valid  0.9245168353453586 , test  0.9627371895857542 

Epoch 380 : train  0.12132253998647036 , valid  0.8879886793357304 , test  0.9576108841544253 

Epoch 390 : train  0.11793315848967936 , valid  0.8952238728580824 , test  0.9531728406600649 

Epoch 400 : train  0.12655052127459124 , valid  0.8974054134818535 , test  0.9540119273121522 

Epoch 410 : train  0.14344729314003402 , valid  0.9092340855178481 , test  0.9678251970325106 

Epoch 420 : train  0.11292302650114429 , valid  0.8973079810086947 , test  0.9584389586793276 

Epoch 430 : train  0.1289451905572111 , valid  0.9075888037977748 , test  0.9571284599872006 

Epoch 440 : train  0.1159047451516293 , valid  0.8865874470226142 , test  0.951432426513457 

Epoch 450 : train  0.13585924918876577 , valid  0.8842430191672159 , test  0.9524241120129806 

Epoch 460 : train  0.12489070791194418 , valid  0.8842914085894862 , test  0.9472889324693874 

Epoch 470 : train  0.12481435366510653 , valid  0.8659590989745429 , test  0.9307424222558492 

Epoch 480 : train  0.16371149600038665 , valid  0.8909936945360661 , test  0.9585769407106676 

Epoch 490 : train  0.13222107315066475 , valid  0.8815173536849212 , test  0.9315993598835335 

Epoch 500 : train  0.13165716361860397 , valid  0.9029960511636086 , test  0.947986259880524 

Epoch 510 : train  0.12389538563549783 , valid  0.8765405267387444 , test  0.9652068570322124 

Epoch 520 : train  0.11988872904856868 , valid  0.8760877109342246 , test  0.9487625177164205 

Epoch 530 : train  0.1106823352068014 , valid  0.876108435652734 , test  0.9514130083419369 

Epoch 540 : train  0.13693478302456089 , valid  0.8845806030558446 , test  0.9391960618791779 

Epoch 550 : train  0.11533603955714151 , valid  0.8755771688547899 , test  0.9425818164079162 

Epoch 560 : train  0.11791661613385712 , valid  0.8723752494400896 , test  0.9351446025679535 

Epoch 570 : train  0.11454713785696807 , valid  0.8705670272586707 , test  0.9427498077809473 

Epoch 580 : train  0.12182579649869256 , valid  0.8851908528579681 , test  0.9308857676260409 

Epoch 590 : train  0.12029631737687879 , valid  0.8727789487715423 , test  0.9353042019931058 

Epoch 600 : train  0.11208593487587001 , valid  0.8720777588189381 , test  0.9127153741318128 

Epoch 610 : train  0.11602530652856187 , valid  0.8822716647752487 , test  0.9471502806189738 

Epoch 620 : train  0.11270776792714299 , valid  0.8851402985743368 , test  0.9509929666186521 

Epoch 630 : train  0.11337849359102495 , valid  0.8700892132589467 , test  0.93213175770253 

Epoch 640 : train  0.10820326940123132 , valid  0.8715617841999586 , test  0.9258877863546079 

Epoch 650 : train  0.10826354112399117 , valid  0.8852269789782532 , test  0.9080641031570222 

Epoch 660 : train  0.1128077158518317 , valid  0.8840105955896993 , test  0.9307209812993622 

Epoch 670 : train  0.12967184793375366 , valid  0.87155059609479 , test  0.9394481003620271 

Epoch 680 : train  0.11360151250342002 , valid  0.856877075314356 , test  0.9159680060434874 

Epoch 690 : train  0.13585975329097472 , valid  0.8754189685818148 , test  0.9307294356148651 

Epoch 700 : train  0.13982133084827464 , valid  0.8596243762230077 , test  0.9415006849784816 

Epoch 710 : train  0.125901902141814 , valid  0.8553795376356497 , test  0.9373684579129699 

Epoch 720 : train  0.12882614032807202 , valid  0.8686898120450027 , test  0.9447428337375713 

Epoch 730 : train  0.11142599098728621 , valid  0.8707723826244327 , test  0.9310761547924186 

Epoch 740 : train  0.12606368606648516 , valid  0.8795080781363228 , test  0.9197815064357949 

Epoch 750 : train  0.11593821827208088 , valid  0.872497991521884 , test  0.9433294878706835 

Epoch 760 : train  0.10949325048193484 , valid  0.8737300834869458 , test  0.9348239188851054 

Epoch 770 : train  0.11618913091967951 , valid  0.8693846944006526 , test  0.9402526607339932 

Epoch 780 : train  0.11138871799050187 , valid  0.8682496359484544 , test  0.9291650216073618 

Epoch 790 : train  0.11011741650939035 , valid  0.877969273012664 , test  0.9191070458181684 

Epoch 800 : train  0.1035011930566524 , valid  0.8696271222594325 , test  0.9351513186572625 

Epoch 810 : train  0.12228644772471553 , valid  0.8707331339780737 , test  0.9179819584339847 

Epoch 820 : train  0.10035959176230948 , valid  0.875331212502824 , test  0.936203647419847 

Epoch 830 : train  0.11017370765031968 , valid  0.8708510730984165 , test  0.9236232479279756 

Epoch 840 : train  0.10195437823319631 , valid  0.8587343398623107 , test  0.9052532569887745 

Epoch 850 : train  0.1113930474349503 , valid  0.8563401863170158 , test  0.9385764783275136 

Epoch 860 : train  0.10773021993294787 , valid  0.8854111722720068 , test  0.9350370750811282 

Epoch 870 : train  0.10173915394368306 , valid  0.8799996568044142 , test  0.9279303637319554 

Epoch 880 : train  0.1396386915295484 , valid  0.8720796153828757 , test  0.9166194033480107 

Epoch 890 : train  0.10382347830899008 , valid  0.8547495429298557 , test  0.9197457350190991 

Epoch 900 : train  0.106067594830277 , valid  0.8860054244176933 , test  0.9180360422687397 

Epoch 910 : train  0.11032825199739578 , valid  0.8796535189734078 , test  0.9181783145506481 

Epoch 920 : train  0.11038015909132234 , valid  0.8723232545188816 , test  0.9311875579936938 

Epoch 930 : train  0.10225975221839174 , valid  0.8516312575041236 , test  0.9182648051986992 

Epoch 940 : train  0.11555852506978152 , valid  0.8515723907335725 , test  0.9302051952276924 

Epoch 950 : train  0.11015941452542856 , valid  0.8620485739810365 , test  0.9113344736920089 

Epoch 960 : train  0.10011182580444146 , valid  0.8539852910989699 , test  0.898835821139055 

Epoch 970 : train  0.10444373617359605 , valid  0.8558620921006923 , test  0.9056516085173222 

Epoch 980 : train  0.09872828427576978 , valid  0.8522394312691528 , test  0.912784564568881 

Epoch 990 : train  0.10908690657997361 , valid  0.8579738962189797 , test  0.9167878464694986 

Epoch 1000 : train  0.09752554989158836 , valid  0.8500360160343668 , test  0.9188345532913043 

best valid loss: 0.8500360160343668
best test loss: 0.9188345532913043
kfold index: 2
Epoch 10 : train  1.5205051126547462 , valid  1.7672348398081537 , test  1.785677332189809 

Epoch 20 : train  1.0536850585212767 , valid  1.1620403678314286 , test  1.2816302711338285 

Epoch 30 : train  0.9156806761969684 , valid  1.018477633717796 , test  1.131378015570481 

Epoch 40 : train  0.7415604511568101 , valid  0.995025520741521 , test  1.0922822344078489 

Epoch 50 : train  0.5336040159521653 , valid  0.9801264538178772 , test  1.0651266384019613 

Epoch 60 : train  0.3666638515076467 , valid  0.9478376376719145 , test  1.0234424052369113 

Epoch 70 : train  0.27086664484429157 , valid  0.9084061948963638 , test  1.0463758559520961 

Epoch 80 : train  0.22562808964283468 , valid  0.9067517897528313 , test  1.0047852179986434 

Epoch 90 : train  0.21283870631491736 , valid  0.8753801033339348 , test  1.0002214640179705 

Epoch 100 : train  0.20650627995401097 , valid  0.8789523689620814 , test  1.0154939076917635 

Epoch 110 : train  0.19915471542201302 , valid  0.9011189804958418 , test  0.99189941937534 

Epoch 120 : train  0.21650969516009286 , valid  0.8707209383106689 , test  0.955247317029721 

Epoch 130 : train  0.18514195484451026 , valid  0.871611688600565 , test  0.9719007655251022 

Epoch 140 : train  0.19325171019365003 , valid  0.8452738582255278 , test  0.9626983251294987 

Epoch 150 : train  0.20091881950961243 , valid  0.8658873873864295 , test  0.9797770321279363 

Epoch 160 : train  0.1675770628487394 , valid  0.8928339518620206 , test  1.0024822794296144 

Epoch 170 : train  0.15800756773768798 , valid  0.8758425172519994 , test  0.9964056240015757 

Epoch 180 : train  0.14138872211544057 , valid  0.8713151043674595 , test  0.9973596979371437 

Epoch 190 : train  0.15097066454755473 , valid  0.863294508250263 , test  0.979921954559318 

Epoch 200 : train  0.15853712523174027 , valid  0.8715759971971556 , test  0.984890152987703 

Epoch 210 : train  0.1303183726992924 , valid  0.8770782086351905 , test  0.9886334678662669 

Epoch 220 : train  0.1426847953831105 , valid  0.8475006933367796 , test  1.0022447702051305 

Epoch 230 : train  0.13608607896180352 , valid  0.8759637434536522 , test  1.0074535461138052 

Epoch 240 : train  0.12781859825696137 , valid  0.868366424594398 , test  0.996674410373141 

Epoch 250 : train  0.13299247644719905 , valid  0.8860045018970123 , test  1.004169625802793 

Epoch 260 : train  0.12266054451572642 , valid  0.8854416906368625 , test  1.0016954122780821 

Epoch 270 : train  0.1384550853597051 , valid  0.870173872795073 , test  0.9750076615024756 

Epoch 280 : train  0.13401086116638086 , valid  0.8890453050513248 , test  1.0023543033125388 

Epoch 290 : train  0.12915148734146667 , valid  0.8773851835622176 , test  1.0132210169874594 

Epoch 300 : train  0.1263243279988811 , valid  0.8770455760599053 , test  0.9928812191763603 

Epoch 310 : train  0.12785904639081005 , valid  0.8928190898662531 , test  0.9993814748768174 

Epoch 320 : train  0.11773863098049223 , valid  0.8884979723726167 , test  0.983434819877886 

Epoch 330 : train  0.12439894768129495 , valid  0.880722985832701 , test  0.9811631515500784 

Epoch 340 : train  0.1215330052859938 , valid  0.862543017377124 , test  0.9923573430912931 

Epoch 350 : train  0.1142886263474988 , valid  0.8785301130064244 , test  0.9850926882472646 

Epoch 360 : train  0.11510744580911274 , valid  0.8837227013121761 , test  1.01558037175014 

Epoch 370 : train  0.1255256711297556 , valid  0.87792638508609 , test  0.9987944466649219 

Epoch 380 : train  0.11347388272557746 , valid  0.8824982487737887 , test  0.9957839722453925 

Epoch 390 : train  0.11595920492837625 , valid  0.8849852851689683 , test  0.9950283006256713 

Epoch 400 : train  0.10969487886193173 , valid  0.8770726965342576 , test  0.9896637071534168 

Epoch 410 : train  0.11276101701450418 , valid  0.8925474343511536 , test  1.0160127731113047 

Epoch 420 : train  0.13604573322420926 , valid  0.8578494507378337 , test  0.9676994274322971 

Epoch 430 : train  0.12354166190604385 , valid  0.8767968824942016 , test  0.9835971393462316 

Epoch 440 : train  0.11939263308664785 , valid  0.8653117088272562 , test  0.9994427007594787 

Epoch 450 : train  0.12102480735362259 , valid  0.8706433807822254 , test  1.0228412132854885 

Epoch 460 : train  0.12813081731980472 , valid  0.8721955133613417 , test  0.9681741321255453 

Epoch 470 : train  0.14913398761852978 , valid  0.8640986070448922 , test  0.9605050951250677 

Epoch 480 : train  0.1252334181248671 , valid  0.8673207625119475 , test  0.9645074833759556 

Epoch 490 : train  0.12011603378489773 , valid  0.8535753503429184 , test  0.9848422205903757 

Epoch 500 : train  0.12676323497820322 , valid  0.8693866104923319 , test  0.955920891813858 

Epoch 510 : train  0.11895253471587786 , valid  0.8422720967716502 , test  0.9461995776326779 

Epoch 520 : train  0.10951144294027935 , valid  0.8680947596402282 , test  0.9659549966515942 

Epoch 530 : train  0.13647074626894698 , valid  0.8528189566407108 , test  0.9601200717235887 

Epoch 540 : train  0.10610445095368433 , valid  0.8625278938150165 , test  0.981104357162721 

Epoch 550 : train  0.12521862407526846 , valid  0.8560875583589801 , test  0.9502412769251973 

Epoch 560 : train  0.1167850928888818 , valid  0.8721422884788741 , test  0.9443146463390087 

Epoch 570 : train  0.1473546037694208 , valid  0.8684091826994675 , test  0.9730749222866156 

Epoch 580 : train  0.1431506892570964 , valid  0.8758176329465313 , test  0.9771614664882718 

Epoch 590 : train  0.14223763046237461 , valid  0.8671596772538394 , test  0.9850008314460603 

Epoch 600 : train  0.1573722123619323 , valid  0.8669672481496901 , test  1.0029800436285177 

Epoch 610 : train  0.12104998345041973 , valid  0.8649521091845606 , test  0.969472814498485 

Epoch 620 : train  0.12865782419177862 , valid  0.8552111411725715 , test  0.9713977413672866 

Epoch 630 : train  0.1675125880793854 , valid  0.8710976517763441 , test  1.001615015244521 

Epoch 640 : train  0.11349683345903193 , valid  0.8535818509053957 , test  0.9751886988826759 

Epoch 650 : train  0.11485076027318979 , valid  0.8772207188014916 , test  0.9968359029364009 

Epoch 660 : train  0.11133137713326832 , valid  0.8403851604435486 , test  0.9800426859022516 

Epoch 670 : train  0.11807561400155026 , valid  0.8539146256272485 , test  0.9897370143095333 

Epoch 680 : train  0.10815024679747438 , valid  0.849864858300282 , test  0.9909920363837448 

Epoch 690 : train  0.1168650402833669 , valid  0.8506115089096075 , test  0.9958504436554456 

Epoch 700 : train  0.1015048224841571 , valid  0.8329569026371452 , test  0.9840866804526073 

Epoch 710 : train  0.1090842361902375 , valid  0.843086882389497 , test  0.9816166245031052 

Epoch 720 : train  0.10555736006604506 , valid  0.8456676068108154 , test  0.9784395149472686 

Epoch 730 : train  0.10258637896392565 , valid  0.8382301642396989 , test  0.9785076860016734 

Epoch 740 : train  0.10555222999429668 , valid  0.8512865580423407 , test  1.0028186687960412 

Epoch 750 : train  0.12417828864129764 , valid  0.8635891279642766 , test  0.984914349079708 

Epoch 760 : train  0.10990289751682814 , valid  0.8433787002673414 , test  0.9770813088534477 

Epoch 770 : train  0.10634163799503549 , valid  0.8369347951096079 , test  0.9871920311600851 

Epoch 780 : train  0.10962337278176848 , valid  0.8346892561808832 , test  0.9919512080242245 

Epoch 790 : train  0.11391447291037796 , valid  0.8403429624891648 , test  0.9776057060030924 

Epoch 800 : train  0.09801160814277929 , valid  0.8410483803233804 , test  0.989092215443733 

Epoch 810 : train  0.13042680510191534 , valid  0.8523912709892747 , test  0.9862824616218206 

Epoch 820 : train  0.10513842955004812 , valid  0.8284777330966216 , test  0.9658465121740561 

Epoch 830 : train  0.11193407313307843 , valid  0.8135682224999249 , test  0.9420385853248208 

Epoch 840 : train  0.11000101413491212 , valid  0.8202995793306241 , test  0.9638053943979839 

Epoch 850 : train  0.11086620577476597 , valid  0.8390614971683207 , test  0.9881345328810979 

Epoch 860 : train  0.11712557776169877 , valid  0.8339258650392661 , test  0.9939059226433337 

Epoch 870 : train  0.11378174123798007 , valid  0.8201603693761225 , test  0.9743589325691777 

Epoch 880 : train  0.11070656704007616 , valid  0.8131906961156751 , test  0.9694351236173324 

Epoch 890 : train  0.10765767642738847 , valid  0.8205200786966709 , test  0.9701329109368677 

Epoch 900 : train  0.10014064141901069 , valid  0.8148413251520421 , test  0.9580482360324334 

Epoch 910 : train  0.10346483914103653 , valid  0.8288244472398577 , test  0.9666675685255651 

Epoch 920 : train  0.10895615690004219 , valid  0.8121981340197755 , test  0.951368921203341 

Epoch 930 : train  0.10321552933468164 , valid  0.8289372378754848 , test  0.9635762630529524 

Epoch 940 : train  0.11699871964828253 , valid  0.8429451410085489 , test  0.9757663406332767 

Epoch 950 : train  0.11259953277468293 , valid  0.8106156057047832 , test  0.9539213852353277 

Epoch 960 : train  0.10496181137310988 , valid  0.8059957041973168 , test  0.9694101172383371 

Epoch 970 : train  0.10750514002534847 , valid  0.7973512807858558 , test  0.9606070105348574 

Epoch 980 : train  0.10475793959727082 , valid  0.8079542639755519 , test  0.9832334837496706 

Epoch 990 : train  0.09818777521154973 , valid  0.8092874544130236 , test  0.977312192223851 

Epoch 1000 : train  0.10906936783487213 , valid  0.8123866445670863 , test  0.9698407436603428 

best valid loss: 0.7973512807858558
best test loss: 0.9606070105348574
kfold index: 3
Epoch 10 : train  1.0367868784062326 , valid  1.138469446776734 , test  1.2534325345233073 

Epoch 20 : train  0.9137816417096986 , valid  1.0811617078142977 , test  1.1418345299178876 

Epoch 30 : train  0.7532750201742744 , valid  1.0575980492933632 , test  1.0398352332978729 

Epoch 40 : train  0.5796085222999118 , valid  1.0350158477612417 , test  1.0023043534152865 

Epoch 50 : train  0.44465005496785615 , valid  1.0283285802450282 , test  1.0095713612049861 

Epoch 60 : train  0.30848848729433226 , valid  0.9980018850037333 , test  0.985708608840505 

Epoch 70 : train  0.2744088531305769 , valid  1.0153608878949238 , test  0.985808323459915 

Epoch 80 : train  0.2195311253941477 , valid  1.0379261474229495 , test  1.0067073662826715 

Epoch 90 : train  0.23007341367731504 , valid  1.0004981132149546 , test  0.9657967609969027 

Epoch 100 : train  0.2423564194956161 , valid  0.9992900199882114 , test  1.01785912999988 

Epoch 110 : train  0.20785168227785097 , valid  1.0173852058444999 , test  1.0261110310864785 

Epoch 120 : train  0.1846070022383829 , valid  1.0046819757922016 , test  0.9705718201902948 

Epoch 130 : train  0.1982786138949233 , valid  0.9797460381820537 , test  0.9908380558655292 

Epoch 140 : train  0.17233521392457857 , valid  1.007639877953223 , test  0.9853847034272314 

Epoch 150 : train  0.16948317723210135 , valid  1.0271030664734464 , test  0.9593627638585127 

Epoch 160 : train  0.16756260306606255 , valid  1.0344307360367588 , test  0.960941060737998 

Epoch 170 : train  0.16619522896907793 , valid  1.0035041959563638 , test  0.9945452155402712 

Epoch 180 : train  0.16836712265436798 , valid  1.0011060759770927 , test  0.9586930263146478 

Epoch 190 : train  0.14373248285390305 , valid  0.9882806518521026 , test  0.9436657257189836 

Epoch 200 : train  0.14616123692382318 , valid  0.9941832477000366 , test  0.9569977574666344 

Epoch 210 : train  0.14947585696058727 , valid  1.0093483327960275 , test  0.960957214828697 

Epoch 220 : train  0.1439943522076686 , valid  0.9987454708498955 , test  0.9618590253756408 

Epoch 230 : train  0.1471847715111204 , valid  1.0012882158528393 , test  0.9503550732929934 

Epoch 240 : train  0.1596607004177486 , valid  1.0106175909535153 , test  0.950416545662562 

Epoch 250 : train  0.14208831852305207 , valid  0.9990245968162302 , test  0.9423769490226396 

Epoch 260 : train  0.16802729545455808 , valid  0.989831350898716 , test  0.9385592368111759 

Epoch 270 : train  0.1415964833421828 , valid  0.9680679434346112 , test  0.9431531351693919 

Epoch 280 : train  0.14796394210045688 , valid  0.988128340082489 , test  0.9284634610804106 

Epoch 290 : train  0.13882990595766748 , valid  0.9807307052266816 , test  0.9224099696849397 

Epoch 300 : train  0.14036595160311832 , valid  0.9836731218603412 , test  0.9492651303404164 

Epoch 310 : train  0.13563998034487712 , valid  0.9823414961098395 , test  0.9656421100729924 

Epoch 320 : train  0.14740011695669733 , valid  0.969097299738068 , test  0.9413506081594685 

Epoch 330 : train  0.13376228474376486 , valid  0.98057038912407 , test  0.9315783529537 

Epoch 340 : train  0.12613935481448108 , valid  0.9955651866765841 , test  0.9321931319435327 

Epoch 350 : train  0.1369756896732112 , valid  0.9575065166541725 , test  0.9284793184821982 

Epoch 360 : train  0.13643092099414217 , valid  0.9672442174425381 , test  0.9475044197299126 

Epoch 370 : train  0.13037631766709168 , valid  0.9879410687844725 , test  0.928163129029261 

Epoch 380 : train  0.12157349340290513 , valid  0.984128740912269 , test  0.9378950436136064 

Epoch 390 : train  0.13736296862674416 , valid  0.9823984726399035 , test  0.9322682445328292 

Epoch 400 : train  0.11700206529250878 , valid  0.9721388403384597 , test  0.9183356804491285 

Epoch 410 : train  0.12701404392870083 , valid  0.9893231251598638 , test  0.9327494934012822 

Epoch 420 : train  0.11980433742049117 , valid  0.977682576340925 , test  0.9339475366835449 

Epoch 430 : train  0.1408917326540396 , valid  0.9790970465560616 , test  0.9428894428012032 

Epoch 440 : train  0.15070007220103077 , valid  0.9624438684423954 , test  0.9525483139100349 

Epoch 450 : train  0.14817352904895387 , valid  0.9793026684814863 , test  0.9300306634502409 

Epoch 460 : train  0.1358145701870674 , valid  0.9648912421319585 , test  0.9420023352694317 

Epoch 470 : train  0.14141344075806356 , valid  0.9633124667461799 , test  0.938791730174877 

Epoch 480 : train  0.14022540298935096 , valid  0.9603216306768049 , test  0.9347803181012944 

Epoch 490 : train  0.127136053867031 , valid  0.9700222658517811 , test  0.9248339469374198 

Epoch 500 : train  0.12426771109056214 , valid  0.9699448507603086 , test  0.9428783588383745 

Epoch 510 : train  0.1245876768954859 , valid  0.9615900220121602 , test  0.937188424275924 

Epoch 520 : train  0.1163098102129127 , valid  0.9654601278111108 , test  0.9326419550591877 

Epoch 530 : train  0.11110113312919202 , valid  0.9775770636640194 , test  0.9342996035945476 

Epoch 540 : train  0.11605441075117777 , valid  0.9704395720287403 , test  0.9322474505708828 

Epoch 550 : train  0.1176798890521779 , valid  0.9602967815171011 , test  0.9058561712042164 

Epoch 560 : train  0.12113373058264774 , valid  0.9349691639247725 , test  0.9130003030346264 

Epoch 570 : train  0.12573208908784542 , valid  0.9454676768927223 , test  0.9316776539567309 

Epoch 580 : train  0.11311961012390906 , valid  0.9530145129403538 , test  0.9334027666554363 

Epoch 590 : train  0.14190425229850107 , valid  0.9715634399461216 , test  0.9270412940253077 

Epoch 600 : train  0.11350170880705203 , valid  0.9668087102480692 , test  0.9523531051575812 

Epoch 610 : train  0.12093333883071794 , valid  0.9713359040730883 , test  0.9354441389063144 

Epoch 620 : train  0.11237116782342124 , valid  0.9687690938879583 , test  0.9282737952118907 

Epoch 630 : train  0.1090508682163872 , valid  0.9717225008035443 , test  0.9388249204503645 

Epoch 640 : train  0.11327976850062363 , valid  0.9582014254526432 , test  0.929603131249969 

Epoch 650 : train  0.12195222996856456 , valid  0.9718995088143212 , test  0.9215061435704739 

Epoch 660 : train  0.12421504211724056 , valid  0.964010299269128 , test  0.9226843067255512 

Epoch 670 : train  0.13437477669890965 , valid  0.9571308068356066 , test  0.9285255232387164 

Epoch 680 : train  0.10896286210903645 , valid  0.9674058128146379 , test  0.9282991900428467 

Epoch 690 : train  0.10823981575541672 , valid  0.9558396415385949 , test  0.9448846511211306 

Epoch 700 : train  0.11748868451655294 , valid  0.9628366724161824 , test  0.9360577756584486 

Epoch 710 : train  0.1472951807981645 , valid  0.9497033264119374 , test  0.9362919167347232 

Epoch 720 : train  0.11864454039698792 , valid  0.9667851085976233 , test  0.9271915222008369 

Epoch 730 : train  0.11031202454111384 , valid  0.9637573502929045 , test  0.9254517018128235 

Epoch 740 : train  0.12548583629224294 , valid  0.9670769277874797 , test  0.9381932579481156 

Epoch 750 : train  0.14058506746246457 , valid  0.9293387282722478 , test  0.9356380935160544 

Epoch 760 : train  0.12879190640059712 , valid  0.9396759261433665 , test  0.9266036207186846 

Epoch 770 : train  0.10390342595410747 , valid  0.9431203477727275 , test  0.929253496525395 

Epoch 780 : train  0.11067334049224949 , valid  0.9380125961438408 , test  0.9167561466102581 

Epoch 790 : train  0.1021057743790332 , valid  0.9330577863894216 , test  0.922731184573078 

Epoch 800 : train  0.099591099830847 , valid  0.9561561321945143 , test  0.906690556212548 

Epoch 810 : train  0.11357519855452596 , valid  0.9447072418728756 , test  0.9188226339503839 

Epoch 820 : train  0.11628000835084398 , valid  0.9496179745478172 , test  0.9179791070977229 

Epoch 830 : train  0.12137450964851111 , valid  0.9366967414095146 , test  0.9425526007677713 

Epoch 840 : train  0.1045997403579454 , valid  0.9322743444401912 , test  0.916244504408912 

Epoch 850 : train  0.10807240744834072 , valid  0.9423641799447162 , test  0.9215339412677067 

Epoch 860 : train  0.11511712177724658 , valid  0.9469037471486712 , test  0.932827028373861 

Epoch 870 : train  0.09279351661142668 , valid  0.9219609589082663 , test  0.915242770585736 

Epoch 880 : train  0.09870828081474212 , valid  0.9567375266946831 , test  0.9343366490076611 

Epoch 890 : train  0.10289006302319009 , valid  0.950308437187327 , test  0.918555939618467 

Epoch 900 : train  0.1073966944592915 , valid  0.9378987961603846 , test  0.9213436865648504 

Epoch 910 : train  0.11500175367040275 , valid  0.963051505980875 , test  0.9330871737298256 

Epoch 920 : train  0.10636554228048255 , valid  0.9510713201165003 , test  0.9282818550623011 

Epoch 930 : train  0.10723179027571911 , valid  0.9551228831910749 , test  0.9305497375432876 

Epoch 940 : train  0.10923844257426986 , valid  0.9343062379581044 , test  0.9149763504662097 

Epoch 950 : train  0.10567609184667949 , valid  0.9585102598657801 , test  0.9153755707028193 

Epoch 960 : train  0.10149857128631137 , valid  0.9446252322447007 , test  0.9263964905279874 

Epoch 970 : train  0.09658189208320976 , valid  0.9445129230781981 , test  0.925204656837015 

Epoch 980 : train  0.10213774808425728 , valid  0.9471320162996109 , test  0.9117904410261459 

Epoch 990 : train  0.0980396907521637 , valid  0.9522095880639753 , test  0.9084461630249212 

Epoch 1000 : train  0.0998551470634151 , valid  0.9559410428440552 , test  0.9148907568756761 

best valid loss: 0.9219609589082663
best test loss: 0.915242770585736
kfold index: 4
Epoch 10 : train  1.0713365339912861 , valid  1.2005442034748244 , test  1.2285297410122213 

Epoch 20 : train  0.8888835912120544 , valid  1.1370478370443262 , test  1.178813569022641 

Epoch 30 : train  0.7535342975432863 , valid  1.0810133406645828 , test  1.1288792796131677 

Epoch 40 : train  0.5243269097690714 , valid  0.9860632726185126 , test  1.0334866182916822 

Epoch 50 : train  0.37993820466787126 , valid  0.8910021649437129 , test  0.9669511116386823 

Epoch 60 : train  0.30026400320720054 , valid  0.8918020478976008 , test  0.9755699622213219 

Epoch 70 : train  0.267756777885888 , valid  0.9002576070281527 , test  0.9676623487832859 

Epoch 80 : train  0.23852201279074792 , valid  0.8696055403264039 , test  0.9200294892237324 

Epoch 90 : train  0.22613785679719103 , valid  0.8808335455749451 , test  0.9497886992836052 

Epoch 100 : train  0.21464333355546591 , valid  0.897899874507828 , test  0.9550653819015933 

Epoch 110 : train  0.2069146931547236 , valid  0.8780105721765432 , test  0.9523028463443833 

Epoch 120 : train  0.19318601828330434 , valid  0.8722886425734567 , test  0.9531139418818139 

Epoch 130 : train  0.19811081264428385 , valid  0.871028466595521 , test  0.9443395330834448 

Epoch 140 : train  0.20073728380920916 , valid  0.8581956870035549 , test  0.9388148036251438 

Epoch 150 : train  0.1730460106467111 , valid  0.8484974344964729 , test  0.9317758150420136 

Epoch 160 : train  0.17774889882471856 , valid  0.8631915881249782 , test  0.9275737487080715 

Epoch 170 : train  0.1886665080389046 , valid  0.8643083074627841 , test  0.9463776496130849 

Epoch 180 : train  0.16580460927061502 , valid  0.8308457466574717 , test  0.9191946145939998 

Epoch 190 : train  0.1637253239826758 , valid  0.8568836144480511 , test  0.9485647010311951 

Epoch 200 : train  0.161610912111807 , valid  0.8617883698604316 , test  0.9549190248049496 

Epoch 210 : train  0.17140951796019896 , valid  0.8644865778958558 , test  0.9382057297373808 

Epoch 220 : train  0.16628189467154644 , valid  0.8399804965542028 , test  0.9038735027727615 

Epoch 230 : train  0.16610710841853815 , valid  0.8448155391321007 , test  0.91752358589392 

Epoch 240 : train  0.16753820289849747 , valid  0.8644014795153602 , test  0.9472622276976589 

Epoch 250 : train  0.16259147902665666 , valid  0.835428378979435 , test  0.9210424466505029 

Epoch 260 : train  0.15772038053558335 , valid  0.8394618820623563 , test  0.9298898584225513 

Epoch 270 : train  0.1396071129572952 , valid  0.8123150868235108 , test  0.8894637514159657 

Epoch 280 : train  0.1492313175562874 , valid  0.8278964132851497 , test  0.9108040412448274 

Epoch 290 : train  0.18549987459895093 , valid  0.8407288713108515 , test  0.9263029043518977 

Epoch 300 : train  0.13975612135815094 , valid  0.829955057646118 , test  0.9039334775085444 

Epoch 310 : train  0.14057864872994824 , valid  0.7889602384121633 , test  0.8818509510382022 

Epoch 320 : train  0.14671936124346582 , valid  0.827800178825999 , test  0.9120411660326052 

Epoch 330 : train  0.1295814174204373 , valid  0.8212435152447093 , test  0.9032762294190176 

Epoch 340 : train  0.144043829998739 , valid  0.7617697712480028 , test  0.83709069709483 

Epoch 350 : train  0.1720847351097056 , valid  0.7974747256829232 , test  0.8880379890416837 

Epoch 360 : train  0.15579006450682417 , valid  0.7868183704236473 , test  0.8990800394890079 

Epoch 370 : train  0.16377324678186425 , valid  0.787647494407312 , test  0.8941254605750947 

Epoch 380 : train  0.14534469274470757 , valid  0.8165327891375526 , test  0.909117670762559 

Epoch 390 : train  0.12873217925543207 , valid  0.7713490606871328 , test  0.8875072941079135 

Epoch 400 : train  0.1501374230014074 , valid  0.819381663864049 , test  0.898435533954971 

Epoch 410 : train  0.13032056685494198 , valid  0.819848344711075 , test  0.890950024529685 

Epoch 420 : train  0.14519222527255105 , valid  0.8406384490814217 , test  0.9205167041154337 

Epoch 430 : train  0.1356455447466735 , valid  0.8064412904103421 , test  0.8875752410294439 

Epoch 440 : train  0.1586493931524748 , valid  0.8246780082127999 , test  0.9041998880372069 

Epoch 450 : train  0.13829674602247904 , valid  0.80993410462999 , test  0.8808587668218102 

Epoch 460 : train  0.1408972725227696 , valid  0.8170870849949029 , test  0.9008149850590682 

Epoch 470 : train  0.1318576350864205 , valid  0.8030362846531746 , test  0.8995016782640285 

Epoch 480 : train  0.12955130456050698 , valid  0.8209966642302675 , test  0.9076074226657803 

Epoch 490 : train  0.12312263632443804 , valid  0.8016867503069444 , test  0.8825610320361786 

Epoch 500 : train  0.1242377930036399 , valid  0.8116131806957441 , test  0.8951579917882135 

Epoch 510 : train  0.14225546480183404 , valid  0.8006373766784467 , test  0.8797407350844684 

Epoch 520 : train  0.1168086429856089 , valid  0.783106795106306 , test  0.8836127962155377 

Epoch 530 : train  0.12166076446214205 , valid  0.7911723388029356 , test  0.8858908184350873 

Epoch 540 : train  0.11990965004414064 , valid  0.8153929011013701 , test  0.9051639692128803 

Epoch 550 : train  0.1675896721973906 , valid  0.7872647448757409 , test  0.8749060840059191 

Epoch 560 : train  0.1391900357818426 , valid  0.8156357469229583 , test  0.9106657675386064 

Epoch 570 : train  0.12047808144921358 , valid  0.794669158250092 , test  0.9057157048660699 

Epoch 580 : train  0.12984298419819545 , valid  0.7840907911815539 , test  0.879849405612945 

Epoch 590 : train  0.12670073739481938 , valid  0.7864798925065167 , test  0.8765218260351573 

Epoch 600 : train  0.13661993588486065 , valid  0.7975719013078283 , test  0.8834664426252055 

Epoch 610 : train  0.14768361847409628 , valid  0.79591446646956 , test  0.8869786659943001 

Epoch 620 : train  0.12980151661762843 , valid  0.7921683229788721 , test  0.8755073419354263 

Epoch 630 : train  0.13559824623171213 , valid  0.8165647727018358 , test  0.9038221282573803 

Epoch 640 : train  0.12917344400262223 , valid  0.8217172764787397 , test  0.8981536953067609 

Epoch 650 : train  0.1255288531563937 , valid  0.8287790979742574 , test  0.8940487644598972 

Epoch 660 : train  0.14769643463990972 , valid  0.8215636092416531 , test  0.8987241640257098 

Epoch 670 : train  0.16063950405158367 , valid  0.8084100209714289 , test  0.8888519603300313 

Epoch 680 : train  0.1198365627634133 , valid  0.8160171741329734 , test  0.9006346797811507 

Epoch 690 : train  0.12904818802558468 , valid  0.8111867804852236 , test  0.9019754287770348 

Epoch 700 : train  0.12298313646769708 , valid  0.8144398404752419 , test  0.8824275121023496 

Epoch 710 : train  0.125273939505141 , valid  0.8075744374669446 , test  0.8669351876437573 

Epoch 720 : train  0.11906836618611527 , valid  0.8302297059614064 , test  0.8836507110459201 

Epoch 730 : train  0.1150364985104707 , valid  0.7794152695737954 , test  0.8726259702091372 

Epoch 740 : train  0.11368483280238499 , valid  0.7975985363226538 , test  0.8848629448321386 

Epoch 750 : train  0.11423736874085143 , valid  0.8089246918717035 , test  0.8800419447334258 

Epoch 760 : train  0.14340328993132545 , valid  0.833267567736333 , test  0.9010027573778402 

Epoch 770 : train  0.12148189989853654 , valid  0.7930381562189021 , test  0.8688618301598726 

Epoch 780 : train  0.12402756984769973 , valid  0.8045581723093134 , test  0.8711055467722897 

Epoch 790 : train  0.1308660196213061 , valid  0.7916899476504338 , test  0.8644414895525427 

Epoch 800 : train  0.11019271788334174 , valid  0.7940687761058455 , test  0.8665655951539631 

Epoch 810 : train  0.14380808144573634 , valid  0.8087143125633401 , test  0.8730347988857092 

Epoch 820 : train  0.10325290600508161 , valid  0.7996305630048958 , test  0.8861784423319773 

Epoch 830 : train  0.12570005886486896 , valid  0.8184025235335248 , test  0.8973799204700568 

Epoch 840 : train  0.11464071939470091 , valid  0.8106427141134048 , test  0.8902715423330282 

Epoch 850 : train  0.11222105852957652 , valid  0.7994562017140178 , test  0.8891047068009639 

Epoch 860 : train  0.13197821499604362 , valid  0.7805093991684849 , test  0.8841194872820438 

Epoch 870 : train  0.1062186885624545 , valid  0.8054013585293951 , test  0.8921901474566434 

Epoch 880 : train  0.10285901597023939 , valid  0.7816627030842037 , test  0.8859279454923125 

Epoch 890 : train  0.10597507390992858 , valid  0.7984584608524252 , test  0.8963190257772137 

Epoch 900 : train  0.11891378904548533 , valid  0.7954905886094914 , test  0.8847414503562557 

Epoch 910 : train  0.11238623638108598 , valid  0.7817822782031644 , test  0.8598221178623978 

Epoch 920 : train  0.10493586885487433 , valid  0.779277449281987 , test  0.8692513797396749 

Epoch 930 : train  0.1140645417863829 , valid  0.7897990598370864 , test  0.8680473167727006 

Epoch 940 : train  0.10644629788781453 , valid  0.7840623104908948 , test  0.8731736859308079 

Epoch 950 : train  0.12003992025110001 , valid  0.7886772271064117 , test  0.8805824217475031 

Epoch 960 : train  0.11698370851980056 , valid  0.7870663026499533 , test  0.8816910006397954 

Epoch 970 : train  0.12452213579239697 , valid  0.7803840936264668 , test  0.8664383574021143 

Epoch 980 : train  0.12130071315745154 , valid  0.7873866045620073 , test  0.8804314473576376 

Epoch 990 : train  0.12627315476447734 , valid  0.7922355683038249 , test  0.8838087743482018 

Epoch 1000 : train  0.15149068478804553 , valid  0.7729953583700468 , test  0.8930307645953267 

best valid loss: 0.7617697712480028
best test loss: 0.83709069709483
 
Job Ended at Mon Apr 10 09:51:56 EDT 2023
