Job started on r177.ib.bridges2.psc.edu at Mon Apr 10 09:19:11 EDT 2023
Namespace(data_path='/ocean/projects/cts180021p/shang9/molecules/pretrainLCA/finalized/data/o_gnn_input/BCF/raw/data.csv', dense=1, dropout=0, folder_idx=0, layer=2, split_folder='/ocean/projects/cts180021p/shang9/molecules/pretrainLCA/finalized/model/feature-based/result_1/BCF/')
kfold index: 0
Epoch 10 : train  1.1078461900823968 , valid  1.2897914156652799 , test  1.2015726206912953 

Epoch 20 : train  0.8705227455485632 , valid  1.0689906594043943 , test  1.0977312035197224 

Epoch 30 : train  0.6727235370701098 , valid  1.0930366985295776 , test  1.0576060569468342 

Epoch 40 : train  0.46989208629061496 , valid  0.9741471957857974 , test  1.0223330059769025 

Epoch 50 : train  0.36985374748945504 , valid  0.9638157710534806 , test  1.0013065002408603 

Epoch 60 : train  0.28702370742591476 , valid  0.9900005265424664 , test  0.9659759611254365 

Epoch 70 : train  0.2611961129378414 , valid  0.9756775375549153 , test  0.9552602373198424 

Epoch 80 : train  0.23091057260214867 , valid  0.9235418027719347 , test  0.9591296959242989 

Epoch 90 : train  0.21068503629290408 , valid  0.942921871231723 , test  0.9414357088498123 

Epoch 100 : train  0.20381000665808444 , valid  0.9514825338858891 , test  0.9488289768490373 

Epoch 110 : train  0.19069627602897798 , valid  0.9414502834207806 , test  0.9769998990885459 

Epoch 120 : train  0.21430613807888366 , valid  0.9353373467094127 , test  0.970742712375816 

Epoch 130 : train  0.15968084794992696 , valid  0.9356563842124309 , test  0.9635253082285586 

Epoch 140 : train  0.15953094446243374 , valid  0.9334358338801835 , test  0.9734557178862582 

Epoch 150 : train  0.14968222190530245 , valid  0.9362358253935846 , test  0.9497030094892666 

Epoch 160 : train  0.16604388351308685 , valid  0.9302153482055396 , test  0.9393079745771512 

Epoch 170 : train  0.18991562864434589 , valid  0.9334212975606455 , test  0.942882098878395 

Epoch 180 : train  0.15185842823959422 , valid  0.9325099165308021 , test  0.9432302404823871 

Epoch 190 : train  0.13790614573394952 , valid  0.9105043532358283 , test  0.9087537716890339 

Epoch 200 : train  0.13937308422210723 , valid  0.9344242351599661 , test  0.928196974851505 

Epoch 210 : train  0.13070943670587834 , valid  0.9346215191872834 , test  0.9345582645024315 

Epoch 220 : train  0.17223137133987595 , valid  0.9366271038715953 , test  0.9188813968465057 

Epoch 230 : train  0.12729669337441615 , valid  0.9172193319864185 , test  0.9353247654348038 

Epoch 240 : train  0.1355216613768343 , valid  0.9468936226672223 , test  0.9384411469034217 

Epoch 250 : train  0.11288798220027026 , valid  0.926258395886362 , test  0.9205116839614262 

Epoch 260 : train  0.1371626584949179 , valid  0.9131715718705796 , test  0.9384532912191158 

Epoch 270 : train  0.13076846796325084 , valid  0.909100156952869 , test  0.9075149909169317 

Epoch 280 : train  0.1105643611686888 , valid  0.9108960161225299 , test  0.910645648956553 

Epoch 290 : train  0.11125319813108747 , valid  0.9222813527786948 , test  0.9162648342279633 

Epoch 300 : train  0.11588544057425347 , valid  0.9116782098887152 , test  0.9073003990380936 

Epoch 310 : train  0.10820097270508575 , valid  0.9015226913903424 , test  0.9080670893406095 

Epoch 320 : train  0.1007633705214447 , valid  0.9046885911132088 , test  0.9251973027505005 

Epoch 330 : train  0.12127470527501785 , valid  0.9127739882858411 , test  0.9174139685233076 

Epoch 340 : train  0.11368968605497494 , valid  0.9326789398779386 , test  0.9310441614367733 

Epoch 350 : train  0.10643598544338918 , valid  0.9276129522417028 , test  0.9327421372993613 

Epoch 360 : train  0.11121519425955935 , valid  0.8979891262779489 , test  0.8784225377232384 

Epoch 370 : train  0.09045421521676993 , valid  0.9110435023558257 , test  0.8996237620630446 

Epoch 380 : train  0.1141413012926796 , valid  0.9073063796143966 , test  0.9168819678164963 

Epoch 390 : train  0.10153907236097985 , valid  0.8949131603398237 , test  0.9136087987278725 

Epoch 400 : train  0.11549783471034819 , valid  0.8808139424496937 , test  0.8950448733170278 

Epoch 410 : train  0.10482672651484949 , valid  0.8847857381496481 , test  0.8905009434692981 

Epoch 420 : train  0.09922473907095637 , valid  0.8784164477187025 , test  0.8929502870105808 

Epoch 430 : train  0.10578104340597276 , valid  0.8865873327402994 , test  0.8842241350293641 

Epoch 440 : train  0.09811711087097488 , valid  0.8858862047912167 , test  0.8874178680063122 

Epoch 450 : train  0.0955585734680192 , valid  0.8896153714846455 , test  0.883725017753251 

Epoch 460 : train  0.11425368126679347 , valid  0.8947987540148052 , test  0.8904199215538993 

Epoch 470 : train  0.09087949062532 , valid  0.9150304143225493 , test  0.9019912416900616 

Epoch 480 : train  0.11999727126012982 , valid  0.8903331511115147 , test  0.8898872393486178 

Epoch 490 : train  0.10692697215142986 , valid  0.8884326980937791 , test  0.872011343232138 

Epoch 500 : train  0.09796977907596391 , valid  0.9142986933233035 , test  0.8896366466577514 

Epoch 510 : train  0.10102603332402246 , valid  0.8974406296234966 , test  0.886070360782638 

Epoch 520 : train  0.1013876913547828 , valid  0.8888975503952886 , test  0.8972266818604657 

Epoch 530 : train  0.10504080584032963 , valid  0.9012130991082407 , test  0.8990477114096945 

Epoch 540 : train  0.08997575746621328 , valid  0.90563935981936 , test  0.9012295446548048 

Epoch 550 : train  0.09693605769227527 , valid  0.905078172964685 , test  0.9137206295154717 

Epoch 560 : train  0.0974011092694186 , valid  0.8883888389099728 , test  0.8962330492389755 

Epoch 570 : train  0.0913428984896872 , valid  0.891480173697616 , test  0.8904316097131783 

Epoch 580 : train  0.0919750659041408 , valid  0.8924585916450734 , test  0.8930317788740489 

Epoch 590 : train  0.08179492764192843 , valid  0.8864020861558631 , test  0.8922689751925522 

Epoch 600 : train  0.10162230195915625 , valid  0.8785790525438937 , test  0.8759555465343514 

Epoch 610 : train  0.10306999429351801 , valid  0.8913727547827919 , test  0.903727039622485 

Epoch 620 : train  0.12659426932235598 , valid  0.8890239113056041 , test  0.8946804651135755 

Epoch 630 : train  0.11259865520750773 , valid  0.8831890594675926 , test  0.8724365309849266 

Epoch 640 : train  0.09262095209016728 , valid  0.8842419500928136 , test  0.8580714096535896 

Epoch 650 : train  0.095155732145848 , valid  0.8851337546345027 , test  0.8726435201529499 

Epoch 660 : train  0.09052246743098255 , valid  0.8839732233460109 , test  0.8698721911089438 

Epoch 670 : train  0.08958428053481383 , valid  0.8616885397590616 , test  0.8580523374996792 

Epoch 680 : train  0.08648610064621891 , valid  0.8711417187355106 , test  0.8505212753534823 

Epoch 690 : train  0.12169484194573743 , valid  0.8764419131911202 , test  0.8653847044742072 

Epoch 700 : train  0.08917424456401575 , valid  0.8723711111396485 , test  0.8670513444607983 

Epoch 710 : train  0.08946864915871951 , valid  0.8770608778017445 , test  0.8690586961194775 

Epoch 720 : train  0.08205164705847454 , valid  0.8791798544128768 , test  0.8591464918662692 

Epoch 730 : train  0.07706102932598884 , valid  0.8677473941225945 , test  0.874776815634755 

Epoch 740 : train  0.10925009585450376 , valid  0.8599788374857223 , test  0.8597537165716471 

Epoch 750 : train  0.07838317847533559 , valid  0.8736348117610543 , test  0.8730552581684607 

Epoch 760 : train  0.09101723534968793 , valid  0.8622431276390923 , test  0.8611519468690622 

Epoch 770 : train  0.08850885831824236 , valid  0.8462639642963379 , test  0.8620433678095294 

Epoch 780 : train  0.09596704937905799 , valid  0.8593575930689099 , test  0.8730654244084312 

Epoch 790 : train  0.09301586982949456 , valid  0.851324123158681 , test  0.8533401567130486 

Epoch 800 : train  0.11499519160151833 , valid  0.8576871711134535 , test  0.882480259707924 

Epoch 810 : train  0.09428882330149987 , valid  0.85122089342866 , test  0.8806171137649078 

Epoch 820 : train  0.08214933136866438 , valid  0.8709800065073715 , test  0.8822475670170464 

Epoch 830 : train  0.091334345678391 , valid  0.8659544568149781 , test  0.8661072481196972 

Epoch 840 : train  0.08465657919383582 , valid  0.8618441425146532 , test  0.8775287797754163 

Epoch 850 : train  0.09470732995647257 , valid  0.8485589440328998 , test  0.8673403367291316 

Epoch 860 : train  0.08693446769278379 , valid  0.8462972697099197 , test  0.8694559662979708 

Epoch 870 : train  0.08733051116188804 , valid  0.8882696608807605 , test  0.8908745796734411 

Epoch 880 : train  0.09948071496046232 , valid  0.8736489040651851 , test  0.879624994930876 

Epoch 890 : train  0.10051605252600382 , valid  0.8763555223170545 , test  0.8807884391287084 

Epoch 900 : train  0.09441528662273845 , valid  0.8752764605484045 , test  0.9237420217046406 

Epoch 910 : train  0.08136124236225767 , valid  0.8623461812258734 , test  0.8699681563331773 

Epoch 920 : train  0.10106968856851094 , valid  0.8589869980597492 , test  0.868919994389491 

Epoch 930 : train  0.10463020580970497 , valid  0.858267920003599 , test  0.8631056706568351 

Epoch 940 : train  0.10000245172907236 , valid  0.8802367477201843 , test  0.8821919373618384 

Epoch 950 : train  0.08484527915441616 , valid  0.8755231156218297 , test  0.8912518313967095 

Epoch 960 : train  0.0842906895905687 , valid  0.866611676298421 , test  0.8788506560046393 

Epoch 970 : train  0.07992751171604164 , valid  0.8656758645407795 , test  0.8889128664572155 

Epoch 980 : train  0.07988913176778396 , valid  0.8628201890284295 , test  0.8730988938835886 

Epoch 990 : train  0.07953391855397608 , valid  0.8632859198367038 , test  0.8866449440278757 

Epoch 1000 : train  0.10577711650215393 , valid  0.8609901575291604 , test  0.875974383480064 

best valid loss: 0.8462639642963379
best test loss: 0.8620433678095294
kfold index: 1
Epoch 10 : train  1.1383542993772975 , valid  1.2644518410924832 , test  1.2162555974880351 

Epoch 20 : train  0.8605451651181381 , valid  1.1215159654802147 , test  1.0863688364612307 

Epoch 30 : train  0.7380038908540971 , valid  1.0479873812334113 , test  1.068027646010999 

Epoch 40 : train  0.5392535672764215 , valid  1.0278717366455994 , test  0.9928809123532085 

Epoch 50 : train  0.40679204958446846 , valid  0.9490548898224095 , test  1.0028278993834305 

Epoch 60 : train  0.30310378537684457 , valid  0.9958061469147045 , test  1.023505262392676 

Epoch 70 : train  0.24365470647739235 , valid  0.9642062800285571 , test  0.9803084619673739 

Epoch 80 : train  0.22430082345769842 , valid  0.9403323624174955 , test  0.9607151822668815 

Epoch 90 : train  0.22811547071557056 , valid  0.9429260814858159 , test  0.9486911251031426 

Epoch 100 : train  0.21562471637332709 , valid  0.9629475667394088 , test  0.9344509672030371 

Epoch 110 : train  0.22081323066924793 , valid  0.9483506625431732 , test  0.9801062782544343 

Epoch 120 : train  0.17861772612463986 , valid  0.9397391645932993 , test  0.9526485165432051 

Epoch 130 : train  0.21920644183308374 , valid  0.9301440435255304 , test  0.9428771524389772 

Epoch 140 : train  0.16962923040144806 , valid  0.9187287508868057 , test  0.9225491281557161 

Epoch 150 : train  0.17562311278215126 , valid  0.9110592678346667 , test  0.9514664517488239 

Epoch 160 : train  0.17970355456436504 , valid  0.9162592655002701 , test  0.9350443234666241 

Epoch 170 : train  0.18685010207798122 , valid  0.9091401340703718 , test  0.9462402027860991 

Epoch 180 : train  0.1656040326509365 , valid  0.9032505965934876 , test  0.9260413651239392 

Epoch 190 : train  0.1584665977917304 , valid  0.9459773804284776 , test  0.9492339068169604 

Epoch 200 : train  0.15273060619398926 , valid  0.9266340312885157 , test  0.9201202847378783 

Epoch 210 : train  0.1780437098197056 , valid  0.9431031991582429 , test  0.9452184113001473 

Epoch 220 : train  0.1376649247441262 , valid  0.9152908634557501 , test  0.9336366415974453 

Epoch 230 : train  0.16539391291622105 , valid  0.911340973702464 , test  0.9130042842807704 

Epoch 240 : train  0.1351454551555383 , valid  0.9427683416993331 , test  0.9216747192998177 

Epoch 250 : train  0.13653530437845005 , valid  0.9121164108525219 , test  0.9099578302384199 

Epoch 260 : train  0.14689789749598045 , valid  0.9175539838061302 , test  0.9099722704231371 

Epoch 270 : train  0.14237461107908317 , valid  0.9348001478086871 , test  0.9187073514939926 

Epoch 280 : train  0.1634719866309811 , valid  0.9381311831730305 , test  0.9225021715914452 

Epoch 290 : train  0.13886869006217564 , valid  0.9324823391111192 , test  0.9159544729277579 

Epoch 300 : train  0.12701611907060276 , valid  0.9241850647223203 , test  0.905417484125596 

Epoch 310 : train  0.1619429142561106 , valid  0.937258815487825 , test  0.8942261882761212 

Epoch 320 : train  0.13649339307700167 , valid  0.921067685759111 , test  0.8871597690609274 

Epoch 330 : train  0.13298153337278085 , valid  0.932850097445637 , test  0.911420354591274 

Epoch 340 : train  0.13117770902432632 , valid  0.9301949594446358 , test  0.9228018258343496 

Epoch 350 : train  0.11459344527540549 , valid  0.9241219375955781 , test  0.9369074215801453 

Epoch 360 : train  0.1330132116564173 , valid  0.9279127400878161 , test  0.922558600597245 

Epoch 370 : train  0.12472605330543479 , valid  0.9278054725310068 , test  0.9067090399917723 

Epoch 380 : train  0.11460801589629267 , valid  0.9174620286007104 , test  0.90309183133931 

Epoch 390 : train  0.1274078040177597 , valid  0.9365312645403223 , test  0.9066410533588314 

Epoch 400 : train  0.13092559540218074 , valid  0.9178858109786187 , test  0.8841602441850237 

Epoch 410 : train  0.1282340878395887 , valid  0.9461164636632651 , test  0.9287552312738873 

Epoch 420 : train  0.12002520870411079 , valid  0.9238112633187512 , test  0.8972528778070571 

Epoch 430 : train  0.11917132104170398 , valid  0.8961154544712234 , test  0.9166455891484525 

Epoch 440 : train  0.11485897220109467 , valid  0.9045070280531186 , test  0.8894531231583075 

Epoch 450 : train  0.11899480615815017 , valid  0.890297309017798 , test  0.8905855353525088 

Epoch 460 : train  0.11740079007160205 , valid  0.9015003347623983 , test  0.911852443601785 

Epoch 470 : train  0.13235511977226785 , valid  0.9255478723006682 , test  0.8992923042299932 

Epoch 480 : train  0.14470527413453008 , valid  0.9105191915588451 , test  0.8952585780684711 

Epoch 490 : train  0.10621915540277439 , valid  0.916699082063976 , test  0.8970471297863517 

Epoch 500 : train  0.12242594312859531 , valid  0.8924239532484363 , test  0.8991413696563554 

Epoch 510 : train  0.11284887708349277 , valid  0.9163113276797797 , test  0.905104387971106 

Epoch 520 : train  0.11535663529705281 , valid  0.9245360320494515 , test  0.9055342030731859 

Epoch 530 : train  0.11567068033230125 , valid  0.9293158404127528 , test  0.9068992595592688 

Epoch 540 : train  0.1359559789410041 , valid  0.9078993590642013 , test  0.9050679871607504 

Epoch 550 : train  0.11229141829546327 , valid  0.8903382693963573 , test  0.9010388061544728 

Epoch 560 : train  0.1248517709113259 , valid  0.9116005785965174 , test  0.9090190230708247 

Epoch 570 : train  0.11153360211399044 , valid  0.9139749240202735 , test  0.9070940780729931 

Epoch 580 : train  0.13096007428282985 , valid  0.9167463147202333 , test  0.9126922731114463 

Epoch 590 : train  0.11024703366794149 , valid  0.8924756476965092 , test  0.9028283100895108 

Epoch 600 : train  0.12365183627427816 , valid  0.9018382041184835 , test  0.9183519103769656 

Epoch 610 : train  0.11701445791888876 , valid  0.9173904336648444 , test  0.9129794011973296 

Epoch 620 : train  0.10560132712603351 , valid  0.9027628072231755 , test  0.9025291838413464 

Epoch 630 : train  0.11956029609384408 , valid  0.9190135812484698 , test  0.9045387629778003 

Epoch 640 : train  0.1462208241538042 , valid  0.9264712140654419 , test  0.9022012428077356 

Epoch 650 : train  0.10132169879344334 , valid  0.8867448234803819 , test  0.8911117896595573 

Epoch 660 : train  0.12223123442608401 , valid  0.9121478658472574 , test  0.8980914592828199 

Epoch 670 : train  0.12102349978014677 , valid  0.902186516282012 , test  0.8974181754128094 

Epoch 680 : train  0.11130023010051922 , valid  0.9009430130257188 , test  0.892973414116672 

Epoch 690 : train  0.09934472535727905 , valid  0.8882333328056451 , test  0.9000653051510082 

Epoch 700 : train  0.10814850433554019 , valid  0.8928937721701087 , test  0.8984650854703227 

Epoch 710 : train  0.10334425714310824 , valid  0.8806081619611922 , test  0.9102830123019338 

Epoch 720 : train  0.09731567985960196 , valid  0.8960466555150014 , test  0.9162305442865227 

Epoch 730 : train  0.10564052976774434 , valid  0.9006338931532414 , test  0.8968992028568351 

Epoch 740 : train  0.13510592905511554 , valid  0.9093454322343532 , test  0.8912259783972649 

Epoch 750 : train  0.11574264903689081 , valid  0.9177096549025853 , test  0.8970841075202494 

Epoch 760 : train  0.10720701407907327 , valid  0.8900806636109246 , test  0.9032626893999902 

Epoch 770 : train  0.12094577020585753 , valid  0.8882526734324899 , test  0.9197511988276366 

Epoch 780 : train  0.11651934878530801 , valid  0.9132544643553777 , test  0.9195365152417183 

Epoch 790 : train  0.10828932338830333 , valid  0.8858276503363296 , test  0.8994797970969455 

Epoch 800 : train  0.11323409563477164 , valid  0.9027859370617234 , test  0.897231613997425 

Epoch 810 : train  0.09924888235774035 , valid  0.8810481423056891 , test  0.900065214673069 

Epoch 820 : train  0.09494817098327939 , valid  0.8918358599991273 , test  0.8941474409156912 

Epoch 830 : train  0.1269168751635723 , valid  0.9119244645790354 , test  0.9048220035084927 

Epoch 840 : train  0.11576879185621451 , valid  0.9149416590794321 , test  0.8989858660036608 

Epoch 850 : train  0.09946786011659046 , valid  0.9006467611061659 , test  0.8949508956989289 

Epoch 860 : train  0.09868146192689393 , valid  0.899094540865415 , test  0.8921469751442982 

Epoch 870 : train  0.12065728122738302 , valid  0.8858767539942486 , test  0.8920997269529917 

Epoch 880 : train  0.10663296919495055 , valid  0.8845733402602093 , test  0.8892665283254005 

Epoch 890 : train  0.0949631850482399 , valid  0.891091975614391 , test  0.8935367046864132 

Epoch 900 : train  0.15045956511922032 , valid  0.9024712413708842 , test  0.9021178190809322 

Epoch 910 : train  0.09668825789460163 , valid  0.8890559830101961 , test  0.8826980049170121 

Epoch 920 : train  0.09210011414256261 , valid  0.8992509287718726 , test  0.9011352358855053 

Epoch 930 : train  0.1006418913350799 , valid  0.8826159978340644 , test  0.9018355783436164 

Epoch 940 : train  0.09427480154281868 , valid  0.8866270560747259 , test  0.8943521475674349 

Epoch 950 : train  0.10104965667961659 , valid  0.9076099761242244 , test  0.9120432263641427 

Epoch 960 : train  0.09547912673306536 , valid  0.8899618385744386 , test  0.8945188251369196 

Epoch 970 : train  0.09546926940314253 , valid  0.8896126604350961 , test  0.8883741502156434 

Epoch 980 : train  0.10561689898775029 , valid  0.8805549616535479 , test  0.9028394146288442 

Epoch 990 : train  0.09910475924111131 , valid  0.8848183900805133 , test  0.8986641473604812 

Epoch 1000 : train  0.11177043623664107 , valid  0.89373128943413 , test  0.9014864612365227 

best valid loss: 0.8805549616535479
best test loss: 0.9028394146288442
kfold index: 2
Epoch 10 : train  1.204278688995139 , valid  1.3207065587554954 , test  1.3461585974370494 

Epoch 20 : train  0.9136837898556092 , valid  1.1538047908717013 , test  1.228086980977869 

Epoch 30 : train  0.7624594864308089 , valid  1.0518247088293053 , test  1.109150285654663 

Epoch 40 : train  0.5787357901854612 , valid  0.9943583930522956 , test  1.0774235055338104 

Epoch 50 : train  0.36984618791143914 , valid  0.9833027066395361 , test  1.1074311322711692 

Epoch 60 : train  0.30931876767893807 , valid  1.012006851148742 , test  1.0435645160271563 

Epoch 70 : train  0.2769067681898747 , valid  0.9547905325184887 , test  1.007595419118622 

Epoch 80 : train  0.2745992760848889 , valid  0.9761567052304319 , test  1.0138474912153548 

Epoch 90 : train  0.2891989464111598 , valid  0.9788971289135628 , test  1.0194933392983876 

Epoch 100 : train  0.25638558607635004 , valid  0.9722079212170882 , test  1.0090839140046253 

Epoch 110 : train  0.2579582608879065 , valid  0.9524935445426084 , test  1.0057183830380805 

Epoch 120 : train  0.20925904349799884 , valid  0.96637994053755 , test  0.9735924199877612 

Epoch 130 : train  0.21231434164424132 , valid  0.9649900685456111 , test  0.9662938588983623 

Epoch 140 : train  0.18611804250554922 , valid  0.9899907013857582 , test  0.9690358898970907 

Epoch 150 : train  0.19118981130717017 , valid  0.9594923389829013 , test  0.9727126655672164 

Epoch 160 : train  0.19283514438500612 , valid  0.96629377603175 , test  0.9577388508697324 

Epoch 170 : train  0.1805253755678353 , valid  0.9353011623684375 , test  0.9398259515407273 

Epoch 180 : train  0.1898634124298288 , valid  0.9501372339323452 , test  0.9278766502515952 

Epoch 190 : train  0.15401800466709537 , valid  0.9656766364328322 , test  0.9688591680988758 

Epoch 200 : train  0.154274975725917 , valid  0.9400670899290156 , test  0.9384026544349857 

Epoch 210 : train  0.16284441236241542 , valid  0.9161256565831488 , test  0.9409132725919367 

Epoch 220 : train  0.15372118442108 , valid  0.9171717761600873 , test  0.9221234342241101 

Epoch 230 : train  0.13323797158596457 , valid  0.9290268866565624 , test  0.9400005114597154 

Epoch 240 : train  0.16062489891927875 , valid  0.9356618464305173 , test  0.9271841034589928 

Epoch 250 : train  0.15712186677454262 , valid  0.9354706100551017 , test  0.9355839365342099 

Epoch 260 : train  0.1508461773292399 , valid  0.9257850648810264 , test  0.9337349054274027 

Epoch 270 : train  0.18577031786531556 , valid  0.9118026989563902 , test  0.9025561386487471 

Epoch 280 : train  0.1494542725260342 , valid  0.9167979465137103 , test  0.9260026999161193 

Epoch 290 : train  0.13211903497909275 , valid  0.9159448171606226 , test  0.906698621594074 

Epoch 300 : train  0.1473116053093764 , valid  0.9161811304639793 , test  0.9116338885426747 

Epoch 310 : train  0.12885245169083823 , valid  0.9011832733605569 , test  0.9007321043048874 

Epoch 320 : train  0.14148318425523487 , valid  0.912029773501411 , test  0.9099773538893741 

Epoch 330 : train  0.15072810250415275 , valid  0.8976247636844156 , test  0.9173395374763552 

Epoch 340 : train  0.13022286731957133 , valid  0.9177150628210401 , test  0.9215871334053742 

Epoch 350 : train  0.1358898592472971 , valid  0.8878936513012163 , test  0.8966788063178149 

Epoch 360 : train  0.13801111650946432 , valid  0.8890976907094462 , test  0.8975863077142527 

Epoch 370 : train  0.11534731532868811 , valid  0.8888818831709996 , test  0.8991746325230241 

Epoch 380 : train  0.12555377047314614 , valid  0.8770173157197048 , test  0.9065226901927044 

Epoch 390 : train  0.12441154603968109 , valid  0.8950970672921831 , test  0.9089869284736309 

Epoch 400 : train  0.12324448504479193 , valid  0.8914355666221292 , test  0.9129368744339259 

Epoch 410 : train  0.11189426238059709 , valid  0.8990066991518538 , test  0.9042316347738554 

Epoch 420 : train  0.13712763896623734 , valid  0.9073219998203219 , test  0.9383686568997556 

Epoch 430 : train  0.13439284533403892 , valid  0.8757993976334496 , test  0.9129065658608636 

Epoch 440 : train  0.11713919953516012 , valid  0.8810862336152595 , test  0.91175661233872 

Epoch 450 : train  0.1085343868533243 , valid  0.8839253814309852 , test  0.9139465725155954 

Epoch 460 : train  0.135498686262827 , valid  0.9076643704445844 , test  0.9103981378947286 

Epoch 470 : train  0.1203834722708996 , valid  0.8909671615891277 , test  0.9146901765198173 

Epoch 480 : train  0.14337005921690227 , valid  0.8923098100981791 , test  0.9006185297604984 

Epoch 490 : train  0.11146221815328951 , valid  0.8953490869438298 , test  0.917349113330348 

Epoch 500 : train  0.12609275100120096 , valid  0.8633774048534882 , test  0.9281606921164675 

Epoch 510 : train  0.11948815628460445 , valid  0.8652195819349473 , test  0.9188389716730898 

Epoch 520 : train  0.11220086615317565 , valid  0.8674837543726767 , test  0.9009956536287508 

Epoch 530 : train  0.12052619569978125 , valid  0.8719853062965387 , test  0.9065219329392441 

Epoch 540 : train  0.1439816186670363 , valid  0.8701081742922729 , test  0.8994827731269543 

Epoch 550 : train  0.12702083259247446 , valid  0.8958065736011556 , test  0.9039271126201498 

Epoch 560 : train  0.1211407800321295 , valid  0.8739743749667097 , test  0.9100668261528249 

Epoch 570 : train  0.142563314992946 , valid  0.8793051711582495 , test  0.9042942085514171 

Epoch 580 : train  0.10579916813765489 , valid  0.8745169038916993 , test  0.9202315798879904 

Epoch 590 : train  0.12844498940380875 , valid  0.8688822369731519 , test  0.8824347719280536 

Epoch 600 : train  0.12687731393085 , valid  0.8600221816784558 , test  0.893008585800824 

Epoch 610 : train  0.1101881540522379 , valid  0.8699898012112727 , test  0.8947041156714001 

Epoch 620 : train  0.10432261086251711 , valid  0.8583177281614092 , test  0.8951994724346275 

Epoch 630 : train  0.1134019000528589 , valid  0.8755117533515792 , test  0.898148991918839 

Epoch 640 : train  0.10227875084924103 , valid  0.8481912928141424 , test  0.8774656131768163 

Epoch 650 : train  0.1040063840798789 , valid  0.8558188708820401 , test  0.8889489285194069 

Epoch 660 : train  0.10920949650208278 , valid  0.85034314533523 , test  0.9055981395932923 

Epoch 670 : train  0.10734748051953083 , valid  0.8524620151431482 , test  0.8979336020201005 

Epoch 680 : train  0.12137752084697932 , valid  0.8317560946464193 , test  0.8971618502084332 

Epoch 690 : train  0.13111643239633203 , valid  0.85071495003996 , test  0.895953651993242 

Epoch 700 : train  0.12775792310595777 , valid  0.8507403407578713 , test  0.89047155046184 

Epoch 710 : train  0.12235415414084005 , valid  0.8387116843208756 , test  0.8888362865122157 

Epoch 720 : train  0.10642227616719985 , valid  0.8450226084834209 , test  0.8886682240200207 

Epoch 730 : train  0.1148360107628247 , valid  0.841820612395755 , test  0.8780841465259686 

Epoch 740 : train  0.11796348601789278 , valid  0.8435588480566077 , test  0.9056748304435168 

Epoch 750 : train  0.11313532722349592 , valid  0.8335359845272738 , test  0.8705788892828022 

Epoch 760 : train  0.1095657673690452 , valid  0.8312375392845125 , test  0.8649912540430551 

Epoch 770 : train  0.17959670889569992 , valid  0.8387110756006444 , test  0.8917927124546808 

Epoch 780 : train  0.12320263403686352 , valid  0.846475865251291 , test  0.8783836870528584 

Epoch 790 : train  0.1286448550280984 , valid  0.8500276430433237 , test  0.8906985046969832 

Epoch 800 : train  0.09520622921761052 , valid  0.8347598610944299 , test  0.8825341758053418 

Epoch 810 : train  0.09677271512812508 , valid  0.8285525364219773 , test  0.8817689657791211 

Epoch 820 : train  0.11338800641757317 , valid  0.8362181655483253 , test  0.8718452313688316 

Epoch 830 : train  0.10557505592700418 , valid  0.8410915618644078 , test  0.8727688762563397 

Epoch 840 : train  0.10489014561366841 , valid  0.8400461102640464 , test  0.8605299575571205 

Epoch 850 : train  0.09536896513309553 , valid  0.8387152422481041 , test  0.8607761914281263 

Epoch 860 : train  0.10592013096324965 , valid  0.8359921798533216 , test  0.8746677955258428 

Epoch 870 : train  0.0933172867332972 , valid  0.8371371883159575 , test  0.8730577048927544 

Epoch 880 : train  0.12504105258304 , valid  0.8568030994896694 , test  0.8805453601354309 

Epoch 890 : train  0.109808651022643 , valid  0.8268002830346395 , test  0.8981403556127903 

Epoch 900 : train  0.11401454822808571 , valid  0.8444714273103138 , test  0.8682226729600141 

Epoch 910 : train  0.1016456379047644 , valid  0.8408138568616903 , test  0.8949308179497024 

Epoch 920 : train  0.1222529599238753 , valid  0.849687124200175 , test  0.8761768223138267 

Epoch 930 : train  0.1002078841841035 , valid  0.8636730749255697 , test  0.9031987734366649 

Epoch 940 : train  0.12005423449239563 , valid  0.8458453830759531 , test  0.8949395023580868 

Epoch 950 : train  0.10492618443206808 , valid  0.8428866629188314 , test  0.888655322935221 

Epoch 960 : train  0.1360283537546587 , valid  0.8553631786851837 , test  0.8855331810872211 

Epoch 970 : train  0.1273236696071597 , valid  0.8528080309292986 , test  0.9071553686059028 

Epoch 980 : train  0.10646540943899678 , valid  0.8412936249421992 , test  0.9038365155779897 

Epoch 990 : train  0.15223616442329455 , valid  0.8762206294054541 , test  0.8830307140884649 

Epoch 1000 : train  0.12538656764308598 , valid  0.8390710725459642 , test  0.9168790912386003 

best valid loss: 0.8268002830346395
best test loss: 0.8981403556127903
kfold index: 3
Epoch 10 : train  1.2729848114633562 , valid  1.3571236653189998 , test  1.3386468201059798 

Epoch 20 : train  0.9011171120122485 , valid  1.0607946528152283 , test  1.1234726956977383 

Epoch 30 : train  0.8002495923122289 , valid  1.0179281287230917 , test  1.089371853055783 

Epoch 40 : train  0.5858715311704331 , valid  0.9282987006410766 , test  1.065805403366795 

Epoch 50 : train  0.4306702079276632 , valid  0.8969028339751443 , test  1.0438948224422198 

Epoch 60 : train  0.3114154961910502 , valid  0.9157995570629984 , test  0.9735895256687946 

Epoch 70 : train  0.26583222944181745 , valid  0.8804650782487881 , test  0.9510967212056147 

Epoch 80 : train  0.23035940542788524 , valid  0.9120308273122882 , test  0.9650579160347947 

Epoch 90 : train  0.20950571323576786 , valid  0.8627662161941049 , test  0.937843315449517 

Epoch 100 : train  0.19877471702106517 , valid  0.8610138195047723 , test  0.9100220452661812 

Epoch 110 : train  0.2070270097783882 , valid  0.8600113761520669 , test  0.9089644842848942 

Epoch 120 : train  0.19672057842284213 , valid  0.8829596783568106 , test  0.9146023488331939 

Epoch 130 : train  0.20912016577323203 , valid  0.8904841285400026 , test  0.8902061307120827 

Epoch 140 : train  0.18908504820386604 , valid  0.8689149243536565 , test  0.8939968674762001 

Epoch 150 : train  0.1679187928649773 , valid  0.8579446071156168 , test  0.8960368728626829 

Epoch 160 : train  0.15205541156270666 , valid  0.8939335385606546 , test  0.8947202544900209 

Epoch 170 : train  0.15315025960859074 , valid  0.8642223293407785 , test  0.888622529107381 

Epoch 180 : train  0.16860415146110996 , valid  0.8722356863711545 , test  0.8972164453997957 

Epoch 190 : train  0.16862841358951547 , valid  0.8479217045296427 , test  0.8973037235950608 

Epoch 200 : train  0.14969740845609072 , valid  0.868406285879954 , test  0.8842701812631127 

Epoch 210 : train  0.14465693538960248 , valid  0.8684802119419531 , test  0.8905023033368856 

Epoch 220 : train  0.16563914090483073 , valid  0.8962484244551393 , test  0.8864194692532531 

Epoch 230 : train  0.14864481882533115 , valid  0.879259475018691 , test  0.8766117454100203 

Epoch 240 : train  0.1364226805940545 , valid  0.883942911274412 , test  0.8821337728366109 

Epoch 250 : train  0.15765649184009986 , valid  0.8888513519726926 , test  0.8819770723661188 

Epoch 260 : train  0.1470059750226723 , valid  0.9132497585814485 , test  0.8766245228383085 

Epoch 270 : train  0.13371693445179525 , valid  0.9104157299148387 , test  0.9011950437724325 

Epoch 280 : train  0.14551448896157668 , valid  0.8682967362656244 , test  0.896266715173045 

Epoch 290 : train  0.1448100775676802 , valid  0.8827130737597296 , test  0.8654052867834621 

Epoch 300 : train  0.12467255484078126 , valid  0.8880963617722744 , test  0.8522234022778291 

Epoch 310 : train  0.13926290059102503 , valid  0.903633587209651 , test  0.8645407626910934 

Epoch 320 : train  0.13649060548603792 , valid  0.8716540050545993 , test  0.8890022119585466 

Epoch 330 : train  0.14392780005279177 , valid  0.8693840564951528 , test  0.8721441818310317 

Epoch 340 : train  0.12223491976463123 , valid  0.8618402017599149 , test  0.8639132496037907 

Epoch 350 : train  0.12242557662926697 , valid  0.8812708017876798 , test  0.868928718086076 

Epoch 360 : train  0.12989339333000402 , valid  0.8838437364371601 , test  0.8614370653687058 

Epoch 370 : train  0.12234824816417156 , valid  0.8716027562449584 , test  0.8652351991364635 

Epoch 380 : train  0.12571858870411118 , valid  0.8783008247182862 , test  0.900492196293285 

Epoch 390 : train  0.11970318471704217 , valid  0.894760335920941 , test  0.8967742418524881 

Epoch 400 : train  0.1622617375612701 , valid  0.9092032679028033 , test  0.91105044736884 

Epoch 410 : train  0.1311045674967504 , valid  0.865639974953458 , test  0.9062416284320967 

Epoch 420 : train  0.16179542022815366 , valid  0.8791672032567368 , test  0.9139950887339972 

Epoch 430 : train  0.12666374955483273 , valid  0.9021283816382869 , test  0.8956667066968815 

Epoch 440 : train  0.1459143019611705 , valid  0.9037551519279323 , test  0.8970318423291398 

Epoch 450 : train  0.12922187310580774 , valid  0.8935110054429103 , test  0.8812553543870746 

Epoch 460 : train  0.11263121571863247 , valid  0.8794913654288337 , test  0.8894009173962585 

Epoch 470 : train  0.11956743235990504 , valid  0.8953009831425754 , test  0.8809919682277472 

Epoch 480 : train  0.11924612786669182 , valid  0.9104706069138289 , test  0.8865609484944742 

Epoch 490 : train  0.11037210685722451 , valid  0.8683515304533657 , test  0.8700894901618165 

Epoch 500 : train  0.13164419036492303 , valid  0.9049880252702474 , test  0.8838526993259223 

Epoch 510 : train  0.11355366553793873 , valid  0.8864751469992208 , test  0.8864045576630939 

Epoch 520 : train  0.10642077852020236 , valid  0.8974807476873846 , test  0.9034519049209621 

Epoch 530 : train  0.10647520952280416 , valid  0.9000062065733884 , test  0.8951901991799027 

Epoch 540 : train  0.11405813285075968 , valid  0.8905619455774495 , test  0.914373172406218 

Epoch 550 : train  0.11777881708451879 , valid  0.9177736313471639 , test  0.9032181945481361 

Epoch 560 : train  0.1252542873095511 , valid  0.9230796831486906 , test  0.8996034697235185 

Epoch 570 : train  0.10526440010477289 , valid  0.8911148938169541 , test  0.8839401470326401 

Epoch 580 : train  0.10724061885461024 , valid  0.8986159068481853 , test  0.8810895280318832 

Epoch 590 : train  0.11996511060840452 , valid  0.9015881475452439 , test  0.8921616593623513 

Epoch 600 : train  0.11123625681590844 , valid  0.9127741472476576 , test  0.900324108575613 

Epoch 610 : train  0.10423870109951985 , valid  0.8906844903388521 , test  0.8906784698831046 

Epoch 620 : train  0.11231499475160395 , valid  0.9029878498940384 , test  0.8952100878763578 

Epoch 630 : train  0.11631807260873356 , valid  0.9019669449890727 , test  0.8867979534411371 

Epoch 640 : train  0.11660099102122432 , valid  0.8925374837672027 , test  0.8775116400168045 

Epoch 650 : train  0.1406206040547922 , valid  0.894374630292137 , test  0.8887859531754073 

Epoch 660 : train  0.1142406503630152 , valid  0.9057967181102132 , test  0.8878955813406894 

Epoch 670 : train  0.10621134301939388 , valid  0.9046931736707089 , test  0.888267174304372 

Epoch 680 : train  0.10672302130047323 , valid  0.8895642672177246 , test  0.8895697118780962 

Epoch 690 : train  0.104109493129113 , valid  0.8856146351815312 , test  0.8999117575915381 

Epoch 700 : train  0.1089742404033657 , valid  0.8941728561601758 , test  0.911553653494218 

Epoch 710 : train  0.10006768943327028 , valid  0.8999894267867015 , test  0.8914905842468459 

Epoch 720 : train  0.09900020820588018 , valid  0.8922019698723405 , test  0.893384700140655 

Epoch 730 : train  0.11255343361210106 , valid  0.8898508093538534 , test  0.9144727478487021 

Epoch 740 : train  0.10348423830740112 , valid  0.9041842128314069 , test  0.9079482605170063 

Epoch 750 : train  0.10815223239993224 , valid  0.8932292861147736 , test  0.8977022329166547 

Epoch 760 : train  0.10347318707093821 , valid  0.8915873845547259 , test  0.88559427001785 

Epoch 770 : train  0.1379269632871557 , valid  0.8907976915927114 , test  0.878534531205029 

Epoch 780 : train  0.12348190802599049 , valid  0.8957867828791479 , test  0.881755160994171 

Epoch 790 : train  0.12139343715053906 , valid  0.8946353285942507 , test  0.8782454761658474 

Epoch 800 : train  0.10675493213315793 , valid  0.9111929956524879 , test  0.9022678778487712 

Epoch 810 : train  0.1286121409921627 , valid  0.8827191143471084 , test  0.8927507315100675 

Epoch 820 : train  0.11588522987282385 , valid  0.8955767215061998 , test  0.886830466730412 

Epoch 830 : train  0.11964767611176964 , valid  0.8994441551042898 , test  0.8826588498683614 

Epoch 840 : train  0.11160606817906985 , valid  0.8797143185116102 , test  0.888224043395949 

Epoch 850 : train  0.1161061612674112 , valid  0.891880981598369 , test  0.8714866293891858 

Epoch 860 : train  0.09494297961770251 , valid  0.8662201503688476 , test  0.8833584384969132 

Epoch 870 : train  0.13543627018439772 , valid  0.8719989329015986 , test  0.8953471813683131 

Epoch 880 : train  0.11933511236755677 , valid  0.8853220195699558 , test  0.8903175950290315 

Epoch 890 : train  0.12725875988426336 , valid  0.9089021126019536 , test  0.9075232751393297 

Epoch 900 : train  0.11996125698759189 , valid  0.8860056817390842 , test  0.8938069407554519 

Epoch 910 : train  0.10718777718730141 , valid  0.903322027882594 , test  0.88628143213607 

Epoch 920 : train  0.11381656698146446 , valid  0.8832319372840355 , test  0.8735450077748589 

Epoch 930 : train  0.09827893712695608 , valid  0.8957873123998888 , test  0.8820418225104565 

Epoch 940 : train  0.10088064829524543 , valid  0.8972089314189498 , test  0.8852232006522972 

Epoch 950 : train  0.1060905968144733 , valid  0.9082785866373473 , test  0.8872799165571364 

Epoch 960 : train  0.10057876026393818 , valid  0.9162788702788212 , test  0.8936455795324776 

Epoch 970 : train  0.09206677176265327 , valid  0.9052037768626299 , test  0.8759164463614754 

Epoch 980 : train  0.11060600398427449 , valid  0.9006805499956252 , test  0.8863861062815672 

Epoch 990 : train  0.09641090878115274 , valid  0.8985926575635071 , test  0.8831136546400652 

Epoch 1000 : train  0.10131645493914901 , valid  0.9045625915298947 , test  0.8931319058389072 

best valid loss: 0.8479217045296427
best test loss: 0.8973037235950608
kfold index: 4
Epoch 10 : train  1.1575373795022257 , valid  1.3760254012397575 , test  1.2719004185025573 

Epoch 20 : train  0.9549636766471549 , valid  1.1440386442217962 , test  1.2015228862630143 

Epoch 30 : train  0.8238580974375018 , valid  1.0713572673180145 , test  1.1354774174235154 

Epoch 40 : train  0.6379777174650008 , valid  0.9771709429695455 , test  1.068185188749716 

Epoch 50 : train  0.48850003798697833 , valid  0.9544476859732339 , test  0.992690684257465 

Epoch 60 : train  0.33180753438747956 , valid  0.9292957839612755 , test  0.993036051169258 

Epoch 70 : train  0.2980139048500815 , valid  0.9049397947994401 , test  0.9969441907151867 

Epoch 80 : train  0.21837321536880427 , valid  0.9145825013538362 , test  1.0149991922137878 

Epoch 90 : train  0.2249656778259541 , valid  0.9402369597469424 , test  1.0560950923010433 

Epoch 100 : train  0.22698666915771468 , valid  0.8911048584872209 , test  1.0132128526966788 

Epoch 110 : train  0.19294358039091833 , valid  0.9096198743559059 , test  1.0155138421185703 

Epoch 120 : train  0.20447603456127858 , valid  0.8678025619960895 , test  1.0344450142350183 

Epoch 130 : train  0.20648091522679202 , valid  0.8971614568714696 , test  1.01973390791209 

Epoch 140 : train  0.17013901040998985 , valid  0.8755878702205165 , test  1.0080882225954002 

Epoch 150 : train  0.1684967574146962 , valid  0.8794261235125923 , test  0.9856973556303971 

Epoch 160 : train  0.18396673457202745 , valid  0.8863322443166658 , test  0.9753430556775807 

Epoch 170 : train  0.1593603801819728 , valid  0.8658645384949281 , test  0.9677284323451696 

Epoch 180 : train  0.15192396497935542 , valid  0.8720003901639268 , test  0.980927794038526 

Epoch 190 : train  0.14932842814633993 , valid  0.8468717803035924 , test  0.9656301890403447 

Epoch 200 : train  0.1489743234566753 , valid  0.8585196822039449 , test  0.9622903294484682 

Epoch 210 : train  0.15848136535262353 , valid  0.857584383305776 , test  0.9449812987983227 

Epoch 220 : train  0.14119064177448298 , valid  0.8678918384781767 , test  0.9523451004417941 

Epoch 230 : train  0.15002625053307472 , valid  0.869118688204239 , test  0.9452744162776906 

Epoch 240 : train  0.15117079031558306 , valid  0.8692956099326603 , test  0.9594112505763865 

Epoch 250 : train  0.1333340707523118 , valid  0.8578885954878351 , test  0.9453846845905222 

Epoch 260 : train  0.13843087157186013 , valid  0.8730396957138593 , test  0.9669755250247065 

Epoch 270 : train  0.14648132121749194 , valid  0.8819250380813295 , test  0.963954367457008 

Epoch 280 : train  0.13433913436820083 , valid  0.8737973559807016 , test  0.9548732363474582 

Epoch 290 : train  0.12521390942760643 , valid  0.8641158414032247 , test  0.9586308328057322 

Epoch 300 : train  0.12190727546859265 , valid  0.8644293647243694 , test  0.9558560257089407 

Epoch 310 : train  0.133942092839201 , valid  0.8499425623677441 , test  0.9544621113580707 

Epoch 320 : train  0.13520132997313672 , valid  0.8615120563049299 , test  0.9664769569068492 

Epoch 330 : train  0.14900194826122984 , valid  0.8275014182943461 , test  0.9695574827694406 

Epoch 340 : train  0.1344013781343578 , valid  0.8713964606874812 , test  0.942610017698409 

Epoch 350 : train  0.12516277157237668 , valid  0.8738233869156597 , test  0.9520423937520693 

Epoch 360 : train  0.1274460326357045 , valid  0.8490384540189182 , test  0.9353372950516051 

Epoch 370 : train  0.12863722971765937 , valid  0.8513116276956317 , test  0.9514120458468559 

Epoch 380 : train  0.12289435563489526 , valid  0.8351603012962798 , test  0.9379766101961433 

Epoch 390 : train  0.12135272212048662 , valid  0.8436625803594792 , test  0.9370577620093545 

Epoch 400 : train  0.13523679646785672 , valid  0.8620173629688355 , test  0.9627742265145827 

Epoch 410 : train  0.13880029788949777 , valid  0.870393735546088 , test  0.934234104587457 

Epoch 420 : train  0.13411970748467528 , valid  0.8323645678562933 , test  0.9378046858626627 

Epoch 430 : train  0.12093770415047707 , valid  0.8355083754687376 , test  0.9373610211139336 

Epoch 440 : train  0.12396095268168965 , valid  0.8381143882783453 , test  0.9440038157043513 

Epoch 450 : train  0.122013542863563 , valid  0.8393227811263363 , test  0.9264487694445056 

Epoch 460 : train  0.1294871369680531 , valid  0.8508976989919158 , test  0.9430605008780982 

Epoch 470 : train  0.12129816998833716 , valid  0.8413979398563577 , test  0.9345176209051848 

Epoch 480 : train  0.12175063605562932 , valid  0.8592728445939902 , test  0.9364019453643595 

Epoch 490 : train  0.12319405210386314 , valid  0.8486858229265538 , test  0.9384667683019919 

Epoch 500 : train  0.11565890337584575 , valid  0.8481298763258044 , test  0.9288938460494949 

Epoch 510 : train  0.12693711795180884 , valid  0.8440721374371879 , test  0.9210727186956578 

Epoch 520 : train  0.12123784988898441 , valid  0.8162954133156682 , test  0.9260715448647748 

Epoch 530 : train  0.12105689859980669 , valid  0.8381478316256047 , test  0.9339673259160893 

Epoch 540 : train  0.11593842712542413 , valid  0.8633519510263594 , test  0.9595683223836134 

Epoch 550 : train  0.132092729360893 , valid  0.8218573589270157 , test  0.9354169458937457 

Epoch 560 : train  0.11910675752937733 , valid  0.8450929741953547 , test  0.9439621741308662 

Epoch 570 : train  0.11128588684907544 , valid  0.8434335224945286 , test  0.9343963429659287 

Epoch 580 : train  0.12283918479919635 , valid  0.8650993781543528 , test  0.9352764179603033 

Epoch 590 : train  0.13125664162717657 , valid  0.8338970407138484 , test  0.9236990587435769 

Epoch 600 : train  0.11394882124813108 , valid  0.8649321434495516 , test  0.9279778069329508 

Epoch 610 : train  0.11265422001760565 , valid  0.8576794310396232 , test  0.9396210778780865 

Epoch 620 : train  0.11913270379925656 , valid  0.8418606406689344 , test  0.9359298306762103 

Epoch 630 : train  0.13744696195461562 , valid  0.8355433908639852 , test  0.936840059639507 

Epoch 640 : train  0.11348548668587653 , valid  0.8476406682614629 , test  0.9326185415053392 

Epoch 650 : train  0.11445382880828332 , valid  0.8429640209421484 , test  0.9287292567899854 

Epoch 660 : train  0.11397124479052545 , valid  0.8867502959870606 , test  0.9395169466240365 

Epoch 670 : train  0.10363589795658497 , valid  0.8812027429468283 , test  0.9441467731221305 

Epoch 680 : train  0.11957382893980546 , valid  0.8455562602590921 , test  0.9228136941079781 

Epoch 690 : train  0.10556593253332966 , valid  0.8361528340759787 , test  0.9035810293647588 

Epoch 700 : train  0.10736534367229102 , valid  0.8714470812978937 , test  0.9191342533645395 

Epoch 710 : train  0.10431193204462404 , valid  0.8475114163617935 , test  0.9177830844064205 

Epoch 720 : train  0.1024790000253488 , valid  0.8403109065302035 , test  0.9185571657869748 

Epoch 730 : train  0.10613978751644662 , valid  0.8488627903501013 , test  0.9051207819486078 

Epoch 740 : train  0.11213147199251133 , valid  0.8632619637103656 , test  0.9043043369242559 

Epoch 750 : train  0.10473584840343586 , valid  0.835778606547719 , test  0.906295819300131 

Epoch 760 : train  0.1087254872656053 , valid  0.8402447973067909 , test  0.908761448699875 

Epoch 770 : train  0.13223801802321053 , valid  0.8510703587298206 , test  0.9057318413575294 

Epoch 780 : train  0.11075856108880301 , valid  0.8418231712171443 , test  0.8954820189956759 

Epoch 790 : train  0.10377716069787145 , valid  0.8335550033873693 , test  0.923152284181702 

Epoch 800 : train  0.14006966966619308 , valid  0.8490105268822687 , test  0.9027464066724316 

Epoch 810 : train  0.11368425349688077 , valid  0.8411714508642586 , test  0.9125493859142328 

Epoch 820 : train  0.13182627610422176 , valid  0.8208635388263728 , test  0.8957106223968342 

Epoch 830 : train  0.13484898350096303 , valid  0.8120484600298065 , test  0.8950083109072675 

Epoch 840 : train  0.13249131233640885 , valid  0.8489833511745997 , test  0.9246274195804952 

Epoch 850 : train  0.1143616002365317 , valid  0.8526797931195111 , test  0.9131246768872616 

Epoch 860 : train  0.10970769322528134 , valid  0.8244740613043218 , test  0.9025752755119257 

Epoch 870 : train  0.10892123807459589 , valid  0.8230249817512868 , test  0.9031186368895481 

Epoch 880 : train  0.10334379734023122 , valid  0.8317321178560785 , test  0.9064944857985584 

Epoch 890 : train  0.11674512370797763 , valid  0.8247485427459103 , test  0.91108418604621 

Epoch 900 : train  0.11267002536360046 , valid  0.8340119604243534 , test  0.8963596636531005 

Epoch 910 : train  0.10974215441428324 , valid  0.8248784809714523 , test  0.9218502766957826 

Epoch 920 : train  0.09840613125403079 , valid  0.8324215199122403 , test  0.8963890905217153 

Epoch 930 : train  0.10625948392003272 , valid  0.8367201043018503 , test  0.905000655242634 

Epoch 940 : train  0.10275689510643611 , valid  0.8432052942986015 , test  0.8976523275924423 

Epoch 950 : train  0.10175696384336445 , valid  0.8545633721922103 , test  0.8956939849936246 

Epoch 960 : train  0.10524066750826888 , valid  0.8467163278482466 , test  0.8920903314600119 

Epoch 970 : train  0.10082665085881241 , valid  0.8568996253283032 , test  0.9048713645489773 

Epoch 980 : train  0.1055509719486904 , valid  0.8439919029976958 , test  0.8932216127921407 

Epoch 990 : train  0.10052291971753301 , valid  0.8331101051356216 , test  0.9113496996338392 

Epoch 1000 : train  0.1082991091113252 , valid  0.8092593864498596 , test  0.8888531262048712 

best valid loss: 0.8092593864498596
best test loss: 0.8888531262048712
 
Job Ended at Mon Apr 10 09:51:56 EDT 2023
