Job started on r177.ib.bridges2.psc.edu at Mon Apr 10 09:19:12 EDT 2023
Namespace(data_path='/ocean/projects/cts180021p/shang9/molecules/pretrainLCA/finalized/data/o_gnn_input/BCF/raw/data.csv', dense=1, dropout=0, folder_idx=1, layer=2, split_folder='/ocean/projects/cts180021p/shang9/molecules/pretrainLCA/finalized/model/feature-based/result_1/BCF/')
kfold index: 0
Epoch 10 : train  1.2031431020568697 , valid  1.276495069538534 , test  1.0767586806908458 

Epoch 20 : train  1.0334978067821734 , valid  1.1216623904804488 , test  0.9939547706747497 

Epoch 30 : train  0.8150812783664354 , valid  1.0269190980887397 , test  0.9965417917595923 

Epoch 40 : train  0.5928351702795681 , valid  0.9682044074468661 , test  0.9606958966561299 

Epoch 50 : train  0.4473737677192545 , valid  0.9458465720513527 , test  0.9321816107077391 

Epoch 60 : train  0.2944306525974643 , valid  0.9331252332387778 , test  0.8955693200246836 

Epoch 70 : train  0.23977345915184792 , valid  0.9526064344757439 , test  0.9260750518565999 

Epoch 80 : train  0.22535683984592852 , valid  0.959453341851065 , test  0.9180866609699789 

Epoch 90 : train  0.22375787818736645 , valid  0.9095631643969057 , test  0.9401561426491954 

Epoch 100 : train  0.22861310116376776 , valid  0.9186768897440868 , test  0.9226455434365464 

Epoch 110 : train  0.20818022486054402 , valid  0.9360904733647374 , test  0.9113466729434846 

Epoch 120 : train  0.1854757942096813 , valid  0.9103537361369693 , test  0.8871382125093213 

Epoch 130 : train  0.18829418047744098 , valid  0.9103803705785736 , test  0.8784440441533542 

Epoch 140 : train  0.15527136046995446 , valid  0.9335188306604606 , test  0.8940715295540567 

Epoch 150 : train  0.16470863128279434 , valid  0.9069823336051575 , test  0.893575086571893 

Epoch 160 : train  0.1594540329071343 , valid  0.8729110550514961 , test  0.8822146833678193 

Epoch 170 : train  0.1568665053018425 , valid  0.9067344205328334 , test  0.875133064160028 

Epoch 180 : train  0.15765255212358315 , valid  0.8825026583045699 , test  0.8483666904961109 

Epoch 190 : train  0.1413618096696275 , valid  0.8674832926124981 , test  0.8663704765084993 

Epoch 200 : train  0.14315841886689934 , valid  0.9225084205904566 , test  0.8774417956014248 

Epoch 210 : train  0.13212633254703457 , valid  0.9058007535002288 , test  0.8840055432212546 

Epoch 220 : train  0.1321539471245091 , valid  0.9107845317516705 , test  0.886367004776929 

Epoch 230 : train  0.1442796866145528 , valid  0.9027898029697465 , test  0.881734768815053 

Epoch 240 : train  0.14843298735905572 , valid  0.8932871550288012 , test  0.8586446654796596 

Epoch 250 : train  0.12449444759443912 , valid  0.9019626177298393 , test  0.8574735275037041 

Epoch 260 : train  0.15525074366271754 , valid  0.9032940499010215 , test  0.8985765722753329 

Epoch 270 : train  0.1550066742372418 , valid  0.9121493491892352 , test  0.8829950805787737 

Epoch 280 : train  0.12401934672259138 , valid  0.8984238846217116 , test  0.8589998332870479 

Epoch 290 : train  0.12216247579255751 , valid  0.9097405875088639 , test  0.8702358426111931 

Epoch 300 : train  0.12292579609981115 , valid  0.8951351418633082 , test  0.864433228653545 

Epoch 310 : train  0.11814356573051704 , valid  0.8736068798727207 , test  0.8494726823590788 

Epoch 320 : train  0.18462396202597203 , valid  0.8836406953112791 , test  0.8644516990083676 

Epoch 330 : train  0.14679897740284845 , valid  0.8897176069127951 , test  0.8656152625555376 

Epoch 340 : train  0.1278150668878245 , valid  0.8899715041237332 , test  0.8592317540020821 

Epoch 350 : train  0.12926730822398172 , valid  0.8888986996114228 , test  0.8590933250575998 

Epoch 360 : train  0.12537685879415317 , valid  0.8826353774850011 , test  0.8759021113188178 

Epoch 370 : train  0.11687852657514053 , valid  0.8744020525680314 , test  0.8517279881701738 

Epoch 380 : train  0.10554162632958156 , valid  0.8706875597184779 , test  0.83731716868083 

Epoch 390 : train  0.10565475579384277 , valid  0.8508932593656285 , test  0.8497906282537895 

Epoch 400 : train  0.11156165142803864 , valid  0.8610262956365272 , test  0.8555289796554907 

Epoch 410 : train  0.11151560668471697 , valid  0.8721189310733004 , test  0.8509173382602835 

Epoch 420 : train  0.11627937760563734 , valid  0.8797139949717512 , test  0.8579961013762005 

Epoch 430 : train  0.10376490286061642 , valid  0.8836633234520337 , test  0.8536535063253174 

Epoch 440 : train  0.11758072879839516 , valid  0.8804266114315484 , test  0.8536370213298177 

Epoch 450 : train  0.10023022834344507 , valid  0.8660564550971216 , test  0.8405859132318656 

Epoch 460 : train  0.10417942706485718 , valid  0.8717161475193655 , test  0.8294983795255997 

Epoch 470 : train  0.12377752437420195 , valid  0.8713160412959562 , test  0.837815327650312 

Epoch 480 : train  0.1186408083153414 , valid  0.8613917180514018 , test  0.8395998198534929 

Epoch 490 : train  0.12781006837655354 , valid  0.8681065607352638 , test  0.8441630574997108 

Epoch 500 : train  0.10299906432146208 , valid  0.847119952465904 , test  0.822563125711546 

Epoch 510 : train  0.12040873789382585 , valid  0.8627437137320096 , test  0.8272691706598846 

Epoch 520 : train  0.10160048357235699 , valid  0.8487682292214238 , test  0.8306387838849612 

Epoch 530 : train  0.11292137939231353 , valid  0.8533798633913436 , test  0.8195056282464036 

Epoch 540 : train  0.10398452648250968 , valid  0.8542255128051864 , test  0.8222619614047022 

Epoch 550 : train  0.10828683202455223 , valid  0.8526259571532985 , test  0.8290610825562554 

Epoch 560 : train  0.10750944339320434 , valid  0.8448781507366718 , test  0.8292343573090586 

Epoch 570 : train  0.09624629869315729 , valid  0.854735353888506 , test  0.8187427170398582 

Epoch 580 : train  0.09372212236548687 , valid  0.8535949099395246 , test  0.8131132969277501 

Epoch 590 : train  0.1054695519416582 , valid  0.8431845778022121 , test  0.8171552056178323 

Epoch 600 : train  0.0983155896892165 , valid  0.8658295811442498 , test  0.8280673811719343 

Epoch 610 : train  0.10309616203036576 , valid  0.8670147111727062 , test  0.8162428540662854 

Epoch 620 : train  0.09883917226204816 , valid  0.865301834290772 , test  0.827304442551419 

Epoch 630 : train  0.08947811761406722 , valid  0.8601624825989498 , test  0.8303599122800722 

Epoch 640 : train  0.099116180040754 , valid  0.8632903715966961 , test  0.831063491152595 

Epoch 650 : train  0.11217220468882085 , valid  0.8627736199793349 , test  0.8279753235217115 

Epoch 660 : train  0.11387035429546673 , valid  0.8739831219070243 , test  0.825635840032775 

Epoch 670 : train  0.09660690138838936 , valid  0.8697902660701456 , test  0.8199429763801865 

Epoch 680 : train  0.13284083934980387 , valid  0.8956690509362532 , test  0.8374417873941958 

Epoch 690 : train  0.09491834196340637 , valid  0.8624183870365862 , test  0.8257306566560149 

Epoch 700 : train  0.10008217619088564 , valid  0.8628277472834265 , test  0.832960021907119 

Epoch 710 : train  0.09983070601288414 , valid  0.860933808631709 , test  0.8274560058088689 

Epoch 720 : train  0.08794509625049975 , valid  0.8557266534722328 , test  0.8367505436912699 

Epoch 730 : train  0.10013792390500496 , valid  0.8499932027616284 , test  0.8279686264434072 

Epoch 740 : train  0.10514659970452275 , valid  0.8454336121107155 , test  0.8068181577295213 

Epoch 750 : train  0.11243501840118532 , valid  0.8491594907758828 , test  0.8184928289504242 

Epoch 760 : train  0.09317707719016277 , valid  0.8569236919422334 , test  0.8185247943423147 

Epoch 770 : train  0.09205840505578675 , valid  0.8630445804508221 , test  0.8201660157597478 

Epoch 780 : train  0.11856932613249815 , valid  0.8626813787235508 , test  0.8231547375523222 

Epoch 790 : train  0.10740066863090801 , valid  0.8501640173262667 , test  0.8187453164659653 

Epoch 800 : train  0.09847500053212238 , valid  0.8473067872433919 , test  0.8201235403978488 

Epoch 810 : train  0.09193091173614934 , valid  0.8530813761308436 , test  0.8083253848787145 

Epoch 820 : train  0.09914617389568954 , valid  0.8511038869060712 , test  0.8072355311169243 

Epoch 830 : train  0.10233333455138507 , valid  0.856430054636213 , test  0.8199362915816413 

Epoch 840 : train  0.10777692154106334 , valid  0.8644481390092035 , test  0.8319003455662433 

Epoch 850 : train  0.0841400338160701 , valid  0.8502297969590196 , test  0.8106765702536648 

Epoch 860 : train  0.10055571593593217 , valid  0.8526767407569638 , test  0.8161950555706132 

Epoch 870 : train  0.10090921572803836 , valid  0.8745941271682167 , test  0.814926299396158 

Epoch 880 : train  0.09516317643448585 , valid  0.859739978918937 , test  0.8100074245764046 

Epoch 890 : train  0.08224264445155234 , valid  0.8521230877721843 , test  0.8162613774022932 

Epoch 900 : train  0.08144328667356188 , valid  0.8434962186271254 , test  0.8010557367398203 

Epoch 910 : train  0.10380467026636678 , valid  0.8317829821137597 , test  0.7985678205495234 

Epoch 920 : train  0.09483375685169375 , valid  0.8553464985652263 , test  0.8104055594899132 

Epoch 930 : train  0.10290034981541754 , valid  0.8562284907625555 , test  0.8138111869415172 

Epoch 940 : train  0.09744809671632823 , valid  0.8483584704778386 , test  0.825633359770269 

Epoch 950 : train  0.09192704126468752 , valid  0.8397837140800564 , test  0.8173761272099634 

Epoch 960 : train  0.08251998125887355 , valid  0.8386877176432026 , test  0.8086672989113572 

Epoch 970 : train  0.09601810194667788 , valid  0.8515379395045007 , test  0.8047641279644471 

Epoch 980 : train  0.09324916202149094 , valid  0.8529200227126337 , test  0.8148734816334487 

Epoch 990 : train  0.11039514503598079 , valid  0.8337838839336918 , test  0.8175871768708228 

Epoch 1000 : train  0.08489593626919695 , valid  0.835914233433568 , test  0.8144311016208479 

best valid loss: 0.8317829821137597
best test loss: 0.7985678205495234
kfold index: 1
Epoch 10 : train  1.1691135505628907 , valid  1.251818104568826 , test  1.1354494311669374 

Epoch 20 : train  0.9827265947772773 , valid  1.2029803157802477 , test  1.0879979175968084 

Epoch 30 : train  0.8219926558569796 , valid  1.1203215109223423 , test  1.0395220230466413 

Epoch 40 : train  0.589854052607875 , valid  1.0214573155962157 , test  0.9213526764142331 

Epoch 50 : train  0.4130196305332594 , valid  0.9837918280801042 , test  0.9350444609881395 

Epoch 60 : train  0.3164087734131822 , valid  0.924207602122708 , test  0.9142957120458525 

Epoch 70 : train  0.2880850238611897 , valid  0.9100466019840745 , test  0.832539812763352 

Epoch 80 : train  0.23422831757404325 , valid  0.926059761329589 , test  0.870097203765861 

Epoch 90 : train  0.23605036569459228 , valid  0.8917551755467458 , test  0.8500343120524069 

Epoch 100 : train  0.23795630744342822 , valid  0.8961737039628782 , test  0.8350643670373266 

Epoch 110 : train  0.22617981900922424 , valid  0.8938830666662069 , test  0.8376561524559598 

Epoch 120 : train  0.22912177296137926 , valid  0.9019590703585055 , test  0.8358085201237933 

Epoch 130 : train  0.19706224082723586 , valid  0.852152995524972 , test  0.851711218529231 

Epoch 140 : train  0.1962663030866297 , valid  0.8847715982307275 , test  0.8514383919303081 

Epoch 150 : train  0.17327292399194133 , valid  0.857588754005776 , test  0.8554546157198868 

Epoch 160 : train  0.17625950830637557 , valid  0.8620891348438133 , test  0.8449631288637043 

Epoch 170 : train  0.1533196025588138 , valid  0.83726415254014 , test  0.8474180936104024 

Epoch 180 : train  0.16517684139034933 , valid  0.9142688276712778 , test  0.8528551388725488 

Epoch 190 : train  0.18112525597405346 , valid  0.8375862892324839 , test  0.8416205058694856 

Epoch 200 : train  0.15099773354983786 , valid  0.8727015626596781 , test  0.8517961454466031 

Epoch 210 : train  0.15496920842887923 , valid  0.8841649049028131 , test  0.8542705424338692 

Epoch 220 : train  0.14764118176820992 , valid  0.871171077818191 , test  0.8389440683523827 

Epoch 230 : train  0.14251250686015776 , valid  0.8591263177281953 , test  0.8472956696418283 

Epoch 240 : train  0.13944942476912772 , valid  0.8715161354904571 , test  0.8462103925519571 

Epoch 250 : train  0.14199535311463654 , valid  0.8392949504968289 , test  0.8409461546517251 

Epoch 260 : train  0.1350917137221781 , valid  0.8663030695465354 , test  0.8465328300359791 

Epoch 270 : train  0.14198363359896912 , valid  0.8647276229747882 , test  0.8513954741406984 

Epoch 280 : train  0.1283348808386685 , valid  0.8625519480151157 , test  0.843806591715438 

Epoch 290 : train  0.12394628359185246 , valid  0.8572122571616473 , test  0.8487686804664618 

Epoch 300 : train  0.12550157539849596 , valid  0.8520975568137001 , test  0.8131427265925726 

Epoch 310 : train  0.13295519153603963 , valid  0.8621728970831131 , test  0.8327976996429012 

Epoch 320 : train  0.13802059964657631 , valid  0.855823817202108 , test  0.8340833267216368 

Epoch 330 : train  0.1233751625301749 , valid  0.8653772120723219 , test  0.8374872193343804 

Epoch 340 : train  0.12453143779850902 , valid  0.8694543542882891 , test  0.8318869521643903 

Epoch 350 : train  0.13179852677886178 , valid  0.8645558694090726 , test  0.8280843622726556 

Epoch 360 : train  0.12574967322953037 , valid  0.850696259322364 , test  0.8196647153325156 

Epoch 370 : train  0.12636762112406325 , valid  0.8685021467126669 , test  0.811736575187482 

Epoch 380 : train  0.13214400595308545 , valid  0.860961591110555 , test  0.8245874267429902 

Epoch 390 : train  0.11619843703442355 , valid  0.8471447573520028 , test  0.813566236525986 

Epoch 400 : train  0.12375089213678782 , valid  0.8393010103654331 , test  0.8086985651920026 

Epoch 410 : train  0.13088820290299125 , valid  0.8628725867047036 , test  0.8134242496390002 

Epoch 420 : train  0.12839201740486655 , valid  0.8663100153107184 , test  0.8154926264905666 

Epoch 430 : train  0.12645514575251043 , valid  0.8846501939328641 , test  0.8110556869939672 

Epoch 440 : train  0.13435744288323903 , valid  0.8979711674100455 , test  0.8284550966076841 

Epoch 450 : train  0.12122289698635583 , valid  0.8594522186465595 , test  0.8221877101150807 

Epoch 460 : train  0.11646621290194846 , valid  0.8556034758440494 , test  0.8170872952149717 

Epoch 470 : train  0.14594960342387236 , valid  0.8777494529167931 , test  0.8096365699505168 

Epoch 480 : train  0.14253401704586768 , valid  0.8663425916270315 , test  0.8105392115629941 

Epoch 490 : train  0.11486814723140293 , valid  0.8666227681598081 , test  0.8125742498156167 

Epoch 500 : train  0.10525907474043245 , valid  0.87790492926642 , test  0.8218094504987624 

Epoch 510 : train  0.11004805433777651 , valid  0.847680118108943 , test  0.8193194711271742 

Epoch 520 : train  0.10743178782331818 , valid  0.8515173895019726 , test  0.8173890988169434 

Epoch 530 : train  0.12767981336665302 , valid  0.8655280269440192 , test  0.8272664420234036 

Epoch 540 : train  0.1294600428009561 , valid  0.8722824648556182 , test  0.8143100100393149 

Epoch 550 : train  0.11904107736621954 , valid  0.8653701966716869 , test  0.8010788684144585 

Epoch 560 : train  0.12413496093715175 , valid  0.8800960474778519 , test  0.8002800582918093 

Epoch 570 : train  0.12936960614912005 , valid  0.8760405546085583 , test  0.8141284957666098 

Epoch 580 : train  0.10939605786021413 , valid  0.8552017619000265 , test  0.7981824197242907 

Epoch 590 : train  0.11255792000460002 , valid  0.8623999584175372 , test  0.7962409789873074 

Epoch 600 : train  0.11492217490936518 , valid  0.8759152889725081 , test  0.807358443541742 

Epoch 610 : train  0.11759667513105442 , valid  0.8941281593667161 , test  0.8075859851676489 

Epoch 620 : train  0.10773999075238276 , valid  0.8692763480263576 , test  0.7923621599415481 

Epoch 630 : train  0.1484894642554656 , valid  0.8756818470070256 , test  0.7999283293467652 

Epoch 640 : train  0.10357039483966844 , valid  0.8605626014836931 , test  0.7997162501161131 

Epoch 650 : train  0.11100559411955271 , valid  0.8586376658458774 , test  0.8072481256837856 

Epoch 660 : train  0.1318474917183525 , valid  0.8720541763749394 , test  0.8072888681280961 

Epoch 670 : train  0.09960507805887123 , valid  0.8819307809144565 , test  0.8023120091482877 

Epoch 680 : train  0.1116713326923669 , valid  0.8868718654037683 , test  0.8091045345431145 

Epoch 690 : train  0.11802245596282859 , valid  0.8702378308297972 , test  0.7957127076526607 

Epoch 700 : train  0.10365082809818447 , valid  0.8770339793645823 , test  0.7929567047483979 

Epoch 710 : train  0.1041630614243011 , valid  0.8725536490524345 , test  0.8073811404109017 

Epoch 720 : train  0.11339429232267834 , valid  0.8696328579027583 , test  0.8019650807449352 

Epoch 730 : train  0.10615687636634795 , valid  0.8526375480809923 , test  0.7947106657231654 

Epoch 740 : train  0.10884042636532132 , valid  0.8632606451261112 , test  0.7897196166913764 

Epoch 750 : train  0.11050401235656186 , valid  0.8517830831843203 , test  0.7938679162882467 

Epoch 760 : train  0.1099327400387979 , valid  0.8535002769320438 , test  0.7986860898715052 

Epoch 770 : train  0.10521250826365877 , valid  0.8465307569664359 , test  0.795312735044209 

Epoch 780 : train  0.09865676133427502 , valid  0.8561143561988516 , test  0.8062086179420482 

Epoch 790 : train  0.11983761749159459 , valid  0.8572072253073236 , test  0.8058965835367708 

Epoch 800 : train  0.09690264863404245 , valid  0.8585261965661933 , test  0.7899462200254008 

Epoch 810 : train  0.1064902278198629 , valid  0.8371685482325483 , test  0.782111999071739 

Epoch 820 : train  0.10938734170031111 , valid  0.8359167034650323 , test  0.7900695254657195 

Epoch 830 : train  0.10704609883956677 , valid  0.8585851036641479 , test  0.8002965545125579 

Epoch 840 : train  0.1284378438539686 , valid  0.8918174710526248 , test  0.7943354547699983 

Epoch 850 : train  0.1182335482714688 , valid  0.8729769483614852 , test  0.794921559021218 

Epoch 860 : train  0.11779423463601323 , valid  0.8605717364936056 , test  0.7842071393113715 

Epoch 870 : train  0.11261946424630236 , valid  0.8662781535735797 , test  0.7907437292491794 

Epoch 880 : train  0.10570164510557037 , valid  0.8700528583676963 , test  0.7815978809691908 

Epoch 890 : train  0.10681720837784671 , valid  0.8665242117139539 , test  0.7990045816746625 

Epoch 900 : train  0.1374435327860841 , valid  0.8533091468298015 , test  0.7882831702724181 

Epoch 910 : train  0.09932695408740415 , valid  0.8692614918271193 , test  0.793204453902924 

Epoch 920 : train  0.1077336294458207 , valid  0.8686340250735012 , test  0.7774572525485918 

Epoch 930 : train  0.09685654881314766 , valid  0.8512333922183932 , test  0.7882794714720317 

Epoch 940 : train  0.1398929884402585 , valid  0.8683665593749705 , test  0.7921072412566074 

Epoch 950 : train  0.10578192336473133 , valid  0.8640530284192205 , test  0.78248197665527 

Epoch 960 : train  0.12877652501211834 , valid  0.873690266776029 , test  0.77684473321584 

Epoch 970 : train  0.10274125180259112 , valid  0.8678927195237662 , test  0.7881305744269392 

Epoch 980 : train  0.09452361063650877 , valid  0.8584120823767303 , test  0.7822849050157876 

Epoch 990 : train  0.09033799438349784 , valid  0.8555127259704417 , test  0.7869873819793648 

Epoch 1000 : train  0.09187817488108693 , valid  0.8532973347434301 , test  0.7777676668418709 

best valid loss: 0.8359167034650323
best test loss: 0.7900695254657195
kfold index: 2
Epoch 10 : train  1.318562479853525 , valid  1.4645692681010047 , test  1.2540134354932513 

Epoch 20 : train  1.2070176001485498 , valid  1.4010637422637273 , test  1.221418809427665 

Epoch 30 : train  0.8581556087848237 , valid  1.1073341111768997 , test  1.0158686119934028 

Epoch 40 : train  0.5103814598315504 , valid  0.9654434409178159 , test  0.8995406535928189 

Epoch 50 : train  0.4133618224518655 , valid  0.9818366486921375 , test  0.8874296595604805 

Epoch 60 : train  0.2892383065952253 , valid  0.9228769519803369 , test  0.8368140987212468 

Epoch 70 : train  0.24968442463738907 , valid  0.9668939253984266 , test  0.8506814403673307 

Epoch 80 : train  0.25001338439095505 , valid  0.997209788619506 , test  0.8311416003691299 

Epoch 90 : train  0.20556524037897098 , valid  0.9391386775650619 , test  0.8080014152033691 

Epoch 100 : train  0.2031345737105452 , valid  0.9584546767540132 , test  0.8367895390243988 

Epoch 110 : train  0.22463680467030106 , valid  0.9300195422555567 , test  0.8289480475294675 

Epoch 120 : train  0.1840956469499056 , valid  0.9326109578293544 , test  0.8343464299593562 

Epoch 130 : train  0.197358932499832 , valid  0.9372424452336717 , test  0.809141240895132 

Epoch 140 : train  0.1660904331282392 , valid  0.9392107298665239 , test  0.8019337045994099 

Epoch 150 : train  0.165832725434469 , valid  0.9326040982317961 , test  0.8249480306865526 

Epoch 160 : train  0.20771350268943067 , valid  0.9466717877150034 , test  0.84268646594815 

Epoch 170 : train  0.1795136303418986 , valid  0.9164754479598771 , test  0.8314046485827907 

Epoch 180 : train  0.16859364636573587 , valid  0.929845834730022 , test  0.8507730152642441 

Epoch 190 : train  0.1557261707216767 , valid  0.9091670010873629 , test  0.8202151063893208 

Epoch 200 : train  0.15901684887150036 , valid  0.9197416412238832 , test  0.8054051879287198 

Epoch 210 : train  0.1470164271057403 , valid  0.90747924672026 , test  0.8019835565946306 

Epoch 220 : train  0.1612809146884017 , valid  0.8940203385908206 , test  0.8152178122518164 

Epoch 230 : train  0.14441602596192998 , valid  0.9228843354778076 , test  0.8227477341546584 

Epoch 240 : train  0.13257691952003647 , valid  0.9116489352317705 , test  0.8025039849208722 

Epoch 250 : train  0.12427129965611498 , valid  0.9100475379940004 , test  0.792820704639718 

Epoch 260 : train  0.14125878270910214 , valid  0.9022909346844658 , test  0.7944222673033584 

Epoch 270 : train  0.13628246973212513 , valid  0.9093889554714623 , test  0.7931476920045013 

Epoch 280 : train  0.1365102246101994 , valid  0.9069880291367712 , test  0.7991401998316789 

Epoch 290 : train  0.14298299008320367 , valid  0.9149376935087932 , test  0.8020413616999942 

Epoch 300 : train  0.12833926803292572 , valid  0.9035949348775003 , test  0.7961818008390538 

Epoch 310 : train  0.13006166599191293 , valid  0.9058747924338615 , test  0.7953131967112399 

Epoch 320 : train  0.13275832731174667 , valid  0.9230114526894225 , test  0.7955660944169363 

Epoch 330 : train  0.11687985426100808 , valid  0.9017641612598943 , test  0.7869212508716474 

Epoch 340 : train  0.15705337825456614 , valid  0.9283222758753327 , test  0.7994605126113359 

Epoch 350 : train  0.1259342946678405 , valid  0.8756266180858779 , test  0.797941304312527 

Epoch 360 : train  0.15207685120781533 , valid  0.876534891769005 , test  0.809535076780756 

Epoch 370 : train  0.11048170771517571 , valid  0.8754904605449881 , test  0.8038258142881479 

Epoch 380 : train  0.10725330866074367 , valid  0.8727248253810669 , test  0.786581807154152 

Epoch 390 : train  0.11210059289183133 , valid  0.8838603830519706 , test  0.7922274976221495 

Epoch 400 : train  0.15821788389893063 , valid  0.9016188097040172 , test  0.7950180019807962 

Epoch 410 : train  0.11045472046428723 , valid  0.8837981607540244 , test  0.8045384032239615 

Epoch 420 : train  0.13679309657420918 , valid  0.8802834937180429 , test  0.8096157787496396 

Epoch 430 : train  0.13030287527948725 , valid  0.8740767772328926 , test  0.798447172941417 

Epoch 440 : train  0.11225239034187909 , valid  0.8931551646508692 , test  0.8019437175257191 

Epoch 450 : train  0.11190347539699169 , valid  0.8884412959659053 , test  0.7990718028772583 

Epoch 460 : train  0.1465344814613605 , valid  0.9018111144949468 , test  0.8109191605972954 

Epoch 470 : train  0.10193272020119189 , valid  0.8857436352560326 , test  0.7984938396950163 

Epoch 480 : train  0.1021784071505283 , valid  0.8743877275774625 , test  0.8178174192596799 

Epoch 490 : train  0.13954173069474393 , valid  0.8818490989284623 , test  0.8087297436115076 

Epoch 500 : train  0.10329324684124533 , valid  0.8949796283585819 , test  0.807101245929145 

Epoch 510 : train  0.10350611937418276 , valid  0.8949083909514917 , test  0.7984274371033405 

Epoch 520 : train  0.1027592090904004 , valid  0.8809739481165455 , test  0.8052882579033492 

Epoch 530 : train  0.11276858151655135 , valid  0.8792527255849683 , test  0.8010754582135755 

Epoch 540 : train  0.12240660583603342 , valid  0.8830482327810171 , test  0.8063789216523869 

Epoch 550 : train  0.0993237729376157 , valid  0.8878822872610111 , test  0.8087636628274063 

Epoch 560 : train  0.09832219132920718 , valid  0.8684650740545861 , test  0.8115489113546096 

Epoch 570 : train  0.11320452354207247 , valid  0.9088181637352194 , test  0.8256608107954232 

Epoch 580 : train  0.11648203170817636 , valid  0.8884939639507844 , test  0.8122771849199064 

Epoch 590 : train  0.1117027941219878 , valid  0.8946218048434629 , test  0.8126353856145234 

Epoch 600 : train  0.10298839684233935 , valid  0.8983319353360968 , test  0.8227659300549116 

Epoch 610 : train  0.11195102830289522 , valid  0.8845360491981392 , test  0.8308140423907946 

Epoch 620 : train  0.10217237983275637 , valid  0.8804657448318122 , test  0.822237468006165 

Epoch 630 : train  0.10387194482376051 , valid  0.896687547342039 , test  0.8168547728530703 

Epoch 640 : train  0.10545677594258766 , valid  0.8921908177619994 , test  0.8152868566161062 

Epoch 650 : train  0.11108021941515919 , valid  0.8929728149528379 , test  0.8235594338221565 

Epoch 660 : train  0.10385775480462786 , valid  0.9024848364347577 , test  0.8049639278719041 

Epoch 670 : train  0.12466668197307447 , valid  0.8949313455604363 , test  0.8312640369977163 

Epoch 680 : train  0.11295292060732356 , valid  0.9059594443865036 , test  0.8313446130251119 

Epoch 690 : train  0.1085312221516161 , valid  0.8565455822152365 , test  0.8310219269442597 

Epoch 700 : train  0.09651410595314759 , valid  0.8945211822897697 , test  0.8035017346767466 

Epoch 710 : train  0.09577767003939368 , valid  0.8999075315502354 , test  0.8199466156529656 

Epoch 720 : train  0.10938782716133039 , valid  0.8994076371934203 , test  0.8246201038793721 

Epoch 730 : train  0.11129315107418183 , valid  0.8951132701217484 , test  0.8091177740694967 

Epoch 740 : train  0.1063957498910051 , valid  0.912358772874122 , test  0.8173406482834684 

Epoch 750 : train  0.09976901005980729 , valid  0.8898764424463036 , test  0.8077492962522246 

Epoch 760 : train  0.11806442209035338 , valid  0.8949485731613079 , test  0.8129277669905507 

Epoch 770 : train  0.0950757715513176 , valid  0.8842333286518823 , test  0.8220327134250426 

Epoch 780 : train  0.10766435268697905 , valid  0.8995262836745052 , test  0.8222368070352175 

Epoch 790 : train  0.09410754860836296 , valid  0.8769551979864056 , test  0.7989491823403303 

Epoch 800 : train  0.09603033612064069 , valid  0.874435462521422 , test  0.8112374343780278 

Epoch 810 : train  0.09038273451189492 , valid  0.8873563570845868 , test  0.8193846956261504 

Epoch 820 : train  0.09495538524178916 , valid  0.8608449763833015 , test  0.8101024165538088 

Epoch 830 : train  0.09802541599979808 , valid  0.863460311788434 , test  0.8115843847785642 

Epoch 840 : train  0.09514442892634176 , valid  0.8576066731299756 , test  0.8161886373274693 

Epoch 850 : train  0.11211589066998161 , valid  0.8981811451097983 , test  0.816080018852437 

Epoch 860 : train  0.10095375523735295 , valid  0.8703244085922786 , test  0.7996957633953705 

Epoch 870 : train  0.10430149219575713 , valid  0.8685211809944142 , test  0.8026248870624116 

Epoch 880 : train  0.09669392706862263 , valid  0.8769312673751933 , test  0.797098489173842 

Epoch 890 : train  0.09223380073870892 , valid  0.8871098989924154 , test  0.8188614830323122 

Epoch 900 : train  0.09175723945426516 , valid  0.8665997656520632 , test  0.802993110257338 

Epoch 910 : train  0.09464941248634887 , valid  0.8870358878100635 , test  0.8093065353116696 

Epoch 920 : train  0.10937933183468634 , valid  0.874672954518642 , test  0.8094154121502755 

Epoch 930 : train  0.11293746487511276 , valid  0.865034428442503 , test  0.8162324678572993 

Epoch 940 : train  0.08514018998989328 , valid  0.87244756491337 , test  0.8140817410743649 

Epoch 950 : train  0.09103525631398425 , valid  0.8627709763473348 , test  0.816463163882009 

Epoch 960 : train  0.09296528502319182 , valid  0.8801616385861804 , test  0.8028486555405447 

Epoch 970 : train  0.08312017432841895 , valid  0.8737015172757557 , test  0.8085699137613782 

Epoch 980 : train  0.08416644945978959 , valid  0.8738908843835115 , test  0.8080244061435254 

Epoch 990 : train  0.10106860725607933 , valid  0.8741903163879814 , test  0.8147758918530998 

Epoch 1000 : train  0.09812133211739418 , valid  0.8624667428517251 , test  0.8237436048657937 

best valid loss: 0.8565455822152365
best test loss: 0.8310219269442597
kfold index: 3
Epoch 10 : train  1.3293621159663471 , valid  1.364638247305597 , test  1.2439864288672977 

Epoch 20 : train  1.0178287918894064 , valid  1.2077220151817105 , test  1.01776897055121 

Epoch 30 : train  0.8693448204813083 , valid  1.1355066354804146 , test  1.035773359735726 

Epoch 40 : train  0.6599170544006032 , valid  1.0734343218027809 , test  0.9483656453651301 

Epoch 50 : train  0.48061866093821803 , valid  1.0082214120288 , test  0.9493541889661363 

Epoch 60 : train  0.3186321011585951 , valid  0.9889009139480246 , test  0.9470479725791248 

Epoch 70 : train  0.28250421432500006 , valid  0.963774516371957 , test  0.9706684324063832 

Epoch 80 : train  0.23437700200836228 , valid  0.9170104663657469 , test  0.886263008814922 

Epoch 90 : train  0.2081232594597455 , valid  0.927845071937553 , test  0.8575223364929848 

Epoch 100 : train  0.19568577059232561 , valid  0.9387648537570538 , test  0.8265204161086946 

Epoch 110 : train  0.2011648192985261 , valid  0.9578369381588764 , test  0.867045760561055 

Epoch 120 : train  0.1995893838758702 , valid  0.9473131953665742 , test  0.8661968587354647 

Epoch 130 : train  0.1972985537291689 , valid  0.9596236299380004 , test  0.8418467746738735 

Epoch 140 : train  0.18106381402830468 , valid  0.9439958104435778 , test  0.8418420934343398 

Epoch 150 : train  0.16940832632154365 , valid  0.9264847631459848 , test  0.8468612238225748 

Epoch 160 : train  0.15707973904793987 , valid  0.9418840986712645 , test  0.8501336847568175 

Epoch 170 : train  0.15761877698611276 , valid  0.9128657371381439 , test  0.8443643780485653 

Epoch 180 : train  0.16195413148771376 , valid  0.9347220781441561 , test  0.8403081399888157 

Epoch 190 : train  0.15531804303315244 , valid  0.9284830907494014 , test  0.826361173734877 

Epoch 200 : train  0.13511551169019684 , valid  0.9361956475173987 , test  0.8409469384016964 

Epoch 210 : train  0.16109094537468563 , valid  0.9171735409888396 , test  0.8215529157715893 

Epoch 220 : train  0.12420916888175096 , valid  0.9221852895621401 , test  0.8419614952738068 

Epoch 230 : train  0.1362162542458583 , valid  0.9113021545001833 , test  0.853202234460337 

Epoch 240 : train  0.1294490595568364 , valid  0.9218467439241129 , test  0.8220539732480099 

Epoch 250 : train  0.1261340964919471 , valid  0.9149753825608218 , test  0.8040876342744637 

Epoch 260 : train  0.1315880742698752 , valid  0.9181862727948212 , test  0.8251394596943429 

Epoch 270 : train  0.1347431872415619 , valid  0.9212322519049451 , test  0.8247997625722507 

Epoch 280 : train  0.1176934228418924 , valid  0.9064334084645924 , test  0.8108745252453057 

Epoch 290 : train  0.13454991331039673 , valid  0.9030282852893389 , test  0.8275381423244526 

Epoch 300 : train  0.11984870356058278 , valid  0.8940343019164868 , test  0.8269718040513906 

Epoch 310 : train  0.12753858236014134 , valid  0.8955835994612062 , test  0.815212506110318 

Epoch 320 : train  0.1240843344948401 , valid  0.8963319715063163 , test  0.8222397200498234 

Epoch 330 : train  0.11720539433375117 , valid  0.8838814615328154 , test  0.8137350090004611 

Epoch 340 : train  0.11491182459305264 , valid  0.8957362316198527 , test  0.7999979922753866 

Epoch 350 : train  0.10798106735835883 , valid  0.885269892222622 , test  0.8013926603564625 

Epoch 360 : train  0.12296375699291923 , valid  0.8735174460033287 , test  0.788935326808041 

Epoch 370 : train  0.11046008640920868 , valid  0.8867286285691587 , test  0.8013370721733601 

Epoch 380 : train  0.12514635877629193 , valid  0.8828224997196765 , test  0.7914643261739326 

Epoch 390 : train  0.10859008653590743 , valid  0.877193340080075 , test  0.7971143905204177 

Epoch 400 : train  0.13033265151085138 , valid  0.9079625239683488 , test  0.8140160765036519 

Epoch 410 : train  0.143242710940089 , valid  0.8675171047985037 , test  0.8193387525305805 

Epoch 420 : train  0.11313987252388284 , valid  0.8889585332763921 , test  0.7950226176508495 

Epoch 430 : train  0.12080529814243104 , valid  0.8926691572962112 , test  0.8139880757666993 

Epoch 440 : train  0.11296476529820723 , valid  0.8930237308181065 , test  0.8087798523712301 

Epoch 450 : train  0.11643558583442831 , valid  0.8880051189877137 , test  0.799550188320041 

Epoch 460 : train  0.11031425154181144 , valid  0.9043429318764046 , test  0.7970813582042926 

Epoch 470 : train  0.11227704380160519 , valid  0.8751864515460167 , test  0.8033521523331344 

Epoch 480 : train  0.11675226011597797 , valid  0.8805299704513865 , test  0.7961862520041608 

Epoch 490 : train  0.110652719558563 , valid  0.8940175862678807 , test  0.7890034488716223 

Epoch 500 : train  0.11549159392770601 , valid  0.9010182407553204 , test  0.8038826309218974 

Epoch 510 : train  0.1220196483330245 , valid  0.9164644352092985 , test  0.8121481944436395 

Epoch 520 : train  0.12090962476783607 , valid  0.8891377971588454 , test  0.7776987766391684 

Epoch 530 : train  0.1175149757123717 , valid  0.8958552851016421 , test  0.7947393976450533 

Epoch 540 : train  0.10423850798399498 , valid  0.9194985623765025 , test  0.8209944427899424 

Epoch 550 : train  0.10192503227728984 , valid  0.8946086983484077 , test  0.805998064113259 

Epoch 560 : train  0.11161807732013136 , valid  0.9085035264421857 , test  0.787629991272037 

Epoch 570 : train  0.1037470772617498 , valid  0.8854697314439343 , test  0.8027307786115478 

Epoch 580 : train  0.10324396333926564 , valid  0.8830835817649129 , test  0.7822007318498854 

Epoch 590 : train  0.1095161832175243 , valid  0.9237438958834834 , test  0.7818280985755367 

Epoch 600 : train  0.09945030776709311 , valid  0.877954457211443 , test  0.786208314398291 

Epoch 610 : train  0.10040823566877459 , valid  0.8937538371551714 , test  0.7906317113552019 

Epoch 620 : train  0.09799022566931048 , valid  0.8790496331288671 , test  0.7950288252472971 

Epoch 630 : train  0.10989275403857617 , valid  0.8933524499284682 , test  0.7818764516099094 

Epoch 640 : train  0.10384176587109668 , valid  0.8777958865130615 , test  0.7974523407179003 

Epoch 650 : train  0.1042456631436662 , valid  0.8950857013928389 , test  0.7797510449414975 

Epoch 660 : train  0.09333894974455087 , valid  0.8887514614685739 , test  0.787456681465896 

Epoch 670 : train  0.1269691009937929 , valid  0.8914264289329371 , test  0.7882886598672012 

Epoch 680 : train  0.11364247246981185 , valid  0.9060383826084314 , test  0.8097568495248599 

Epoch 690 : train  0.09605790458460528 , valid  0.8770972657781556 , test  0.7907698690769468 

Epoch 700 : train  0.10080092263786866 , valid  0.8974787422029415 , test  0.7962767146711466 

Epoch 710 : train  0.11039064198128107 , valid  0.8854401847220061 , test  0.7899777053340827 

Epoch 720 : train  0.11351617686022851 , valid  0.8781705873294489 , test  0.7709349126741866 

Epoch 730 : train  0.11258741031161464 , valid  0.9162929597741388 , test  0.7975296701199538 

Epoch 740 : train  0.09763598856594309 , valid  0.8984092366096817 , test  0.8013560320993105 

Epoch 750 : train  0.13359322602049903 , valid  0.8965129635427587 , test  0.7893792003509467 

Epoch 760 : train  0.11388323479117621 , valid  0.8827531802429921 , test  0.7852847811703848 

Epoch 770 : train  0.11009116312997186 , valid  0.8831166152863306 , test  0.7952717741078617 

Epoch 780 : train  0.1115489547128363 , valid  0.8776685972374099 , test  0.790763087812563 

Epoch 790 : train  0.1211041785850065 , valid  0.8445094119506193 , test  0.790999281993747 

Epoch 800 : train  0.11538186560390969 , valid  0.8776454822607078 , test  0.8023991008555105 

Epoch 810 : train  0.09525722008430551 , valid  0.8845723041858145 , test  0.7929719183174542 

Epoch 820 : train  0.09769707679458493 , valid  0.8794128549844379 , test  0.8179566954994277 

Epoch 830 : train  0.1150687402759378 , valid  0.8557486068826218 , test  0.7905231194968633 

Epoch 840 : train  0.11012743118772242 , valid  0.9154442633504495 , test  0.8157408186914353 

Epoch 850 : train  0.09277165787906969 , valid  0.9044528469891976 , test  0.8100259398916738 

Epoch 860 : train  0.09013231720204648 , valid  0.8886487075668394 , test  0.7972054566145609 

Epoch 870 : train  0.1017446317212205 , valid  0.8871873445555444 , test  0.7960291882865022 

Epoch 880 : train  0.09655562073921772 , valid  0.9009746918018755 , test  0.8125924127326629 

Epoch 890 : train  0.1038123993315865 , valid  0.894145265286248 , test  0.8077181068779987 

Epoch 900 : train  0.08991492033177638 , valid  0.8936518862253778 , test  0.7959966623918062 

Epoch 910 : train  0.09728037754601808 , valid  0.9014822025925665 , test  0.7950360883401755 

Epoch 920 : train  0.09952010495638866 , valid  0.889730517081385 , test  0.8277642665365624 

Epoch 930 : train  0.09265482273478767 , valid  0.8901221080416744 , test  0.8081003457732409 

Epoch 940 : train  0.08950224028733507 , valid  0.8958535235336244 , test  0.814514595241139 

Epoch 950 : train  0.10041463645092119 , valid  0.8771524585054573 , test  0.7897699275819704 

Epoch 960 : train  0.1114751401814553 , valid  0.9004833525634331 , test  0.8061403182775437 

Epoch 970 : train  0.0897345384935326 , valid  0.879581957176888 , test  0.7982097240552165 

Epoch 980 : train  0.09201552479731147 , valid  0.8899792627276895 , test  0.8108293790061913 

Epoch 990 : train  0.09488555067925838 , valid  0.8649672229682962 , test  0.8102318615097928 

Epoch 1000 : train  0.09612166593661306 , valid  0.8863297806421894 , test  0.8036473853336384 

best valid loss: 0.8445094119506193
best test loss: 0.790999281993747
kfold index: 4
Epoch 10 : train  1.2435344066141831 , valid  1.4573813834363603 , test  1.0792053093826774 

Epoch 20 : train  0.9101088822793844 , valid  1.1079545771515535 , test  0.9605370503441759 

Epoch 30 : train  0.7584578048996621 , valid  1.1065252507219285 , test  0.949482894981008 

Epoch 40 : train  0.6347458103843014 , valid  1.0605654280182102 , test  0.9498721535686042 

Epoch 50 : train  0.49315019520802367 , valid  1.0332791944131023 , test  0.9596653755622968 

Epoch 60 : train  0.33986300665207486 , valid  0.9598507993949229 , test  0.9517521308664038 

Epoch 70 : train  0.27600467274301155 , valid  0.9493972114982885 , test  0.919699576583906 

Epoch 80 : train  0.2855069661547584 , valid  0.9277312598921443 , test  0.9227904798942199 

Epoch 90 : train  0.21557404901115096 , valid  0.9334632660144347 , test  0.8840644272821977 

Epoch 100 : train  0.21375392238075172 , valid  0.9423930940242933 , test  0.9335275315245729 

Epoch 110 : train  0.21853742589969863 , valid  0.9207021926324196 , test  0.8962235983941098 

Epoch 120 : train  0.21202830637059739 , valid  0.8979867591854666 , test  0.8999378703076503 

Epoch 130 : train  0.1832277577363822 , valid  0.9304558129882342 , test  0.8758520617589239 

Epoch 140 : train  0.18394484819753426 , valid  0.9348982118898465 , test  0.8749751018254172 

Epoch 150 : train  0.175724214622507 , valid  0.9101255449812221 , test  0.8786101222116398 

Epoch 160 : train  0.19195394914355557 , valid  0.8906430496629714 , test  0.898073875455624 

Epoch 170 : train  0.18313832967582164 , valid  0.8910164342914464 , test  0.9131873586035018 

Epoch 180 : train  0.168964834088387 , valid  0.8741383670862871 , test  0.8592640927276171 

Epoch 190 : train  0.1653397683083664 , valid  0.8927420438918184 , test  0.8898974672863921 

Epoch 200 : train  0.17880458639470123 , valid  0.8826235410887399 , test  0.882544832837428 

Epoch 210 : train  0.16646635630482065 , valid  0.8841130639958631 , test  0.9088910206831805 

Epoch 220 : train  0.141620772880307 , valid  0.8792449635679301 , test  0.8709572966430501 

Epoch 230 : train  0.1445142107480813 , valid  0.9017612665533884 , test  0.8544081538702578 

Epoch 240 : train  0.1398482559029609 , valid  0.8947310542572077 , test  0.847091705835173 

Epoch 250 : train  0.14495439201283059 , valid  0.8828758186279906 , test  0.8487040382152994 

Epoch 260 : train  0.14142858837703975 , valid  0.8885419617390669 , test  0.8344429397976658 

Epoch 270 : train  0.14118001718780007 , valid  0.8456256975991175 , test  0.8516205375599533 

Epoch 280 : train  0.12792397679614637 , valid  0.8549302551048825 , test  0.8440561244051288 

Epoch 290 : train  0.1413356721057449 , valid  0.8507421139043658 , test  0.853677785035654 

Epoch 300 : train  0.15228220800950176 , valid  0.844980666309633 , test  0.8606681869427765 

Epoch 310 : train  0.15866703431831405 , valid  0.8580355610286822 , test  0.8566430578656633 

Epoch 320 : train  0.1349829553352611 , valid  0.8458130512721911 , test  0.8441523694079072 

Epoch 330 : train  0.13879049415698905 , valid  0.828843776422744 , test  0.8662559804132053 

Epoch 340 : train  0.13208291168262629 , valid  0.8475805720935928 , test  0.8549283196870401 

Epoch 350 : train  0.12036608459171569 , valid  0.8423770878676808 , test  0.826280917687784 

Epoch 360 : train  0.12295798303942773 , valid  0.8293015597433586 , test  0.8278046115477632 

Epoch 370 : train  0.13005909524343734 , valid  0.8189779640665529 , test  0.8366789503020475 

Epoch 380 : train  0.13641286738848327 , valid  0.8218018764822471 , test  0.8383435995504369 

Epoch 390 : train  0.11860248210023804 , valid  0.8332138509857258 , test  0.8165669588773169 

Epoch 400 : train  0.11251749674842151 , valid  0.8337412975018701 , test  0.8242776875356578 

Epoch 410 : train  0.1228344651591369 , valid  0.8196251570215276 , test  0.82537657536577 

Epoch 420 : train  0.12577288046485768 , valid  0.8084849838515412 , test  0.8263866358992381 

Epoch 430 : train  0.1276263230854228 , valid  0.8161950800036494 , test  0.8244599145805823 

Epoch 440 : train  0.13263819628092577 , valid  0.8316616302065543 , test  0.7955733749182794 

Epoch 450 : train  0.12688144732420828 , valid  0.810913083833658 , test  0.8134316630991243 

Epoch 460 : train  0.10834660219274 , valid  0.8430383622766983 , test  0.8205380551856122 

Epoch 470 : train  0.11794607252084205 , valid  0.8249214198802286 , test  0.819644668943664 

Epoch 480 : train  0.1103870665722409 , valid  0.8269946453335502 , test  0.8231504458038496 

Epoch 490 : train  0.12340483046771983 , valid  0.8270388417637131 , test  0.820606118985595 

Epoch 500 : train  0.11940446131525066 , valid  0.8175369086510509 , test  0.8028509772340517 

Epoch 510 : train  0.12028580033443079 , valid  0.8086587847069896 , test  0.8059316388468099 

Epoch 520 : train  0.10963848741965491 , valid  0.8109927272827036 , test  0.8242984880798621 

Epoch 530 : train  0.11097108596259175 , valid  0.8340479148061188 , test  0.8212232163948728 

Epoch 540 : train  0.11346289707713936 , valid  0.8223180785687667 , test  0.8136019225285892 

Epoch 550 : train  0.12509235261679377 , valid  0.8487115598437972 , test  0.8138272274716043 

Epoch 560 : train  0.11566558583181843 , valid  0.8328431567712893 , test  0.8198307201606956 

Epoch 570 : train  0.10985829856577872 , valid  0.8333040006747057 , test  0.8110493418587195 

Epoch 580 : train  0.11524393529857566 , valid  0.8336398790523921 , test  0.8172223308137561 

Epoch 590 : train  0.1056435369069532 , valid  0.8290672839396304 , test  0.8077527681862068 

Epoch 600 : train  0.1063738393166855 , valid  0.8405048832113506 , test  0.785356671959211 

Epoch 610 : train  0.11143853109918675 , valid  0.8526439803144176 , test  0.7933518395096562 

Epoch 620 : train  0.12210247101998006 , valid  0.8154847606310678 , test  0.8273298007183638 

Epoch 630 : train  0.1157354631261744 , valid  0.8238812533172436 , test  0.8176894501849848 

Epoch 640 : train  0.12486580696297014 , valid  0.8153475751060083 , test  0.8147002943548158 

Epoch 650 : train  0.10568385914981443 , valid  0.8460062915802797 , test  0.7897451522746647 

Epoch 660 : train  0.11291939331852181 , valid  0.8377186858987405 , test  0.7988307080511711 

Epoch 670 : train  0.1114002982318867 , valid  0.8415903939821967 , test  0.7910331950198028 

Epoch 680 : train  0.11220015069473671 , valid  0.8296016331307955 , test  0.8305967398431733 

Epoch 690 : train  0.09795684926816009 , valid  0.8218604933652912 , test  0.8173170542549418 

Epoch 700 : train  0.13397617128928463 , valid  0.8058135926252757 , test  0.8500774954115219 

Epoch 710 : train  0.12481717335510031 , valid  0.8336428219623756 , test  0.8021070285969376 

Epoch 720 : train  0.10837062254128435 , valid  0.8347254111950358 , test  0.7979425129635123 

Epoch 730 : train  0.11222092313256107 , valid  0.8381622412379488 , test  0.8194620727747992 

Epoch 740 : train  0.11337261211562415 , valid  0.8290070439611129 , test  0.8126784754033989 

Epoch 750 : train  0.1308278337375554 , valid  0.8324662500154874 , test  0.8214786563622347 

Epoch 760 : train  0.11238962798920799 , valid  0.8423269038271877 , test  0.7927420135314249 

Epoch 770 : train  0.1110170043401661 , valid  0.814321767624154 , test  0.8144845196715487 

Epoch 780 : train  0.09935282401853009 , valid  0.827618724666139 , test  0.7939429825107068 

Epoch 790 : train  0.1110083639602929 , valid  0.8310773761889735 , test  0.8026763264138291 

Epoch 800 : train  0.10633330264762411 , valid  0.8299786498951652 , test  0.8208782604374857 

Epoch 810 : train  0.10890083579461753 , valid  0.8080420790551002 , test  0.804626904817994 

Epoch 820 : train  0.10502455918089762 , valid  0.8151518142360055 , test  0.8198309015398946 

Epoch 830 : train  0.10967724766855635 , valid  0.8084944142911137 , test  0.790883431317348 

Epoch 840 : train  0.09782270396995488 , valid  0.8059677912211247 , test  0.8011596324244115 

Epoch 850 : train  0.09731550191634203 , valid  0.803069599432846 , test  0.8149525215002386 

Epoch 860 : train  0.13011074720877208 , valid  0.8292079760764444 , test  0.8190315874681702 

Epoch 870 : train  0.11710825622731366 , valid  0.8306310589567681 , test  0.7967295642421655 

Epoch 880 : train  0.10713700459255773 , valid  0.8351833263800702 , test  0.7952842979219997 

Epoch 890 : train  0.1150357019682331 , valid  0.8284224382748226 , test  0.8143995282198994 

Epoch 900 : train  0.09670914900280017 , valid  0.8188959774336779 , test  0.790430137390986 

Epoch 910 : train  0.09275498868400656 , valid  0.8101026011851066 , test  0.7796264373162421 

Epoch 920 : train  0.09380961100076049 , valid  0.8289074920586091 , test  0.786774526898487 

Epoch 930 : train  0.10035649287441545 , valid  0.8162936309005635 , test  0.7710462602871108 

Epoch 940 : train  0.10535797014485793 , valid  0.8088545359227661 , test  0.7900448123358991 

Epoch 950 : train  0.0905717061514648 , valid  0.8103947277970398 , test  0.8022215634384066 

Epoch 960 : train  0.09589324591180479 , valid  0.807330567914448 , test  0.8134147447287373 

Epoch 970 : train  0.10497559133149395 , valid  0.7947660951898831 , test  0.7871952955087748 

Epoch 980 : train  0.09852558715589108 , valid  0.8058099597565315 , test  0.780929162438463 

Epoch 990 : train  0.09233647306131516 , valid  0.8077709747440408 , test  0.787316272356576 

Epoch 1000 : train  0.09703678934678024 , valid  0.8061680126494402 , test  0.7802803579720587 

best valid loss: 0.7947660951898831
best test loss: 0.7871952955087748
 
Job Ended at Mon Apr 10 09:51:38 EDT 2023
