Job started on r180.ib.bridges2.psc.edu at Mon Apr 10 09:19:40 EDT 2023
Namespace(data_path='/ocean/projects/cts180021p/shang9/molecules/pretrainLCA/finalized/data/o_gnn_input/Clint/raw/data.csv', dense=1, dropout=0, folder_idx=4, layer=2, split_folder='/ocean/projects/cts180021p/shang9/molecules/pretrainLCA/finalized/model/feature-based/result_1/Clint/')
kfold index: 0
Epoch 10 : train  1.4061526300979603 , valid  1.419846584016944 , test  1.6240069266346258 

Epoch 20 : train  0.8172770405417563 , valid  1.1140424861137481 , test  1.2071373093459572 

Epoch 30 : train  0.5476591628988156 , valid  0.8990752976282237 , test  1.0633626359475525 

Epoch 40 : train  0.5446290609241338 , valid  0.894740450103011 , test  1.040374451167164 

Epoch 50 : train  0.4874506015154562 , valid  0.8268975560739498 , test  0.9885755624204298 

Epoch 60 : train  0.42185466076982037 , valid  0.786620162663531 , test  0.939540224646651 

Epoch 70 : train  0.40192321908972833 , valid  0.7925459069983473 , test  0.9692498023706203 

Epoch 80 : train  0.3654259366323908 , valid  0.7549978104777889 , test  0.9041508953190498 

Epoch 90 : train  0.33283651525588537 , valid  0.7792814082369165 , test  0.9358926788820967 

Epoch 100 : train  0.3216517501512485 , valid  0.7646345703764845 , test  0.9313333659647666 

Epoch 110 : train  0.3195375912038373 , valid  0.7544181594366584 , test  0.9253543394018194 

Epoch 120 : train  0.3087623526230132 , valid  0.731045177966748 , test  0.9572672874623758 

Epoch 130 : train  0.35364617836594137 , valid  0.7937709381803675 , test  0.9453035737781557 

Epoch 140 : train  0.265776520846036 , valid  0.7472545703766208 , test  0.9265092925515849 

Epoch 150 : train  0.2721597790535633 , valid  0.7498999386907678 , test  0.9274654705484721 

Epoch 160 : train  0.2952171353008932 , valid  0.7737051535726887 , test  0.918621373978696 

Epoch 170 : train  0.24780597209739533 , valid  0.7105038847797631 , test  0.8910001977027415 

Epoch 180 : train  0.29093717675161607 , valid  0.7680543153253716 , test  0.9385608759911456 

Epoch 190 : train  0.264838130584338 , valid  0.7385527773990981 , test  0.9173154734590506 

Epoch 200 : train  0.283673019380437 , valid  0.7488367733689691 , test  0.9063731874012395 

Epoch 210 : train  0.224953419321358 , valid  0.7247439013436554 , test  0.8935442163578473 

Epoch 220 : train  0.26497641298884517 , valid  0.7436164667987625 , test  0.9117453306725264 

Epoch 230 : train  0.24267624815466768 , valid  0.7299263608952461 , test  0.9105428270102831 

Epoch 240 : train  0.24625288923245786 , valid  0.73691354239778 , test  0.8831036895545299 

Epoch 250 : train  0.2343518907222836 , valid  0.726346598780853 , test  0.9157743044115568 

Epoch 260 : train  0.2330784026628949 , valid  0.7418205330429509 , test  0.9028624420462293 

Epoch 270 : train  0.23088999088288661 , valid  0.7251275221467192 , test  0.9185870431005125 

Epoch 280 : train  0.21770151432942964 , valid  0.7050252627659837 , test  0.8782070537062954 

Epoch 290 : train  0.2662888573640299 , valid  0.7469352516697049 , test  0.9470221110059421 

Epoch 300 : train  0.21551785213086289 , valid  0.7158032738139516 , test  0.9243378582265805 

Epoch 310 : train  0.23122552059085982 , valid  0.7095959336793232 , test  0.9192518829289154 

Epoch 320 : train  0.2187186815958515 , valid  0.7165941612835804 , test  0.9096879227746666 

Epoch 330 : train  0.20710121334097795 , valid  0.7061927441357339 , test  0.9157729197780461 

Epoch 340 : train  0.19691114214855945 , valid  0.7136116920258162 , test  0.9091320493130745 

Epoch 350 : train  0.19789662990182014 , valid  0.7180155673390204 , test  0.8991575110232554 

Epoch 360 : train  0.20990583328958684 , valid  0.7010287766026572 , test  0.903801861426752 

Epoch 370 : train  0.18850483192237497 , valid  0.7079907211196219 , test  0.9044998563756264 

Epoch 380 : train  0.2181479869861749 , valid  0.7207295487065979 , test  0.8856577322938521 

Epoch 390 : train  0.1777474154414276 , valid  0.7133768040431593 , test  0.8924841814350195 

Epoch 400 : train  0.18404447418978626 , valid  0.7161616223042789 , test  0.9020641568416087 

Epoch 410 : train  0.1663464535601526 , valid  0.7013162770634696 , test  0.8927455738488567 

Epoch 420 : train  0.18357007967491634 , valid  0.7195289585708646 , test  0.9080441453598826 

Epoch 430 : train  0.17351359443935663 , valid  0.711731227486582 , test  0.9024842838558348 

Epoch 440 : train  0.1688528130472974 , valid  0.7095789796770425 , test  0.9039029320763665 

Epoch 450 : train  0.18216808972135773 , valid  0.7212168056145809 , test  0.8816731237305108 

Epoch 460 : train  0.16965194112684887 , valid  0.7050820854643791 , test  0.9096756595793443 

Epoch 470 : train  0.2250705950087324 , valid  0.683884910864215 , test  0.904605583349967 

Epoch 480 : train  0.15530691067058036 , valid  0.7045157270433219 , test  0.8943455731973649 

Epoch 490 : train  0.14718106052027483 , valid  0.6921258794817631 , test  0.88301129741585 

Epoch 500 : train  0.1419304349019135 , valid  0.6950101360211124 , test  0.8797298198394162 

Epoch 510 : train  0.15662155771733166 , valid  0.7134449892565139 , test  0.8993320160555067 

Epoch 520 : train  0.17089419086911395 , valid  0.7173328408561132 , test  0.8939776861699563 

Epoch 530 : train  0.17308069842100318 , valid  0.696712220845562 , test  0.9081275982568132 

Epoch 540 : train  0.14786404585997476 , valid  0.7076598176851827 , test  0.9078910501805144 

Epoch 550 : train  0.15225453369192662 , valid  0.6987521815327722 , test  0.8992211594676418 

Epoch 560 : train  0.15557877194484956 , valid  0.6885584397130732 , test  0.9004037764277417 

Epoch 570 : train  0.17046822183474578 , valid  0.7118008324564855 , test  0.9095747947733747 

Epoch 580 : train  0.14055762593647392 , valid  0.6894484361412834 , test  0.8827134036402019 

Epoch 590 : train  0.1748369312201753 , valid  0.7277230119171698 , test  0.8883238587960511 

Epoch 600 : train  0.14111845683807464 , valid  0.6988421839158055 , test  0.8805548615902922 

Epoch 610 : train  0.1367876871201362 , valid  0.699460282760125 , test  0.884487779230307 

Epoch 620 : train  0.14563297996797547 , valid  0.7066109720974681 , test  0.8691223071799603 

Epoch 630 : train  0.12997346280965916 , valid  0.6877516921393901 , test  0.9103976541385687 

Epoch 640 : train  0.13903413454362357 , valid  0.7045446727916789 , test  0.9064147594026325 

Epoch 650 : train  0.15596031697931093 , valid  0.7028419528786537 , test  0.882276578280966 

Epoch 660 : train  0.15467041891348474 , valid  0.698640822728514 , test  0.8938844411804571 

Epoch 670 : train  0.14065353452843585 , valid  0.6952957783526226 , test  0.8944274030898842 

Epoch 680 : train  0.13440604631654046 , valid  0.7095098196184875 , test  0.8895055650950554 

Epoch 690 : train  0.13946011944888698 , valid  0.6948033695734707 , test  0.901379782810873 

Epoch 700 : train  0.16592777331769426 , valid  0.7124756623828329 , test  0.8686403940464511 

Epoch 710 : train  0.13845167001723405 , valid  0.7077337226976714 , test  0.8938388175290567 

Epoch 720 : train  0.13088081443439345 , valid  0.7008813511825096 , test  0.8835725630496919 

Epoch 730 : train  0.12626711556313447 , valid  0.6920903120336248 , test  0.8620930562684522 

Epoch 740 : train  0.13137294456869247 , valid  0.7110848756789904 , test  0.8887599390156595 

Epoch 750 : train  0.14351752780962543 , valid  0.696665863423899 , test  0.894169787765955 

Epoch 760 : train  0.2109038940322807 , valid  0.7510782615891551 , test  0.9043730412227936 

Epoch 770 : train  0.13683794628404627 , valid  0.7043895260438037 , test  0.8944647649066214 

Epoch 780 : train  0.1260387453172951 , valid  0.699752523700688 , test  0.8810179369619662 

Epoch 790 : train  0.12732738065402704 , valid  0.6918868389752392 , test  0.8875616219356238 

Epoch 800 : train  0.14601077868537626 , valid  0.7256761130910385 , test  0.8761944044117687 

Epoch 810 : train  0.1244060212556634 , valid  0.7044880689846068 , test  0.879988756782392 

Epoch 820 : train  0.129408064484086 , valid  0.6851373600968121 , test  0.8822955863335383 

Epoch 830 : train  0.12363284914763917 , valid  0.6940782132375954 , test  0.8736930906712621 

Epoch 840 : train  0.13096851752458263 , valid  0.712025930226724 , test  0.905390805243791 

Epoch 850 : train  0.12988199814587242 , valid  0.6920986485548594 , test  0.8792981062633541 

Epoch 860 : train  0.13984620338653972 , valid  0.7074760135657254 , test  0.865357389126189 

Epoch 870 : train  0.1286777449357801 , valid  0.6986864765681977 , test  0.8694537387735389 

Epoch 880 : train  0.12964105432393477 , valid  0.6978950422349433 , test  0.8804206015001047 

Epoch 890 : train  0.2103959778783205 , valid  0.7076212445057887 , test  0.87687799832217 

Epoch 900 : train  0.11388183757194363 , valid  0.6946931345075393 , test  0.8577760439894477 

Epoch 910 : train  0.10852678494213795 , valid  0.6877996361384943 , test  0.8640960591569147 

Epoch 920 : train  0.109183793469659 , valid  0.6858976112767208 , test  0.8634320798275831 

Epoch 930 : train  0.11957884699611464 , valid  0.6857326146902742 , test  0.867164457286103 

Epoch 940 : train  0.12317774797711509 , valid  0.6966686457890885 , test  0.8870714013780111 

Epoch 950 : train  0.11498000654156121 , valid  0.6908909377252628 , test  0.8702120336462457 

Epoch 960 : train  0.11457426957041816 , valid  0.6853986066375074 , test  0.863774035002748 

Epoch 970 : train  0.11926132223535142 , valid  0.690196051551625 , test  0.8745184375897316 

Epoch 980 : train  0.15019264652400902 , valid  0.6868171627189913 , test  0.8931815485578779 

Epoch 990 : train  0.11622490599949759 , valid  0.7032809252647363 , test  0.8858735094526642 

Epoch 1000 : train  0.10864501235845034 , valid  0.6919357713235793 , test  0.8844499389477369 

best valid loss: 0.683884910864215
best test loss: 0.904605583349967
kfold index: 1
Epoch 10 : train  1.2490152594786272 , valid  1.371998079511099 , test  1.5218914631131844 

Epoch 20 : train  0.8062669205386983 , valid  1.147273944320341 , test  1.2619530000740287 

Epoch 30 : train  0.6665233708785755 , valid  1.0894444449429705 , test  1.1867727134778887 

Epoch 40 : train  0.5359874882054789 , valid  0.9806859998613435 , test  1.1517482768924794 

Epoch 50 : train  0.46055892690882844 , valid  0.9661689520991331 , test  1.1060187798476526 

Epoch 60 : train  0.39900053668816826 , valid  0.880704720121705 , test  1.0413773740800798 

Epoch 70 : train  0.4289323494161319 , valid  0.9022831103398359 , test  1.0614647255679195 

Epoch 80 : train  0.3932596853626934 , valid  0.9168814542004593 , test  1.0677308259490765 

Epoch 90 : train  0.40212671579267245 , valid  0.9206756603151015 , test  1.068392640990248 

Epoch 100 : train  0.35429084355528956 , valid  0.9138472326430465 , test  1.0948573261963055 

Epoch 110 : train  0.44441649602104577 , valid  0.9634730160368362 , test  1.0934920982061 

Epoch 120 : train  0.40755783259920236 , valid  0.9391437393777516 , test  1.037556569337955 

Epoch 130 : train  0.34460601976004157 , valid  0.897673236270495 , test  1.0379716573909106 

Epoch 140 : train  0.3311871461737175 , valid  0.8923627989095482 , test  1.0236050892790793 

Epoch 150 : train  0.32210140076682064 , valid  0.8926784625860381 , test  1.0493089265285773 

Epoch 160 : train  0.3521587217036992 , valid  0.8994869581575505 , test  1.037727998100247 

Epoch 170 : train  0.2683186403283754 , valid  0.8755232782154683 , test  1.0355033546848 

Epoch 180 : train  0.299157616094527 , valid  0.8823622115377482 , test  1.031501772410373 

Epoch 190 : train  0.26430445376472067 , valid  0.8627479646306174 , test  1.0083395117463068 

Epoch 200 : train  0.2782159227087774 , valid  0.8784277053660113 , test  1.045380908422284 

Epoch 210 : train  0.23753073962444282 , valid  0.8880938925216127 , test  1.042494663074276 

Epoch 220 : train  0.2335149114051703 , valid  0.8778138203562406 , test  1.0405581142257903 

Epoch 230 : train  0.26527060289710713 , valid  0.87295905269116 , test  1.0070017208089024 

Epoch 240 : train  0.2581090270598321 , valid  0.870556916761996 , test  1.0175335721141772 

Epoch 250 : train  0.262872860737818 , valid  0.866725292592538 , test  1.0461041578766783 

Epoch 260 : train  0.2532720730228451 , valid  0.8759268697993274 , test  1.025308308689092 

Epoch 270 : train  0.22863759159577068 , valid  0.858792196876803 , test  1.0225139543720714 

Epoch 280 : train  0.2346685926512474 , valid  0.8410534408034912 , test  1.000499674595763 

Epoch 290 : train  0.22204928743706762 , valid  0.8574934599406269 , test  1.012024291765583 

Epoch 300 : train  0.23425874591721865 , valid  0.864686524034277 , test  0.9945705843171091 

Epoch 310 : train  0.22190409157076119 , valid  0.8539537804244065 , test  1.0184364019374528 

Epoch 320 : train  0.2726616560057378 , valid  0.8673706128313021 , test  1.0250527146692887 

Epoch 330 : train  0.214931150192368 , valid  0.8445463416979938 , test  1.018734765591601 

Epoch 340 : train  0.20939156107305143 , valid  0.8407185385769123 , test  1.0088469947481904 

Epoch 350 : train  0.22517846221174004 , valid  0.8601980948738619 , test  1.0185294637503215 

Epoch 360 : train  0.22195151610460076 , valid  0.8465488001772249 , test  1.0204090032634658 

Epoch 370 : train  0.19459481036567314 , valid  0.860895827239647 , test  1.0219731675119679 

Epoch 380 : train  0.209668004317051 , valid  0.8479915107442619 , test  1.0063876055239989 

Epoch 390 : train  0.2022662258266043 , valid  0.8654346755076835 , test  1.0138354999019548 

Epoch 400 : train  0.2012871207243491 , valid  0.846976189832806 , test  1.0182663459325658 

Epoch 410 : train  0.23496607652204335 , valid  0.8733753325373416 , test  1.0442886221159873 

Epoch 420 : train  0.18717730640835953 , valid  0.8551699850478185 , test  1.0306363112434929 

Epoch 430 : train  0.18342238942088243 , valid  0.8477576994674159 , test  1.0147351200558117 

Epoch 440 : train  0.19488152498629505 , valid  0.8416284816670191 , test  1.0343444757847493 

Epoch 450 : train  0.19914580114872987 , valid  0.8581541569227717 , test  1.0194947205099376 

Epoch 460 : train  0.196876877026977 , valid  0.8495277557817674 , test  1.0153570035821018 

Epoch 470 : train  0.1761962923245411 , valid  0.8473944326353247 , test  1.028495344400546 

Epoch 480 : train  0.17391784801033383 , valid  0.8424462261325725 , test  1.019966669379117 

Epoch 490 : train  0.17346158208066692 , valid  0.8430196973969842 , test  1.0026537090887855 

Epoch 500 : train  0.16750008521673876 , valid  0.8455968205202495 , test  1.0141913815023889 

Epoch 510 : train  0.19303729049112991 , valid  0.8409449744949232 , test  1.0243865431565344 

Epoch 520 : train  0.1835181094417834 , valid  0.8449590369935019 , test  1.0006222583933428 

Epoch 530 : train  0.22187466015880963 , valid  0.8470328782928365 , test  1.038312030166224 

Epoch 540 : train  0.19076649397627662 , valid  0.8466712690399453 , test  1.0156648836153415 

Epoch 550 : train  0.1852292386697501 , valid  0.8629732912979603 , test  1.0121268338899008 

Epoch 560 : train  0.1629173877852196 , valid  0.8445396610958663 , test  1.008816352334988 

Epoch 570 : train  0.17828470678786698 , valid  0.8298989066697392 , test  1.0008455575885293 

Epoch 580 : train  0.1912465506126947 , valid  0.8507330060573466 , test  1.0138963024220935 

Epoch 590 : train  0.17872427908341215 , valid  0.8240934239035569 , test  1.0136445055797894 

Epoch 600 : train  0.16356267982969006 , valid  0.8467505789284867 , test  1.0185352214349548 

Epoch 610 : train  0.16350339969043015 , valid  0.8389612874809087 , test  1.0164417559101162 

Epoch 620 : train  0.15164784367148346 , valid  0.8341148670527027 , test  1.0295675853671202 

Epoch 630 : train  0.15901172372813135 , valid  0.8315859211110789 , test  1.0201395612362762 

Epoch 640 : train  0.1762019112269487 , valid  0.8327244769604006 , test  1.0250885633776665 

Epoch 650 : train  0.1610709731062293 , valid  0.8272466456884723 , test  1.013011706748586 

Epoch 660 : train  0.15307827875489827 , valid  0.8281529350083139 , test  1.0156210378061605 

Epoch 670 : train  0.15995834946543974 , valid  0.8319585346230439 , test  1.0148302375482752 

Epoch 680 : train  0.18451226752852626 , valid  0.8401421424263794 , test  1.0205841707823835 

Epoch 690 : train  0.15383015000397696 , valid  0.8164041779507506 , test  1.0032146441914223 

Epoch 700 : train  0.1448929720019351 , valid  0.8092848299878245 , test  1.0120449156483953 

Epoch 710 : train  0.14561016618669514 , valid  0.8204685062356798 , test  1.014561930992538 

Epoch 720 : train  0.15560025147156023 , valid  0.8452991021490833 , test  1.0151287935615343 

Epoch 730 : train  0.20252679047275865 , valid  0.8454963824932993 , test  1.0290762867468486 

Epoch 740 : train  0.14944765638089674 , valid  0.8298460676065682 , test  1.00281955444908 

Epoch 750 : train  0.15456078149754462 , valid  0.8352077316352594 , test  1.010823490798439 

Epoch 760 : train  0.14974212739295634 , valid  0.8387693134504884 , test  1.0322859056543081 

Epoch 770 : train  0.1593133744847857 , valid  0.8355934007796303 , test  1.0317054545531952 

Epoch 780 : train  0.15351087947655334 , valid  0.8345119277297843 , test  1.0119162524053773 

Epoch 790 : train  0.16577144074367187 , valid  0.8464875076588878 , test  1.0300978509467182 

Epoch 800 : train  0.14791870860697834 , valid  0.8398981238616811 , test  1.0231835964570009 

Epoch 810 : train  0.14810423043288903 , valid  0.8380695698624024 , test  1.0260267117456876 

Epoch 820 : train  0.1489840703933277 , valid  0.8395172032672308 , test  1.0269288243896582 

Epoch 830 : train  0.16654588314248503 , valid  0.8273314979767797 , test  1.0111674211375854 

Epoch 840 : train  0.13984780445631062 , valid  0.8244841487983433 , test  1.0216908769945763 

Epoch 850 : train  0.33508399298725366 , valid  0.9090370190713235 , test  1.0560029679614649 

Epoch 860 : train  0.15271571234570624 , valid  0.8418153794853279 , test  1.0072385905901247 

Epoch 870 : train  0.13775761356030258 , valid  0.8435760070306332 , test  1.0225947325286113 

Epoch 880 : train  0.12856320794820555 , valid  0.8422207472928808 , test  1.012295836506418 

Epoch 890 : train  0.14590772638852437 , valid  0.8326423625081586 , test  1.0170167776342307 

Epoch 900 : train  0.13068347701931654 , valid  0.8439464814402641 , test  1.012600957572451 

Epoch 910 : train  0.13531396325159484 , valid  0.8330030516479451 , test  1.012135775126076 

Epoch 920 : train  0.13599913676771458 , valid  0.8373199525235752 , test  1.0225425209920684 

Epoch 930 : train  0.14791228653412197 , valid  0.846368383203977 , test  1.0258538164959121 

Epoch 940 : train  0.13448388005490727 , valid  0.8270291931356666 , test  1.0038419328745727 

Epoch 950 : train  0.1580479165582026 , valid  0.8620798220732138 , test  1.027608531556634 

Epoch 960 : train  0.1356731047470537 , valid  0.8605898257571487 , test  1.027739419296766 

Epoch 970 : train  0.14202132567114065 , valid  0.8543709338494302 , test  1.0109528055229742 

Epoch 980 : train  0.15196723460407005 , valid  0.85179632122754 , test  1.0121880588701988 

Epoch 990 : train  0.1357928890988353 , valid  0.8484049356765574 , test  1.0064695898313443 

Epoch 1000 : train  0.14048816878985723 , valid  0.8589721705175325 , test  1.0259094986014488 

best valid loss: 0.8092848299878245
best test loss: 1.0120449156483953
kfold index: 2
Epoch 10 : train  1.4811953354810805 , valid  1.3689052323320645 , test  1.6465295692138484 

Epoch 20 : train  0.7680932294728557 , valid  0.883961159202727 , test  1.1630031238541725 

Epoch 30 : train  0.6180576919973715 , valid  0.8474948351037027 , test  1.0601033415557346 

Epoch 40 : train  0.554248980509721 , valid  0.8449788436721856 , test  1.0145880713732465 

Epoch 50 : train  0.5171110699487824 , valid  0.7713427654694147 , test  0.9894004884590721 

Epoch 60 : train  0.43743917814235805 , valid  0.7166721365367262 , test  0.9361347567069774 

Epoch 70 : train  0.40244412753582487 , valid  0.6762902896350668 , test  0.9324184539113071 

Epoch 80 : train  0.3588773186839023 , valid  0.6386828095075274 , test  0.8755632296829045 

Epoch 90 : train  0.35559825708796583 , valid  0.6507104262727436 , test  0.8938273827819633 

Epoch 100 : train  0.357019809896137 , valid  0.6524151554499659 , test  0.8687363966015238 

Epoch 110 : train  0.353491768778662 , valid  0.6503216150003288 , test  0.885527446541865 

Epoch 120 : train  0.3584070353191024 , valid  0.6382977056429242 , test  0.8995261971082161 

Epoch 130 : train  0.32269358298331763 , valid  0.6130308630443303 , test  0.881556977387276 

Epoch 140 : train  0.30965519376135175 , valid  0.6246704360545289 , test  0.864092753630449 

Epoch 150 : train  0.35958444497173647 , valid  0.65478418233604 , test  0.8868185768107999 

Epoch 160 : train  0.27770306586781845 , valid  0.5825655281525312 , test  0.8633185015518411 

Epoch 170 : train  0.27336031103582253 , valid  0.5963925731528048 , test  0.8668447042577095 

Epoch 180 : train  0.2694871858020791 , valid  0.6034260987145792 , test  0.8384269199200657 

Epoch 190 : train  0.2629695439175377 , valid  0.608424543098596 , test  0.8124332698004436 

Epoch 200 : train  0.2752668926089517 , valid  0.6025308772196004 , test  0.8495437794166104 

Epoch 210 : train  0.2810833401658677 , valid  0.6172808436450724 , test  0.8591513268203465 

Epoch 220 : train  0.27743504131322844 , valid  0.5939265975715479 , test  0.8538931351622003 

Epoch 230 : train  0.25750858842351815 , valid  0.5607570628393154 , test  0.853630193507115 

Epoch 240 : train  0.27097300830009247 , valid  0.5963135676812225 , test  0.8463333522623796 

Epoch 250 : train  0.2737324588010624 , valid  0.6150232490396387 , test  0.8416218384331541 

Epoch 260 : train  0.2648444127557372 , valid  0.5902753177237969 , test  0.8309285042557861 

Epoch 270 : train  0.25518662317930485 , valid  0.5826680482560358 , test  0.845214718601027 

Epoch 280 : train  0.22441304747931706 , valid  0.5734548635947081 , test  0.7927149842752961 

Epoch 290 : train  0.21967713173226933 , valid  0.5681680008327308 , test  0.8173278793676324 

Epoch 300 : train  0.22132200995216536 , valid  0.5818960302642278 , test  0.8048460085397068 

Epoch 310 : train  0.26516899675947264 , valid  0.6088656337619033 , test  0.8324137323627024 

Epoch 320 : train  0.23229056327608225 , valid  0.5726914965836403 , test  0.8191619642997704 

Epoch 330 : train  0.2071295981069455 , valid  0.576543817865304 , test  0.801133010492462 

Epoch 340 : train  0.22677025244495733 , valid  0.5838601831167931 , test  0.80855920756866 

Epoch 350 : train  0.22372563177016108 , valid  0.5909276772887816 , test  0.8267336963471836 

Epoch 360 : train  0.20195321467446908 , valid  0.5713932498616058 , test  0.8279813811491034 

Epoch 370 : train  0.24864576481179515 , valid  0.6002501016137017 , test  0.8342072130384668 

Epoch 380 : train  0.2001055796579111 , valid  0.5692028447429522 , test  0.8170403749959356 

Epoch 390 : train  0.2247853254958504 , valid  0.5918181083953856 , test  0.8312955446592978 

Epoch 400 : train  0.20268753248884486 , valid  0.5619399657978043 , test  0.8105432269912535 

Epoch 410 : train  0.22073309735449242 , valid  0.5954230563994339 , test  0.8223765514223046 

Epoch 420 : train  0.20254209368687207 , valid  0.5778404001265661 , test  0.8449681505428662 

Epoch 430 : train  0.21331998192650237 , valid  0.5879520101056703 , test  0.8291512670129633 

Epoch 440 : train  0.2071030706916205 , valid  0.5807072172948254 , test  0.8307792737454924 

Epoch 450 : train  0.20484974602978748 , valid  0.6015935144592032 , test  0.8236288495993778 

Epoch 460 : train  0.20152748649985572 , valid  0.5848172461245188 , test  0.8077001498352577 

Epoch 470 : train  0.20213559222337277 , valid  0.5697703241609198 , test  0.8263479360075434 

Epoch 480 : train  0.18612663411769537 , valid  0.5643974616372304 , test  0.8152915517465121 

Epoch 490 : train  0.2021491896033401 , valid  0.5844924326241666 , test  0.8035609753210402 

Epoch 500 : train  0.18979426192691262 , valid  0.5851728599754756 , test  0.8157743592572545 

Epoch 510 : train  0.18516346618904317 , valid  0.5786050785479904 , test  0.8028299740124412 

Epoch 520 : train  0.16757561043345953 , valid  0.5777553838551129 , test  0.8124679311184141 

Epoch 530 : train  0.18611839133086563 , valid  0.5793859211194589 , test  0.8252586619500154 

Epoch 540 : train  0.16901621098154213 , valid  0.5789734896304963 , test  0.8088004322192098 

Epoch 550 : train  0.17873027952972712 , valid  0.582717550931015 , test  0.7859186458578951 

Epoch 560 : train  0.17017030054184928 , valid  0.5806084469611408 , test  0.8093791903572297 

Epoch 570 : train  0.2115979201972161 , valid  0.5897661382755973 , test  0.8230337541474412 

Epoch 580 : train  0.18358431254297694 , valid  0.5761896725295157 , test  0.8145622350442724 

Epoch 590 : train  0.19684619028177142 , valid  0.6030933350038862 , test  0.7971440372059487 

Epoch 600 : train  0.1707840269298528 , valid  0.5730122692452295 , test  0.7766129847253983 

Epoch 610 : train  0.24825480210208523 , valid  0.6213870801280242 , test  0.8161715459561096 

Epoch 620 : train  0.20004165773435487 , valid  0.5967821878861304 , test  0.7997318437557097 

Epoch 630 : train  0.16935837879213494 , valid  0.5687365836500047 , test  0.7935454722695283 

Epoch 640 : train  0.17301976813607475 , valid  0.5705930128723642 , test  0.798378516602509 

Epoch 650 : train  0.1602258811267009 , valid  0.5799293762926876 , test  0.7840996953902807 

Epoch 660 : train  0.17692027338787522 , valid  0.5896227184000404 , test  0.7969704589675723 

Epoch 670 : train  0.1779881481749444 , valid  0.575847425769823 , test  0.7929913937212524 

Epoch 680 : train  0.17361688148153032 , valid  0.5958107932376647 , test  0.7926777328286536 

Epoch 690 : train  0.18423207645955608 , valid  0.5804877030593805 , test  0.7924942529280403 

Epoch 700 : train  0.17291592789786936 , valid  0.5751948473962615 , test  0.8028545434786456 

Epoch 710 : train  0.17955389437871008 , valid  0.5698341154151705 , test  0.7949794372953539 

Epoch 720 : train  0.14653870254444326 , valid  0.5697424621266947 , test  0.7888678296120927 

Epoch 730 : train  0.15573276425715818 , valid  0.5710428194338572 , test  0.7995736815715145 

Epoch 740 : train  0.15673705278763844 , valid  0.5787648566415703 , test  0.8132442362732152 

Epoch 750 : train  0.15720104111469899 , valid  0.5711263024796346 , test  0.8049061542802309 

Epoch 760 : train  0.1593155219139932 , valid  0.5807574920175482 , test  0.8062101136878603 

Epoch 770 : train  0.178007022734573 , valid  0.5653060269594786 , test  0.8030429722736407 

Epoch 780 : train  0.1819666165459737 , valid  0.5824774273866901 , test  0.8168168943926175 

Epoch 790 : train  0.1691193666468005 , valid  0.5770924700221406 , test  0.8147263389643875 

Epoch 800 : train  0.14759126167375547 , valid  0.5897506460935764 , test  0.8053196015582691 

Epoch 810 : train  0.15315925935613214 , valid  0.5741585135862679 , test  0.789394835713968 

Epoch 820 : train  0.13932555087041143 , valid  0.5675323979962482 , test  0.7923079263122745 

Epoch 830 : train  0.16615948073064854 , valid  0.5710788132923654 , test  0.8166374448219968 

Epoch 840 : train  0.16192822391668046 , valid  0.5722090162579452 , test  0.8047570364051765 

Epoch 850 : train  0.14840280691534438 , valid  0.5672683576969605 , test  0.8050800753185837 

Epoch 860 : train  0.17038669806347057 , valid  0.5702219811545147 , test  0.7970087016307723 

Epoch 870 : train  0.14500564368072238 , valid  0.5780071995586987 , test  0.7901784533764152 

Epoch 880 : train  0.15974359972465488 , valid  0.57492242799082 , test  0.7987638270993832 

Epoch 890 : train  0.15428151127412498 , valid  0.5759204440024804 , test  0.810740675623592 

Epoch 900 : train  0.14408724654756558 , valid  0.5685258825004011 , test  0.7874584931311621 

Epoch 910 : train  0.14305235485597637 , valid  0.5593438267070446 , test  0.8022640147679351 

Epoch 920 : train  0.15172594887809668 , valid  0.5759648865872282 , test  0.8035485456072974 

Epoch 930 : train  0.14692880818423878 , valid  0.5661001555283441 , test  0.8241179226274693 

Epoch 940 : train  0.15588467902219003 , valid  0.5652544541742051 , test  0.8015535634021242 

Epoch 950 : train  0.14387881881786904 , valid  0.5586971485081192 , test  0.7822158128647183 

Epoch 960 : train  0.17712139122034756 , valid  0.5794187403384062 , test  0.8307283074504391 

Epoch 970 : train  0.14179958815485283 , valid  0.5643336357464834 , test  0.8268264060121663 

Epoch 980 : train  0.14798425945970228 , valid  0.5702149102298619 , test  0.8457825139809864 

Epoch 990 : train  0.14598825122175557 , valid  0.56895339418652 , test  0.8269446354373392 

Epoch 1000 : train  0.15114427962865412 , valid  0.5609871373051792 , test  0.8302021758116156 

best valid loss: 0.5586971485081192
best test loss: 0.7822158128647183
kfold index: 3
Epoch 10 : train  1.3247445844474983 , valid  1.4568077768248147 , test  1.5183093628727842 

Epoch 20 : train  0.7055421143676064 , valid  1.027158870582737 , test  1.1171354456609697 

Epoch 30 : train  0.6975956376262848 , valid  1.0073846661024428 , test  1.0877261003143137 

Epoch 40 : train  0.5164221342582771 , valid  0.8306553229321461 , test  0.9279358657320749 

Epoch 50 : train  0.5103974207423766 , valid  0.8536309894594972 , test  0.9525182747290845 

Epoch 60 : train  0.5544203950653018 , valid  0.9148241119675551 , test  0.982442366411725 

Epoch 70 : train  0.472754134306241 , valid  0.8324157208713212 , test  0.9449944338993119 

Epoch 80 : train  0.39256664319686446 , valid  0.7765792670768051 , test  0.8566157581103145 

Epoch 90 : train  0.35063799105030885 , valid  0.7562935299704979 , test  0.8868450707262396 

Epoch 100 : train  0.33882941593892646 , valid  0.7149163188850359 , test  0.8522415913476099 

Epoch 110 : train  0.36985568681871456 , valid  0.7486851822127648 , test  0.8719077704496013 

Epoch 120 : train  0.3391928642365831 , valid  0.7275085579052636 , test  0.8391043617628386 

Epoch 130 : train  0.31280280934157767 , valid  0.739668528726083 , test  0.8457852224894299 

Epoch 140 : train  0.33229796500969966 , valid  0.7359881940453733 , test  0.8476267543354168 

Epoch 150 : train  0.3280770189174448 , valid  0.7202708920854215 , test  0.8638007839496559 

Epoch 160 : train  0.32272393743010214 , valid  0.7170301945164966 , test  0.8179395653857839 

Epoch 170 : train  0.2785032041671927 , valid  0.7077236163111008 , test  0.8362986112297895 

Epoch 180 : train  0.355403721504291 , valid  0.7007048311562308 , test  0.8362236551329991 

Epoch 190 : train  0.2803948871780368 , valid  0.6923211333830546 , test  0.8307301683994596 

Epoch 200 : train  0.27110203700535634 , valid  0.70257432009335 , test  0.8299853913535176 

Epoch 210 : train  0.29579231271466533 , valid  0.7024996742638294 , test  0.8405725720200877 

Epoch 220 : train  0.30448098170035265 , valid  0.7139344186960754 , test  0.8243958887837384 

Epoch 230 : train  0.3039775246146259 , valid  0.7027478674681121 , test  0.8249023296275314 

Epoch 240 : train  0.2956513297428386 , valid  0.6985859995155579 , test  0.8280489046394877 

Epoch 250 : train  0.2462586237514682 , valid  0.6916692698008553 , test  0.8292970751359455 

Epoch 260 : train  0.24325924409814303 , valid  0.6873628552853571 , test  0.8084938865143396 

Epoch 270 : train  0.25086292951952316 , valid  0.6814195161321286 , test  0.8131956334537856 

Epoch 280 : train  0.25831805831646226 , valid  0.6911993325867628 , test  0.8262392778829301 

Epoch 290 : train  0.24090723685437004 , valid  0.697620508177735 , test  0.8259448167741908 

Epoch 300 : train  0.23593249565615346 , valid  0.6724332539604669 , test  0.809206824864718 

Epoch 310 : train  0.2098415710960646 , valid  0.6697055226434773 , test  0.8126510868591337 

Epoch 320 : train  0.2354427645394232 , valid  0.6808926260383533 , test  0.8036417138551811 

Epoch 330 : train  0.24834975411179946 , valid  0.7006329346629214 , test  0.8509310462024378 

Epoch 340 : train  0.22120530952497403 , valid  0.6955106693375195 , test  0.8133507519861273 

Epoch 350 : train  0.2046857521352891 , valid  0.6653730696585763 , test  0.8027939268422785 

Epoch 360 : train  0.20748609818780192 , valid  0.6897182658987734 , test  0.8251412623540743 

Epoch 370 : train  0.19329685752605205 , valid  0.6756198290961842 , test  0.8085512153680489 

Epoch 380 : train  0.24597538543699568 , valid  0.7106070142404243 , test  0.8341102983830219 

Epoch 390 : train  0.24623375083788954 , valid  0.6898327403514473 , test  0.8331319475351732 

Epoch 400 : train  0.2120945344049946 , valid  0.6750132917180823 , test  0.810521597253551 

Epoch 410 : train  0.2010434097625258 , valid  0.6698385327018227 , test  0.8195001856832456 

Epoch 420 : train  0.20125688172358785 , valid  0.6615502532660484 , test  0.7883934691893312 

Epoch 430 : train  0.1969556798371141 , valid  0.6889809671732923 , test  0.8127197443548068 

Epoch 440 : train  0.23818156091534012 , valid  0.7107877075707838 , test  0.827734740093276 

Epoch 450 : train  0.20932726119120645 , valid  0.6862441703157098 , test  0.8142579649745454 

Epoch 460 : train  0.17647358556078144 , valid  0.6937260211727002 , test  0.8317511513808628 

Epoch 470 : train  0.21072752370811113 , valid  0.6849923291902879 , test  0.8346512168388182 

Epoch 480 : train  0.18503778363991374 , valid  0.6820770421632146 , test  0.8068566715416493 

Epoch 490 : train  0.18604863517520953 , valid  0.6674769421343073 , test  0.8079873209510439 

Epoch 500 : train  0.2013001771054311 , valid  0.6921679943411535 , test  0.830629343400874 

Epoch 510 : train  0.18424613767560108 , valid  0.6655278382038402 , test  0.8031095373335985 

Epoch 520 : train  0.17028411462456164 , valid  0.680849662594147 , test  0.7916120026172422 

Epoch 530 : train  0.17688495945468624 , valid  0.6820412324521744 , test  0.8184378170631043 

Epoch 540 : train  0.17786736681716578 , valid  0.664819142004365 , test  0.8025335676462211 

Epoch 550 : train  0.23123420953630172 , valid  0.6840351291680945 , test  0.8339098710346702 

Epoch 560 : train  0.17059225617284382 , valid  0.6673478927123401 , test  0.8213922436337366 

Epoch 570 : train  0.17957120683979813 , valid  0.6790844113981318 , test  0.8069790477681404 

Epoch 580 : train  0.18448774080048896 , valid  0.6742032391482492 , test  0.8155546199496038 

Epoch 590 : train  0.1753409512851049 , valid  0.6854907557503778 , test  0.8080545968497299 

Epoch 600 : train  0.18316053473755847 , valid  0.6749954890303806 , test  0.8001824659017717 

Epoch 610 : train  0.18369941497440775 , valid  0.6797601705926319 , test  0.8186321253533999 

Epoch 620 : train  0.18616215808304906 , valid  0.6687691927912555 , test  0.8106381341556582 

Epoch 630 : train  0.18944881761144175 , valid  0.6965944242161872 , test  0.8328949220253319 

Epoch 640 : train  0.1841660761498309 , valid  0.6843238450232396 , test  0.7907902486837062 

Epoch 650 : train  0.152019196214294 , valid  0.674234675168453 , test  0.8057090525041863 

Epoch 660 : train  0.1709639299899028 , valid  0.7032172518193859 , test  0.8081818034717475 

Epoch 670 : train  0.15932948930134244 , valid  0.6852759657290625 , test  0.7992424128623172 

Epoch 680 : train  0.15610117973973153 , valid  0.700307309410052 , test  0.8148395734532605 

Epoch 690 : train  0.17246253936267616 , valid  0.7101358975296564 , test  0.8359368803147254 

Epoch 700 : train  0.18781112102476613 , valid  0.7046160032565967 , test  0.8260038596292725 

Epoch 710 : train  0.1766991263826314 , valid  0.6999925182979143 , test  0.8367695633161586 

Epoch 720 : train  0.1578137862138531 , valid  0.6889974114975101 , test  0.8073856665445834 

Epoch 730 : train  0.17217353391332102 , valid  0.688071244496526 , test  0.8118525137193405 

Epoch 740 : train  0.15544025522316082 , valid  0.6917745840254493 , test  0.7983136190983862 

Epoch 750 : train  0.15488905803190742 , valid  0.6905414351813328 , test  0.8165470800709184 

Epoch 760 : train  0.1646720509353213 , valid  0.6867225472450612 , test  0.8044418933416267 

Epoch 770 : train  0.16388784980128912 , valid  0.6830405953813309 , test  0.8034236853352789 

Epoch 780 : train  0.16037103607800782 , valid  0.6967514699711339 , test  0.8090928884422163 

Epoch 790 : train  0.16487291701595144 , valid  0.7088937944277119 , test  0.8160718115555217 

Epoch 800 : train  0.15315057709722907 , valid  0.6812263154195436 , test  0.8032700441249915 

Epoch 810 : train  0.15164764637439143 , valid  0.6908871939681548 , test  0.8158744800422072 

Epoch 820 : train  0.16432160333402765 , valid  0.6960949754436453 , test  0.8322668340792979 

Epoch 830 : train  0.15649129595054828 , valid  0.6940907925376348 , test  0.8137329071803804 

Epoch 840 : train  0.17856189593827773 , valid  0.6904613458160673 , test  0.8235263398369426 

Epoch 850 : train  0.15230683575461784 , valid  0.6933528839374251 , test  0.799840880716879 

Epoch 860 : train  0.21453919500362154 , valid  0.6602299285202534 , test  0.8096814246101066 

Epoch 870 : train  0.1585154921643372 , valid  0.6870251555512482 , test  0.8101965177357103 

Epoch 880 : train  0.14441309247262424 , valid  0.6756527113207665 , test  0.805246981105133 

Epoch 890 : train  0.1481279362321622 , valid  0.6842858436916514 , test  0.823091991853177 

Epoch 900 : train  0.14347552695764673 , valid  0.6821757122844149 , test  0.8173698123472957 

Epoch 910 : train  0.1387750781130685 , valid  0.6881235801076864 , test  0.8202241861056708 

Epoch 920 : train  0.14155618220484883 , valid  0.6848260837938616 , test  0.8125629462065632 

Epoch 930 : train  0.15574195909996283 , valid  0.6756854953136064 , test  0.8036214799931656 

Epoch 940 : train  0.1596976271235234 , valid  0.687942543487647 , test  0.8295035237140648 

Epoch 950 : train  0.14609322435166933 , valid  0.7024871838515241 , test  0.8284119085079519 

Epoch 960 : train  0.13536653116540892 , valid  0.6974686877693479 , test  0.8315887806513039 

Epoch 970 : train  0.15665798208370155 , valid  0.6929303599899536 , test  0.8208985635984822 

Epoch 980 : train  0.16738190332069575 , valid  0.69225101452867 , test  0.7949711347055394 

Epoch 990 : train  0.14112998167544677 , valid  0.6751430993038502 , test  0.8005984521524746 

Epoch 1000 : train  0.14184604670213302 , valid  0.6757157885466072 , test  0.8059817064434653 

best valid loss: 0.6602299285202534
best test loss: 0.8096814246101066
kfold index: 4
Epoch 10 : train  1.4143254219532784 , valid  1.450166665939431 , test  1.6353097370505847 

Epoch 20 : train  0.7949012426057445 , valid  1.0924930997981537 , test  1.2393913379946802 

Epoch 30 : train  0.6015698223395717 , valid  0.9662138992071704 , test  1.0804427053780241 

Epoch 40 : train  0.5774923425423383 , valid  0.9273785295219222 , test  1.054627058788631 

Epoch 50 : train  0.4521601606826126 , valid  0.8533188423484541 , test  0.9586752352333527 

Epoch 60 : train  0.464477728435546 , valid  0.8835260691497758 , test  0.9837317443310125 

Epoch 70 : train  0.39974513517704097 , valid  0.8773464623607289 , test  0.9782060608961173 

Epoch 80 : train  0.4155976832003385 , valid  0.855807924720093 , test  0.9437548123837757 

Epoch 90 : train  0.40676678295017726 , valid  0.8592493714943652 , test  0.9640062529345718 

Epoch 100 : train  0.3463247222461633 , valid  0.8311098534652877 , test  0.9169002725903388 

Epoch 110 : train  0.36602512740758214 , valid  0.7946418844656307 , test  0.9042470792723367 

Epoch 120 : train  0.30801483152736 , valid  0.7801860283726576 , test  0.8892794838503297 

Epoch 130 : train  0.3340723576071761 , valid  0.7775428533340799 , test  0.8883523056304501 

Epoch 140 : train  0.3091935915883694 , valid  0.7773070793578205 , test  0.8852771322856617 

Epoch 150 : train  0.34847451999506895 , valid  0.7570381335948946 , test  0.8646077823387175 

Epoch 160 : train  0.3207852969470896 , valid  0.7865400815342553 , test  0.8813566962669943 

Epoch 170 : train  0.3019986773409577 , valid  0.7611360341686214 , test  0.8650534109718926 

Epoch 180 : train  0.28946628897232496 , valid  0.7530020388464252 , test  0.8527053661390955 

Epoch 190 : train  0.27431305171922105 , valid  0.7152307650440634 , test  0.8231150362066005 

Epoch 200 : train  0.3098557905576871 , valid  0.7386649611427966 , test  0.8415606455101753 

Epoch 210 : train  0.2820611863177513 , valid  0.7172309026507567 , test  0.8221526481325373 

Epoch 220 : train  0.24310029540844727 , valid  0.7408462507075632 , test  0.8345811748163449 

Epoch 230 : train  0.30238296807561765 , valid  0.7443751298574378 , test  0.8255914003831597 

Epoch 240 : train  0.2604877188931863 , valid  0.7457841606162839 , test  0.8405078576466541 

Epoch 250 : train  0.26493490428298544 , valid  0.7424804739451303 , test  0.8373045872241835 

Epoch 260 : train  0.2300504778105233 , valid  0.7300171088635342 , test  0.8314061199371802 

Epoch 270 : train  0.23015645172208726 , valid  0.7264325186391077 , test  0.8417877863556739 

Epoch 280 : train  0.24470038982401673 , valid  0.7335656760277195 , test  0.8268114977385687 

Epoch 290 : train  0.23068386034695956 , valid  0.7262920848423666 , test  0.8295818691699769 

Epoch 300 : train  0.22493863653863805 , valid  0.7147304199366635 , test  0.8179160187043285 

Epoch 310 : train  0.25187484902775287 , valid  0.7013382207029335 , test  0.7994579644188837 

Epoch 320 : train  0.24333774282645818 , valid  0.734764671779979 , test  0.8230457443665212 

Epoch 330 : train  0.21186584504621322 , valid  0.7147757050970467 , test  0.8213686680782517 

Epoch 340 : train  0.2471769925027069 , valid  0.7554684210415097 , test  0.850279886059069 

Epoch 350 : train  0.21499497699658432 , valid  0.7592610080523633 , test  0.8660856652903975 

Epoch 360 : train  0.21405671067501664 , valid  0.7682224464646635 , test  0.8754613582454012 

Epoch 370 : train  0.19943367902442483 , valid  0.7289231561908743 , test  0.8387763950408751 

Epoch 380 : train  0.2123910213724912 , valid  0.7324873493020243 , test  0.8420348113438999 

Epoch 390 : train  0.18947282678611796 , valid  0.700015684637595 , test  0.8082097624123435 

Epoch 400 : train  0.2078318907640558 , valid  0.7348495635260844 , test  0.8531829410535329 

Epoch 410 : train  0.2064350352245487 , valid  0.7296840608184338 , test  0.8305567487011625 

Epoch 420 : train  0.19814758674667257 , valid  0.7526535902421612 , test  0.8654134864860792 

Epoch 430 : train  0.1888292180789204 , valid  0.7372819697299814 , test  0.8416737971070337 

Epoch 440 : train  0.19251473348416245 , valid  0.725819108916145 , test  0.8413777956842498 

Epoch 450 : train  0.18853543517304797 , valid  0.7332446402300818 , test  0.8475117748410345 

Epoch 460 : train  0.18207765349961322 , valid  0.7008249593375451 , test  0.8012565726662413 

Epoch 470 : train  0.19817565120490796 , valid  0.7507221441290449 , test  0.853422611255896 

Epoch 480 : train  0.18913931721635316 , valid  0.7291772085359499 , test  0.8393412567642323 

Epoch 490 : train  0.2111480720977855 , valid  0.7317716607397767 , test  0.8386041774086116 

Epoch 500 : train  0.19286529407793163 , valid  0.7343763860162972 , test  0.835207555567925 

Epoch 510 : train  0.19117832964341783 , valid  0.7431792965020412 , test  0.8587612169627825 

Epoch 520 : train  0.17139146443817754 , valid  0.7054275126607915 , test  0.8030210346612905 

Epoch 530 : train  0.19169249386618353 , valid  0.7247348976154375 , test  0.8360428914701458 

Epoch 540 : train  0.1807740527160182 , valid  0.7113820102854883 , test  0.8026851944832828 

Epoch 550 : train  0.1794144115052643 , valid  0.7367285269982252 , test  0.8418174147027693 

Epoch 560 : train  0.18621657909904624 , valid  0.7383047589656806 , test  0.8567364370192572 

Epoch 570 : train  0.16037381203975473 , valid  0.7308666714992492 , test  0.8442377585474768 

Epoch 580 : train  0.17964849725175985 , valid  0.7457071754069398 , test  0.8784311934244067 

Epoch 590 : train  0.1752807814617276 , valid  0.7152629192182635 , test  0.8232185235609774 

Epoch 600 : train  0.15553709246860115 , valid  0.7085143927661127 , test  0.8275558398033215 

Epoch 610 : train  0.15954197380058566 , valid  0.7275433202863694 , test  0.8571752417161929 

Epoch 620 : train  0.222152186912131 , valid  0.7304075715601076 , test  0.8478299506393217 

Epoch 630 : train  0.17301302972603844 , valid  0.7145396091866218 , test  0.8220325018134624 

Epoch 640 : train  0.15743054934322825 , valid  0.7241073385243623 , test  0.8488355908580666 

Epoch 650 : train  0.16090291948676408 , valid  0.7137167718483208 , test  0.8303094395845199 

Epoch 660 : train  0.16563799633364631 , valid  0.7168020210154635 , test  0.8383890955425437 

Epoch 670 : train  0.22003784082893882 , valid  0.7157366641929583 , test  0.8302352117030508 

Epoch 680 : train  0.1581263110742729 , valid  0.7310462091459862 , test  0.8698765267310152 

Epoch 690 : train  0.1502619282761782 , valid  0.726902250119278 , test  0.8644219522768969 

Epoch 700 : train  0.1484785175198725 , valid  0.73695561009347 , test  0.8746466006387373 

Epoch 710 : train  0.15820389807043683 , valid  0.7342614163297368 , test  0.8705428687286385 

Epoch 720 : train  0.1627712874471513 , valid  0.7136421813030868 , test  0.8297048904612035 

Epoch 730 : train  0.1571442922305159 , valid  0.7064107493083335 , test  0.8295995513679761 

Epoch 740 : train  0.1485439757028152 , valid  0.7143948819431334 , test  0.8322092353662962 

Epoch 750 : train  0.16321108754926386 , valid  0.7151045633316638 , test  0.8352730337526048 

Epoch 760 : train  0.16320664835428822 , valid  0.7240328558485613 , test  0.8377925260412307 

Epoch 770 : train  0.15495915719523076 , valid  0.7286631442184583 , test  0.8566744976417763 

Epoch 780 : train  0.1698247003125098 , valid  0.7153856337074648 , test  0.8364914883531238 

Epoch 790 : train  0.24988996080282266 , valid  0.7417471138083831 , test  0.8452814429989144 

Epoch 800 : train  0.16700815032008295 , valid  0.7088328393609611 , test  0.8105316266800717 

Epoch 810 : train  0.14211467344352194 , valid  0.7027277195151546 , test  0.8162874631425877 

Epoch 820 : train  0.14856176278580813 , valid  0.695147933100299 , test  0.8058799566138325 

Epoch 830 : train  0.1422586766622571 , valid  0.7015279312920736 , test  0.8178519393699675 

Epoch 840 : train  0.14697839479195102 , valid  0.7112998250296155 , test  0.8243459832147938 

Epoch 850 : train  0.15519257622745958 , valid  0.6919313946862296 , test  0.8061490953948194 

Epoch 860 : train  0.14576229828413179 , valid  0.706730471191834 , test  0.8296539424342407 

Epoch 870 : train  0.14096411661249825 , valid  0.7010279320442747 , test  0.8160266980931855 

Epoch 880 : train  0.14611106014422415 , valid  0.6932150024882751 , test  0.8083819725240189 

Epoch 890 : train  0.1545740432545574 , valid  0.7028085325871685 , test  0.8189464075371382 

Epoch 900 : train  0.163978214463315 , valid  0.7044780174388485 , test  0.8173482844619446 

Epoch 910 : train  0.16387778818468496 , valid  0.6889799349847633 , test  0.8069069587728176 

Epoch 920 : train  0.15337418281805168 , valid  0.7151799045420958 , test  0.8255751436315104 

Epoch 930 : train  0.15842045628364435 , valid  0.7226562376913857 , test  0.8257702699350462 

Epoch 940 : train  0.15618036130847845 , valid  0.7002718312023803 , test  0.8197702012461936 

Epoch 950 : train  0.17349936154165302 , valid  0.7133464030366846 , test  0.8414967438063867 

Epoch 960 : train  0.15012210469327442 , valid  0.7114462857651027 , test  0.8210371987130766 

Epoch 970 : train  0.15997718448719078 , valid  0.7024880838732421 , test  0.8065082110455011 

Epoch 980 : train  0.1745611621636304 , valid  0.7316415269018691 , test  0.8426778807289438 

Epoch 990 : train  0.13882394717965538 , valid  0.724584462038399 , test  0.8409026311617488 

Epoch 1000 : train  0.14333091831715586 , valid  0.7168793753492381 , test  0.8390282337178095 

best valid loss: 0.6889799349847633
best test loss: 0.8069069587728176
 
Job Ended at Mon Apr 10 11:57:00 EDT 2023
