Job started on r180.ib.bridges2.psc.edu at Mon Apr 10 09:19:29 EDT 2023
Namespace(data_path='/ocean/projects/cts180021p/shang9/molecules/pretrainLCA/finalized/data/o_gnn_input/Clint/raw/data.csv', dense=1, dropout=0, folder_idx=3, layer=2, split_folder='/ocean/projects/cts180021p/shang9/molecules/pretrainLCA/finalized/model/feature-based/result_1/Clint/')
kfold index: 0
Epoch 10 : train  1.3450213962358002 , valid  1.3211025667899774 , test  1.535858250812421 

Epoch 20 : train  0.6661294875906658 , valid  0.8982043367550727 , test  1.0392667540929506 

Epoch 30 : train  0.5674306557573175 , valid  0.8222755381921024 , test  1.0173895466946585 

Epoch 40 : train  0.49156674109184123 , valid  0.8134210294284886 , test  0.9761542856897932 

Epoch 50 : train  0.42074050248454137 , valid  0.7553284752932327 , test  0.8996057359094968 

Epoch 60 : train  0.39354052110844473 , valid  0.7388797422075448 , test  0.8758237192372312 

Epoch 70 : train  0.36452913808259313 , valid  0.7548038625593945 , test  0.8716718104029075 

Epoch 80 : train  0.35607251010892316 , valid  0.7277658045023401 , test  0.8580003070066464 

Epoch 90 : train  0.32548277689194316 , valid  0.7325776897767279 , test  0.8572340183491075 

Epoch 100 : train  0.33157487479217307 , valid  0.7157813450101901 , test  0.8437764265655152 

Epoch 110 : train  0.27703199423602654 , valid  0.7073623630866819 , test  0.832906967777074 

Epoch 120 : train  0.2904449452797203 , valid  0.6903007285122893 , test  0.8390326652917472 

Epoch 130 : train  0.32734480081093775 , valid  0.7260417816943859 , test  0.809539542950129 

Epoch 140 : train  0.3260233567424547 , valid  0.7187189742063742 , test  0.8138653098545074 

Epoch 150 : train  0.36265546902797363 , valid  0.7280860125958145 , test  0.8316976512245854 

Epoch 160 : train  0.2724838805951779 , valid  0.7033221630792384 , test  0.8185545928236274 

Epoch 170 : train  0.26151467070687257 , valid  0.692317478405018 , test  0.8015688427074553 

Epoch 180 : train  0.33435578239837527 , valid  0.7240322477462945 , test  0.8181501220801104 

Epoch 190 : train  0.2908507241673856 , valid  0.6829405678308299 , test  0.8011953247942531 

Epoch 200 : train  0.2550381455765473 , valid  0.7041780241948818 , test  0.7978978538417629 

Epoch 210 : train  0.25494171165305396 , valid  0.6917561236571738 , test  0.8095225689754953 

Epoch 220 : train  0.2567222518537128 , valid  0.7018884009690676 , test  0.7871784847806498 

Epoch 230 : train  0.2390348691303793 , valid  0.68360646409936 , test  0.812599603149291 

Epoch 240 : train  0.2797456704705066 , valid  0.7041990987879645 , test  0.8289213484249986 

Epoch 250 : train  0.23909460085084774 , valid  0.6825761015394385 , test  0.7901314258390898 

Epoch 260 : train  0.3021104511942529 , valid  0.7195242997248424 , test  0.8228084104990631 

Epoch 270 : train  0.22042800685886094 , valid  0.6673184544180848 , test  0.7749874890983797 

Epoch 280 : train  0.22572352433762138 , valid  0.6955420778221464 , test  0.7826012168674269 

Epoch 290 : train  0.21738213962182684 , valid  0.680250235797198 , test  0.8164730501446588 

Epoch 300 : train  0.22673325436530073 , valid  0.6707598065309747 , test  0.7996150442299466 

Epoch 310 : train  0.24422968800372719 , valid  0.6730739201924946 , test  0.8138050418953555 

Epoch 320 : train  0.22828391215861588 , valid  0.6798664803151617 , test  0.7968061141739294 

Epoch 330 : train  0.21397344071660415 , valid  0.6762472642561997 , test  0.7809325962100327 

Epoch 340 : train  0.21953191626859997 , valid  0.6782443786182029 , test  0.7820268796287367 

Epoch 350 : train  0.18393143500993653 , valid  0.663944309633985 , test  0.7615819559773307 

Epoch 360 : train  0.17561014895332855 , valid  0.6800042391201854 , test  0.7876016352442105 

Epoch 370 : train  0.19178305641233598 , valid  0.6688274136412768 , test  0.7695950828149988 

Epoch 380 : train  0.21581871822860424 , valid  0.6686993995545046 , test  0.784232655772162 

Epoch 390 : train  0.2025056186760996 , valid  0.6580874782505566 , test  0.7659193122691585 

Epoch 400 : train  0.1881726373626526 , valid  0.6659946290031356 , test  0.7474071756252892 

Epoch 410 : train  0.17524243412934154 , valid  0.6424142812131641 , test  0.7625213039655834 

Epoch 420 : train  0.18306234433411472 , valid  0.6377440658831565 , test  0.7490436804152111 

Epoch 430 : train  0.16996124693538486 , valid  0.6639650327122943 , test  0.7479406913414327 

Epoch 440 : train  0.18888065405861082 , valid  0.6537916322231956 , test  0.7660895318126897 

Epoch 450 : train  0.19138833686857715 , valid  0.6687554870467631 , test  0.7806056242058784 

Epoch 460 : train  0.18894088362610312 , valid  0.6605275796550076 , test  0.7570403168382552 

Epoch 470 : train  0.1805846840404199 , valid  0.6407268066424651 , test  0.7683279843289088 

Epoch 480 : train  0.17822708407484966 , valid  0.6718053110411701 , test  0.7773620476094182 

Epoch 490 : train  0.18090925728769866 , valid  0.6783644784454621 , test  0.779538678071867 

Epoch 500 : train  0.16598564714929825 , valid  0.6580254669843578 , test  0.7441165183156203 

Epoch 510 : train  0.1758362541174936 , valid  0.6491627242535739 , test  0.7681192075381849 

Epoch 520 : train  0.16228014400128263 , valid  0.6399586660147772 , test  0.7499747195607556 

Epoch 530 : train  0.15580627471915154 , valid  0.6522294265826812 , test  0.7338507614334692 

Epoch 540 : train  0.16917503772021625 , valid  0.6440381326480463 , test  0.7487104954740776 

Epoch 550 : train  0.16130965830396019 , valid  0.6488870010393704 , test  0.7584941303622129 

Epoch 560 : train  0.15194445346565363 , valid  0.6531612982504736 , test  0.7578435284856019 

Epoch 570 : train  0.1629870566247455 , valid  0.6476770469337154 , test  0.7388560198175973 

Epoch 580 : train  0.16215761656609548 , valid  0.6643663217139761 , test  0.7630936182966923 

Epoch 590 : train  0.15210485918030928 , valid  0.6513770696038229 , test  0.7282541526688276 

Epoch 600 : train  0.15609739587692556 , valid  0.6477899490785478 , test  0.7451839637505197 

Epoch 610 : train  0.1568206415442766 , valid  0.6597195141198792 , test  0.7386037175016031 

Epoch 620 : train  0.16602864420224525 , valid  0.65938903363551 , test  0.7294179091452319 

Epoch 630 : train  0.1520149094449384 , valid  0.6411607007937412 , test  0.7432122415690575 

Epoch 640 : train  0.13736339934210448 , valid  0.656143888312749 , test  0.7397952215519402 

Epoch 650 : train  0.1470558404224299 , valid  0.6560805778968977 , test  0.7501101477432071 

Epoch 660 : train  0.1486921432504788 , valid  0.6400054537011519 , test  0.7354058063814422 

Epoch 670 : train  0.16609830593241817 , valid  0.6490423507351516 , test  0.7413781702062759 

Epoch 680 : train  0.1566969843046291 , valid  0.6405136496532128 , test  0.7558158723737864 

Epoch 690 : train  0.13591795953071878 , valid  0.6416468801420979 , test  0.7709724794791839 

Epoch 700 : train  0.14300002578210835 , valid  0.6471888889221649 , test  0.7364199323857489 

Epoch 710 : train  0.14909004741533777 , valid  0.644354017503679 , test  0.7508973181460906 

Epoch 720 : train  0.1370498243624652 , valid  0.6551291173332441 , test  0.7461313705117257 

Epoch 730 : train  0.14084862147140467 , valid  0.6506976554744542 , test  0.7287788816990443 

Epoch 740 : train  0.13285686246818487 , valid  0.6548098435824299 , test  0.761014945211545 

Epoch 750 : train  0.17798429993809128 , valid  0.6583941045446424 , test  0.7548030581100216 

Epoch 760 : train  0.16073745746840776 , valid  0.6623603947774848 , test  0.7228321776857062 

Epoch 770 : train  0.13627812211350832 , valid  0.6462931810531652 , test  0.7281403476070963 

Epoch 780 : train  0.16075396325835303 , valid  0.6621561432141847 , test  0.7277563035093143 

Epoch 790 : train  0.14848440013048755 , valid  0.6548179245411717 , test  0.7298990258540016 

Epoch 800 : train  0.1286225350283122 , valid  0.6552545552790447 , test  0.748091457230152 

Epoch 810 : train  0.12784137263495077 , valid  0.6604328942994722 , test  0.7320210680135323 

Epoch 820 : train  0.13838442178937294 , valid  0.6742552303869674 , test  0.7431394270620341 

Epoch 830 : train  0.1263085310063498 , valid  0.65168504794797 , test  0.7282016680316801 

Epoch 840 : train  0.15752288775417894 , valid  0.665572094673544 , test  0.7269377824582037 

Epoch 850 : train  0.1491681533819574 , valid  0.6634319615329801 , test  0.7197656571330487 

Epoch 860 : train  0.13719543466697406 , valid  0.6631328028283926 , test  0.7452027341123456 

Epoch 870 : train  0.12760633231236318 , valid  0.6509053584597961 , test  0.7274817453911084 

Epoch 880 : train  0.1154818548179613 , valid  0.6655372752173551 , test  0.748543896723527 

Epoch 890 : train  0.1259440871212412 , valid  0.6589407549001522 , test  0.7177924746068762 

Epoch 900 : train  0.1412551124433635 , valid  0.6686716641358158 , test  0.7042602166746745 

Epoch 910 : train  0.17101123864618428 , valid  0.6542415210418457 , test  0.7164610107796379 

Epoch 920 : train  0.13424379338441284 , valid  0.6539436386601931 , test  0.7126949310691423 

Epoch 930 : train  0.1131819785072332 , valid  0.6622823618775 , test  0.7181505423570829 

Epoch 940 : train  0.14127027933651104 , valid  0.6783733539026854 , test  0.7130012924477981 

Epoch 950 : train  0.1268698669590048 , valid  0.6436300878719057 , test  0.6990590158546557 

Epoch 960 : train  0.13811992987139785 , valid  0.6539866978728806 , test  0.7069503934267082 

Epoch 970 : train  0.12480228914523625 , valid  0.6536752919219746 , test  0.7125100308854136 

Epoch 980 : train  0.1430518121921665 , valid  0.6408978869393214 , test  0.7042118565635994 

Epoch 990 : train  0.12750542045950117 , valid  0.6447464617746669 , test  0.7049415162692833 

Epoch 1000 : train  0.12141626048362977 , valid  0.6579574226790488 , test  0.7139089251707893 

best valid loss: 0.6377440658831565
best test loss: 0.7490436804152111
kfold index: 1
Epoch 10 : train  1.3876249063647235 , valid  1.4757172540130556 , test  1.559917308557681 

Epoch 20 : train  0.7708922719821445 , valid  1.060622186930459 , test  1.1416822397431554 

Epoch 30 : train  0.6613908012866284 , valid  1.039772633420488 , test  1.0559725162680869 

Epoch 40 : train  0.6155458218151231 , valid  0.969540984891331 , test  1.034882125822379 

Epoch 50 : train  0.42557557653819383 , valid  0.8820673688364157 , test  0.9111996476814124 

Epoch 60 : train  0.45049109977111323 , valid  0.8913381604915265 , test  0.8816578577690087 

Epoch 70 : train  0.4048125971264622 , valid  0.8365211127325661 , test  0.8532575000364105 

Epoch 80 : train  0.38982612537483835 , valid  0.875914282889951 , test  0.8942889490993874 

Epoch 90 : train  0.356227119273041 , valid  0.8194088443578076 , test  0.860540216023677 

Epoch 100 : train  0.34305459643952774 , valid  0.822604522928282 , test  0.8295346080684978 

Epoch 110 : train  0.3205516896712536 , valid  0.8214145938745558 , test  0.8441273295293996 

Epoch 120 : train  0.3142695405582259 , valid  0.825920222055081 , test  0.805415892343277 

Epoch 130 : train  0.3091358723827963 , valid  0.8090110779054493 , test  0.8331265862268981 

Epoch 140 : train  0.307978793748983 , valid  0.8173497501874178 , test  0.8297014890542306 

Epoch 150 : train  0.28218078711023176 , valid  0.7911237097712303 , test  0.8130098842434772 

Epoch 160 : train  0.26693503096376375 , valid  0.7639005423764201 , test  0.7968190137333336 

Epoch 170 : train  0.36968526920090156 , valid  0.814293334062995 , test  0.8356001518875917 

Epoch 180 : train  0.30118005555677424 , valid  0.7658461568278747 , test  0.7971123323710372 

Epoch 190 : train  0.31815512675559204 , valid  0.7927415997085561 , test  0.8250411871942304 

Epoch 200 : train  0.262093448073931 , valid  0.7377001787529784 , test  0.7945833801565368 

Epoch 210 : train  0.26915234284763623 , valid  0.7665528322674313 , test  0.8013823360149215 

Epoch 220 : train  0.2677927911408109 , valid  0.7552401982416428 , test  0.7974678482855365 

Epoch 230 : train  0.26398979757552105 , valid  0.7841695308603562 , test  0.8081637797325004 

Epoch 240 : train  0.2451433053845822 , valid  0.739534987112791 , test  0.8150249818072266 

Epoch 250 : train  0.23541495730568876 , valid  0.7872887394720514 , test  0.8208247245812124 

Epoch 260 : train  0.26370029468791395 , valid  0.7680569034300666 , test  0.8039491387848143 

Epoch 270 : train  0.27549326248752176 , valid  0.7650285065000282 , test  0.805246800714128 

Epoch 280 : train  0.23958007056240702 , valid  0.761541042709613 , test  0.8078624018801353 

Epoch 290 : train  0.2249444363804295 , valid  0.7591532976504642 , test  0.7977765186595731 

Epoch 300 : train  0.22006228803095576 , valid  0.7433997363741449 , test  0.7899064906216035 

Epoch 310 : train  0.23710135291520895 , valid  0.7482222038763962 , test  0.7831312781024111 

Epoch 320 : train  0.22610499087182692 , valid  0.7633509816553776 , test  0.7988839188910698 

Epoch 330 : train  0.21116292737220307 , valid  0.7248815202433249 , test  0.787512021217502 

Epoch 340 : train  0.349554502840525 , valid  0.7693928825644081 , test  0.8142413189514548 

Epoch 350 : train  0.21411712204221067 , valid  0.7329792849144358 , test  0.789237650970041 

Epoch 360 : train  0.2077428786060128 , valid  0.7291958525074924 , test  0.7984729092214912 

Epoch 370 : train  0.198872020940656 , valid  0.7308830110039598 , test  0.7990420769588269 

Epoch 380 : train  0.19159262320596976 , valid  0.7379801241449929 , test  0.7935097657293044 

Epoch 390 : train  0.2058101149265614 , valid  0.7280094791185254 , test  0.7995932682265116 

Epoch 400 : train  0.22183131377636145 , valid  0.7321625082880353 , test  0.7894320458134472 

Epoch 410 : train  0.21970467066331742 , valid  0.7353119061368727 , test  0.8036285606937207 

Epoch 420 : train  0.1910963256602096 , valid  0.7429826688171732 , test  0.7995197162891808 

Epoch 430 : train  0.1834531176980514 , valid  0.7270891714082963 , test  0.7821586057812407 

Epoch 440 : train  0.19218365457563905 , valid  0.7290588240070359 , test  0.7928548459179069 

Epoch 450 : train  0.166498476283474 , valid  0.7314909194647135 , test  0.7844332249149147 

Epoch 460 : train  0.18447866597811816 , valid  0.7243435037221546 , test  0.7832228009562496 

Epoch 470 : train  0.1805217954264122 , valid  0.7424219663971591 , test  0.780016067401132 

Epoch 480 : train  0.16914447673451335 , valid  0.7235888551867559 , test  0.7798254744917513 

Epoch 490 : train  0.18631805248406777 , valid  0.7313348862476321 , test  0.7968472303063984 

Epoch 500 : train  0.1610897157073482 , valid  0.7386061626261732 , test  0.789058908925657 

Epoch 510 : train  0.17865130303522267 , valid  0.712870862360484 , test  0.7805870990425934 

Epoch 520 : train  0.18147235162443534 , valid  0.7241567277422722 , test  0.7820275614010219 

Epoch 530 : train  0.20044172539763155 , valid  0.7212032363825165 , test  0.7974498042281455 

Epoch 540 : train  0.16670572630112845 , valid  0.7299948441000812 , test  0.8098884748793479 

Epoch 550 : train  0.18009352015095256 , valid  0.7367545196780139 , test  0.7754996736103497 

Epoch 560 : train  0.15697124175204397 , valid  0.7213319202565895 , test  0.781702565618765 

Epoch 570 : train  0.1982798439425219 , valid  0.7393030066822097 , test  0.7930164782483785 

Epoch 580 : train  0.1612409399418345 , valid  0.7254755214489834 , test  0.784266827548962 

Epoch 590 : train  0.16101177082599286 , valid  0.711269664111744 , test  0.7867970690501163 

Epoch 600 : train  0.16530750585293133 , valid  0.7231030225814682 , test  0.7806955297325753 

Epoch 610 : train  0.17128583481232149 , valid  0.7335486073957777 , test  0.7831083506980815 

Epoch 620 : train  0.15803420567075055 , valid  0.7325685572596996 , test  0.79676358990743 

Epoch 630 : train  0.18650289654855118 , valid  0.7341584030549403 , test  0.7887681408335467 

Epoch 640 : train  0.15101414045269124 , valid  0.7262403314626767 , test  0.8147127938533969 

Epoch 650 : train  0.14659717755842533 , valid  0.7362679741807291 , test  0.7972746617884746 

Epoch 660 : train  0.14741722358283177 , valid  0.7163208158539948 , test  0.7875481666936421 

Epoch 670 : train  0.1548448859423201 , valid  0.7315512647832584 , test  0.7934979224213681 

Epoch 680 : train  0.1504926712630194 , valid  0.7290807140844556 , test  0.7870145710260902 

Epoch 690 : train  0.16082026779276018 , valid  0.7283492258815961 , test  0.7880132409534103 

Epoch 700 : train  0.15135968797339788 , valid  0.7283565273508276 , test  0.7897543597992037 

Epoch 710 : train  0.1457381398970521 , valid  0.7174076151115535 , test  0.7792252587281532 

Epoch 720 : train  0.15300432277773138 , valid  0.7135398539651123 , test  0.7830715246975198 

Epoch 730 : train  0.14897590363689808 , valid  0.7225619910080717 , test  0.7882256211014049 

Epoch 740 : train  0.15971166513687218 , valid  0.7271847271181973 , test  0.800563808827155 

Epoch 750 : train  0.13549878571300467 , valid  0.7168113391353036 , test  0.7902644585030637 

Epoch 760 : train  0.13883018769981037 , valid  0.7133951900192089 , test  0.7893377993926379 

Epoch 770 : train  0.14440431807193949 , valid  0.7092566595018076 , test  0.7948118303455363 

Epoch 780 : train  0.16663956462198296 , valid  0.7219241303022644 , test  0.7943608094328248 

Epoch 790 : train  0.1455714948078425 , valid  0.7187123103689492 , test  0.7816632083014298 

Epoch 800 : train  0.15120295173434478 , valid  0.735330573136594 , test  0.7842039877201261 

Epoch 810 : train  0.14656143515146455 , valid  0.728708708974345 , test  0.7789860493342609 

Epoch 820 : train  0.1513118493141568 , valid  0.7279746450790687 , test  0.7869603389791235 

Epoch 830 : train  0.14527674858746967 , valid  0.7157756253371197 , test  0.787993828220631 

Epoch 840 : train  0.1344432476835432 , valid  0.7255517446646818 , test  0.7900469279764665 

Epoch 850 : train  0.14107302168791064 , valid  0.7209050367023732 , test  0.7804787537627306 

Epoch 860 : train  0.14528972843915117 , valid  0.7241757917475082 , test  0.7788197256136477 

Epoch 870 : train  0.17562086474807218 , valid  0.7338132225669912 , test  0.7918255782778343 

Epoch 880 : train  0.13987087114104854 , valid  0.7247050189487054 , test  0.787312974193404 

Epoch 890 : train  0.13972508830957864 , valid  0.721961811258758 , test  0.7888107924655275 

Epoch 900 : train  0.13638450335549673 , valid  0.7281488424063495 , test  0.7789255447190164 

Epoch 910 : train  0.15058140254158472 , valid  0.7181725575448273 , test  0.7989560019168311 

Epoch 920 : train  0.13606100050643655 , valid  0.729848511038799 , test  0.7943169380180379 

Epoch 930 : train  0.14249189887059185 , valid  0.7263546538656309 , test  0.7949398951188972 

Epoch 940 : train  0.16817128917312568 , valid  0.7304680948946972 , test  0.7844756587753365 

Epoch 950 : train  0.13408485666122746 , valid  0.7184917090523556 , test  0.7828739325688663 

Epoch 960 : train  0.14581833599148192 , valid  0.723298457881387 , test  0.788234114330054 

Epoch 970 : train  0.13372196107638987 , valid  0.7217966379779637 , test  0.7928973240134893 

Epoch 980 : train  0.13450006572938888 , valid  0.704497972891011 , test  0.7889646072390718 

Epoch 990 : train  0.12885253765146296 , valid  0.7265284678055303 , test  0.7933068539161338 

Epoch 1000 : train  0.1389093441141504 , valid  0.7325740238192902 , test  0.7970589166947839 

best valid loss: 0.704497972891011
best test loss: 0.7889646072390718
kfold index: 2
Epoch 10 : train  1.5418371835223899 , valid  1.449320795639636 , test  1.7122930454335972 

Epoch 20 : train  0.7771781307519289 , valid  0.9452044156015018 , test  1.1364529748601546 

Epoch 30 : train  0.6241590117831824 , valid  0.8451641224784024 , test  0.974670832553104 

Epoch 40 : train  0.5757780929625621 , valid  0.8167539773294555 , test  0.9775750069410144 

Epoch 50 : train  0.5133874901287854 , valid  0.7326741597689381 , test  0.9002608646701676 

Epoch 60 : train  0.4380825505426959 , valid  0.7187868636169945 , test  0.9026759370285989 

Epoch 70 : train  0.39346048226068103 , valid  0.704236740470884 , test  0.880268671303191 

Epoch 80 : train  0.3858289107406781 , valid  0.7163618239910968 , test  0.8852046677540427 

Epoch 90 : train  0.3964252033766749 , valid  0.6775825784938558 , test  0.8764909109094983 

Epoch 100 : train  0.31657415290797375 , valid  0.6285441093611462 , test  0.8639793915899993 

Epoch 110 : train  0.3076214323774243 , valid  0.6381590375673107 , test  0.8223836914012429 

Epoch 120 : train  0.3706235307203239 , valid  0.6560270116993462 , test  0.846004557865242 

Epoch 130 : train  0.3181579803269264 , valid  0.6449502025899823 , test  0.8168406835909195 

Epoch 140 : train  0.31828038511607915 , valid  0.6271042145421798 , test  0.8076090459349763 

Epoch 150 : train  0.32163316973558764 , valid  0.6456343478709435 , test  0.815957009613518 

Epoch 160 : train  0.30585700144547456 , valid  0.6426704127193225 , test  0.8161219999811155 

Epoch 170 : train  0.3103371941969669 , valid  0.6329397688304608 , test  0.8124138873231166 

Epoch 180 : train  0.29668592486338363 , valid  0.642900263739582 , test  0.8128735313537313 

Epoch 190 : train  0.26502921218799813 , valid  0.6050954153750588 , test  0.7990563762344982 

Epoch 200 : train  0.3018008861452781 , valid  0.648900879891085 , test  0.8299206410351989 

Epoch 210 : train  0.3231311163749381 , valid  0.6589455245980945 , test  0.8437453003171881 

Epoch 220 : train  0.27110736535435737 , valid  0.6133910763377015 , test  0.7972559090229839 

Epoch 230 : train  0.23664387412691845 , valid  0.603832944666605 , test  0.7816778328354534 

Epoch 240 : train  0.28366050275332705 , valid  0.6272435272264058 , test  0.8055500431273676 

Epoch 250 : train  0.2421414648002759 , valid  0.6211188125331147 , test  0.7783645305631348 

Epoch 260 : train  0.23164087550146648 , valid  0.6141047883872374 , test  0.7941423776784103 

Epoch 270 : train  0.24455053604633972 , valid  0.6121794875576326 , test  0.7871377622011023 

Epoch 280 : train  0.23431562452448096 , valid  0.608144482471094 , test  0.7874782440074403 

Epoch 290 : train  0.24756380148879478 , valid  0.6090155442159471 , test  0.7923101039925192 

Epoch 300 : train  0.25305888681520294 , valid  0.6248526257227132 , test  0.784377981697109 

Epoch 310 : train  0.232295269454088 , valid  0.6196089222294542 , test  0.7803772536794076 

Epoch 320 : train  0.22160232097051752 , valid  0.6030157469169337 , test  0.7765805461777352 

Epoch 330 : train  0.23350372337098027 , valid  0.6066572342729735 , test  0.7939166072171655 

Epoch 340 : train  0.2325108816804173 , valid  0.6166138326188982 , test  0.7940091370129947 

Epoch 350 : train  0.2071941937716308 , valid  0.6032148141367731 , test  0.7857260183885565 

Epoch 360 : train  0.21482973981250017 , valid  0.5988450176639087 , test  0.7925777905624157 

Epoch 370 : train  0.19870870520925157 , valid  0.5902706451714286 , test  0.7635616914804989 

Epoch 380 : train  0.1887748006040061 , valid  0.5931551453349742 , test  0.7750198250683317 

Epoch 390 : train  0.1916275410752096 , valid  0.6033878539335088 , test  0.7668690274429617 

Epoch 400 : train  0.20675188844545309 , valid  0.5943462735925477 , test  0.7672422295217465 

Epoch 410 : train  0.203346663019457 , valid  0.6129393025369073 , test  0.7687510442501675 

Epoch 420 : train  0.21087491207216438 , valid  0.59473309867307 , test  0.778415136573131 

Epoch 430 : train  0.2034916493068846 , valid  0.6180284287280646 , test  0.8072085556798715 

Epoch 440 : train  0.2066565475432622 , valid  0.5900469429438627 , test  0.7852120513317505 

Epoch 450 : train  0.20677128218041713 , valid  0.6076336860975964 , test  0.7743541721659397 

Epoch 460 : train  0.18984744076929275 , valid  0.613753277362973 , test  0.793496322102701 

Epoch 470 : train  0.19250018430828153 , valid  0.6019563154457305 , test  0.7701024502763755 

Epoch 480 : train  0.182127441350981 , valid  0.5922473362149734 , test  0.7744488329579239 

Epoch 490 : train  0.1796512418342061 , valid  0.5807351056139485 , test  0.7455723872952851 

Epoch 500 : train  0.19098428053075392 , valid  0.5986801967187287 , test  0.7550184828252455 

Epoch 510 : train  0.18147890786890486 , valid  0.5946722660319377 , test  0.7523473043062702 

Epoch 520 : train  0.179403055826466 , valid  0.60905833682172 , test  0.777072763540294 

Epoch 530 : train  0.2222723449779617 , valid  0.6051511867140337 , test  0.7969309626276094 

Epoch 540 : train  0.20817842377961265 , valid  0.5985247904918508 , test  0.7701045321929627 

Epoch 550 : train  0.17264720841938572 , valid  0.6031696256827096 , test  0.7608907008198592 

Epoch 560 : train  0.16635670854365717 , valid  0.5829235454237331 , test  0.7578755191766462 

Epoch 570 : train  0.1807169915369466 , valid  0.5957377543483247 , test  0.7665207119675989 

Epoch 580 : train  0.17675910097038341 , valid  0.5837341018559522 , test  0.7718018363581238 

Epoch 590 : train  0.17497448500687465 , valid  0.5888815453713447 , test  0.7800707498501926 

Epoch 600 : train  0.16767813210318502 , valid  0.5882461903683918 , test  0.7643523088392732 

Epoch 610 : train  0.16339117384754628 , valid  0.5735101813997283 , test  0.7612405333314752 

Epoch 620 : train  0.1761847764886252 , valid  0.5842197392448046 , test  0.7522480466811116 

Epoch 630 : train  0.16229720141065382 , valid  0.6072256410666488 , test  0.7698323623095369 

Epoch 640 : train  0.1611223403629259 , valid  0.580796715721005 , test  0.7598879379785217 

Epoch 650 : train  0.1766313802533301 , valid  0.6005347680606173 , test  0.7566319475005798 

Epoch 660 : train  0.18286272264191547 , valid  0.5845947738711775 , test  0.7531468868489668 

Epoch 670 : train  0.164715333073708 , valid  0.5837129445909898 , test  0.7538161529224923 

Epoch 680 : train  0.16251591535995638 , valid  0.5844189189440784 , test  0.7701321512137899 

Epoch 690 : train  0.15827611431032768 , valid  0.5838496588473567 , test  0.7647115099165962 

Epoch 700 : train  0.15921108012658142 , valid  0.5759657633235316 , test  0.7440204213579205 

Epoch 710 : train  0.15888155197091694 , valid  0.5740309975964727 , test  0.7541404386127019 

Epoch 720 : train  0.1524908192732323 , valid  0.5951890474748078 , test  0.7821743213154646 

Epoch 730 : train  0.1605349260978943 , valid  0.5837820229307915 , test  0.7709851594071998 

Epoch 740 : train  0.1652561693803098 , valid  0.5911025408852961 , test  0.7682186576012967 

Epoch 750 : train  0.16541577844462002 , valid  0.5818728110479308 , test  0.7671825634642444 

Epoch 760 : train  0.1517040369168495 , valid  0.5740559017282582 , test  0.7585386894309286 

Epoch 770 : train  0.15552829628528747 , valid  0.597820906400605 , test  0.7836195059938715 

Epoch 780 : train  0.1556911546214036 , valid  0.5899025824801146 , test  0.7699495228318693 

Epoch 790 : train  0.15801005159100173 , valid  0.5779489989529393 , test  0.7668979316185647 

Epoch 800 : train  0.19697888246256207 , valid  0.5915102247061821 , test  0.7800445231215694 

Epoch 810 : train  0.21178315816325963 , valid  0.613279836429296 , test  0.7943511229144821 

Epoch 820 : train  0.1402495882991836 , valid  0.5804825314946206 , test  0.7595522511381615 

Epoch 830 : train  0.14511761947488802 , valid  0.5788167806247025 , test  0.7535500300853201 

Epoch 840 : train  0.1392393875479301 , valid  0.5697616183990966 , test  0.7726268831875801 

Epoch 850 : train  0.15330806412781026 , valid  0.5827644800950555 , test  0.7536829818566165 

Epoch 860 : train  0.13955504896516566 , valid  0.5743199536161553 , test  0.7472978279212344 

Epoch 870 : train  0.149801906362539 , valid  0.5713606208153512 , test  0.7713432864741464 

Epoch 880 : train  0.13895175718214417 , valid  0.570356644132537 , test  0.7628047410975001 

Epoch 890 : train  0.13894424555412335 , valid  0.57910195011896 , test  0.7554367959229081 

Epoch 900 : train  0.20496025409780255 , valid  0.5875561364527341 , test  0.7640053455614388 

Epoch 910 : train  0.1547732167366909 , valid  0.5873682726016465 , test  0.7741774763829903 

Epoch 920 : train  0.14601894406610044 , valid  0.5927831216294499 , test  0.7871629188727277 

Epoch 930 : train  0.1293673214497632 , valid  0.5814118214089073 , test  0.7686195141723472 

Epoch 940 : train  0.14058502710985088 , valid  0.5780221263422274 , test  0.7627482253420538 

Epoch 950 : train  0.1633263515910857 , valid  0.5965264291441125 , test  0.7794722665253545 

Epoch 960 : train  0.15787985679566516 , valid  0.5874286318756076 , test  0.7634327485584445 

Epoch 970 : train  0.16546607393977875 , valid  0.5954812523952864 , test  0.7615404204901981 

Epoch 980 : train  0.13969815352827872 , valid  0.5953985628344466 , test  0.772105307050148 

Epoch 990 : train  0.13645491576293126 , valid  0.5753592819928856 , test  0.7620483181106218 

Epoch 1000 : train  0.1713049684127424 , valid  0.5908698132677055 , test  0.7882821431237519 

best valid loss: 0.5697616183990966
best test loss: 0.7726268831875801
kfold index: 3
Epoch 10 : train  1.2903298947899173 , valid  1.4264861667836684 , test  1.5255650977022528 

Epoch 20 : train  0.794067470931188 , valid  1.088307776147031 , test  1.1445734324473973 

Epoch 30 : train  0.6769003929661945 , valid  0.97354490678607 , test  1.0450820490954338 

Epoch 40 : train  0.5168007775180716 , valid  0.8850023666417274 , test  0.9703903474459301 

Epoch 50 : train  0.49816996407144704 , valid  0.871635950191913 , test  0.9320504630915684 

Epoch 60 : train  0.42743909731027663 , valid  0.8037408446999039 , test  0.916034125942817 

Epoch 70 : train  0.3579475180812096 , valid  0.8012724752503663 , test  0.9036928787328072 

Epoch 80 : train  0.3515478834785404 , valid  0.750006460545762 , test  0.8549700923626024 

Epoch 90 : train  0.3701264788727472 , valid  0.8213263954786045 , test  0.8977878356190563 

Epoch 100 : train  0.315908848567242 , valid  0.7673642235295727 , test  0.8727338270662108 

Epoch 110 : train  0.404251071365348 , valid  0.8060528810171116 , test  0.8909208889948846 

Epoch 120 : train  0.31941129950133135 , valid  0.7815378003397468 , test  0.870088846158613 

Epoch 130 : train  0.2996834550580593 , valid  0.7513743252828147 , test  0.8525944370957943 

Epoch 140 : train  0.2981914157993228 , valid  0.7572922113642363 , test  0.879497037887562 

Epoch 150 : train  0.32299762411872085 , valid  0.7445744718537561 , test  0.8410803911532585 

Epoch 160 : train  0.28869328649995724 , valid  0.7293526355459463 , test  0.8216671469848997 

Epoch 170 : train  0.29389619356120217 , valid  0.7470794555869512 , test  0.8577816477577644 

Epoch 180 : train  0.2599375290708051 , valid  0.7086066414996228 , test  0.8040493404476198 

Epoch 190 : train  0.26100209888805465 , valid  0.7306335497555071 , test  0.8195545662460234 

Epoch 200 : train  0.25506910155876966 , valid  0.7203424286561009 , test  0.8442266143637878 

Epoch 210 : train  0.2551214437572709 , valid  0.7109645831973144 , test  0.8067919584621577 

Epoch 220 : train  0.2721486434414919 , valid  0.7221957688819776 , test  0.8344885122867832 

Epoch 230 : train  0.2786758782044069 , valid  0.7305494463285496 , test  0.8344048577106815 

Epoch 240 : train  0.2690027124191992 , valid  0.7200622814205014 , test  0.8065713339813402 

Epoch 250 : train  0.25046414332131056 , valid  0.6977757333111952 , test  0.791418152202062 

Epoch 260 : train  0.22353740652488804 , valid  0.709323338915423 , test  0.8158891578746843 

Epoch 270 : train  0.229343132424444 , valid  0.7067763978328949 , test  0.7925718805700799 

Epoch 280 : train  0.2195801289816268 , valid  0.6891240153127101 , test  0.7811702118548373 

Epoch 290 : train  0.26116632054381245 , valid  0.6790407619222917 , test  0.7727578786275372 

Epoch 300 : train  0.24905948266279287 , valid  0.6988255027152696 , test  0.7925988606947939 

Epoch 310 : train  0.23105110743121135 , valid  0.6906519692519109 , test  0.7829053617857539 

Epoch 320 : train  0.23354222325553928 , valid  0.7003538967730597 , test  0.8077365780399972 

Epoch 330 : train  0.21829719093621244 , valid  0.6935956105645528 , test  0.7929770113517084 

Epoch 340 : train  0.21235616970139343 , valid  0.7007888004900001 , test  0.8077407196572679 

Epoch 350 : train  0.22241095209874098 , valid  0.6947999387508457 , test  0.7865028934486274 

Epoch 360 : train  0.20534938315692425 , valid  0.6889604221181314 , test  0.7924436951019684 

Epoch 370 : train  0.2352865616796069 , valid  0.6988748855595155 , test  0.7810069119843219 

Epoch 380 : train  0.20382782328622906 , valid  0.6936016988156147 , test  0.7886272345603648 

Epoch 390 : train  0.19187513769575282 , valid  0.6848215243695721 , test  0.7806244887390775 

Epoch 400 : train  0.19185394055917257 , valid  0.6856983213894023 , test  0.7809526180645003 

Epoch 410 : train  0.20252374192392777 , valid  0.6848354172159724 , test  0.8015785493957671 

Epoch 420 : train  0.18891549817304432 , valid  0.6514168185494791 , test  0.7577817145174698 

Epoch 430 : train  0.19554376141065224 , valid  0.6737728131991995 , test  0.7805136786917712 

Epoch 440 : train  0.19271403847836066 , valid  0.6874216339235405 , test  0.7786811718097378 

Epoch 450 : train  0.1893008069649285 , valid  0.6770990955631085 , test  0.7817319923263396 

Epoch 460 : train  0.19216765180139872 , valid  0.6622326701802455 , test  0.7552002347229609 

Epoch 470 : train  0.17504897664233737 , valid  0.657522640234993 , test  0.764583205742338 

Epoch 480 : train  0.18340907997062614 , valid  0.6526353587569458 , test  0.7695318133283736 

Epoch 490 : train  0.18257834225809452 , valid  0.6805073762258669 , test  0.7926096874938334 

Epoch 500 : train  0.17062921460209715 , valid  0.6597357102280593 , test  0.7680458065621362 

Epoch 510 : train  0.1833936996798302 , valid  0.6702163233422551 , test  0.7718661226421428 

Epoch 520 : train  0.17452647147433556 , valid  0.6743537849155391 , test  0.779914074093456 

Epoch 530 : train  0.1642077616975152 , valid  0.6752423577429694 , test  0.7740611060066627 

Epoch 540 : train  0.18000544155370704 , valid  0.6713684255773589 , test  0.7688918987403367 

Epoch 550 : train  0.16429579261777938 , valid  0.6644942993540686 , test  0.7586980020490466 

Epoch 560 : train  0.1801517958052562 , valid  0.6777885469632229 , test  0.788922964259792 

Epoch 570 : train  0.18464162932042072 , valid  0.6755322427479822 , test  0.7763195199797419 

Epoch 580 : train  0.18253032571730285 , valid  0.6863594143587933 , test  0.7971098951632206 

Epoch 590 : train  0.17191482709250458 , valid  0.6737404040932542 , test  0.7834396579522384 

Epoch 600 : train  0.17819257577828326 , valid  0.6740682334407134 , test  0.7784225845109332 

Epoch 610 : train  0.17365367497386358 , valid  0.6771157444463373 , test  0.7811828983549943 

Epoch 620 : train  0.16354980005552103 , valid  0.6905919916477092 , test  0.8104473399447677 

Epoch 630 : train  0.1631732829853283 , valid  0.6746400927757159 , test  0.7816329502943015 

Epoch 640 : train  0.1636001094261657 , valid  0.6700203224289752 , test  0.7803159178096629 

Epoch 650 : train  0.15645133941142256 , valid  0.6587350181250687 , test  0.7509873300195425 

Epoch 660 : train  0.15783151317341454 , valid  0.6521076507489452 , test  0.7379995285519789 

Epoch 670 : train  0.15008026449330328 , valid  0.6494201791341756 , test  0.7432218215842082 

Epoch 680 : train  0.16377133868538352 , valid  0.6519656068080312 , test  0.7466550306472991 

Epoch 690 : train  0.157246748655949 , valid  0.6696196548950518 , test  0.7644888109021695 

Epoch 700 : train  0.16006796252635033 , valid  0.6690349452672434 , test  0.7746739466255042 

Epoch 710 : train  0.14720565650395345 , valid  0.6650538704378136 , test  0.7581791679097043 

Epoch 720 : train  0.1976910281811046 , valid  0.6864445567968183 , test  0.7780194228004189 

Epoch 730 : train  0.17585333862215954 , valid  0.6787603677502794 , test  0.7714404863467065 

Epoch 740 : train  0.17109656902898118 , valid  0.6617779572946093 , test  0.7566418137911467 

Epoch 750 : train  0.15239467557920797 , valid  0.6895564016302427 , test  0.7913787625858811 

Epoch 760 : train  0.15777623907749702 , valid  0.6802739083887397 , test  0.7780544819924129 

Epoch 770 : train  0.141449783455007 , valid  0.672027205713696 , test  0.7764212162263597 

Epoch 780 : train  0.14342456381376112 , valid  0.6570810561267203 , test  0.7569228917105251 

Epoch 790 : train  0.14850680896689755 , valid  0.6645481374751298 , test  0.7647269029445364 

Epoch 800 : train  0.15145739969210506 , valid  0.6756643481362866 , test  0.7835393704616148 

Epoch 810 : train  0.15343146132205646 , valid  0.6609157709876237 , test  0.7606073518111306 

Epoch 820 : train  0.1531518148907301 , valid  0.6781411100792123 , test  0.7861887993091536 

Epoch 830 : train  0.14777698586378643 , valid  0.6744437896989893 , test  0.7819602606756202 

Epoch 840 : train  0.15407132965628864 , valid  0.6637371963060305 , test  0.7593659695170234 

Epoch 850 : train  0.13480403517019945 , valid  0.6575018467836242 , test  0.7520187833402495 

Epoch 860 : train  0.16414477261924643 , valid  0.690323212282303 , test  0.7886761325797768 

Epoch 870 : train  0.14618865944412648 , valid  0.6692826864087916 , test  0.7741476501247071 

Epoch 880 : train  0.1382471073951576 , valid  0.6825423100493601 , test  0.7812132113065607 

Epoch 890 : train  0.1512837402877057 , valid  0.6675829868306321 , test  0.7641635914938754 

Epoch 900 : train  0.14516982741944612 , valid  0.6647598991938356 , test  0.761672770019598 

Epoch 910 : train  0.15233113903940929 , valid  0.6833228660456372 , test  0.799985612294649 

Epoch 920 : train  0.13501211622850723 , valid  0.6573255260568701 , test  0.7470300867192233 

Epoch 930 : train  0.15639229334526167 , valid  0.6595559825709644 , test  0.7466719599830771 

Epoch 940 : train  0.14077593829863597 , valid  0.6735037893407789 , test  0.775590325420617 

Epoch 950 : train  0.174550730981881 , valid  0.6624307902008604 , test  0.7570166944976684 

Epoch 960 : train  0.1445608885000794 , valid  0.6602079523849864 , test  0.7549894690997677 

Epoch 970 : train  0.13886586267155215 , valid  0.6681402884974035 , test  0.768217379756662 

Epoch 980 : train  0.14066073956325292 , valid  0.6767699077071206 , test  0.7754889700174794 

Epoch 990 : train  0.15925242902457024 , valid  0.664616686755464 , test  0.7547485140186099 

Epoch 1000 : train  0.13942265407524423 , valid  0.6553098544239463 , test  0.7424961872192128 

best valid loss: 0.6494201791341756
best test loss: 0.7432218215842082
kfold index: 4
Epoch 10 : train  1.3457419642464015 , valid  1.314811740413224 , test  1.5492580789156933 

Epoch 20 : train  0.8091385093400814 , valid  0.974590108072897 , test  1.1707700631061828 

Epoch 30 : train  0.5805011403175179 , valid  0.8844870971968444 , test  1.0322072326315588 

Epoch 40 : train  0.5887628025926394 , valid  0.8503702592197318 , test  1.0190317249789396 

Epoch 50 : train  0.4603536108731342 , valid  0.794086237397809 , test  0.9726563615901975 

Epoch 60 : train  0.4533154707855303 , valid  0.7755209799456789 , test  0.9321836284212744 

Epoch 70 : train  0.412628390312317 , valid  0.7761290373559786 , test  0.8907709140594767 

Epoch 80 : train  0.3970631117814763 , valid  0.7294106877382085 , test  0.9043722067960647 

Epoch 90 : train  0.3583811569599724 , valid  0.7336561583975933 , test  0.8464507571366643 

Epoch 100 : train  0.31454432749802824 , valid  0.6940922502727068 , test  0.8537547084355357 

Epoch 110 : train  0.3317317883876084 , valid  0.6914519704819648 , test  0.8573737294208138 

Epoch 120 : train  0.2962017700517722 , valid  0.6720538243476982 , test  0.8381011685755914 

Epoch 130 : train  0.33265252405832973 , valid  0.7233882868494966 , test  0.8857171512265708 

Epoch 140 : train  0.33170253413532025 , valid  0.7076837102111719 , test  0.8547366986149044 

Epoch 150 : train  0.29541612722197974 , valid  0.7026179791499383 , test  0.8433340332605328 

Epoch 160 : train  0.35897771251464167 , valid  0.738567658524289 , test  0.8827359716625341 

Epoch 170 : train  0.29961964334793467 , valid  0.6982985588477059 , test  0.854960359378289 

Epoch 180 : train  0.2949728099827097 , valid  0.6989537175960294 , test  0.8264254883395212 

Epoch 190 : train  0.2786727934330233 , valid  0.6816032180517843 , test  0.8312147797769671 

Epoch 200 : train  0.28413071420726943 , valid  0.6768390019054823 , test  0.8452939693101827 

Epoch 210 : train  0.2709709450814318 , valid  0.695573481449224 , test  0.8490880745608087 

Epoch 220 : train  0.24898478179380512 , valid  0.6698334114600433 , test  0.8418469929142407 

Epoch 230 : train  0.25190041335158586 , valid  0.688056333999835 , test  0.8284407023171709 

Epoch 240 : train  0.2740885304274608 , valid  0.6682054337354328 , test  0.8224587489342372 

Epoch 250 : train  0.26651670294499036 , valid  0.683339143697468 , test  0.8449905688303089 

Epoch 260 : train  0.2384558639199199 , valid  0.672720580523728 , test  0.8128483737208752 

Epoch 270 : train  0.26296282746434557 , valid  0.680009501054572 , test  0.8242307977166922 

Epoch 280 : train  0.2287410385105794 , valid  0.6540213448768748 , test  0.8202973662437769 

Epoch 290 : train  0.23733149355192742 , valid  0.6779877893696497 , test  0.8151756462493889 

Epoch 300 : train  0.23152710506446203 , valid  0.6886485237728854 , test  0.8367934588205644 

Epoch 310 : train  0.20546096317272036 , valid  0.6564396725971031 , test  0.7823133898996895 

Epoch 320 : train  0.2224398514831431 , valid  0.685524400305383 , test  0.8141990465972451 

Epoch 330 : train  0.23860049303709788 , valid  0.648681022493683 , test  0.7955886597822134 

Epoch 340 : train  0.2121653956252094 , valid  0.6646029101739639 , test  0.8094067202466861 

Epoch 350 : train  0.22266656721861489 , valid  0.6677033975855945 , test  0.8011302515796279 

Epoch 360 : train  0.2520546556182101 , valid  0.6988510791399347 , test  0.8436293115293912 

Epoch 370 : train  0.20925868069051878 , valid  0.6629179397384486 , test  0.7965783616717174 

Epoch 380 : train  0.21502588985467944 , valid  0.6635668757488253 , test  0.8063073111697697 

Epoch 390 : train  0.18813798570740184 , valid  0.6821735617722143 , test  0.8150854478987286 

Epoch 400 : train  0.21271130256823184 , valid  0.6707801308925899 , test  0.8103188486120958 

Epoch 410 : train  0.19419454380203155 , valid  0.661148397862444 , test  0.8271706317232256 

Epoch 420 : train  0.19481247339873248 , valid  0.6522847753459936 , test  0.8037333224927619 

Epoch 430 : train  0.1974627448959896 , valid  0.667317681233899 , test  0.7924043118308866 

Epoch 440 : train  0.20153081105130338 , valid  0.6572068791870302 , test  0.7948064111855803 

Epoch 450 : train  0.18274995976127287 , valid  0.6484028293927183 , test  0.7824555422324935 

Epoch 460 : train  0.1941898288929037 , valid  0.6355088813501133 , test  0.7855550576850129 

Epoch 470 : train  0.20230326447748298 , valid  0.6453874031260928 , test  0.8020998610071388 

Epoch 480 : train  0.1892369627732197 , valid  0.6493620266206925 , test  0.8203444928740637 

Epoch 490 : train  0.18273155381215897 , valid  0.6665056947281274 , test  0.814042946308411 

Epoch 500 : train  0.18520319698378004 , valid  0.6532202488477714 , test  0.8007448389445583 

Epoch 510 : train  0.17975897586641507 , valid  0.6475988289070203 , test  0.790592976236648 

Epoch 520 : train  0.17220093038539866 , valid  0.6513422268324617 , test  0.8018371361022674 

Epoch 530 : train  0.1776630464914924 , valid  0.6642355702209058 , test  0.8084740674714229 

Epoch 540 : train  0.1693821626062643 , valid  0.6566782509802245 , test  0.8040373036977798 

Epoch 550 : train  0.18469945962552478 , valid  0.6512174635977688 , test  0.8038519759105259 

Epoch 560 : train  0.20135042455913513 , valid  0.6505312606512069 , test  0.8172949945414507 

Epoch 570 : train  0.16687632884548365 , valid  0.6378984615968766 , test  0.8168092011330027 

Epoch 580 : train  0.1947433671157204 , valid  0.6479826689841687 , test  0.8146796246354072 

Epoch 590 : train  0.16981887059971576 , valid  0.645197873800132 , test  0.8054481158190704 

Epoch 600 : train  0.16324990266592382 , valid  0.6441278285459058 , test  0.7998652249092333 

Epoch 610 : train  0.18143515500635268 , valid  0.6365159291667699 , test  0.8088242763124112 

Epoch 620 : train  0.1725525390910302 , valid  0.6598720319485925 , test  0.8222142742150427 

Epoch 630 : train  0.1591790447797375 , valid  0.62342485679901 , test  0.7890246663487755 

Epoch 640 : train  0.1606230794627809 , valid  0.6379724206304587 , test  0.8240416884238085 

Epoch 650 : train  0.1674888342407785 , valid  0.6281104071962877 , test  0.7969505508497198 

Epoch 660 : train  0.16272789036884946 , valid  0.6450474858396041 , test  0.8316129212233723 

Epoch 670 : train  0.17693331577599494 , valid  0.6241290771212772 , test  0.8085532202419433 

Epoch 680 : train  0.1530474575903394 , valid  0.6255965254106464 , test  0.7934227899889451 

Epoch 690 : train  0.16076194485724038 , valid  0.6282889227249318 , test  0.8150837347938615 

Epoch 700 : train  0.18396177647588893 , valid  0.6482503766717689 , test  0.8301858945161819 

Epoch 710 : train  0.1517792148236656 , valid  0.6266468072337648 , test  0.8080762498663172 

Epoch 720 : train  0.16121657050845223 , valid  0.634997424818317 , test  0.8205307619483936 

Epoch 730 : train  0.18119576863790812 , valid  0.6333046233027736 , test  0.822148623310827 

Epoch 740 : train  0.15599001093205522 , valid  0.6283298859144915 , test  0.819366474782995 

Epoch 750 : train  0.14726447139354185 , valid  0.6318314339236984 , test  0.8184264768976771 

Epoch 760 : train  0.14908541359795274 , valid  0.6390373970411455 , test  0.8333814869218861 

Epoch 770 : train  0.16033831791922937 , valid  0.6384676706358156 , test  0.8283653359415244 

Epoch 780 : train  0.1553102469821985 , valid  0.6276095368128168 , test  0.8213081615909098 

Epoch 790 : train  0.14254530781252714 , valid  0.6165630063105795 , test  0.8294147696989007 

Epoch 800 : train  0.1497100379828812 , valid  0.6393796169803944 , test  0.8280426469390767 

Epoch 810 : train  0.15709148346126683 , valid  0.6482787028250914 , test  0.8402153623989788 

Epoch 820 : train  0.1589433590233991 , valid  0.6457061649613143 , test  0.8322219824129046 

Epoch 830 : train  0.16604262149948512 , valid  0.6417676353262705 , test  0.8397944543967678 

Epoch 840 : train  0.140104235768607 , valid  0.6314479077736164 , test  0.8212565345846008 

Epoch 850 : train  0.15888556591974715 , valid  0.6383948117967339 , test  0.8243014247897591 

Epoch 860 : train  0.15312125477302777 , valid  0.6257213845307207 , test  0.8110763731378623 

Epoch 870 : train  0.1531184842909841 , valid  0.6587207468997848 , test  0.8415471706903273 

Epoch 880 : train  0.1526818891829089 , valid  0.6413647322251959 , test  0.8247027482174948 

Epoch 890 : train  0.146698785736234 , valid  0.6461737508964118 , test  0.8170190708685412 

Epoch 900 : train  0.16069183239039916 , valid  0.6320992072433127 , test  0.8061341695941753 

Epoch 910 : train  0.20020352481605522 , valid  0.6634465258787104 , test  0.8634364088909933 

Epoch 920 : train  0.14059185367899227 , valid  0.6301619899336574 , test  0.8172870538565297 

Epoch 930 : train  0.15245824138142758 , valid  0.6178936255033823 , test  0.8224829297511159 

Epoch 940 : train  0.13335692948885117 , valid  0.6261569208460622 , test  0.825394745867605 

Epoch 950 : train  0.13754826122838945 , valid  0.6215527588332012 , test  0.8336778884780124 

Epoch 960 : train  0.13797899698858168 , valid  0.6371136074824897 , test  0.8367157677634907 

Epoch 970 : train  0.1481696775807015 , valid  0.6299393304819905 , test  0.8307849350378677 

Epoch 980 : train  0.14398040029757356 , valid  0.6315425372920024 , test  0.8284248390661301 

Epoch 990 : train  0.14122530370750766 , valid  0.6249805587102184 , test  0.82721254048685 

Epoch 1000 : train  0.13854041578950402 , valid  0.6218008854685195 , test  0.8204620559598674 

best valid loss: 0.6165630063105795
best test loss: 0.8294147696989007
 
Job Ended at Mon Apr 10 11:55:08 EDT 2023
