Job started on r180.ib.bridges2.psc.edu at Mon Apr 10 09:19:24 EDT 2023
Namespace(data_path='/ocean/projects/cts180021p/shang9/molecules/pretrainLCA/finalized/data/o_gnn_input/Clint/raw/data.csv', dense=1, dropout=0, folder_idx=2, layer=2, split_folder='/ocean/projects/cts180021p/shang9/molecules/pretrainLCA/finalized/model/feature-based/result_1/Clint/')
kfold index: 0
Epoch 10 : train  1.2942539100470059 , valid  1.3327097183494168 , test  1.4661433250898206 

Epoch 20 : train  0.820996805697948 , valid  1.0651916436130995 , test  1.1250482266139523 

Epoch 30 : train  0.8791461843469294 , valid  1.1244076183967262 , test  1.2055116063115263 

Epoch 40 : train  0.5904321476234686 , valid  0.9379979594453588 , test  0.9579295653351856 

Epoch 50 : train  0.6295702589986931 , valid  0.9610420805562788 , test  0.9528913928295327 

Epoch 60 : train  0.5299605384021878 , valid  0.933533495005253 , test  0.9463018744430823 

Epoch 70 : train  0.49947627319536936 , valid  0.9066037169219222 , test  0.9237866292913813 

Epoch 80 : train  0.4245089105764284 , valid  0.841900732728614 , test  0.843690823186163 

Epoch 90 : train  0.39146820655732995 , valid  0.8291983775677388 , test  0.8657277426887005 

Epoch 100 : train  0.40794447348031593 , valid  0.8422606837481407 , test  0.8421997798702199 

Epoch 110 : train  0.36048169805728425 , valid  0.8166323620847072 , test  0.8262935556451055 

Epoch 120 : train  0.4671110800697393 , valid  0.8735453993341844 , test  0.9064932607418749 

Epoch 130 : train  0.3441398252863341 , valid  0.8187363607236513 , test  0.8545712496803443 

Epoch 140 : train  0.32109777234815895 , valid  0.7854137729435752 , test  0.8208487829375279 

Epoch 150 : train  0.3088948793850717 , valid  0.789441632226022 , test  0.8208297930903273 

Epoch 160 : train  0.35816371633847965 , valid  0.7901912266192387 , test  0.8311543894389457 

Epoch 170 : train  0.3052499141314658 , valid  0.7838571854677463 , test  0.8145943455836027 

Epoch 180 : train  0.28673701673847163 , valid  0.7972294987473032 , test  0.8460130386620924 

Epoch 190 : train  0.33876930916940035 , valid  0.8061393756978065 , test  0.8523298120723821 

Epoch 200 : train  0.27788867311890253 , valid  0.7868929665219457 , test  0.8136384771319403 

Epoch 210 : train  0.2822530153731201 , valid  0.8000696557097806 , test  0.8192680689843503 

Epoch 220 : train  0.28757568733379824 , valid  0.7743655471734147 , test  0.7799135872414696 

Epoch 230 : train  0.3195499456247357 , valid  0.8359201034497147 , test  0.8554900226711597 

Epoch 240 : train  0.3010430993819601 , valid  0.8050440668359262 , test  0.8304999943741788 

Epoch 250 : train  0.285743104176293 , valid  0.7846107541247268 , test  0.8173363541362575 

Epoch 260 : train  0.2743272392073417 , valid  0.8127438499715612 , test  0.827714114093523 

Epoch 270 : train  0.24310928562938167 , valid  0.7605175016546823 , test  0.7943539843373061 

Epoch 280 : train  0.2504028100328129 , valid  0.7751004967116644 , test  0.7934264343528664 

Epoch 290 : train  0.285204588333085 , valid  0.7900180539955939 , test  0.8052780143795374 

Epoch 300 : train  0.2820026585219638 , valid  0.7907366172308269 , test  0.8125900179500335 

Epoch 310 : train  0.2750706081740226 , valid  0.8040142324639418 , test  0.8183764590106233 

Epoch 320 : train  0.22491316123677246 , valid  0.7873151643226142 , test  0.8171765421685027 

Epoch 330 : train  0.23867579155529098 , valid  0.7753912303779383 , test  0.7799111489865569 

Epoch 340 : train  0.21985528861731357 , valid  0.7870948347393832 , test  0.8105715940869325 

Epoch 350 : train  0.2517793670265219 , valid  0.7965080341799444 , test  0.8115314587756074 

Epoch 360 : train  0.22466674617283058 , valid  0.7700076330476596 , test  0.7993213315325596 

Epoch 370 : train  0.22655946247686876 , valid  0.7602953996003282 , test  0.7867803103156165 

Epoch 380 : train  0.2353641714475179 , valid  0.7616434428662952 , test  0.7837608919590956 

Epoch 390 : train  0.2536391538930115 , valid  0.7668072472040287 , test  0.7892029913560947 

Epoch 400 : train  0.20885452010353558 , valid  0.7509193555049983 , test  0.7736556174076742 

Epoch 410 : train  0.2346174012025798 , valid  0.7458897334398539 , test  0.7668827268751953 

Epoch 420 : train  0.2215422414039804 , valid  0.7602231779753104 , test  0.7824846222263525 

Epoch 430 : train  0.20187745253148934 , valid  0.7484782468056628 , test  0.7789515011047968 

Epoch 440 : train  0.21584962948016648 , valid  0.7590126230729204 , test  0.7883216968767874 

Epoch 450 : train  0.21563387882274174 , valid  0.7594446443902534 , test  0.8002012590335409 

Epoch 460 : train  0.2360371008255381 , valid  0.7579338752890473 , test  0.8093167233245543 

Epoch 470 : train  0.21436932861781746 , valid  0.7773293035782184 , test  0.8198821725890889 

Epoch 480 : train  0.30427906373420655 , valid  0.7765671514019198 , test  0.804154079322381 

Epoch 490 : train  0.19221020353308643 , valid  0.7624307318340885 , test  0.7971200962408589 

Epoch 500 : train  0.18884591337073584 , valid  0.7462088792623432 , test  0.7897615288150962 

Epoch 510 : train  0.1912159480034264 , valid  0.7561081143610967 , test  0.7953058331661526 

Epoch 520 : train  0.20748263336290768 , valid  0.786323269088739 , test  0.8303421917571617 

Epoch 530 : train  0.1954887929972061 , valid  0.7788778111426099 , test  0.8130139757746677 

Epoch 540 : train  0.19964964186674322 , valid  0.762330290044426 , test  0.8146407085775231 

Epoch 550 : train  0.18078286161075358 , valid  0.7396332702639445 , test  0.7764216431509937 

Epoch 560 : train  0.16829149494773374 , valid  0.7541752499449944 , test  0.801020534448535 

Epoch 570 : train  0.21255979160279784 , valid  0.7533818776395036 , test  0.807363694081673 

Epoch 580 : train  0.18586424681252162 , valid  0.7451721950321338 , test  0.80623390294595 

Epoch 590 : train  0.18143916334699675 , valid  0.7671372059657954 , test  0.8171338499613813 

Epoch 600 : train  0.18537463008764743 , valid  0.745122175814922 , test  0.7905341611050347 

Epoch 610 : train  0.2108134579012553 , valid  0.7446986980034833 , test  0.7749777450756375 

Epoch 620 : train  0.1925079170664195 , valid  0.7576160212803607 , test  0.8163681489454153 

Epoch 630 : train  0.1761383280510245 , valid  0.7585912673629228 , test  0.8171152671554156 

Epoch 640 : train  0.17465130581216534 , valid  0.7613247900659771 , test  0.8226296326285218 

Epoch 650 : train  0.1676240410543097 , valid  0.7408692009282173 , test  0.7959650150145389 

Epoch 660 : train  0.17105072744178193 , valid  0.7627515416267057 , test  0.8175787426653339 

Epoch 670 : train  0.18560781935374043 , valid  0.7542800245325909 , test  0.8141234368770639 

Epoch 680 : train  0.18825909055285467 , valid  0.7387464699356723 , test  0.7966715318049749 

Epoch 690 : train  0.17547015349591522 , valid  0.7395605528057242 , test  0.7781986180934641 

Epoch 700 : train  0.18048185910572245 , valid  0.757080815511664 , test  0.7954068808102177 

Epoch 710 : train  0.1701105607731225 , valid  0.7224116341105349 , test  0.7670786899643784 

Epoch 720 : train  0.16163912610233624 , valid  0.7349298183370947 , test  0.7659921267921626 

Epoch 730 : train  0.17362141702628284 , valid  0.7401962867448187 , test  0.7699786802641775 

Epoch 740 : train  0.18042337868072364 , valid  0.7126635909625272 , test  0.7469549070854766 

Epoch 750 : train  0.16222081145071585 , valid  0.7298083727278144 , test  0.7827036221321945 

Epoch 760 : train  0.16822844835631004 , valid  0.7350611164740827 , test  0.7788845578120498 

Epoch 770 : train  0.16637805114632398 , valid  0.7228704814187328 , test  0.7549506050874009 

Epoch 780 : train  0.16932110249684032 , valid  0.7360300360212874 , test  0.7887958759262498 

Epoch 790 : train  0.17941586496793627 , valid  0.7283909584885366 , test  0.7718513743671507 

Epoch 800 : train  0.17821337721625977 , valid  0.7435940770061931 , test  0.7811643648867924 

Epoch 810 : train  0.1709004389576099 , valid  0.7375789045499983 , test  0.7885881069019283 

Epoch 820 : train  0.16521485733273572 , valid  0.7520914568916937 , test  0.8027970725532291 

Epoch 830 : train  0.17043397233355623 , valid  0.7221533982921066 , test  0.7703483539730013 

Epoch 840 : train  0.1562777855169153 , valid  0.7227635253355399 , test  0.7694564317698515 

Epoch 850 : train  0.19495719130061565 , valid  0.7358174481370656 , test  0.7785127691904364 

Epoch 860 : train  0.17424457378988462 , valid  0.7415662345900851 , test  0.7905260542122764 

Epoch 870 : train  0.160794224523738 , valid  0.7193589547157996 , test  0.7616764570938324 

Epoch 880 : train  0.17728075623162873 , valid  0.7313554019533726 , test  0.7785683014085106 

Epoch 890 : train  0.17849716756277142 , valid  0.7089407699942636 , test  0.763120361351525 

Epoch 900 : train  0.16377057102647818 , valid  0.7017957833227471 , test  0.7535346350240479 

Epoch 910 : train  0.2013965781549366 , valid  0.7615077268582283 , test  0.7985842874955965 

Epoch 920 : train  0.16023870828145406 , valid  0.7281220162489954 , test  0.7823874157326116 

Epoch 930 : train  0.1544928708296736 , valid  0.7111777976141695 , test  0.7608164237318311 

Epoch 940 : train  0.1702988158441979 , valid  0.7418583291374823 , test  0.7821995215824639 

Epoch 950 : train  0.15561083548468982 , valid  0.7118534853077056 , test  0.766836132143816 

Epoch 960 : train  0.16759671583451619 , valid  0.7220685302330314 , test  0.7699668490304057 

Epoch 970 : train  0.1571393284975695 , valid  0.7067701814600545 , test  0.7505891047158932 

Epoch 980 : train  0.154488093321316 , valid  0.723244063014331 , test  0.7660214215192175 

Epoch 990 : train  0.1556134731810945 , valid  0.7056239232061313 , test  0.7483074850487157 

Epoch 1000 : train  0.15248910484153377 , valid  0.708606932564077 , test  0.7538198728543543 

best valid loss: 0.7017957833227471
best test loss: 0.7535346350240479
kfold index: 1
Epoch 10 : train  1.4657732426552805 , valid  1.5397316740847355 , test  1.6293434002694138 

Epoch 20 : train  0.7291769978129049 , valid  1.0621533105318453 , test  1.173430691142254 

Epoch 30 : train  0.6653122876106842 , valid  1.0180674243095171 , test  1.1334254848631167 

Epoch 40 : train  0.5788643636766556 , valid  0.9704206958102848 , test  1.063934716580866 

Epoch 50 : train  0.4348101477307709 , valid  0.8788873484332643 , test  0.9963145564527617 

Epoch 60 : train  0.42347740391837 , valid  0.8818719243809312 , test  0.9946906797321038 

Epoch 70 : train  0.35785931254908226 , valid  0.8652062820866776 , test  0.985503871685521 

Epoch 80 : train  0.40209948995639716 , valid  0.8822492818023172 , test  1.0102792337861135 

Epoch 90 : train  0.3620629059338177 , valid  0.8643037814101266 , test  0.984876056079983 

Epoch 100 : train  0.3326413740380789 , valid  0.8509128012224605 , test  0.9828205572621381 

Epoch 110 : train  0.3187325669607685 , valid  0.8282628556675962 , test  0.9542472759379302 

Epoch 120 : train  0.3294568167885431 , valid  0.8558873668828555 , test  0.960974385002422 

Epoch 130 : train  0.31866035178226276 , valid  0.8296368549752097 , test  0.9562739521331893 

Epoch 140 : train  0.30722200396027877 , valid  0.8263429941821969 , test  0.9610240190697751 

Epoch 150 : train  0.31928525529223184 , valid  0.8624368181218032 , test  0.9870542504239704 

Epoch 160 : train  0.29311109629739596 , valid  0.8045800896185328 , test  0.9229123883732929 

Epoch 170 : train  0.28509007772651174 , valid  0.8200634865552384 , test  0.9368997001399382 

Epoch 180 : train  0.28562997431041953 , valid  0.7978066910407287 , test  0.9389731374535814 

Epoch 190 : train  0.36646379841882337 , valid  0.8243765351693649 , test  0.9689274822837972 

Epoch 200 : train  0.28169557350461333 , valid  0.8022267440828397 , test  0.9449527888854137 

Epoch 210 : train  0.264512495285606 , valid  0.8104037633041346 , test  0.9477638143255238 

Epoch 220 : train  0.24529619091330085 , valid  0.8040493503950586 , test  0.9581281405633876 

Epoch 230 : train  0.2904726891152665 , valid  0.8157085425186681 , test  0.9371562658596579 

Epoch 240 : train  0.25792639586773114 , valid  0.8007745497505636 , test  0.9203388743343418 

Epoch 250 : train  0.2544792677181142 , valid  0.8165607452032524 , test  0.941476882993647 

Epoch 260 : train  0.25691922586308646 , valid  0.8033241275391598 , test  0.9420477019583839 

Epoch 270 : train  0.2523492296487058 , valid  0.804654714338064 , test  0.9367482420980098 

Epoch 280 : train  0.23897467260915198 , valid  0.7950822176819002 , test  0.9088641658110425 

Epoch 290 : train  0.2336662025467845 , valid  0.7659042019002611 , test  0.8972182448323511 

Epoch 300 : train  0.25910564630773464 , valid  0.780700682680951 , test  0.9113864048992015 

Epoch 310 : train  0.2279920571775012 , valid  0.7810054448603303 , test  0.9247973206831686 

Epoch 320 : train  0.2363702316137835 , valid  0.7866447474016368 , test  0.9230162489297634 

Epoch 330 : train  0.24068280890829735 , valid  0.794938621702044 , test  0.9255393885076674 

Epoch 340 : train  0.214367507605133 , valid  0.7875625104071949 , test  0.9026380035963845 

Epoch 350 : train  0.20579112884164263 , valid  0.764784787963426 , test  0.8937079472666665 

Epoch 360 : train  0.21241659457826811 , valid  0.7910360134146484 , test  0.9270593238762797 

Epoch 370 : train  0.2193579321587169 , valid  0.777332556376161 , test  0.9103544534146726 

Epoch 380 : train  0.22860226289951435 , valid  0.7700514810136773 , test  0.9154819901327292 

Epoch 390 : train  0.20278907501698964 , valid  0.7642428464919617 , test  0.9081699260145119 

Epoch 400 : train  0.2282647833392498 , valid  0.7987687041597805 , test  0.9256818934637105 

Epoch 410 : train  0.21951320281353237 , valid  0.757266723046638 , test  0.920220298164636 

Epoch 420 : train  0.19932745545986127 , valid  0.770529602750462 , test  0.9062454950600068 

Epoch 430 : train  0.20958958259574606 , valid  0.7622447510663515 , test  0.8910048218961673 

Epoch 440 : train  0.1951596382570399 , valid  0.7671964408047239 , test  0.8924737687881911 

Epoch 450 : train  0.20959310339663548 , valid  0.7431320261254103 , test  0.8750732263042545 

Epoch 460 : train  0.2468077491516582 , valid  0.7890866092379413 , test  0.9246246166708764 

Epoch 470 : train  0.20613407018425323 , valid  0.7757181618334452 , test  0.9020911352985563 

Epoch 480 : train  0.2001734089791979 , valid  0.7540428950475674 , test  0.8658490565290766 

Epoch 490 : train  0.19049182700999526 , valid  0.7601869672125142 , test  0.9119519169374087 

Epoch 500 : train  0.18832350028541292 , valid  0.7645464287399948 , test  0.8770586931231679 

Epoch 510 : train  0.1840025433102593 , valid  0.77497374599926 , test  0.8872618518205143 

Epoch 520 : train  0.18919035579555532 , valid  0.7679408318826142 , test  0.8908130249262317 

Epoch 530 : train  0.2031135888210595 , valid  0.7839239457324223 , test  0.8893803127524448 

Epoch 540 : train  0.18941614589928174 , valid  0.7750373705324016 , test  0.8936491534503883 

Epoch 550 : train  0.19103832099041868 , valid  0.774531808320716 , test  0.8927814929736432 

Epoch 560 : train  0.17779082119149286 , valid  0.7790411641147882 , test  0.9009180737053594 

Epoch 570 : train  0.17919279376679131 , valid  0.7706540555562859 , test  0.9070647589059736 

Epoch 580 : train  0.18883010283354745 , valid  0.772927027134311 , test  0.8946981545934125 

Epoch 590 : train  0.1919770138362783 , valid  0.7803066245443 , test  0.9116913608183841 

Epoch 600 : train  0.18491388871552575 , valid  0.7745383031877723 , test  0.9230862465993966 

Epoch 610 : train  0.18828956698788996 , valid  0.7986296730739908 , test  0.9241403489546426 

Epoch 620 : train  0.18256383920818606 , valid  0.7690962754833084 , test  0.8935918207986536 

Epoch 630 : train  0.19202290368958858 , valid  0.7783200396523332 , test  0.9078327075535516 

Epoch 640 : train  0.18289521591200084 , valid  0.7696190682391615 , test  0.9058596045253501 

Epoch 650 : train  0.1730180538966103 , valid  0.7770588384773822 , test  0.8699098032369258 

Epoch 660 : train  0.18084283663328465 , valid  0.7757857525039046 , test  0.8969923700015713 

Epoch 670 : train  0.1901582202113976 , valid  0.7565773796328341 , test  0.9009593217438054 

Epoch 680 : train  0.18168803261958238 , valid  0.7630081669497273 , test  0.8730645093256597 

Epoch 690 : train  0.1830576810998943 , valid  0.7601005519857218 , test  0.8848601162032732 

Epoch 700 : train  0.16842051154439105 , valid  0.7680621428845169 , test  0.902003282403986 

Epoch 710 : train  0.16558950562870484 , valid  0.7586548445753023 , test  0.8896037943330842 

Epoch 720 : train  0.17299882434457528 , valid  0.7742899498872635 , test  0.8885554475547418 

Epoch 730 : train  0.17551503148870803 , valid  0.7675372702002827 , test  0.893025409849442 

Epoch 740 : train  0.21951742168707242 , valid  0.7636571036457283 , test  0.9034941265255872 

Epoch 750 : train  0.1700359403515346 , valid  0.7417408915252665 , test  0.9015072203798759 

Epoch 760 : train  0.17059632648841735 , valid  0.7525122395264131 , test  0.8935102175042433 

Epoch 770 : train  0.16284507497801504 , valid  0.7434519900979906 , test  0.8482381593649158 

Epoch 780 : train  0.19957566224906545 , valid  0.7764225832725108 , test  0.8602372560931643 

Epoch 790 : train  0.16433064317476961 , valid  0.7571943345867626 , test  0.8775656555139228 

Epoch 800 : train  0.17024531692999093 , valid  0.7571257111438842 , test  0.8958104430401035 

Epoch 810 : train  0.17331909189313965 , valid  0.774498179241077 , test  0.9040818838174582 

Epoch 820 : train  0.16032482513626684 , valid  0.7721567482681923 , test  0.877941453987482 

Epoch 830 : train  0.16163628959190054 , valid  0.7463441582581801 , test  0.902738752648725 

Epoch 840 : train  0.16194306574654094 , valid  0.7522925555130574 , test  0.8796860191650115 

Epoch 850 : train  0.18627959751839218 , valid  0.7701879169203564 , test  0.9046816209768599 

Epoch 860 : train  0.16491106623982124 , valid  0.7696352108936031 , test  0.9036967210529556 

Epoch 870 : train  0.16266650668105967 , valid  0.7787452613455804 , test  0.9050946701059382 

Epoch 880 : train  0.16973075835273657 , valid  0.7493247978079535 , test  0.8683485080126631 

Epoch 890 : train  0.16248629646061807 , valid  0.7545582248549809 , test  0.884058706898117 

Epoch 900 : train  0.153756314408392 , valid  0.7490357565856881 , test  0.8696114159082425 

Epoch 910 : train  0.16703729481438817 , valid  0.760984134787807 , test  0.8667406314617914 

Epoch 920 : train  0.15833104375643936 , valid  0.7551582321224243 , test  0.888391875547674 

Epoch 930 : train  0.17177793651172155 , valid  0.7480030438978978 , test  0.889176147972353 

Epoch 940 : train  0.16802638611512602 , valid  0.7709786167394533 , test  0.8911778105580378 

Epoch 950 : train  0.1588568982952866 , valid  0.7657250291772293 , test  0.9041976012143859 

Epoch 960 : train  0.15343458960987963 , valid  0.7657597175394321 , test  0.9136307288344097 

Epoch 970 : train  0.15852847586304447 , valid  0.785117121859743 , test  0.9210414244300414 

Epoch 980 : train  0.15693606152799006 , valid  0.7767805587397711 , test  0.9335555468509285 

Epoch 990 : train  0.15726852056085872 , valid  0.7553748925996938 , test  0.9016577153541273 

Epoch 1000 : train  0.16341952111663008 , valid  0.779519039661214 , test  0.923228613607952 

best valid loss: 0.7417408915252665
best test loss: 0.9015072203798759
kfold index: 2
Epoch 10 : train  1.4349815199186338 , valid  1.3997127075944726 , test  1.5491803329705327 

Epoch 20 : train  0.7284982592137212 , valid  0.9813661948074144 , test  1.1593027609939648 

Epoch 30 : train  0.6215105061812224 , valid  0.9470487863610779 , test  1.0563347076588716 

Epoch 40 : train  0.5205887078484279 , valid  0.9400751954504694 , test  1.0059395518540208 

Epoch 50 : train  0.5221862689188662 , valid  0.8902837945014666 , test  0.9978982233004133 

Epoch 60 : train  0.41604425157936487 , valid  0.8456079340298901 , test  0.9507295199421241 

Epoch 70 : train  0.3939402529656399 , valid  0.8260955026414157 , test  0.927624754701419 

Epoch 80 : train  0.3884848536751211 , valid  0.7962961713066273 , test  0.9128684195270639 

Epoch 90 : train  0.34013052482322825 , valid  0.776280305448853 , test  0.8806980760379889 

Epoch 100 : train  0.36953341241321225 , valid  0.7792338975925674 , test  0.9107508909914881 

Epoch 110 : train  0.32202727558072913 , valid  0.7235640039548463 , test  0.882422198450938 

Epoch 120 : train  0.3152662619259717 , valid  0.7609453500042995 , test  0.9004815732799809 

Epoch 130 : train  0.31056121267098685 , valid  0.7647949235139683 , test  0.9154988725866892 

Epoch 140 : train  0.29744283424579415 , valid  0.7601461876701102 , test  0.894372123378179 

Epoch 150 : train  0.32871645911877506 , valid  0.7824294661030928 , test  0.9044956072615155 

Epoch 160 : train  0.2680000385544919 , valid  0.7613531802767463 , test  0.8971029034850673 

Epoch 170 : train  0.3075164210410255 , valid  0.7584010730048716 , test  0.9203058146309752 

Epoch 180 : train  0.32072434096068936 , valid  0.7344267684210484 , test  0.9003399951064455 

Epoch 190 : train  0.3203259032681223 , valid  0.7316673245700428 , test  0.8912621202906531 

Epoch 200 : train  0.323752970001837 , valid  0.737644247265928 , test  0.8847726583957414 

Epoch 210 : train  0.2786434967317015 , valid  0.7117520604493963 , test  0.8737186437368734 

Epoch 220 : train  0.24725967641093222 , valid  0.7156536661899472 , test  0.918317083501226 

Epoch 230 : train  0.26099177384872924 , valid  0.7335149357806272 , test  0.8835877881894892 

Epoch 240 : train  0.30295643332547173 , valid  0.7415428619680524 , test  0.9057455703608581 

Epoch 250 : train  0.25822704565797494 , valid  0.7229416951879605 , test  0.8748595565473342 

Epoch 260 : train  0.2594350432634022 , valid  0.7304935381313086 , test  0.8764091311619482 

Epoch 270 : train  0.24032725702606725 , valid  0.7039776216916053 , test  0.828385829759551 

Epoch 280 : train  0.2518426230606984 , valid  0.7148049092727304 , test  0.8578648488135289 

Epoch 290 : train  0.21304734095552572 , valid  0.7076629522434996 , test  0.8402011873688685 

Epoch 300 : train  0.24472359384190195 , valid  0.7424568050538148 , test  0.8748193690057223 

Epoch 310 : train  0.23274473146656485 , valid  0.7187402407084978 , test  0.8671433898457275 

Epoch 320 : train  0.24195295836512895 , valid  0.7358916253123755 , test  0.8833477583807797 

Epoch 330 : train  0.21933058391998808 , valid  0.7160123912153057 , test  0.8591981267981901 

Epoch 340 : train  0.25083972193903553 , valid  0.7196088336190957 , test  0.8519828973741903 

Epoch 350 : train  0.22576268457855447 , valid  0.7151934170640937 , test  0.8443975646622696 

Epoch 360 : train  0.22688416157603897 , valid  0.7168320912553575 , test  0.853596177952096 

Epoch 370 : train  0.21912635733252156 , valid  0.7192014295156796 , test  0.8464648313452658 

Epoch 380 : train  0.20940966185463217 , valid  0.7109864358610224 , test  0.8423835998148111 

Epoch 390 : train  0.24269800534174507 , valid  0.7394007303539154 , test  0.873561686067928 

Epoch 400 : train  0.2259685551284567 , valid  0.7380176042016465 , test  0.850365190031437 

Epoch 410 : train  0.20382545419672277 , valid  0.6897471059629636 , test  0.8299087724233408 

Epoch 420 : train  0.22334774000494562 , valid  0.7244491197555659 , test  0.8437098426437618 

Epoch 430 : train  0.26194747409964886 , valid  0.7501147235284911 , test  0.8699422024845115 

Epoch 440 : train  0.1969879225505474 , valid  0.7189094307236622 , test  0.8520277908559215 

Epoch 450 : train  0.20140445251625477 , valid  0.699576541064981 , test  0.8311176764233348 

Epoch 460 : train  0.19179703398638923 , valid  0.6951873334707863 , test  0.8188195290296811 

Epoch 470 : train  0.20611056136946151 , valid  0.7003214208577312 , test  0.840909948086941 

Epoch 480 : train  0.20602952289205795 , valid  0.6835529892353785 , test  0.8175110860679651 

Epoch 490 : train  0.20476992240040953 , valid  0.6993279112858632 , test  0.8269757127368264 

Epoch 500 : train  0.20029209800202072 , valid  0.6940778417107502 , test  0.8244743974103638 

Epoch 510 : train  0.22596869372890707 , valid  0.7030648901565713 , test  0.8277349562026034 

Epoch 520 : train  0.18845761047295248 , valid  0.6874023032849099 , test  0.825451152458737 

Epoch 530 : train  0.17530313561224883 , valid  0.6858050441320722 , test  0.8420631635929124 

Epoch 540 : train  0.18673151708881397 , valid  0.6936157215354218 , test  0.8106718494673678 

Epoch 550 : train  0.1999776550538834 , valid  0.6919931655007542 , test  0.8163457988725928 

Epoch 560 : train  0.202660841204439 , valid  0.6909315748759988 , test  0.8181721647560104 

Epoch 570 : train  0.21291337275029812 , valid  0.708448500941742 , test  0.8385446253437204 

Epoch 580 : train  0.18109935888386072 , valid  0.6858789924047115 , test  0.8142302043375894 

Epoch 590 : train  0.18513159195194265 , valid  0.7147222778790757 , test  0.8382752544254951 

Epoch 600 : train  0.18743654141094254 , valid  0.703117167732559 , test  0.8239143537931485 

Epoch 610 : train  0.18692021666006042 , valid  0.6938857877491474 , test  0.8202440588672331 

Epoch 620 : train  0.1896737897029302 , valid  0.7328373685522246 , test  0.825296636143864 

Epoch 630 : train  0.19857685243582635 , valid  0.6785134227876378 , test  0.8033164329634869 

Epoch 640 : train  0.17771512561133262 , valid  0.6824517382383423 , test  0.7994354223045327 

Epoch 650 : train  0.18459023974338004 , valid  0.687215142489989 , test  0.8093563144493241 

Epoch 660 : train  0.1759194574934603 , valid  0.7011511475052229 , test  0.803172337794504 

Epoch 670 : train  0.17591296465065012 , valid  0.6800352571762435 , test  0.814581072512649 

Epoch 680 : train  0.17994660378002378 , valid  0.6891438189580508 , test  0.807582850865824 

Epoch 690 : train  0.16535018902077214 , valid  0.6909980328665939 , test  0.8201417624844843 

Epoch 700 : train  0.1742841318435557 , valid  0.6986743127139146 , test  0.8086790222406158 

Epoch 710 : train  0.18249917328893525 , valid  0.7031456537568321 , test  0.808949796880803 

Epoch 720 : train  0.1725199715515152 , valid  0.6945852006838361 , test  0.8258942706040096 

Epoch 730 : train  0.18231847586089522 , valid  0.6805891023781144 , test  0.8073450867705381 

Epoch 740 : train  0.19105893671840948 , valid  0.6954472022527928 , test  0.8134282512657711 

Epoch 750 : train  0.16676923728772533 , valid  0.6987756522590498 , test  0.8198411524379319 

Epoch 760 : train  0.16708657592214735 , valid  0.6872361503278746 , test  0.8057830568938941 

Epoch 770 : train  0.16263682941077337 , valid  0.6853808437594241 , test  0.7932061673958811 

Epoch 780 : train  0.1740488184184932 , valid  0.7038691950961748 , test  0.8233641857702384 

Epoch 790 : train  0.1602100477587905 , valid  0.6887342555176539 , test  0.8097187961372788 

Epoch 800 : train  0.16460916550716762 , valid  0.6935439519765418 , test  0.8181979986769767 

Epoch 810 : train  0.1623944254595415 , valid  0.6837334808510138 , test  0.7969323345798792 

Epoch 820 : train  0.16044479236122777 , valid  0.6793180944782341 , test  0.8053074737452588 

Epoch 830 : train  0.17068875711633452 , valid  0.6854424494464257 , test  0.8260278717436895 

Epoch 840 : train  0.17346086193238974 , valid  0.6935162416437266 , test  0.8120337195586788 

Epoch 850 : train  0.1605972883596651 , valid  0.6814492438756631 , test  0.8104695944808439 

Epoch 860 : train  0.16495873152921223 , valid  0.6720784064501821 , test  0.8085283437509189 

Epoch 870 : train  0.2015374814148391 , valid  0.6951846643573186 , test  0.8191550654480205 

Epoch 880 : train  0.1815320860507631 , valid  0.7149744356875206 , test  0.830240253747736 

Epoch 890 : train  0.15564585542191772 , valid  0.6887200662058296 , test  0.8094052393330827 

Epoch 900 : train  0.16451837906251032 , valid  0.6934559381342009 , test  0.8160477747580783 

Epoch 910 : train  0.16126062695116414 , valid  0.6944532487446942 , test  0.8070833838754643 

Epoch 920 : train  0.15183805474419584 , valid  0.6909273142318726 , test  0.8119092332847716 

Epoch 930 : train  0.17199043385024126 , valid  0.6986043748856704 , test  0.8215125999153056 

Epoch 940 : train  0.16516533802217828 , valid  0.6731730246467519 , test  0.7874806759815779 

Epoch 950 : train  0.16502009721704627 , valid  0.6698800857686228 , test  0.7907067169909306 

Epoch 960 : train  0.17515644056712823 , valid  0.7016775794000871 , test  0.8330300029981796 

Epoch 970 : train  0.1678429009721883 , valid  0.6784722982014332 , test  0.8082619918908912 

Epoch 980 : train  0.15002189610936084 , valid  0.6746338021468145 , test  0.7912830731464721 

Epoch 990 : train  0.15781916254121547 , valid  0.6609687470365462 , test  0.7846694062667241 

Epoch 1000 : train  0.16266133985380318 , valid  0.68864645561221 , test  0.7991929493474884 

best valid loss: 0.6609687470365462
best test loss: 0.7846694062667241
kfold index: 3
Epoch 10 : train  1.363292128148087 , valid  1.5088252180525261 , test  1.5597051888358346 

Epoch 20 : train  0.7565739429000231 , valid  1.169099389218833 , test  1.2586665392393261 

Epoch 30 : train  0.6512176200544469 , valid  1.0850171172328706 , test  1.2042471967777442 

Epoch 40 : train  0.5601938669701709 , valid  1.0310244969914246 , test  1.1820447095189048 

Epoch 50 : train  0.5826377221858261 , valid  1.0513404085225098 , test  1.1829239760397692 

Epoch 60 : train  0.44931108193916236 , valid  1.0026915909769274 , test  1.1599017810236367 

Epoch 70 : train  0.40967829402360323 , valid  0.9440656378559783 , test  1.1228041553702963 

Epoch 80 : train  0.41831941273725315 , valid  0.9443445824062408 , test  1.0906788575750481 

Epoch 90 : train  0.4107857730394795 , valid  0.9342183531248984 , test  1.086161159843795 

Epoch 100 : train  0.3684975440957012 , valid  0.9546314167924368 , test  1.0900326698833065 

Epoch 110 : train  0.3502428376431895 , valid  0.9454820478560866 , test  1.0939226896117977 

Epoch 120 : train  0.33007043725080365 , valid  0.9223081116118942 , test  1.0782680069771797 

Epoch 130 : train  0.3159189272282547 , valid  0.9176283413097266 , test  1.0815691885432916 

Epoch 140 : train  0.3253555569039212 , valid  0.9358113611423898 , test  1.0716779604042488 

Epoch 150 : train  0.29620261189242064 , valid  0.9524341061055855 , test  1.1045867631074315 

Epoch 160 : train  0.3169996069977041 , valid  0.9313134803763472 , test  1.063599404841982 

Epoch 170 : train  0.3038461833294217 , valid  0.9452129573133584 , test  1.0647275660499997 

Epoch 180 : train  0.320663537693921 , valid  0.9215086392941101 , test  1.0455011328192716 

Epoch 190 : train  0.28052693945772494 , valid  0.9264527591620595 , test  1.0644243076658522 

Epoch 200 : train  0.2992451511371302 , valid  0.9342724018259257 , test  1.073170276046564 

Epoch 210 : train  0.3036801160532245 , valid  0.920627116050503 , test  1.0482491682386212 

Epoch 220 : train  0.2457476715161527 , valid  0.8770477398920593 , test  1.0318490757265082 

Epoch 230 : train  0.2681874732835752 , valid  0.916021143365008 , test  1.0367706959144465 

Epoch 240 : train  0.2734370919320507 , valid  0.8880439336521563 , test  1.0271281868303557 

Epoch 250 : train  0.25155060668007334 , valid  0.8890573121436331 , test  1.0227156677903666 

Epoch 260 : train  0.27011931903750225 , valid  0.8917316137174293 , test  1.0028988827907437 

Epoch 270 : train  0.259975751426347 , valid  0.9055525912232422 , test  1.0305789115030106 

Epoch 280 : train  0.2504196752244649 , valid  0.8940501588936912 , test  1.0185103831183329 

Epoch 290 : train  0.2430989853230776 , valid  0.9052404239121504 , test  1.0148105416063056 

Epoch 300 : train  0.23523745852401234 , valid  0.8790477087180417 , test  1.015774969259731 

Epoch 310 : train  0.25999483654408784 , valid  0.8967517872253804 , test  1.022751828388564 

Epoch 320 : train  0.23023668039581918 , valid  0.8814469647204545 , test  1.0051592137160017 

Epoch 330 : train  0.22991990831052994 , valid  0.8967889152362867 , test  1.0033595602628407 

Epoch 340 : train  0.22918634521455242 , valid  0.8808519675365147 , test  0.9952892295038085 

Epoch 350 : train  0.22588821074467733 , valid  0.8807132121211525 , test  1.0074038655973647 

Epoch 360 : train  0.21569674786944498 , valid  0.8620792532926727 , test  0.9912634257414118 

Epoch 370 : train  0.23183896706878765 , valid  0.8987241243408873 , test  1.0109953089482464 

Epoch 380 : train  0.21929858332454633 , valid  0.8835548791118532 , test  0.9985233044906857 

Epoch 390 : train  0.23584368313548823 , valid  0.8706875063011418 , test  0.9917676237072532 

Epoch 400 : train  0.2122093078644643 , valid  0.8687659866652624 , test  0.9669892791532699 

Epoch 410 : train  0.21148735901683996 , valid  0.868137658375478 , test  0.9969534574048852 

Epoch 420 : train  0.20635540683202483 , valid  0.8795699470427379 , test  0.9897763632650541 

Epoch 430 : train  0.21436288974586853 , valid  0.8849778459028637 , test  0.992672358962791 

Epoch 440 : train  0.2014036738760589 , valid  0.895798290755908 , test  1.00425887697033 

Epoch 450 : train  0.2033546898351588 , valid  0.8912899430690004 , test  0.9979488884867891 

Epoch 460 : train  0.1886676679970769 , valid  0.8688297600605723 , test  0.9714110420285157 

Epoch 470 : train  0.2153692517267837 , valid  0.9060357936441413 , test  0.9994109585815619 

Epoch 480 : train  0.19899713748331857 , valid  0.882730724015618 , test  0.9753658175617472 

Epoch 490 : train  0.19213187668612344 , valid  0.8872894607389109 , test  0.9925628735863896 

Epoch 500 : train  0.20469613586488564 , valid  0.8740669881227507 , test  0.9788107582172348 

Epoch 510 : train  0.17864658801070776 , valid  0.8806733937336853 , test  0.9834813834555984 

Epoch 520 : train  0.19104615975901498 , valid  0.8859269028097715 , test  0.9863242314410147 

Epoch 530 : train  0.18599174351045616 , valid  0.8864866626380131 , test  0.9849158492664972 

Epoch 540 : train  0.24822372581255361 , valid  0.8925897729495325 , test  0.9907725021688365 

Epoch 550 : train  0.20267088206991293 , valid  0.8642036493008645 , test  0.9879872648965065 

Epoch 560 : train  0.19216523077091388 , valid  0.8484836291856334 , test  0.9759333193845958 

Epoch 570 : train  0.16976727260539898 , valid  0.8783505601822524 , test  0.9768298597384191 

Epoch 580 : train  0.1972999397658664 , valid  0.8710751710931435 , test  0.9768977252444803 

Epoch 590 : train  0.19561220674756952 , valid  0.8502738833788733 , test  0.9545441481383953 

Epoch 600 : train  0.17855436250205095 , valid  0.8684161873526 , test  0.9644967810465553 

Epoch 610 : train  0.1742574405698328 , valid  0.8553017058758915 , test  0.9782093586459164 

Epoch 620 : train  0.19007238462724615 , valid  0.8602761146680179 , test  0.9774953903964241 

Epoch 630 : train  0.182783699916064 , valid  0.8435593591291279 , test  0.9556040144352519 

Epoch 640 : train  0.1999372792136034 , valid  0.8749433653618166 , test  0.9813693467582181 

Epoch 650 : train  0.19068987661187875 , valid  0.8394092196054308 , test  0.97482464400734 

Epoch 660 : train  0.18324499753363976 , valid  0.8509364268042068 , test  0.9589216621522549 

Epoch 670 : train  0.20637257327060568 , valid  0.8734702751828874 , test  0.9905835315951573 

Epoch 680 : train  0.1736216558208239 , valid  0.8710202564793793 , test  0.9768128398167025 

Epoch 690 : train  0.17521310034204668 , valid  0.850589464312927 , test  0.9722386083596334 

Epoch 700 : train  0.19190324347794435 , valid  0.84883640336533 , test  0.9652190752383208 

Epoch 710 : train  0.16726694496366515 , valid  0.8612501949225164 , test  0.9852309813857301 

Epoch 720 : train  0.1987812748779364 , valid  0.8483847825359934 , test  0.9749102393414416 

Epoch 730 : train  0.17187349975325947 , valid  0.8498421566990331 , test  0.9921404665579651 

Epoch 740 : train  0.1913850478848755 , valid  0.8621601210327776 , test  0.9905748564883667 

Epoch 750 : train  0.174932557176032 , valid  0.850127209191051 , test  0.9822183461845673 

Epoch 760 : train  0.17298602207142544 , valid  0.8679589597562174 , test  0.997466014323044 

Epoch 770 : train  0.20434292040758353 , valid  0.881188179694839 , test  0.9986799337187121 

Epoch 780 : train  0.16368270608604268 , valid  0.8585870329378273 , test  1.0052606774931674 

Epoch 790 : train  0.17790240148743616 , valid  0.8757534845100848 , test  1.000723385157555 

Epoch 800 : train  0.1611668933859015 , valid  0.8552746024793879 , test  0.984637933118892 

Epoch 810 : train  0.17134041733189528 , valid  0.8575673456614236 , test  0.9897736924995032 

Epoch 820 : train  0.1705740785796545 , valid  0.8445077595209041 , test  0.9715178314684287 

Epoch 830 : train  0.19031130704058488 , valid  0.8608940057789911 , test  0.9897139764221422 

Epoch 840 : train  0.1623959238804315 , valid  0.8521013666935363 , test  0.9909350183003396 

Epoch 850 : train  0.1824464810674646 , valid  0.8762196071080486 , test  0.9962487882237377 

Epoch 860 : train  0.16290235151777324 , valid  0.8432714326632164 , test  0.990016975185213 

Epoch 870 : train  0.16337211875165644 , valid  0.8630232496063782 , test  1.0007343934803616 

Epoch 880 : train  0.1674655587477938 , valid  0.8597787892641902 , test  0.988054032648761 

Epoch 890 : train  0.1780701607461613 , valid  0.8542101838772872 , test  0.9880341017294342 

Epoch 900 : train  0.16483958210679509 , valid  0.8484000121467966 , test  0.9723164500124848 

Epoch 910 : train  0.16268222334593532 , valid  0.8552999095403285 , test  0.9743690249205699 

Epoch 920 : train  0.18737870620745475 , valid  0.8580878783096089 , test  0.9785429480170492 

Epoch 930 : train  0.16166151538769788 , valid  0.8663629581393927 , test  1.000512663044136 

Epoch 940 : train  0.15772266596458348 , valid  0.857322071652845 , test  0.9848296418572101 

Epoch 950 : train  0.15724287520962435 , valid  0.8430205305984335 , test  0.9826975095962781 

Epoch 960 : train  0.15590867681665518 , valid  0.857647273223219 , test  0.9807025152209202 

Epoch 970 : train  0.1565996315991291 , valid  0.8657190493095164 , test  1.0034586274739898 

Epoch 980 : train  0.1571107482664316 , valid  0.8537068114178333 , test  0.9879069860472481 

Epoch 990 : train  0.15502669066817978 , valid  0.8566275875130626 , test  0.9941471059604388 

Epoch 1000 : train  0.1753057933320084 , valid  0.8628629079842978 , test  0.9961360727094188 

best valid loss: 0.8394092196054308
best test loss: 0.97482464400734
kfold index: 4
Epoch 10 : train  1.4461063220841686 , valid  1.420286923526676 , test  1.5734489008055985 

Epoch 20 : train  0.8204485069076118 , valid  0.9580170941492094 , test  1.1788771950921408 

Epoch 30 : train  0.7228938342522839 , valid  0.9491988256261311 , test  1.0882872819418372 

Epoch 40 : train  0.62509522005408 , valid  0.931012259266324 , test  1.0166723602992414 

Epoch 50 : train  0.5400079011411171 , valid  0.8741516155418143 , test  0.9910986116383392 

Epoch 60 : train  0.5335064960330276 , valid  0.8321649276184366 , test  0.9626948406624544 

Epoch 70 : train  0.4233160344630234 , valid  0.7791388575495448 , test  0.9412715209977259 

Epoch 80 : train  0.36823962030220714 , valid  0.7269926902192583 , test  0.8771141482734518 

Epoch 90 : train  0.40814634215625967 , valid  0.7590145136543606 , test  0.8943377037850513 

Epoch 100 : train  0.3619284598717539 , valid  0.7291272341804734 , test  0.8605371787447952 

Epoch 110 : train  0.36852459970187784 , valid  0.7256423858459315 , test  0.8965524557099298 

Epoch 120 : train  0.30132759830135175 , valid  0.6762166638595688 , test  0.8813037248025696 

Epoch 130 : train  0.324394907716647 , valid  0.6990626066859132 , test  0.8748075845750667 

Epoch 140 : train  0.3166156955450926 , valid  0.6977082221998308 , test  0.9070761060339526 

Epoch 150 : train  0.34473067055207046 , valid  0.6928231580479187 , test  0.9155812660582602 

Epoch 160 : train  0.31929774362201235 , valid  0.6564264246412901 , test  0.919606691044105 

Epoch 170 : train  0.32187233978413143 , valid  0.6899791157164642 , test  0.8885197598745538 

Epoch 180 : train  0.31220613425288085 , valid  0.6709768197799463 , test  0.9170017206870295 

Epoch 190 : train  0.2858395158003733 , valid  0.6621280414803897 , test  0.8874267077575668 

Epoch 200 : train  0.3190110533324475 , valid  0.6613993832308082 , test  0.884354641474847 

Epoch 210 : train  0.29357622359157326 , valid  0.6574230363140605 , test  0.8632559017360422 

Epoch 220 : train  0.266528145867523 , valid  0.6310562711194271 , test  0.8431049586048861 

Epoch 230 : train  0.29433276691402444 , valid  0.6509455907001596 , test  0.8543796245962765 

Epoch 240 : train  0.29883089687876896 , valid  0.6736587579686231 , test  0.8570612697211124 

Epoch 250 : train  0.28750788790872556 , valid  0.6630653044254073 , test  0.8346428072496563 

Epoch 260 : train  0.2957012924676462 , valid  0.6312242632289555 , test  0.8454556298702249 

Epoch 270 : train  0.277736299252089 , valid  0.6373503394344193 , test  0.8235106193610994 

Epoch 280 : train  0.2942534018523403 , valid  0.626066946647407 , test  0.8363077736577106 

Epoch 290 : train  0.2744405945821331 , valid  0.6268159678216072 , test  0.8207999141479199 

Epoch 300 : train  0.2624536253166725 , valid  0.6531426231034443 , test  0.8483579003821334 

Epoch 310 : train  0.2338181795656012 , valid  0.6223781075306405 , test  0.7702352190743709 

Epoch 320 : train  0.25281409062500904 , valid  0.6071145517107125 , test  0.8209003877248519 

Epoch 330 : train  0.25841694153122324 , valid  0.6350646480780171 , test  0.8599376045906264 

Epoch 340 : train  0.2637328162257928 , valid  0.6210465087045686 , test  0.8348794594020297 

Epoch 350 : train  0.21868034308593456 , valid  0.6130181230484445 , test  0.8196468953582915 

Epoch 360 : train  0.2520765088341152 , valid  0.6151738427640501 , test  0.8269897053935754 

Epoch 370 : train  0.22999981562297978 , valid  0.6040819133598059 , test  0.8102961576404836 

Epoch 380 : train  0.2213408438816554 , valid  0.6074694188581683 , test  0.7999514792968778 

Epoch 390 : train  0.24242590824038934 , valid  0.6208952404542624 , test  0.8586790963529746 

Epoch 400 : train  0.21723629461342678 , valid  0.6013019218393801 , test  0.8299825893827234 

Epoch 410 : train  0.2219215615421025 , valid  0.6092621608529677 , test  0.7828203707843909 

Epoch 420 : train  0.21333446434459777 , valid  0.6080682186725654 , test  0.7827544259566889 

Epoch 430 : train  0.21399924752702723 , valid  0.6056273931991734 , test  0.8125826005506923 

Epoch 440 : train  0.22602938715020665 , valid  0.5978020501279686 , test  0.796747720362055 

Epoch 450 : train  0.2372063904544507 , valid  0.609878463835862 , test  0.7915694898836299 

Epoch 460 : train  0.2199611145489582 , valid  0.6150046872253043 , test  0.744294543786475 

Epoch 470 : train  0.2138039343960466 , valid  0.613455521696229 , test  0.7730789332449545 

Epoch 480 : train  0.1946574590158987 , valid  0.6113202088657216 , test  0.7873208813187929 

Epoch 490 : train  0.21146814373159728 , valid  0.6127207196007006 , test  0.7670419150088585 

Epoch 500 : train  0.22700340836019464 , valid  0.6271509701879504 , test  0.8019294266792983 

Epoch 510 : train  0.20631595062091118 , valid  0.6169589436493127 , test  0.7912494720648432 

Epoch 520 : train  0.19748628865956758 , valid  0.6287582539494134 , test  0.7826645952609798 

Epoch 530 : train  0.18172236239517736 , valid  0.5984070501229153 , test  0.7625830146195239 

Epoch 540 : train  0.19512637318278214 , valid  0.6134270112790521 , test  0.7762784308851339 

Epoch 550 : train  0.19837452133047176 , valid  0.6059660456491152 , test  0.7349155004860088 

Epoch 560 : train  0.2394355439433311 , valid  0.6204610282907163 , test  0.7718506269745612 

Epoch 570 : train  0.2108807173883663 , valid  0.6032379571314009 , test  0.8153035452497814 

Epoch 580 : train  0.18952194068136063 , valid  0.5974553214781476 , test  0.759914947645887 

Epoch 590 : train  0.19049443757436627 , valid  0.5892008048761079 , test  0.7405834488678912 

Epoch 600 : train  0.18522579728384198 , valid  0.5914004731474685 , test  0.7757781010201314 

Epoch 610 : train  0.18538861549370306 , valid  0.5872584677038858 , test  0.7603380839861746 

Epoch 620 : train  0.19306865599974474 , valid  0.6180143449599635 , test  0.7698341521011379 

Epoch 630 : train  0.17951618740335065 , valid  0.5916463921556763 , test  0.7332315471350254 

Epoch 640 : train  0.18660999366626807 , valid  0.6002382667211503 , test  0.7375055188522621 

Epoch 650 : train  0.19860469090957067 , valid  0.6028493819275803 , test  0.7606061957639157 

Epoch 660 : train  0.17479396580603254 , valid  0.5922416510489491 , test  0.7382528410745478 

Epoch 670 : train  0.19154130281407333 , valid  0.6091160106251383 , test  0.7541977625371484 

Epoch 680 : train  0.1708287124535631 , valid  0.5969585050680094 , test  0.7342867120295857 

Epoch 690 : train  0.18678295889567334 , valid  0.580745745084001 , test  0.7530420333706385 

Epoch 700 : train  0.17683265829834738 , valid  0.6080381393338488 , test  0.7395756777508785 

Epoch 710 : train  0.18525722835623426 , valid  0.6148766148975214 , test  0.7545280890182594 

Epoch 720 : train  0.2064936553171779 , valid  0.6238146609229595 , test  0.7878317062435286 

Epoch 730 : train  0.19088851054474384 , valid  0.609588194546513 , test  0.7912912720729263 

Epoch 740 : train  0.1879108408826848 , valid  0.605252071874149 , test  0.7841503214740049 

Epoch 750 : train  0.175402991216397 , valid  0.5973680361956399 , test  0.7695647028455961 

Epoch 760 : train  0.17353597338574475 , valid  0.6125801910319817 , test  0.80376432518782 

Epoch 770 : train  0.1778579193453037 , valid  0.6059056059473211 , test  0.7888867751332912 

Epoch 780 : train  0.17561250875669085 , valid  0.6083191656670589 , test  0.7538142292881687 

Epoch 790 : train  0.16431966381220117 , valid  0.5954501231166879 , test  0.7366412325397845 

Epoch 800 : train  0.17676940219967474 , valid  0.5947535419273187 , test  0.7251672074132465 

Epoch 810 : train  0.17169795604935373 , valid  0.6068649207033616 , test  0.7769225424156898 

Epoch 820 : train  0.1707389925364372 , valid  0.5998138144749481 , test  0.7814827218621562 

Epoch 830 : train  0.19019464975265635 , valid  0.605239961709813 , test  0.7947405312949322 

Epoch 840 : train  0.17896392779058642 , valid  0.6132280175118414 , test  0.7856397970046195 

Epoch 850 : train  0.1747492899932155 , valid  0.5994869251862789 , test  0.7964579827056519 

Epoch 860 : train  0.17469096773740214 , valid  0.5930473120222707 , test  0.7936289356779735 

Epoch 870 : train  0.16872480134593507 , valid  0.591329335505225 , test  0.7897938240450989 

Epoch 880 : train  0.1592762343511523 , valid  0.5783031135384527 , test  0.7847717358655172 

Epoch 890 : train  0.16397688582124423 , valid  0.5844992631123757 , test  0.7659664112424093 

Epoch 900 : train  0.1708068328089516 , valid  0.5994047134735337 , test  0.7836114964605081 

Epoch 910 : train  0.19326852104587747 , valid  0.6082216931497131 , test  0.7925639965990211 

Epoch 920 : train  0.1591479228776532 , valid  0.6027383642833739 , test  0.8019666014356649 

Epoch 930 : train  0.16907646993040293 , valid  0.5962545199328138 , test  0.8102818236457676 

Epoch 940 : train  0.16911191577086307 , valid  0.5919699595342595 , test  0.7949163023209239 

Epoch 950 : train  0.18170917579253673 , valid  0.5934774138368897 , test  0.7937581325233617 

Epoch 960 : train  0.18786840421147954 , valid  0.6121586386466701 , test  0.8082894856774285 

Epoch 970 : train  0.17836632192548493 , valid  0.6078061666670833 , test  0.81906705724479 

Epoch 980 : train  0.16582496446797634 , valid  0.5854188169322996 , test  0.802853676819609 

Epoch 990 : train  0.18060001432968553 , valid  0.5975215150728282 , test  0.8280182091826871 

Epoch 1000 : train  0.176070319293048 , valid  0.6121670122234231 , test  0.792996791337031 

best valid loss: 0.5783031135384527
best test loss: 0.7847717358655172
 
Job Ended at Mon Apr 10 11:56:17 EDT 2023
