Job started on r180.ib.bridges2.psc.edu at Mon Apr 10 09:20:01 EDT 2023
Namespace(data_path='/ocean/projects/cts180021p/shang9/molecules/pretrainLCA/finalized/data/o_gnn_input/ESOL/raw/data.csv', dense=1, dropout=0, folder_idx=2, layer=1, split_folder='/ocean/projects/cts180021p/shang9/molecules/pretrainLCA/finalized/model/feature-based/result_1/ESOL/')
kfold index: 0
Epoch 10 : train  1.4130598878105378 , valid  1.640348019124715 , test  1.4686301419902443 

Epoch 20 : train  1.5675608571553317 , valid  1.7760678964637975 , test  1.6625705426441564 

Epoch 30 : train  1.2248566161484165 , valid  1.537937983891562 , test  1.4048323462122554 

Epoch 40 : train  0.9750334907958271 , valid  1.426317676445581 , test  1.302979356937695 

Epoch 50 : train  0.6229288568288789 , valid  1.2298548703704029 , test  1.1296600891595443 

Epoch 60 : train  0.38085591256656715 , valid  1.2475495500722444 , test  1.075420143623444 

Epoch 70 : train  0.27527091512923646 , valid  1.1415423633956483 , test  1.0485446901495463 

Epoch 80 : train  0.24902122546193595 , valid  1.1532287334744642 , test  1.014082367596232 

Epoch 90 : train  0.24872034330949086 , valid  1.1107500193659323 , test  1.0108729315674865 

Epoch 100 : train  0.21673372493477625 , valid  1.0945739602669153 , test  1.0001179295009033 

Epoch 110 : train  0.1965653691658677 , valid  1.1051081405807242 , test  0.9971306332071859 

Epoch 120 : train  0.2583633216597058 , valid  1.1387786878799837 , test  0.9825568349208492 

Epoch 130 : train  0.23591030323551948 , valid  1.1396359827422775 , test  0.9886465273713119 

Epoch 140 : train  0.17121256918822156 , valid  1.119123038240027 , test  0.965979668313501 

Epoch 150 : train  0.20408306048374092 , valid  1.1394398710900757 , test  1.0273047446599035 

Epoch 160 : train  0.17766363895285586 , valid  1.130622286710265 , test  0.9662745885431743 

Epoch 170 : train  0.1803403737514019 , valid  1.1349941799531136 , test  0.9620512710290507 

Epoch 180 : train  0.15918538344006133 , valid  1.120952666641055 , test  0.9644706765507766 

Epoch 190 : train  0.1721748342203534 , valid  1.1248047117740954 , test  0.9847110794712013 

Epoch 200 : train  0.15708270868811572 , valid  1.1138226740205834 , test  0.9790430580123315 

Epoch 210 : train  0.14936683589286168 , valid  1.1133554779315555 , test  0.9684612763395741 

Epoch 220 : train  0.15484089115412966 , valid  1.1270364905087116 , test  0.9667180487995862 

Epoch 230 : train  0.1677995329199327 , valid  1.0839489351707643 , test  0.9352814516057659 

Epoch 240 : train  0.16230740279319192 , valid  1.0645071533871713 , test  0.9309055946350999 

Epoch 250 : train  0.14471982342509582 , valid  1.0725017959606475 , test  0.9481409560383531 

Epoch 260 : train  0.14981328623315407 , valid  1.0923618400359185 , test  0.9537246634117 

Epoch 270 : train  0.148957761195854 , valid  1.1068690918579074 , test  0.9587138926326325 

Epoch 280 : train  0.21299617626946205 , valid  1.1188681316783107 , test  0.9052487993436574 

Epoch 290 : train  0.15974111693799925 , valid  1.090818567999625 , test  0.9185094421833351 

Epoch 300 : train  0.15258880195965835 , valid  1.0731514974321137 , test  0.9310550459279736 

Epoch 310 : train  0.14803366507668264 , valid  1.0638913993516876 , test  0.9325997784458387 

Epoch 320 : train  0.14621222511107548 , valid  1.0797113836110874 , test  0.9342473376380762 

Epoch 330 : train  0.14204010081196347 , valid  1.077354186385347 , test  0.9730015255113007 

Epoch 340 : train  0.16497810702418234 , valid  1.0948636120226898 , test  0.9617337684628795 

Epoch 350 : train  0.13194191980722647 , valid  1.0898651799065695 , test  0.9524486255150193 

Epoch 360 : train  0.1216228338838182 , valid  1.094719723301342 , test  0.9534002615145506 

Epoch 370 : train  0.12548832145563096 , valid  1.0966996997836898 , test  0.9493044191959779 

Epoch 380 : train  0.1578438221624444 , valid  1.0796649759874968 , test  0.9581681131529788 

Epoch 390 : train  0.12994866879474526 , valid  1.0790613140159253 , test  0.9190209109302722 

Epoch 400 : train  0.1343969555771122 , valid  1.0740287437628575 , test  0.9330701639516721 

Epoch 410 : train  0.12004338048896974 , valid  1.081203700201446 , test  0.9437002539391824 

Epoch 420 : train  0.16328956331961272 , valid  1.1071609956181887 , test  0.9293842392173183 

Epoch 430 : train  0.1190370814142215 , valid  1.0732429554946252 , test  0.9210273371751133 

Epoch 440 : train  0.14158100462178405 , valid  1.090802598043537 , test  0.9324589208591052 

Epoch 450 : train  0.13188523591155285 , valid  1.0777435966082072 , test  0.9399813356920106 

Epoch 460 : train  0.13988060560370766 , valid  1.0905205420958755 , test  0.9196260326472827 

Epoch 470 : train  0.14042954561475796 , valid  1.098740315869469 , test  0.957039814639077 

Epoch 480 : train  0.12090380838812399 , valid  1.0645127190514165 , test  0.9427286107191721 

Epoch 490 : train  0.15039495669799438 , valid  1.0932529310698957 , test  0.9024494479674194 

Epoch 500 : train  0.12647435294193113 , valid  1.0926885718489556 , test  0.9134284727878293 

Epoch 510 : train  0.1360806662552481 , valid  1.0733200365746105 , test  0.9281402234266428 

Epoch 520 : train  0.1242165942588092 , valid  1.0799718308027646 , test  0.9173707810904592 

Epoch 530 : train  0.1197082477814882 , valid  1.052209707230332 , test  0.9139219051827168 

Epoch 540 : train  0.11786777625305069 , valid  1.0582948976570195 , test  0.9153905536685502 

Epoch 550 : train  0.14650743050827766 , valid  1.0677467688513467 , test  0.9215663671164384 

Epoch 560 : train  0.12652116575721392 , valid  1.0441384673031096 , test  0.9313205879717628 

Epoch 570 : train  0.12651541944944367 , valid  1.011875376001865 , test  0.9277949288066372 

Epoch 580 : train  0.12510404553077667 , valid  1.057331302862637 , test  0.9241815001606962 

Epoch 590 : train  0.14011232994481515 , valid  1.0597632464142437 , test  0.8892400347661679 

Epoch 600 : train  0.11945502812732973 , valid  1.0339762749537287 , test  0.9220893697031042 

Epoch 610 : train  0.14943618393984318 , valid  1.091307310197791 , test  0.9137879152052326 

Epoch 620 : train  0.1428879540760523 , valid  1.0497435780747602 , test  0.9439844651048257 

Epoch 630 : train  0.13240980224223656 , valid  1.0546022705083902 , test  0.9557535098303984 

Epoch 640 : train  0.12367655454606746 , valid  1.0447006639947758 , test  0.9020424126951007 

Epoch 650 : train  0.13019375779621514 , valid  1.0601010249680676 , test  0.8966034624508622 

Epoch 660 : train  0.11243216277474993 , valid  1.0535077629211331 , test  0.9079642755405413 

Epoch 670 : train  0.12431035039758835 , valid  1.0405819637934466 , test  0.9380836209561972 

Epoch 680 : train  0.12554331324313844 , valid  1.0648733170628668 , test  0.9200835833894208 

Epoch 690 : train  0.12721474993484275 , valid  1.0621162310179535 , test  0.8954103011258268 

Epoch 700 : train  0.1296660484621119 , valid  1.0596921160210238 , test  0.9210743364421258 

Epoch 710 : train  0.13830996148519306 , valid  1.06299313746197 , test  0.9051859966607927 

Epoch 720 : train  0.11613014971563668 , valid  1.05807389505415 , test  0.8984905639636998 

Epoch 730 : train  0.11628734447372407 , valid  1.0504484630554507 , test  0.9070338506108452 

Epoch 740 : train  0.18377730864524955 , valid  1.0842858046108588 , test  0.8931066614608754 

Epoch 750 : train  0.1613624442553441 , valid  1.0694867242058317 , test  0.9335240605666228 

Epoch 760 : train  0.1261613208758129 , valid  1.0665379241957085 , test  0.9230074797102401 

Epoch 770 : train  0.13202466219360343 , valid  1.0605120175044607 , test  0.9088453788842569 

Epoch 780 : train  0.1307501938904904 , valid  1.063677719799287 , test  0.910878121353262 

Epoch 790 : train  0.1108949313791823 , valid  1.0565607566871078 , test  0.9041003413292412 

Epoch 800 : train  0.1254285530386046 , valid  1.0475703148915259 , test  0.9145965842763223 

Epoch 810 : train  0.1104170635069631 , valid  1.073387822659875 , test  0.929837411526193 

Epoch 820 : train  0.11543825896316391 , valid  1.0532619368928386 , test  0.9118739016445918 

Epoch 830 : train  0.11929058782719444 , valid  1.0417621539079782 , test  0.8964097865037678 

Epoch 840 : train  0.11772019058837778 , valid  1.0399047770661507 , test  0.8913641255350416 

Epoch 850 : train  0.10521544875134249 , valid  1.0336906519907145 , test  0.9045393571975379 

Epoch 860 : train  0.10343354703280977 , valid  1.0356165854608486 , test  0.9207932530478417 

Epoch 870 : train  0.09532857882357845 , valid  1.0401258497535382 , test  0.9003382870316913 

Epoch 880 : train  0.1364029669366189 , valid  1.0205170812831883 , test  0.9319695213863495 

Epoch 890 : train  0.1122328768883905 , valid  1.0546415392949378 , test  0.9038238385700714 

Epoch 900 : train  0.10378393106609597 , valid  1.0409571453303996 , test  0.9046491009145551 

Epoch 910 : train  0.11838344431063058 , valid  1.0673566338131284 , test  0.8688762082117331 

Epoch 920 : train  0.10217947137924077 , valid  1.0702023643320342 , test  0.9016153191388212 

Epoch 930 : train  0.09831834276764523 , valid  1.0506664621463935 , test  0.8899418253764858 

Epoch 940 : train  0.10698694656251716 , valid  1.0358786225171197 , test  0.8877275349508557 

Epoch 950 : train  0.11274082162307862 , valid  1.0375824298146699 , test  0.8715365975221558 

Epoch 960 : train  0.10342428557509314 , valid  1.0577374525407788 , test  0.8772298131272758 

Epoch 970 : train  0.1288915239605794 , valid  1.0583419833762426 , test  0.9147034892688782 

Epoch 980 : train  0.11136692844507784 , valid  1.0724380146035561 , test  0.9352521803608607 

Epoch 990 : train  0.10613245667367902 , valid  1.074315899591332 , test  0.8994335998286921 

Epoch 1000 : train  0.11139391841218085 , valid  1.054358213574531 , test  0.8924059198501245 

best valid loss: 1.011875376001865
best test loss: 0.9277949288066372
kfold index: 1
Epoch 10 : train  1.7402733167254063 , valid  1.8758304525627065 , test  1.7290295637445052 

Epoch 20 : train  1.593410366445809 , valid  1.7520784187578067 , test  1.6299566975274016 

Epoch 30 : train  1.1449247756550693 , valid  1.3767139083145563 , test  1.2694093039059888 

Epoch 40 : train  0.7675763880567175 , valid  1.1377787086559805 , test  1.0554809923189565 

Epoch 50 : train  0.5004284759103578 , valid  1.0678804257864152 , test  0.9927379781842415 

Epoch 60 : train  0.31694584043805996 , valid  0.9631621361791092 , test  0.9319557443935643 

Epoch 70 : train  0.24969121807031283 , valid  0.9474064136600319 , test  0.9170658777658174 

Epoch 80 : train  0.2319616821648771 , valid  0.8964279142803715 , test  0.9170164537208207 

Epoch 90 : train  0.2238894042057329 , valid  0.8570153209175109 , test  0.919910982516979 

Epoch 100 : train  0.24960904123237979 , valid  0.913668825937528 , test  0.9308365359384615 

Epoch 110 : train  0.21976786415759378 , valid  0.9141596331289134 , test  0.9290917209239564 

Epoch 120 : train  0.21305015898741358 , valid  0.9080130365843065 , test  0.9539099283847976 

Epoch 130 : train  0.20263148203936926 , valid  0.8740552376367754 , test  0.895381544362918 

Epoch 140 : train  0.18742007794848947 , valid  0.882856594972682 , test  0.9284212602293265 

Epoch 150 : train  0.20152940395698937 , valid  0.8520369750727308 , test  0.9282207994112442 

Epoch 160 : train  0.1860793563134227 , valid  0.870436501193301 , test  0.9206288504169028 

Epoch 170 : train  0.1732212457126332 , valid  0.8534049845982252 , test  0.9067544042272543 

Epoch 180 : train  0.15893935939306456 , valid  0.8832819586085056 , test  0.915222372991588 

Epoch 190 : train  0.1854512107052754 , valid  0.8625872046425161 , test  0.9138760676692662 

Epoch 200 : train  0.16440098085658478 , valid  0.857006633563621 , test  0.8916850247652928 

Epoch 210 : train  0.1503747657015433 , valid  0.8616276039515379 , test  0.9373342106530668 

Epoch 220 : train  0.1659049154277633 , valid  0.8798181493162808 , test  0.9125482134697945 

Epoch 230 : train  0.15531791384201074 , valid  0.896069296911362 , test  0.9408136715216194 

Epoch 240 : train  0.16875740435427186 , valid  0.8556844704979681 , test  0.8983373125612757 

Epoch 250 : train  0.1494328565803556 , valid  0.8905775334478336 , test  0.9265041640552676 

Epoch 260 : train  0.15465940788708868 , valid  0.863012484486505 , test  0.9275629991105454 

Epoch 270 : train  0.14304829828806204 , valid  0.8480461732153679 , test  0.9010480542991316 

Epoch 280 : train  0.13985768179036576 , valid  0.8695659400392466 , test  0.9304183510270223 

Epoch 290 : train  0.13322202960427615 , valid  0.8547640810061209 , test  0.9135059173064427 

Epoch 300 : train  0.14392898696235107 , valid  0.8637976806088502 , test  0.923564219870208 

Epoch 310 : train  0.1619779110483075 , valid  0.8527901804358151 , test  0.92667655754387 

Epoch 320 : train  0.14339171244860735 , valid  0.8480679015845626 , test  0.9337662759968062 

Epoch 330 : train  0.13871876745420775 , valid  0.8671405545756125 , test  0.9091996791970585 

Epoch 340 : train  0.1484705116960659 , valid  0.8551673187200813 , test  0.8719383331442839 

Epoch 350 : train  0.13653315695189053 , valid  0.8539786296280077 , test  0.8886940246000777 

Epoch 360 : train  0.12806730545880785 , valid  0.8477325078604372 , test  0.866575534475931 

Epoch 370 : train  0.1462400318808225 , valid  0.8733695517295451 , test  0.9071271464416003 

Epoch 380 : train  0.12773080717366375 , valid  0.8465990037953112 , test  0.9093172267615317 

Epoch 390 : train  0.1461560027920699 , valid  0.8502541363653663 , test  0.9038231013760256 

Epoch 400 : train  0.1300126939101994 , valid  0.8376662989815146 , test  0.901920116747673 

Epoch 410 : train  0.1381848401983788 , valid  0.8446702975060457 , test  0.8891834704723228 

Epoch 420 : train  0.14576477024764473 , valid  0.8344831894160152 , test  0.9023876411419864 

Epoch 430 : train  0.1226176277616941 , valid  0.8647197735382097 , test  0.8964469063468969 

Epoch 440 : train  0.20948391456841983 , valid  0.8793092377141415 , test  0.9198280592969769 

Epoch 450 : train  0.12100021617748828 , valid  0.8560369219971599 , test  0.8777435747715993 

Epoch 460 : train  0.12065809265698679 , valid  0.8471190253992913 , test  0.8592526982228055 

Epoch 470 : train  0.12763989203169754 , valid  0.8480814064726069 , test  0.8799806343308323 

Epoch 480 : train  0.11026663032878793 , valid  0.826088356043418 , test  0.8749407624164346 

Epoch 490 : train  0.10429475777200549 , valid  0.8036726510139774 , test  0.8690258932465015 

Epoch 500 : train  0.11168199801698457 , valid  0.8528844433206952 , test  0.8847074095111753 

Epoch 510 : train  0.19302246156697228 , valid  0.8475354412337572 , test  0.9410687851414244 

Epoch 520 : train  0.12511042965914418 , valid  0.8515763489117996 , test  0.8904337216439204 

Epoch 530 : train  0.13141411111006154 , valid  0.8410724559918064 , test  0.887482724351184 

Epoch 540 : train  0.14929410943552943 , valid  0.848912930881111 , test  0.8708022060448618 

Epoch 550 : train  0.12038494744870055 , valid  0.8382494347308794 , test  0.8892030661798567 

Epoch 560 : train  0.11498224212609211 , valid  0.8563886468662659 , test  0.8860474566910062 

Epoch 570 : train  0.13489188646346578 , valid  0.836683191680972 , test  0.9030684538549076 

Epoch 580 : train  0.1230116145024568 , valid  0.8282190998193631 , test  0.8700315523048868 

Epoch 590 : train  0.1182454785166099 , valid  0.8287279374799541 , test  0.8820487367294093 

Epoch 600 : train  0.11864996245063328 , valid  0.8275543641465326 , test  0.8816261097277862 

Epoch 610 : train  0.13522236172875143 , valid  0.81812336819385 , test  0.8886175697406522 

Epoch 620 : train  0.10465848699881439 , valid  0.8175848447311596 , test  0.8924949836372944 

Epoch 630 : train  0.0955056361153658 , valid  0.8260869248452398 , test  0.8726377635259888 

Epoch 640 : train  0.10795406308430709 , valid  0.8414885289025121 , test  0.8833006427779759 

Epoch 650 : train  0.11075379908978424 , valid  0.8412509558815328 , test  0.8846319438208736 

Epoch 660 : train  0.1195602157448513 , valid  0.853000791174365 , test  0.9108771700750983 

Epoch 670 : train  0.11470572698671315 , valid  0.8137229810095972 , test  0.8707116872720728 

Epoch 680 : train  0.10185560058551998 , valid  0.8274294102452028 , test  0.8930320243767832 

Epoch 690 : train  0.13599299851387092 , valid  0.8269003190759567 , test  0.8771698917604921 

Epoch 700 : train  0.12083019792347055 , valid  0.8007584984990722 , test  0.8868328702999008 

Epoch 710 : train  0.12877734536628005 , valid  0.842620041247703 , test  0.8682171457916417 

Epoch 720 : train  0.11038584905676088 , valid  0.8256490756606283 , test  0.8588600282514489 

Epoch 730 : train  0.1084256121177815 , valid  0.8244354908672531 , test  0.8669345999417678 

Epoch 740 : train  0.11836864742615816 , valid  0.8064940577947817 , test  0.8613395563635081 

Epoch 750 : train  0.11499487420433972 , valid  0.8238821933767333 , test  0.8776132747182875 

Epoch 760 : train  0.10541519038286769 , valid  0.8209643962526658 , test  0.851594384785392 

Epoch 770 : train  0.12246265896148972 , valid  0.8062526090734733 , test  0.8541606036677347 

Epoch 780 : train  0.10003854523376703 , valid  0.813315915194028 , test  0.8527104845875332 

Epoch 790 : train  0.09857396102269704 , valid  0.8087235710762511 , test  0.8698004194445057 

Epoch 800 : train  0.10949936658556375 , valid  0.8316168642300905 , test  0.862289843452441 

Epoch 810 : train  0.11501095009690185 , valid  0.8067517098449886 , test  0.8675856978254144 

Epoch 820 : train  0.09883147678157293 , valid  0.8077478527993287 , test  0.8680902981581027 

Epoch 830 : train  0.11115098612240733 , valid  0.8084147794001973 , test  0.8725494135963192 

Epoch 840 : train  0.10588131408343136 , valid  0.8111761643517185 , test  0.8753911956478452 

Epoch 850 : train  0.10242615084363606 , valid  0.8234622684646328 , test  0.8303502623952308 

Epoch 860 : train  0.10939031898600615 , valid  0.8171456407693652 , test  0.8856455519549904 

Epoch 870 : train  0.11847836806676862 , valid  0.8334620728160694 , test  0.8606400149996609 

Epoch 880 : train  0.09659396422196088 , valid  0.8374075996142291 , test  0.8594464137665184 

Epoch 890 : train  0.10414980801495177 , valid  0.8015868176364268 , test  0.8818462186177695 

Epoch 900 : train  0.10107325225526681 , valid  0.8198300782234924 , test  0.8806556179093508 

Epoch 910 : train  0.10972415308412957 , valid  0.8029805740822971 , test  0.8763040793865158 

Epoch 920 : train  0.1098961825845678 , valid  0.8288795314363471 , test  0.866110430681395 

Epoch 930 : train  0.11310804283977256 , valid  0.8065201627016271 , test  0.8586616358905981 

Epoch 940 : train  0.11429934005073088 , valid  0.8200409153365632 , test  0.8482663268941604 

Epoch 950 : train  0.12036440882762225 , valid  0.8185628503322308 , test  0.8570803146369691 

Epoch 960 : train  0.10585625020834975 , valid  0.7971306151325316 , test  0.8445675872570728 

Epoch 970 : train  0.10291090151548711 , valid  0.7817027503665662 , test  0.8581026835917103 

Epoch 980 : train  0.10683196303841892 , valid  0.8062947101572936 , test  0.849405630615616 

Epoch 990 : train  0.09704500413390652 , valid  0.8085840626935938 , test  0.8705367826767485 

Epoch 1000 : train  0.11516914063077045 , valid  0.816947241000663 , test  0.8531491460209162 

best valid loss: 0.7817027503665662
best test loss: 0.8581026835917103
kfold index: 2
Epoch 10 : train  1.3407465327682229 , valid  1.42075376763588 , test  1.3837163135338049 

Epoch 20 : train  1.316273637031933 , valid  1.4331171967573364 , test  1.3753162659008469 

Epoch 30 : train  0.8687928386640831 , valid  1.121833511715195 , test  1.0458196618467548 

Epoch 40 : train  0.643710612763056 , valid  1.036305808628246 , test  0.9913911161689407 

Epoch 50 : train  0.41754463463230956 , valid  0.9427565276397425 , test  0.914996041236741 

Epoch 60 : train  0.3480251265193938 , valid  0.9820758984898832 , test  0.9903737767734677 

Epoch 70 : train  0.2836573706393976 , valid  0.9591420948551596 , test  0.9694046172935142 

Epoch 80 : train  0.2767970619717977 , valid  0.939747936115094 , test  0.9359499989321224 

Epoch 90 : train  0.20325915507284828 , valid  0.9575707600732097 , test  0.934318068429375 

Epoch 100 : train  0.21448611701450046 , valid  0.953043253235444 , test  0.9160928168117054 

Epoch 110 : train  0.21001796912889226 , valid  0.953942586447051 , test  0.9287925048359021 

Epoch 120 : train  0.21656566860097715 , valid  0.932557735595886 , test  0.9499785332979247 

Epoch 130 : train  0.19398255252232505 , valid  0.9339086531152727 , test  0.9128443977852895 

Epoch 140 : train  0.19404121656921688 , valid  0.9136556536062236 , test  0.8592154130297539 

Epoch 150 : train  0.19202961383112635 , valid  0.9270333338517038 , test  0.8874554510447487 

Epoch 160 : train  0.1831932680924081 , valid  0.9527851205259641 , test  0.9258360025689847 

Epoch 170 : train  0.17721487200039082 , valid  0.9744441597951556 , test  0.9402959978695811 

Epoch 180 : train  0.17575210908101102 , valid  0.9344818790582289 , test  0.8915788543384446 

Epoch 190 : train  0.17479136088290204 , valid  0.9651178937359421 , test  0.9079782672104224 

Epoch 200 : train  0.1505301662139627 , valid  0.9537626901781282 , test  0.8915607641106775 

Epoch 210 : train  0.15285431739367572 , valid  0.9461587757299489 , test  0.9090483958769421 

Epoch 220 : train  0.16901006923239897 , valid  0.9606083814420561 , test  0.9222657147841696 

Epoch 230 : train  0.17240713410164896 , valid  0.9065865987843948 , test  0.9026758335278248 

Epoch 240 : train  0.15483864436097894 , valid  0.9500259261246046 , test  0.8962948636769502 

Epoch 250 : train  0.15466632664869484 , valid  0.9196480956866453 , test  0.8871701386501811 

Epoch 260 : train  0.15101605054724204 , valid  0.9394855143847413 , test  0.9043152413891373 

Epoch 270 : train  0.14851644960177296 , valid  0.9741363643975525 , test  0.9308414795142246 

Epoch 280 : train  0.14950927597711272 , valid  0.9469524613858246 , test  0.9093771992618411 

Epoch 290 : train  0.1577333517691904 , valid  0.958271922937596 , test  0.9092761646672982 

Epoch 300 : train  0.131162325122965 , valid  0.9489990580181823 , test  0.9267665870738858 

Epoch 310 : train  0.15987463522854523 , valid  0.9550065669108507 , test  0.9044231661599731 

Epoch 320 : train  0.1532403883996849 , valid  0.930041139265912 , test  0.9121949848637816 

Epoch 330 : train  0.15381738497645484 , valid  0.9410356114827892 , test  0.9187125939022256 

Epoch 340 : train  0.15750830205951877 , valid  0.9712489688881802 , test  0.9353685220381971 

Epoch 350 : train  0.1631188356432094 , valid  0.9792406413834075 , test  0.9494475240185496 

Epoch 360 : train  0.13529891927912122 , valid  0.9487964630529943 , test  0.9192385950624279 

Epoch 370 : train  0.12936781074941203 , valid  0.9399333392281337 , test  0.9328896698572648 

Epoch 380 : train  0.13778772123203972 , valid  0.9541502628626412 , test  0.9201987844260213 

Epoch 390 : train  0.13147657563353357 , valid  0.9560008685926783 , test  0.9113772229657251 

Epoch 400 : train  0.12593259874694682 , valid  0.9442448369081152 , test  0.886399471135451 

Epoch 410 : train  0.15269451529308017 , valid  0.9783294890375123 , test  0.9550889859287812 

Epoch 420 : train  0.14445506321410842 , valid  0.9710421074868425 , test  0.9350858019111994 

Epoch 430 : train  0.13731293220353966 , valid  0.9459959842206275 , test  0.9221457798670607 

Epoch 440 : train  0.14212614952983219 , valid  0.9729077061421068 , test  0.9137029599669461 

Epoch 450 : train  0.12716233383336578 , valid  0.9490973190467842 , test  0.9244015812792086 

Epoch 460 : train  0.1472056445917857 , valid  0.9245619197151 , test  0.9132134647080404 

Epoch 470 : train  0.14170426367869937 , valid  0.9208551833172227 , test  0.9039596110491539 

Epoch 480 : train  0.12608676836878963 , valid  0.9600760787013657 , test  0.9168276114380746 

Epoch 490 : train  0.13922157858577502 , valid  0.9421268319705309 , test  0.9175460298735307 

Epoch 500 : train  0.14665574714108848 , valid  0.9432995614064348 , test  0.9116543754047481 

Epoch 510 : train  0.15444412381336478 , valid  0.950054395721688 , test  0.9138265064816299 

Epoch 520 : train  0.14216155502754263 , valid  0.931444724224147 , test  0.9256854834908574 

Epoch 530 : train  0.12064660429949078 , valid  0.9395281262156733 , test  0.8998509459746235 

Epoch 540 : train  0.16159569458690762 , valid  0.9844098948221007 , test  0.9657235582021036 

Epoch 550 : train  0.175659473572534 , valid  0.9233962673334429 , test  0.8997635136014219 

Epoch 560 : train  0.12582825649748416 , valid  0.9761207664939565 , test  0.9399352390441416 

Epoch 570 : train  0.13308906343931007 , valid  0.943383751860781 , test  0.9093873735677162 

Epoch 580 : train  0.12488388582703658 , valid  0.9719131834965854 , test  0.927116264463313 

Epoch 590 : train  0.14497339630998404 , valid  0.9635741177650875 , test  0.9446553802850528 

Epoch 600 : train  0.13012964363049617 , valid  0.9616253010645416 , test  0.9315776992716053 

Epoch 610 : train  0.1276143505182596 , valid  0.967012388007564 , test  0.9323166636946274 

Epoch 620 : train  0.12304791924505527 , valid  0.9598314577571961 , test  0.9280594130048986 

Epoch 630 : train  0.13939257257906784 , valid  0.9594027854752254 , test  0.9096490346002891 

Epoch 640 : train  0.14362384634512163 , valid  0.9772508050057982 , test  0.937674524271531 

Epoch 650 : train  0.14534818561514035 , valid  0.9800984613620789 , test  0.9233716369181528 

Epoch 660 : train  0.11680149798327222 , valid  0.9673086293720087 , test  0.9102670974629746 

Epoch 670 : train  0.13919956891578794 , valid  1.0023197081384256 , test  0.9533133269430454 

Epoch 680 : train  0.12650925054780818 , valid  1.0021067013523997 , test  0.9565300292037351 

Epoch 690 : train  0.12533114401898623 , valid  0.9624575180825902 , test  0.9197158751319283 

Epoch 700 : train  0.11115290952675917 , valid  0.9867447634672256 , test  0.9181229821645153 

Epoch 710 : train  0.12747037888632723 , valid  0.9810585596811434 , test  0.9142864623667557 

Epoch 720 : train  0.11602447933428175 , valid  0.9630925156889156 , test  0.9025508837940219 

Epoch 730 : train  0.1176998467572565 , valid  0.9596248360008557 , test  0.8953227132030465 

Epoch 740 : train  0.13510947961240716 , valid  0.9968016288089468 , test  0.9427183499837462 

Epoch 750 : train  0.12435079534537907 , valid  0.9702902162206313 , test  0.9172552190126648 

Epoch 760 : train  0.11832079168121297 , valid  1.0012786369022435 , test  0.9390496700821243 

Epoch 770 : train  0.13069271436870605 , valid  0.9417977846970323 , test  0.9080237011505721 

Epoch 780 : train  0.10994230481275341 , valid  0.9628236770029351 , test  0.9226954107895561 

Epoch 790 : train  0.11008144815414136 , valid  0.9680984680897965 , test  0.9320376497393641 

Epoch 800 : train  0.1271244388394095 , valid  0.9238842034840967 , test  0.8769139661128381 

Epoch 810 : train  0.10880355207379226 , valid  0.9627570168782252 , test  0.8989642636236598 

Epoch 820 : train  0.1226877981012541 , valid  0.9649775532326849 , test  0.9255314076659173 

Epoch 830 : train  0.1333552784460756 , valid  0.9514701099879516 , test  0.8984104850325382 

Epoch 840 : train  0.12091168671799382 , valid  0.9444129082406533 , test  0.8941631388295336 

Epoch 850 : train  0.10709856815079524 , valid  0.9236191520409238 , test  0.8989235476308305 

Epoch 860 : train  0.09808781742643698 , valid  0.9308418119761543 , test  0.903611506516885 

Epoch 870 : train  0.12024145978460922 , valid  0.9088054506388428 , test  0.8820996651706189 

Epoch 880 : train  0.12171257811038995 , valid  0.9418591346183525 , test  0.8968271733406737 

Epoch 890 : train  0.10721439362703153 , valid  0.9583874399498697 , test  0.9291289198900969 

Epoch 900 : train  0.13057868235139006 , valid  0.9388347288132864 , test  0.8967702282674307 

Epoch 910 : train  0.10899442706967373 , valid  0.92474352867043 , test  0.8909810772714727 

Epoch 920 : train  0.11389664832885917 , valid  0.937124040223099 , test  0.8838328160181619 

Epoch 930 : train  0.11110710602198638 , valid  0.9430759436203564 , test  0.8871965224860633 

Epoch 940 : train  0.10067312180442804 , valid  0.9333726121312519 , test  0.9013620620037855 

Epoch 950 : train  0.13874359793740632 , valid  0.9373526631498971 , test  0.8920553321731169 

Epoch 960 : train  0.11260915855651055 , valid  0.9721115314754305 , test  0.9210187489576452 

Epoch 970 : train  0.1023937816688262 , valid  1.003018972750764 , test  0.9377313971838247 

Epoch 980 : train  0.10536559376215612 , valid  0.9734849459379091 , test  0.921996629365061 

Epoch 990 : train  0.10377243384353149 , valid  0.9670808015671828 , test  0.907394431730323 

Epoch 1000 : train  0.10001237473822007 , valid  0.9577600234223309 , test  0.9117015299387521 

best valid loss: 0.9065865987843948
best test loss: 0.9026758335278248
kfold index: 3
Epoch 10 : train  1.5862508657345185 , valid  1.739926830367544 , test  1.6235683005166954 

Epoch 20 : train  1.3599064673924 , valid  1.5913532786329996 , test  1.452408129668976 

Epoch 30 : train  1.0362997154370897 , valid  1.2747183386508059 , test  1.2134122240579457 

Epoch 40 : train  0.7305476102299677 , valid  1.0999062025214816 , test  1.0789344465776043 

Epoch 50 : train  0.4847979051094588 , valid  1.0025511638526978 , test  1.04831448852841 

Epoch 60 : train  0.3572288829724273 , valid  1.042309079455857 , test  0.9619257580124815 

Epoch 70 : train  0.25656002806162587 , valid  0.9240037341417817 , test  0.9471220407851086 

Epoch 80 : train  0.23494371586803106 , valid  0.9403847333196798 , test  0.939622036342654 

Epoch 90 : train  0.226770676672667 , valid  0.8966401873452707 , test  0.9987314484677006 

Epoch 100 : train  0.21453522711563375 , valid  0.9040011785786453 , test  0.9562798443280663 

Epoch 110 : train  0.21904524183540286 , valid  0.9150869965030184 , test  0.9421791176851249 

Epoch 120 : train  0.17786821920893855 , valid  0.8949828616319312 , test  0.9249773599140857 

Epoch 130 : train  0.2073260240024593 , valid  0.9207977120391905 , test  0.9687992622162293 

Epoch 140 : train  0.1876020795176311 , valid  0.9210204034691363 , test  0.9335818753428319 

Epoch 150 : train  0.1790866599586233 , valid  0.9179191344733109 , test  0.9630913396732141 

Epoch 160 : train  0.16958040297271537 , valid  0.9108574436377888 , test  0.947307651831069 

Epoch 170 : train  0.18321248457437195 , valid  0.9052969026538745 , test  0.9713389495385765 

Epoch 180 : train  0.2019867129909759 , valid  0.9336159290696476 , test  0.9650797217743382 

Epoch 190 : train  0.20895901666802483 , valid  0.9069169571174996 , test  0.9656188688726662 

Epoch 200 : train  0.1915148339706011 , valid  0.9190310500552252 , test  0.9696243082496087 

Epoch 210 : train  0.15819570999448015 , valid  0.9111906751582068 , test  0.9143480486438159 

Epoch 220 : train  0.1827328362082782 , valid  0.9227834964166277 , test  0.9196821834464406 

Epoch 230 : train  0.14907448550656685 , valid  0.9276672986225764 , test  0.9250609026808788 

Epoch 240 : train  0.15857479272580016 , valid  0.9060674635719476 , test  0.9695268311779014 

Epoch 250 : train  0.15441531926932753 , valid  0.915598858313486 , test  0.9425910267774675 

Epoch 260 : train  0.14101767450381383 , valid  0.8968466662501565 , test  0.9460240112239254 

Epoch 270 : train  0.14279967206405703 , valid  0.8652236991802321 , test  0.9259407122570418 

Epoch 280 : train  0.15198720482659359 , valid  0.891883115787504 , test  0.9352131668893406 

Epoch 290 : train  0.13052374782276924 , valid  0.9203645266539163 , test  0.9189577404422783 

Epoch 300 : train  0.14703332620475137 , valid  0.9136292636143035 , test  0.9475177690377768 

Epoch 310 : train  0.1252782090015157 , valid  0.8982530341282873 , test  0.9311491597130124 

Epoch 320 : train  0.12658853128316302 , valid  0.8970860785037755 , test  0.9303573763008283 

Epoch 330 : train  0.15017237580530932 , valid  0.9199500123068849 , test  0.9342904709721817 

Epoch 340 : train  0.1516104595347565 , valid  0.9150323578297367 , test  0.905144733206241 

Epoch 350 : train  0.15479569654307232 , valid  0.9173004707131861 , test  0.9272063629517785 

Epoch 360 : train  0.13975014994760476 , valid  0.8983394442115619 , test  0.9125577396126708 

Epoch 370 : train  0.14859237840702916 , valid  0.9089291209301978 , test  0.9217663339843015 

Epoch 380 : train  0.14410937766051107 , valid  0.9028177887189114 , test  0.9355902693291058 

Epoch 390 : train  0.13752897391854596 , valid  0.8920651958372219 , test  0.915247062099217 

Epoch 400 : train  0.14204246610632743 , valid  0.8618613058551873 , test  0.9226659546442718 

Epoch 410 : train  0.1566549988288163 , valid  0.9084785680187276 , test  0.9059253309417006 

Epoch 420 : train  0.1529132826940206 , valid  0.9097191085146682 , test  0.9122197925370906 

Epoch 430 : train  0.15297945958844544 , valid  0.9001343529472076 , test  0.9243815481926688 

Epoch 440 : train  0.13559396810528868 , valid  0.8831470651258504 , test  0.9310974253602593 

Epoch 450 : train  0.15346894666537733 , valid  0.8894418957215307 , test  0.9336377135799059 

Epoch 460 : train  0.12636277922214156 , valid  0.8789885017618703 , test  0.9231704730941519 

Epoch 470 : train  0.11667365901569143 , valid  0.8840379037274186 , test  0.9175154034890418 

Epoch 480 : train  0.16133534052278664 , valid  0.877148096794007 , test  0.950967727440511 

Epoch 490 : train  0.14833625784373417 , valid  0.9167774850932 , test  0.9350588710183385 

Epoch 500 : train  0.13477548229472938 , valid  0.8724184679295682 , test  0.935477814479139 

Epoch 510 : train  0.12011204594989264 , valid  0.8842452778084691 , test  0.9247584202331438 

Epoch 520 : train  0.154060228587925 , valid  0.8852324438425092 , test  0.898553815494352 

Epoch 530 : train  0.12590200895866877 , valid  0.8701506585394903 , test  0.9215875855053196 

Epoch 540 : train  0.1295308104891098 , valid  0.8536349940961374 , test  0.9235783945859376 

Epoch 550 : train  0.1270341480697817 , valid  0.8794440845642923 , test  0.9121286096333208 

Epoch 560 : train  0.12686901838130324 , valid  0.8771560972055314 , test  0.8928155267447861 

Epoch 570 : train  0.13949269538344802 , valid  0.867975895155855 , test  0.9026538010611859 

Epoch 580 : train  0.11951017980291286 , valid  0.871673529982654 , test  0.8998399105815635 

Epoch 590 : train  0.13790659800281183 , valid  0.866345285813487 , test  0.887741844353962 

Epoch 600 : train  0.12075206392528832 , valid  0.8749301465780013 , test  0.9141897976721458 

Epoch 610 : train  0.12692182362046261 , valid  0.8658825629966117 , test  0.9090923384121371 

Epoch 620 : train  0.14192951649829838 , valid  0.8826765989438314 , test  0.8934947697052977 

Epoch 630 : train  0.13617552577186745 , valid  0.8741789753013445 , test  0.9420188979947541 

Epoch 640 : train  0.1526467856287458 , valid  0.8489793653197463 , test  0.8711985909873231 

Epoch 650 : train  0.12708829231388175 , valid  0.8600055099565478 , test  0.8961123015605126 

Epoch 660 : train  0.11863468259536951 , valid  0.852193296277327 , test  0.8983290148068392 

Epoch 670 : train  0.1124372997270461 , valid  0.8428034565068017 , test  0.8860748877792046 

Epoch 680 : train  0.12662024231835992 , valid  0.8735993320577655 , test  0.8898539649296054 

Epoch 690 : train  0.12232769154710044 , valid  0.8552351082545325 , test  0.9089776389763223 

Epoch 700 : train  0.10739165593651595 , valid  0.8506597544758966 , test  0.9281923248731833 

Epoch 710 : train  0.14356184100305514 , valid  0.8640387581560014 , test  0.927678632921323 

Epoch 720 : train  0.12117784912651693 , valid  0.8689535208309394 , test  0.9085272109725214 

Epoch 730 : train  0.11140572313114733 , valid  0.8516620745157709 , test  0.8956448449671706 

Epoch 740 : train  0.13188639759336696 , valid  0.8586740948586316 , test  0.905137490490605 

Epoch 750 : train  0.12855572450002134 , valid  0.8700694644366613 , test  0.8950955804636928 

Epoch 760 : train  0.14615405908102605 , valid  0.8459673664771882 , test  0.9122672962318432 

Epoch 770 : train  0.13291863536862533 , valid  0.8525330567969541 , test  0.8946278893656816 

Epoch 780 : train  0.11460379041965504 , valid  0.8689439069707287 , test  0.9049668971510325 

Epoch 790 : train  0.11154588845370184 , valid  0.8774280775706796 , test  0.8980698435567811 

Epoch 800 : train  0.1308315023616275 , valid  0.8700234907695719 , test  0.8926424314281545 

Epoch 810 : train  0.14463336639933178 , valid  0.8813609419010152 , test  0.9013642771223296 

Epoch 820 : train  0.12038750954762979 , valid  0.8766216496304096 , test  0.8877111786172024 

Epoch 830 : train  0.12118434687366479 , valid  0.8751039179347077 , test  0.8946517625840691 

Epoch 840 : train  0.1266396776824092 , valid  0.8700399167160613 , test  0.8947113481785472 

Epoch 850 : train  0.12926280394219913 , valid  0.8505527539597801 , test  0.889832386999897 

Epoch 860 : train  0.12026033197228539 , valid  0.8630160973094242 , test  0.8779470486197513 

Epoch 870 : train  0.1262874036965028 , valid  0.8600490572233249 , test  0.8727816740034783 

Epoch 880 : train  0.13826497547338093 , valid  0.8670931738577007 , test  0.9157136697194681 

Epoch 890 : train  0.10691087055993401 , valid  0.834184244892313 , test  0.8995734346338268 

Epoch 900 : train  0.1194380250494657 , valid  0.8695074743215554 , test  0.9206539625742477 

Epoch 910 : train  0.10642551633945464 , valid  0.8521523617218754 , test  0.887187912713698 

Epoch 920 : train  0.11449825517698302 , valid  0.866163198502858 , test  0.8891507590663114 

Epoch 930 : train  0.12259122125773185 , valid  0.8678057366688686 , test  0.9177958850043639 

Epoch 940 : train  0.1068826439700264 , valid  0.864783118903727 , test  0.9001214573093959 

Epoch 950 : train  0.14708363379519343 , valid  0.9015332783830741 , test  0.9030737889190629 

Epoch 960 : train  0.13394725182365624 , valid  0.8707050198986436 , test  0.8773081825292367 

Epoch 970 : train  0.11053533218608172 , valid  0.8535395477493735 , test  0.8650656459439708 

Epoch 980 : train  0.11270304625535545 , valid  0.8679588712947143 , test  0.8899249465176623 

Epoch 990 : train  0.10112626908965856 , valid  0.8619393019090792 , test  0.8857098353858849 

Epoch 1000 : train  0.10309163546884147 , valid  0.8660540622922622 , test  0.8753424833592311 

best valid loss: 0.834184244892313
best test loss: 0.8995734346338268
kfold index: 4
Epoch 10 : train  1.8006629302221606 , valid  1.8920951346532162 , test  1.8321146418706868 

Epoch 20 : train  1.8038105758831247 , valid  1.974565436329412 , test  1.8731139870072935 

Epoch 30 : train  1.4124468515403017 , valid  1.597089964931068 , test  1.5351749102783978 

Epoch 40 : train  0.8405100291350079 , valid  1.205439176933669 , test  1.1569989554557696 

Epoch 50 : train  0.6147996547195574 , valid  1.0689965856999417 , test  1.0411471250529334 

Epoch 60 : train  0.36393082591939424 , valid  0.9961626365475603 , test  0.9741608767432827 

Epoch 70 : train  0.3007926479921723 , valid  0.9972138548939455 , test  0.9951330816867727 

Epoch 80 : train  0.26711747011754483 , valid  0.9673466326587116 , test  0.9459171275017254 

Epoch 90 : train  0.24901973105648642 , valid  0.9694613599581985 , test  0.9863063748379426 

Epoch 100 : train  0.22409038053520072 , valid  0.9711586034920414 , test  0.9658316841406942 

Epoch 110 : train  0.3062686193258252 , valid  0.9747823596119003 , test  0.9964498849292447 

Epoch 120 : train  0.2584539616453414 , valid  0.9573646151349444 , test  0.9604407905103711 

Epoch 130 : train  0.1972568540985001 , valid  0.9789310967559297 , test  0.9585002333706862 

Epoch 140 : train  0.18585210852926184 , valid  0.9413399585444433 , test  0.9760061809775282 

Epoch 150 : train  0.1846057241667952 , valid  0.9284809554147503 , test  0.94732166658175 

Epoch 160 : train  0.19105882524557247 , valid  0.9511012535790513 , test  0.9697974965610267 

Epoch 170 : train  0.1852931484294247 , valid  0.9360711835224617 , test  0.945519392582321 

Epoch 180 : train  0.17244690108852026 , valid  0.9174860218077087 , test  0.9479064501957792 

Epoch 190 : train  0.16294634398122554 , valid  0.9329360586766134 , test  0.9576749790545943 

Epoch 200 : train  0.18068484199743362 , valid  0.9392318055042419 , test  0.9229202436272479 

Epoch 210 : train  0.16470436053402002 , valid  0.9123902459459967 , test  0.9429001323193614 

Epoch 220 : train  0.14785605225766638 , valid  0.9415221679758111 , test  0.9261520071089256 

Epoch 230 : train  0.1589810016229531 , valid  0.9434221566007713 , test  0.918895487862496 

Epoch 240 : train  0.16952644091228813 , valid  0.9571798932047918 , test  0.9561962156503276 

Epoch 250 : train  0.16559621147675402 , valid  0.9199315362486103 , test  0.8881754635359995 

Epoch 260 : train  0.13312072847275527 , valid  0.9204776094518312 , test  0.8970806169548473 

Epoch 270 : train  0.16427676546735384 , valid  0.9336696498417081 , test  0.9285500411634499 

Epoch 280 : train  0.14404513537404504 , valid  0.9598963527389182 , test  0.9158479048570334 

Epoch 290 : train  0.14413550610899373 , valid  0.9455108499011055 , test  0.8724608042612626 

Epoch 300 : train  0.1406385648030112 , valid  0.9568892903545506 , test  0.9060096651094353 

Epoch 310 : train  0.1285406178917247 , valid  0.9314441036773573 , test  0.9084944587998914 

Epoch 320 : train  0.14369527293641893 , valid  0.933365138007252 , test  0.8972888416476396 

Epoch 330 : train  0.1502495835155718 , valid  0.9213815579732202 , test  0.8920964158629163 

Epoch 340 : train  0.13766050960825998 , valid  0.9028893029088185 , test  0.8792571422871631 

Epoch 350 : train  0.13983472563218421 , valid  0.9394383475851864 , test  0.9016302471726947 

Epoch 360 : train  0.11620319974158431 , valid  0.9181354277707964 , test  0.9207947638022197 

Epoch 370 : train  0.1207635728122985 , valid  0.8844461956367334 , test  0.8868296611260963 

Epoch 380 : train  0.14479138600354555 , valid  0.9056453407635824 , test  0.8936104321077348 

Epoch 390 : train  0.13180414686234185 , valid  0.894940997061703 , test  0.9245385740521802 

Epoch 400 : train  0.13093602308653715 , valid  0.902140941043637 , test  0.9003107310448972 

Epoch 410 : train  0.13015967358398478 , valid  0.8944770950512768 , test  0.8745013653748775 

Epoch 420 : train  0.15161871069483224 , valid  0.9090622828203425 , test  0.8928261049418001 

Epoch 430 : train  0.1436458914323836 , valid  0.9234186631385232 , test  0.9297777298522034 

Epoch 440 : train  0.11800234006188698 , valid  0.9063662860599205 , test  0.8827977623609873 

Epoch 450 : train  0.1318921909062804 , valid  0.8729354172153825 , test  0.8745115045628165 

Epoch 460 : train  0.15189731637869114 , valid  0.8878539662118834 , test  0.9128206760793284 

Epoch 470 : train  0.12562211710043641 , valid  0.8797433006022833 , test  0.8856454241493525 

Epoch 480 : train  0.15743992128995327 , valid  0.9009277912632883 , test  0.8602216759817799 

Epoch 490 : train  0.131434477910352 , valid  0.8937159236905048 , test  0.903058011755726 

Epoch 500 : train  0.13623266755714739 , valid  0.8866261007005384 , test  0.8964057682801718 

Epoch 510 : train  0.12162635454582187 , valid  0.876464162166608 , test  0.8628041481277519 

Epoch 520 : train  0.12456129089589768 , valid  0.8798696322427806 , test  0.9034368190007889 

Epoch 530 : train  0.12304668898293493 , valid  0.9086955919615005 , test  0.9014316105127934 

Epoch 540 : train  0.12156402539141474 , valid  0.8881903759101908 , test  0.8928905996478823 

Epoch 550 : train  0.15366042975405228 , valid  0.8864879676035352 , test  0.850041750495885 

Epoch 560 : train  0.12809842491240153 , valid  0.8828826808695811 , test  0.8821450861932336 

Epoch 570 : train  0.11714655272014496 , valid  0.8947668306365592 , test  0.8698993804874424 

Epoch 580 : train  0.15200742566322836 , valid  0.8826513591837185 , test  0.8626404158851357 

Epoch 590 : train  0.12751601250008363 , valid  0.8746998751686543 , test  0.9012294908596445 

Epoch 600 : train  0.13300513561996327 , valid  0.9003444764994744 , test  0.8789640496218574 

Epoch 610 : train  0.1422007192052103 , valid  0.8783297143540786 , test  0.8763043709181149 

Epoch 620 : train  0.11964244403609743 , valid  0.867673012179585 , test  0.9150833175165308 

Epoch 630 : train  0.13806622457116643 , valid  0.8746948808151013 , test  0.8639091671173712 

Epoch 640 : train  0.10886657237431618 , valid  0.9175665158311672 , test  0.8881155637737369 

Epoch 650 : train  0.09799494460117857 , valid  0.8841837462101575 , test  0.8719787375079541 

Epoch 660 : train  0.09562923767629421 , valid  0.9015762788985996 , test  0.8887260124861674 

Epoch 670 : train  0.12031791407833084 , valid  0.8847762813113221 , test  0.9122030822434022 

Epoch 680 : train  0.10677840841612299 , valid  0.8770179450076887 , test  0.864949739469797 

Epoch 690 : train  0.1036240550203746 , valid  0.8720660416089334 , test  0.8691309681125359 

Epoch 700 : train  0.12209557401276538 , valid  0.9020206982595208 , test  0.8513090521775089 

Epoch 710 : train  0.1310225023265995 , valid  0.9236522556280203 , test  0.8886453474918486 

Epoch 720 : train  0.13553293081697101 , valid  0.933610121310261 , test  0.9077854443824754 

Epoch 730 : train  0.1297613362430351 , valid  0.8983117167322732 , test  0.8827868831668088 

Epoch 740 : train  0.1235188750423894 , valid  0.8785605203135851 , test  0.8856427129816512 

Epoch 750 : train  0.12261850868487732 , valid  0.8981705550233474 , test  0.8840150770657794 

Epoch 760 : train  0.09700841105859338 , valid  0.8786047455859328 , test  0.8989873089752 

Epoch 770 : train  0.11159436393453602 , valid  0.8875316955541511 , test  0.8870636148683644 

Epoch 780 : train  0.09363106431597513 , valid  0.8957895971194008 , test  0.8642731908700619 

Epoch 790 : train  0.12906740257727492 , valid  0.8931494252033662 , test  0.8909910280109388 

Epoch 800 : train  0.13059301275369337 , valid  0.9011052617443065 , test  0.8472248436290984 

Epoch 810 : train  0.14278798865298126 , valid  0.8995316981523255 , test  0.883168290443362 

Epoch 820 : train  0.11042713476761745 , valid  0.8802106723419522 , test  0.8737182778010817 

Epoch 830 : train  0.1275742798738254 , valid  0.8780982783748696 , test  0.8542868061844724 

Epoch 840 : train  0.12107516858854458 , valid  0.8920969314178224 , test  0.8755388716186296 

Epoch 850 : train  0.11876796580816625 , valid  0.9007389596960179 , test  0.906067351661134 

Epoch 860 : train  0.12441843219148778 , valid  0.9102351615545801 , test  0.8890782318666576 

Epoch 870 : train  0.09024118296773914 , valid  0.8752821177750788 , test  0.8675710163289685 

Epoch 880 : train  0.12120025680151006 , valid  0.8903213040429524 , test  0.8927758658336198 

Epoch 890 : train  0.09079133395378038 , valid  0.8642992256635146 , test  0.8663962059198487 

Epoch 900 : train  0.09327027562160257 , valid  0.8654990293092564 , test  0.8917664852757201 

Epoch 910 : train  0.10322843942378489 , valid  0.8820147373382762 , test  0.9003684485833507 

Epoch 920 : train  0.09527141635834352 , valid  0.856606146185701 , test  0.8852556387214525 

Epoch 930 : train  0.09669607440250017 , valid  0.8813532791851323 , test  0.8542827859652472 

Epoch 940 : train  0.09915627356643078 , valid  0.8842484904179266 , test  0.8733032503552906 

Epoch 950 : train  0.09912527686193429 , valid  0.8790870385349965 , test  0.8913792373443965 

Epoch 960 : train  0.10324371963347398 , valid  0.8843176805561785 , test  0.8778876884554205 

Epoch 970 : train  0.09895936138087608 , valid  0.8861807664799932 , test  0.8802150071272261 

Epoch 980 : train  0.09225186051187045 , valid  0.8740608350051184 , test  0.8709208650230624 

Epoch 990 : train  0.11955616475001135 , valid  0.8980138418088861 , test  0.8577993693541406 

Epoch 1000 : train  0.10993327852675859 , valid  0.8664904573079466 , test  0.8786167744842991 

best valid loss: 0.856606146185701
best test loss: 0.8852556387214525
 
Job Ended at Mon Apr 10 09:51:01 EDT 2023
