Job started on r180.ib.bridges2.psc.edu at Mon Apr 10 09:20:15 EDT 2023
Namespace(data_path='/ocean/projects/cts180021p/shang9/molecules/pretrainLCA/finalized/data/o_gnn_input/ESOL/raw/data.csv', dense=1, dropout=0, folder_idx=4, layer=1, split_folder='/ocean/projects/cts180021p/shang9/molecules/pretrainLCA/finalized/model/feature-based/result_1/ESOL/')
kfold index: 0
Epoch 10 : train  1.6216682627630785 , valid  1.7773735336925318 , test  1.7697483653109152 

Epoch 20 : train  1.9323959939098803 , valid  2.0203071987789465 , test  2.0444061115069645 

Epoch 30 : train  1.4477881691850867 , valid  1.5730447006366428 , test  1.6415834749696248 

Epoch 40 : train  0.9068688609017407 , valid  1.2394436466440986 , test  1.2685327024016841 

Epoch 50 : train  0.549436818148349 , valid  1.0840345975584256 , test  1.1443904450685094 

Epoch 60 : train  0.3682924173066851 , valid  1.0238622032052485 , test  1.070442302491302 

Epoch 70 : train  0.3457929133525434 , valid  1.0018084596118606 , test  1.0519636049308052 

Epoch 80 : train  0.26297205251300804 , valid  0.9947702152061595 , test  1.0222440362490879 

Epoch 90 : train  0.2519995457195546 , valid  0.9574584502439314 , test  1.0337832449163955 

Epoch 100 : train  0.26007190501406097 , valid  0.9613543506529869 , test  1.012233361381433 

Epoch 110 : train  0.2428609604773446 , valid  0.9616873022260155 , test  1.0090745671292778 

Epoch 120 : train  0.24598337393421668 , valid  0.9420619592293714 , test  1.0069346727242257 

Epoch 130 : train  0.2365952638057647 , valid  0.9152261899429719 , test  1.0096967505274261 

Epoch 140 : train  0.19914143066137086 , valid  0.909171274199746 , test  1.0055555733537622 

Epoch 150 : train  0.19333860569476377 , valid  0.9278089346967459 , test  0.9805683260566931 

Epoch 160 : train  0.2006024873271919 , valid  0.9003826965009871 , test  0.9860444433520374 

Epoch 170 : train  0.1728503392251202 , valid  0.9112960009187262 , test  0.974391591576288 

Epoch 180 : train  0.2025262138014632 , valid  0.9141336262759748 , test  1.003054058452201 

Epoch 190 : train  0.20657960876594086 , valid  0.9100723646269109 , test  0.9969135683612043 

Epoch 200 : train  0.18520304053105927 , valid  0.9008073896037415 , test  1.0130103121968086 

Epoch 210 : train  0.1721292191394073 , valid  0.8899923722718015 , test  0.9850019048270349 

Epoch 220 : train  0.24868513223385297 , valid  0.9382799696524678 , test  1.0024722191373487 

Epoch 230 : train  0.1857313415398024 , valid  0.90497982628131 , test  0.9920220758586005 

Epoch 240 : train  0.1518454321249208 , valid  0.9120576487466505 , test  0.99060948201463 

Epoch 250 : train  0.16122667396217497 , valid  0.9014086580534902 , test  1.0007688525602505 

Epoch 260 : train  0.17115671760599366 , valid  0.9122178057637983 , test  1.0029236356961764 

Epoch 270 : train  0.2115729087747162 , valid  0.9078699520957382 , test  0.9721564413779098 

Epoch 280 : train  0.14666851620459662 , valid  0.9026423094622619 , test  0.981366365736478 

Epoch 290 : train  0.14955874096794067 , valid  0.9102040905108526 , test  0.9874921989941943 

Epoch 300 : train  0.1656914520540733 , valid  0.8900676488073964 , test  0.9932849043772245 

Epoch 310 : train  0.15380837326463517 , valid  0.8906627833129878 , test  0.9705507526320025 

Epoch 320 : train  0.16865342719994625 , valid  0.923721193359443 , test  0.9904216343131208 

Epoch 330 : train  0.1588020337509541 , valid  0.9093934699263071 , test  0.9873188553748388 

Epoch 340 : train  0.18469029849442384 , valid  0.9020173633976063 , test  0.979145522022267 

Epoch 350 : train  0.19697249047986948 , valid  0.9207895497994831 , test  0.9870087856127302 

Epoch 360 : train  0.13139889998079973 , valid  0.8899209673902103 , test  0.9691537186613607 

Epoch 370 : train  0.16383807916444063 , valid  0.8985363508630545 , test  0.957658099125706 

Epoch 380 : train  0.14619012014576124 , valid  0.8947435532308937 , test  0.9558638042421338 

Epoch 390 : train  0.14814556924422195 , valid  0.8604643603775368 , test  0.9503793033936268 

Epoch 400 : train  0.14932150285651338 , valid  0.8422563944135334 , test  0.9537281731384123 

Epoch 410 : train  0.13545190934408352 , valid  0.871854760679983 , test  0.9503534475894618 

Epoch 420 : train  0.1438546253031238 , valid  0.8688376970799409 , test  0.9429651606777858 

Epoch 430 : train  0.12411374683205663 , valid  0.8514323406307738 , test  0.9589440446441699 

Epoch 440 : train  0.1243598680790367 , valid  0.8594652835337256 , test  0.9499279006590317 

Epoch 450 : train  0.1484752679955644 , valid  0.8545450782913151 , test  0.9576259041547434 

Epoch 460 : train  0.1286585333458064 , valid  0.8298786438836583 , test  0.9340941194852188 

Epoch 470 : train  0.14483734249322602 , valid  0.8418415830207472 , test  0.9549830247528123 

Epoch 480 : train  0.14072248192150158 , valid  0.8496151699596046 , test  0.952990940273041 

Epoch 490 : train  0.14736025993427299 , valid  0.868201871706195 , test  0.9747317179305657 

Epoch 500 : train  0.12345364505936597 , valid  0.8451331882832406 , test  0.9388650678089462 

Epoch 510 : train  0.15244530011292792 , valid  0.8497469475662502 , test  0.9642441611826671 

Epoch 520 : train  0.13294880030942666 , valid  0.8195140663409153 , test  0.9397235977122851 

Epoch 530 : train  0.14988179529326273 , valid  0.8448123048935633 , test  0.9469640555422287 

Epoch 540 : train  0.1997292398522088 , valid  0.8731033841396438 , test  0.9529111462431171 

Epoch 550 : train  0.13775807526142886 , valid  0.8605228744252537 , test  0.9652857248072064 

Epoch 560 : train  0.12273738240624703 , valid  0.8434213156098241 , test  0.9570895617170097 

Epoch 570 : train  0.1508223387323778 , valid  0.8455465040520567 , test  0.9729097603663359 

Epoch 580 : train  0.13979654085962626 , valid  0.8468964462652667 , test  0.9336351127132652 

Epoch 590 : train  0.12195872646191547 , valid  0.83165318847194 , test  0.9244804568276331 

Epoch 600 : train  0.13038539464099175 , valid  0.8235283396967609 , test  0.9137706878840889 

Epoch 610 : train  0.1737379005190045 , valid  0.8298944365944315 , test  0.9176767818686503 

Epoch 620 : train  0.12675813094571647 , valid  0.8420311941132339 , test  0.9347502232062166 

Epoch 630 : train  0.1641069957688069 , valid  0.855187081635231 , test  0.9411698500619075 

Epoch 640 : train  0.1620971700584627 , valid  0.880324532942795 , test  0.9458523976853708 

Epoch 650 : train  0.15788378708260628 , valid  0.8539111710881376 , test  0.9521790295255812 

Epoch 660 : train  0.1324893359914794 , valid  0.8427957402992986 , test  0.947520341328986 

Epoch 670 : train  0.1442538899243201 , valid  0.8595042628629983 , test  0.9413501310152066 

Epoch 680 : train  0.13170451316859177 , valid  0.8287363397037095 , test  0.9309856997992394 

Epoch 690 : train  0.17433200603973917 , valid  0.8435114265283276 , test  0.9545380290498012 

Epoch 700 : train  0.1405032264209111 , valid  0.8345593853976103 , test  0.9435450080734337 

Epoch 710 : train  0.14409339238478402 , valid  0.8507655838074649 , test  0.9538343826269986 

Epoch 720 : train  0.16343868332856457 , valid  0.8434562226574364 , test  0.9466752935196001 

Epoch 730 : train  0.10704136005953199 , valid  0.8247563429975464 , test  0.8997633463052669 

Epoch 740 : train  0.12621987615219069 , valid  0.8199537831851349 , test  0.9158943744082314 

Epoch 750 : train  0.10898982683132284 , valid  0.8222498012336754 , test  0.9290192781501879 

Epoch 760 : train  0.13601951266728912 , valid  0.8585332380033465 , test  0.9385949585217844 

Epoch 770 : train  0.14799920128937175 , valid  0.8218441951273836 , test  0.9405880164462417 

Epoch 780 : train  0.1293844557599834 , valid  0.8265276088773071 , test  0.93531932024851 

Epoch 790 : train  0.14207375360904528 , valid  0.8375453534146687 , test  0.9328594632147464 

Epoch 800 : train  0.10869651192605102 , valid  0.8049942698826492 , test  0.9165575722765285 

Epoch 810 : train  0.11035538431160076 , valid  0.8184669897810105 , test  0.9117504638738456 

Epoch 820 : train  0.1141855697904037 , valid  0.8264098951722828 , test  0.9279534081349271 

Epoch 830 : train  0.11555294966125502 , valid  0.815217445436154 , test  0.9440172939722739 

Epoch 840 : train  0.10890622827884465 , valid  0.8082400037697542 , test  0.9428762047312913 

Epoch 850 : train  0.12572553106878925 , valid  0.8428123499560688 , test  0.899690690181432 

Epoch 860 : train  0.13331002496481112 , valid  0.8419666122336392 , test  0.9371232512420474 

Epoch 870 : train  0.13087123908497741 , valid  0.8232476138201893 , test  0.9221823813404573 

Epoch 880 : train  0.11107415432218877 , valid  0.8130642036259011 , test  0.9177225187019209 

Epoch 890 : train  0.12258245622698977 , valid  0.8342030963047207 , test  0.9143307709497633 

Epoch 900 : train  0.11519224829072765 , valid  0.8236035017437333 , test  0.9186353101356395 

Epoch 910 : train  0.11600956122860144 , valid  0.8363184228414096 , test  0.9345311747100923 

Epoch 920 : train  0.1493435444188273 , valid  0.8373740752425824 , test  0.9302448475418672 

Epoch 930 : train  0.0983784652352246 , valid  0.8407036654031 , test  0.9227342020089316 

Epoch 940 : train  0.10921665067306985 , valid  0.8308314723492786 , test  0.9238631870369746 

Epoch 950 : train  0.14369129542074766 , valid  0.8483990893648923 , test  0.9428276731650495 

Epoch 960 : train  0.10948672246525393 , valid  0.8058691957717576 , test  0.9069391200557206 

Epoch 970 : train  0.15224079048889608 , valid  0.8398655095071659 , test  0.8925569966146073 

Epoch 980 : train  0.11469977057719763 , valid  0.8290656469605268 , test  0.9177257505252419 

Epoch 990 : train  0.10930684912587744 , valid  0.8292787642871944 , test  0.928665825504821 

Epoch 1000 : train  0.11980724489831797 , valid  0.8252255180591094 , test  0.9057709836958568 

best valid loss: 0.8049942698826492
best test loss: 0.9165575722765285
kfold index: 1
Epoch 10 : train  1.5236089978408367 , valid  1.8404626489311988 , test  1.671096840810865 

Epoch 20 : train  1.4650716840365976 , valid  1.8647978883410574 , test  1.5819522626768527 

Epoch 30 : train  1.1916356019559673 , valid  1.6510777964298586 , test  1.3733810997912423 

Epoch 40 : train  0.8190189762994403 , valid  1.4723247623405986 , test  1.1424591009174818 

Epoch 50 : train  0.5371661484304908 , valid  1.2561516401857522 , test  1.0772257461493298 

Epoch 60 : train  0.32529798957000244 , valid  1.1701730619130848 , test  1.0195993781051669 

Epoch 70 : train  0.2718236162946983 , valid  1.122792081427261 , test  1.0140526626445856 

Epoch 80 : train  0.24489422376203512 , valid  1.1070392058797829 , test  0.9742746933034584 

Epoch 90 : train  0.2231336259090015 , valid  1.069137836990497 , test  0.9575264470400767 

Epoch 100 : train  0.23944216933390103 , valid  1.0737176936845618 , test  0.9563014425310494 

Epoch 110 : train  0.2513864550781761 , valid  1.063704569382486 , test  0.9439760113240601 

Epoch 120 : train  0.21788310452771406 , valid  1.105426753575161 , test  0.9779160674243482 

Epoch 130 : train  0.2106882546581264 , valid  1.0927770142695925 , test  0.9368931955205483 

Epoch 140 : train  0.17480643031556084 , valid  1.0687127452172094 , test  0.9533215589134828 

Epoch 150 : train  0.1677384811265966 , valid  1.0880387756011436 , test  0.9363355915237925 

Epoch 160 : train  0.182108317269054 , valid  1.0742703506679865 , test  0.9383538481129141 

Epoch 170 : train  0.18740963378698033 , valid  1.0963212639325264 , test  0.9720798943272337 

Epoch 180 : train  0.19602756977716615 , valid  1.0745289413049945 , test  0.9628123400004973 

Epoch 190 : train  0.1542942155265418 , valid  1.0894667553215058 , test  0.9546990139502213 

Epoch 200 : train  0.14779685841912796 , valid  1.0607268292994605 , test  0.9463817684665391 

Epoch 210 : train  0.15292932005354173 , valid  1.0958118486160247 , test  0.9591987850033943 

Epoch 220 : train  0.1515211923091065 , valid  1.0893402818512266 , test  0.9559491883314973 

Epoch 230 : train  0.14664420051829 , valid  1.0616317375365119 , test  0.9448046948195621 

Epoch 240 : train  0.1667784372952433 , valid  1.0750654170901874 , test  0.9693080349786185 

Epoch 250 : train  0.1418286204928306 , valid  1.0709742307348507 , test  0.9257707917158228 

Epoch 260 : train  0.1304281856611239 , valid  1.0960929125563985 , test  0.9414167075224297 

Epoch 270 : train  0.13742565881535188 , valid  1.0742782124892727 , test  0.9361331296596287 

Epoch 280 : train  0.1326967271663312 , valid  1.0796536539897603 , test  0.9310276113197825 

Epoch 290 : train  0.12584931056943485 , valid  1.064185346846609 , test  0.9278387200040871 

Epoch 300 : train  0.19401040955260887 , valid  1.0671744543956627 , test  0.9514402030296819 

Epoch 310 : train  0.14310460384372087 , valid  1.0779620951532807 , test  0.9244616475245327 

Epoch 320 : train  0.16349117847437086 , valid  1.0431437608580851 , test  0.9452891316210595 

Epoch 330 : train  0.13854862117001684 , valid  1.0677930794213084 , test  0.9542567307212241 

Epoch 340 : train  0.12674929433134657 , valid  1.0545692320031088 , test  0.9310232810138263 

Epoch 350 : train  0.10973362184507192 , valid  1.0452125277847137 , test  0.9326872743102247 

Epoch 360 : train  0.11415535542507481 , valid  1.0668408092693178 , test  0.9374755652313806 

Epoch 370 : train  0.13377452321900338 , valid  1.051592691899672 , test  0.9295366361654526 

Epoch 380 : train  0.12253324440474372 , valid  1.0767057518350365 , test  0.9353590762854044 

Epoch 390 : train  0.11216380327483261 , valid  1.0674932308098533 , test  0.9663446180466624 

Epoch 400 : train  0.11846630367296634 , valid  1.046067357340271 , test  0.9243077585395859 

Epoch 410 : train  0.09886575033472395 , valid  1.0488944879800683 , test  0.9147249079004477 

Epoch 420 : train  0.11698766660341094 , valid  1.028137261664443 , test  0.9313352277629446 

Epoch 430 : train  0.12384804111041449 , valid  1.0040362178666633 , test  0.9248388630184633 

Epoch 440 : train  0.11290783248016058 , valid  1.0492666333674163 , test  0.9276095871732043 

Epoch 450 : train  0.11930984965456833 , valid  1.0550379279041722 , test  0.9254847640001225 

Epoch 460 : train  0.12432063536872318 , valid  1.035159450446091 , test  0.9236724191388856 

Epoch 470 : train  0.111671583159535 , valid  1.0443767757935376 , test  0.9334531806053992 

Epoch 480 : train  0.12011378671807259 , valid  1.0675726367889795 , test  0.915854490076189 

Epoch 490 : train  0.1475320778148349 , valid  1.040278103365962 , test  0.9105797602813184 

Epoch 500 : train  0.12679787199770948 , valid  1.0235949802437483 , test  0.9086675274854351 

Epoch 510 : train  0.11640910795720573 , valid  1.0471380156277843 , test  0.91677083935433 

Epoch 520 : train  0.12979437174357694 , valid  1.0731324928799146 , test  0.9117834896540136 

Epoch 530 : train  0.1297097444762703 , valid  1.048160214945576 , test  0.9037232448889572 

Epoch 540 : train  0.11252642700286995 , valid  1.0330883820969814 , test  0.9013550741623483 

Epoch 550 : train  0.12983075773727007 , valid  1.0557160514670028 , test  0.9048976035428161 

Epoch 560 : train  0.11143480303371708 , valid  1.049587765456535 , test  0.8995801672266132 

Epoch 570 : train  0.12151978439151852 , valid  1.0465735973891193 , test  0.9184149167428381 

Epoch 580 : train  0.12434093427658309 , valid  1.0319681758438923 , test  0.9028462849685249 

Epoch 590 : train  0.12575867315130881 , valid  1.0443360442079166 , test  0.8799521158279631 

Epoch 600 : train  0.1239800575905181 , valid  1.044788063157813 , test  0.914610761093477 

Epoch 610 : train  0.12470142867302089 , valid  1.048413958930776 , test  0.918449131425724 

Epoch 620 : train  0.1506187632276119 , valid  1.0674250041440296 , test  0.9495362460566558 

Epoch 630 : train  0.14617139000340285 , valid  1.0432573760746042 , test  0.9610554257327127 

Epoch 640 : train  0.13266419874678279 , valid  1.0575250953291118 , test  0.9386281883993642 

Epoch 650 : train  0.09753683475924675 , valid  1.0449570146552367 , test  0.8899755303062663 

Epoch 660 : train  0.13079182608592313 , valid  1.0578913553134308 , test  0.9213847363309201 

Epoch 670 : train  0.17122805315526052 , valid  1.023768712048694 , test  0.9102798531918878 

Epoch 680 : train  0.11403296910152015 , valid  1.026200133168208 , test  0.9141234524416035 

Epoch 690 : train  0.13187219716161266 , valid  1.0062140705766855 , test  0.9032640102687004 

Epoch 700 : train  0.16386933965543996 , valid  1.0455141125090281 , test  0.9197758369075081 

Epoch 710 : train  0.11047870305081603 , valid  1.0245672184673364 , test  0.9049838136610369 

Epoch 720 : train  0.09018511413065616 , valid  1.0386514335345958 , test  0.8927040162047755 

Epoch 730 : train  0.08922736932323658 , valid  1.0139315656960872 , test  0.8917603561266698 

Epoch 740 : train  0.0921534008402562 , valid  1.0381690720774912 , test  0.8958978204004968 

Epoch 750 : train  0.0896952872292042 , valid  1.0314209308155657 , test  0.8953153375572817 

Epoch 760 : train  0.1048224936261054 , valid  1.0692169670358962 , test  0.9368271827070733 

Epoch 770 : train  0.09642480623576821 , valid  1.0320895681592517 , test  0.8844411538709854 

Epoch 780 : train  0.09405477040380945 , valid  1.0443405959353982 , test  0.8918373470104447 

Epoch 790 : train  0.09984349584296373 , valid  1.0363611541970403 , test  0.8886012792797513 

Epoch 800 : train  0.09962456063880179 , valid  1.0255877317255928 , test  0.8823938309788999 

Epoch 810 : train  0.10730516886540778 , valid  0.9972094658770257 , test  0.8865137145427281 

Epoch 820 : train  0.09439466469845888 , valid  1.010845830803108 , test  0.8762501609609845 

Epoch 830 : train  0.09768107485015069 , valid  1.0610317736405763 , test  0.9143094357969292 

Epoch 840 : train  0.09536693315017976 , valid  1.0180076322769864 , test  0.888415198187708 

Epoch 850 : train  0.08184288938239331 , valid  1.0372092781555393 , test  0.8965495813372101 

Epoch 860 : train  0.14325097117696325 , valid  1.0169910019463175 , test  0.9241992387995227 

Epoch 870 : train  0.10768587446308248 , valid  1.0317762656810094 , test  0.9018919940036957 

Epoch 880 : train  0.09353119131858703 , valid  1.0105801218043884 , test  0.9060177207657355 

Epoch 890 : train  0.09905273143323423 , valid  1.032384652167692 , test  0.8974933512230555 

Epoch 900 : train  0.126602005924931 , valid  1.0493938749908636 , test  0.8800819654237372 

Epoch 910 : train  0.12006315597225375 , valid  1.0562731700459287 , test  0.9173791590501775 

Epoch 920 : train  0.12650951581485334 , valid  1.0200765730617327 , test  0.8969237750243115 

Epoch 930 : train  0.09537260894515533 , valid  1.0345481205086846 , test  0.8751622434051768 

Epoch 940 : train  0.08317664474377023 , valid  1.0196507363258622 , test  0.8896817607083229 

Epoch 950 : train  0.09193972913693431 , valid  1.032639693890484 , test  0.9023641890816182 

Epoch 960 : train  0.0696973264412288 , valid  1.0396956155991628 , test  0.8898812886550659 

Epoch 970 : train  0.09831175942517165 , valid  1.0275047060715727 , test  0.9037011680884133 

Epoch 980 : train  0.1438179971246582 , valid  1.0373292404500203 , test  0.891876842606606 

Epoch 990 : train  0.08860539630267945 , valid  1.0531321583679123 , test  0.8910619711797267 

Epoch 1000 : train  0.07857840985788908 , valid  1.042799792165848 , test  0.8858281881544531 

best valid loss: 0.9972094658770257
best test loss: 0.8865137145427281
kfold index: 2
Epoch 10 : train  1.6875717220514428 , valid  1.7429752661928362 , test  1.7922257990404022 

Epoch 20 : train  1.655839228193015 , valid  1.7118113384240534 , test  1.68869862377285 

Epoch 30 : train  1.232445719750549 , valid  1.470164678905354 , test  1.3781651326383906 

Epoch 40 : train  0.8091484867283936 , valid  1.1592121543061376 , test  1.1842657634997245 

Epoch 50 : train  0.5060302884082911 , valid  1.0449345455818595 , test  1.12878074272899 

Epoch 60 : train  0.3670665173730674 , valid  0.9915814056404113 , test  1.0894001287808237 

Epoch 70 : train  0.3190982313258929 , valid  0.9716799806334752 , test  1.0714012001169935 

Epoch 80 : train  0.2750919641022543 , valid  0.986702427643501 , test  1.051230204231107 

Epoch 90 : train  0.2636942661954361 , valid  0.9742402581609361 , test  1.0990813392885885 

Epoch 100 : train  0.2100097934817594 , valid  0.9620398653841359 , test  1.046355661301697 

Epoch 110 : train  0.235051939972624 , valid  0.9718392612736503 , test  1.0855534753187988 

Epoch 120 : train  0.21950382886552663 , valid  0.9544838772474376 , test  1.035038986925748 

Epoch 130 : train  0.1919215083604822 , valid  0.9506945569374196 , test  1.0358689734804405 

Epoch 140 : train  0.2006229950767494 , valid  0.9401453155039491 , test  1.0130697170033376 

Epoch 150 : train  0.2085721318565297 , valid  0.9452282081725651 , test  1.0074264686522467 

Epoch 160 : train  0.21076285452526358 , valid  0.9416500345971061 , test  1.0590792852173974 

Epoch 170 : train  0.18296978944762846 , valid  0.936323457448906 , test  1.054694889974785 

Epoch 180 : train  0.1542386447391767 , valid  0.9691907035221171 , test  1.042475402795398 

Epoch 190 : train  0.16469907996441446 , valid  0.9759034590153219 , test  1.0108269622310586 

Epoch 200 : train  0.18624740014819008 , valid  0.9112859540705023 , test  1.0110580696124225 

Epoch 210 : train  0.15520148578369491 , valid  0.9114021825578356 , test  0.994775986818457 

Epoch 220 : train  0.16637241099550037 , valid  0.9404896489501162 , test  1.0312197906438547 

Epoch 230 : train  0.17672434720480096 , valid  0.9555158580917326 , test  1.0457334464231713 

Epoch 240 : train  0.1640503720782238 , valid  0.903300832825719 , test  1.0204616219460916 

Epoch 250 : train  0.1549818026001992 , valid  0.9078116596921135 , test  1.0237790966064486 

Epoch 260 : train  0.15667165607007422 , valid  0.9331444404747951 , test  1.0303160035606374 

Epoch 270 : train  0.14433803004813603 , valid  0.8943578261864791 , test  1.0323917803482177 

Epoch 280 : train  0.14109345658428524 , valid  0.925857579422942 , test  1.0506501627434908 

Epoch 290 : train  0.15741124566291106 , valid  0.9139476554304821 , test  1.061103135926346 

Epoch 300 : train  0.13975917813723457 , valid  0.9247259396372259 , test  1.0363036211284429 

Epoch 310 : train  0.15662396551225824 , valid  0.9543635268556955 , test  1.0444977404707974 

Epoch 320 : train  0.14121251802864176 , valid  0.9367827020947032 , test  1.0188520452305994 

Epoch 330 : train  0.1282598903099161 , valid  0.9374305602440459 , test  1.011934955010417 

Epoch 340 : train  0.11787460539521694 , valid  0.925507461874647 , test  1.0144585616894477 

Epoch 350 : train  0.13496852682969168 , valid  0.9401888545432182 , test  1.001008128614868 

Epoch 360 : train  0.23517540900301617 , valid  0.8889478528497959 , test  1.041121589742694 

Epoch 370 : train  0.13319916877590834 , valid  0.8940620574450058 , test  1.0432262004330541 

Epoch 380 : train  0.188659878878676 , valid  0.891633613029808 , test  1.0536506669729195 

Epoch 390 : train  0.16543953355514046 , valid  0.9117279322392846 , test  1.0357664498455348 

Epoch 400 : train  0.15675891545349263 , valid  0.8791792498286541 , test  0.9945906122036849 

Epoch 410 : train  0.1504712645513309 , valid  0.8910999908741897 , test  1.0307045523357226 

Epoch 420 : train  0.13899435955518788 , valid  0.9244052935258077 , test  1.0195813148761097 

Epoch 430 : train  0.1257094085844658 , valid  0.9101319846562536 , test  1.0061669956299908 

Epoch 440 : train  0.12985005125060795 , valid  0.9356959560984548 , test  1.0195558261941582 

Epoch 450 : train  0.14147372201139183 , valid  0.9161213370046003 , test  1.0455419839257556 

Epoch 460 : train  0.12597175547466832 , valid  0.9041699748842733 , test  1.0387232558370085 

Epoch 470 : train  0.1191396702788671 , valid  0.916907776550135 , test  1.034725308010517 

Epoch 480 : train  0.1290167842771265 , valid  0.9342226036301996 , test  1.0236393957743806 

Epoch 490 : train  0.11401608018643443 , valid  0.8836480958068316 , test  1.0241887035910966 

Epoch 500 : train  0.12173434286260643 , valid  0.883461157147193 , test  0.9982706573716339 

Epoch 510 : train  0.14050132699050336 , valid  0.9108759549799647 , test  1.0287283381095826 

Epoch 520 : train  0.1468211222057818 , valid  0.9185175554095645 , test  1.0055912129836373 

Epoch 530 : train  0.12837718583288607 , valid  0.9225950750774158 , test  1.0153686849032677 

Epoch 540 : train  0.1305393505174768 , valid  0.8906249545108526 , test  1.0255856425842507 

Epoch 550 : train  0.13924799390988365 , valid  0.8877637264619257 , test  1.03409124980271 

Epoch 560 : train  0.10204942218033462 , valid  0.8689972650737111 , test  0.9896781366132468 

Epoch 570 : train  0.13270109219179693 , valid  0.8633662591062701 , test  1.0028953400962486 

Epoch 580 : train  0.21581749711845477 , valid  0.926071115474308 , test  1.0460928638682037 

Epoch 590 : train  0.15915893612744006 , valid  0.8902202496970241 , test  1.0045454681878034 

Epoch 600 : train  0.1256500499898913 , valid  0.8552075411067648 , test  0.9856403489948102 

Epoch 610 : train  0.13325454667866724 , valid  0.9304722174162976 , test  1.0027153033275236 

Epoch 620 : train  0.12257465561121879 , valid  0.8799957718060128 , test  1.0213802249847663 

Epoch 630 : train  0.1358667320802506 , valid  0.8737693017241387 , test  1.0271588336491286 

Epoch 640 : train  0.15822652513305038 , valid  0.9188310947731472 , test  1.044706324011616 

Epoch 650 : train  0.12527975168153516 , valid  0.8654121497580819 , test  1.0168668313314062 

Epoch 660 : train  0.14332010795739536 , valid  0.8868472804158916 , test  1.0290020101704191 

Epoch 670 : train  0.11491461703501679 , valid  0.8667294592432218 , test  0.9971777883044565 

Epoch 680 : train  0.1323806220555559 , valid  0.8988902557651046 , test  1.0086529996435554 

Epoch 690 : train  0.11741682112905717 , valid  0.8689675371860736 , test  0.9961166375450511 

Epoch 700 : train  0.10930574969873852 , valid  0.881423776633511 , test  1.0109318445961297 

Epoch 710 : train  0.14811875075219919 , valid  0.8817112055148596 , test  1.015103768369715 

Epoch 720 : train  0.09854082941773419 , valid  0.8838821029779489 , test  1.006755357057582 

Epoch 730 : train  0.09584708293325833 , valid  0.8726655791739593 , test  1.034292462301751 

Epoch 740 : train  0.12621458538587668 , valid  0.8609884445095546 , test  1.0035603149722372 

Epoch 750 : train  0.10329880562690497 , valid  0.8872261698610354 , test  1.0282451824370185 

Epoch 760 : train  0.1019725726762766 , valid  0.8709559296279739 , test  0.9927955628300951 

Epoch 770 : train  0.09296397680262872 , valid  0.8647679360356795 , test  0.9979515099927876 

Epoch 780 : train  0.08866611339937666 , valid  0.8534682012772518 , test  0.9924198504019021 

Epoch 790 : train  0.0836099799292991 , valid  0.837075454593693 , test  0.9801554415136182 

Epoch 800 : train  0.1121651020505088 , valid  0.8725782054291209 , test  1.0062857152933211 

Epoch 810 : train  0.127124117911855 , valid  0.8806327891389903 , test  1.0064105321480392 

Epoch 820 : train  0.09857832488741733 , valid  0.875833770025176 , test  0.9983387626728351 

Epoch 830 : train  0.12310752141659434 , valid  0.8079801378031485 , test  1.001431151597418 

Epoch 840 : train  0.10077278689182552 , valid  0.8590128073278179 , test  0.9845241281322381 

Epoch 850 : train  0.10800858278820878 , valid  0.8256696386447587 , test  0.9898634913818909 

Epoch 860 : train  0.0975015006270128 , valid  0.8800038864712302 , test  1.008132039512807 

Epoch 870 : train  0.10423583718713711 , valid  0.8345940669557833 , test  0.9863759985017198 

Epoch 880 : train  0.10137481574816642 , valid  0.865997170950018 , test  0.9890051502525425 

Epoch 890 : train  0.09849495425933595 , valid  0.8550358995500983 , test  0.9750516375678204 

Epoch 900 : train  0.10527758482674314 , valid  0.8538215786912855 , test  0.996941916697274 

Epoch 910 : train  0.115419984656182 , valid  0.825282130979659 , test  0.9875952576696831 

Epoch 920 : train  0.11402520569572579 , valid  0.8503282728696776 , test  1.0079899489627953 

Epoch 930 : train  0.10295424211330903 , valid  0.836458385811654 , test  0.9952804473638104 

Epoch 940 : train  0.08546266574356112 , valid  0.8451874612743161 , test  0.9906991514822029 

Epoch 950 : train  0.10266886103530412 , valid  0.8558322396602281 , test  0.9892490708394749 

Epoch 960 : train  0.13052044170215185 , valid  0.8254049779992461 , test  0.9872088045413745 

Epoch 970 : train  0.10030150089162343 , valid  0.8518111206248464 , test  0.9875512258112544 

Epoch 980 : train  0.0810059515984972 , valid  0.8687671754445743 , test  0.9852758812212902 

Epoch 990 : train  0.08177808673858868 , valid  0.84885062384768 , test  0.984946193692669 

Epoch 1000 : train  0.08446797204746853 , valid  0.8490323094158524 , test  0.9786120276038605 

best valid loss: 0.8079801378031485
best test loss: 1.001431151597418
kfold index: 3
Epoch 10 : train  1.6373149770340074 , valid  1.8308196742658467 , test  1.6773272486718374 

Epoch 20 : train  1.655311018266097 , valid  1.8392165621419634 , test  1.6337263336373269 

Epoch 30 : train  1.0966653315549357 , valid  1.3200628642527583 , test  1.25816596840978 

Epoch 40 : train  0.862317120569535 , valid  1.2487344165278458 , test  1.1781162705436665 

Epoch 50 : train  0.5311214534827808 , valid  1.0419347891063682 , test  1.0693382180409001 

Epoch 60 : train  0.4713562824286382 , valid  1.0083587358086206 , test  1.0386413331740678 

Epoch 70 : train  0.27136181093726924 , valid  0.9666359658285929 , test  1.0390262181431904 

Epoch 80 : train  0.22729310849745393 , valid  0.9529976576428896 , test  0.9992760163274764 

Epoch 90 : train  0.22417683087764304 , valid  0.9560169582138187 , test  0.9992669937910066 

Epoch 100 : train  0.2111659357120208 , valid  0.9153694374283904 , test  0.978371944052316 

Epoch 110 : train  0.2088344639158217 , valid  0.969247494969346 , test  1.0282016822820386 

Epoch 120 : train  0.20877626542410094 , valid  0.9934149147700732 , test  1.0304199772482718 

Epoch 130 : train  0.1959739954008267 , valid  0.9616524110505907 , test  0.9845453327614324 

Epoch 140 : train  0.20418216510428164 , valid  0.9753045754200287 , test  0.9708050551510774 

Epoch 150 : train  0.1757421173393789 , valid  0.9488650548760452 , test  0.9753686155593403 

Epoch 160 : train  0.17608287206496595 , valid  0.9599330135102689 , test  0.9801885927854312 

Epoch 170 : train  0.17885428018260002 , valid  0.9550390290003671 , test  0.9720790917377571 

Epoch 180 : train  0.15820821558697537 , valid  0.9667639986236869 , test  0.9742601210400466 

Epoch 190 : train  0.15788961064897325 , valid  0.9496599705489873 , test  0.9739088392407445 

Epoch 200 : train  0.2188688596557499 , valid  0.9858995050910278 , test  1.0064386811549841 

Epoch 210 : train  0.1845202992305504 , valid  0.9405286461893417 , test  0.9398688479391737 

Epoch 220 : train  0.14286289093005466 , valid  0.9500554268669938 , test  0.9586530520426312 

Epoch 230 : train  0.14501074937286915 , valid  0.9651631163409368 , test  0.9468296076611127 

Epoch 240 : train  0.15064057060544225 , valid  0.9373604049440201 , test  0.9643086631856548 

Epoch 250 : train  0.13678680611564195 , valid  0.9377831562656236 , test  0.9508181389699604 

Epoch 260 : train  0.14757028088556431 , valid  0.9439472529334826 , test  0.9385981813697627 

Epoch 270 : train  0.1822588835987894 , valid  0.9552866813092629 , test  0.9696768214260698 

Epoch 280 : train  0.14304260612298667 , valid  0.9591477365641466 , test  0.967277366543755 

Epoch 290 : train  0.17034794534723802 , valid  0.9618928617831073 , test  0.9828657639852452 

Epoch 300 : train  0.13493268148374116 , valid  0.954894439261498 , test  0.9561585426825994 

Epoch 310 : train  0.1679429173354868 , valid  0.9507918404981697 , test  0.9500033738986304 

Epoch 320 : train  0.14766653314800798 , valid  0.9519636926846837 , test  0.945227486999401 

Epoch 330 : train  0.13235500994058627 , valid  0.9408649719665539 , test  0.9389569924341417 

Epoch 340 : train  0.1282663628391335 , valid  0.9254921229987368 , test  0.9370360451604615 

Epoch 350 : train  0.1235792421883362 , valid  0.9398809209138345 , test  0.9387406344332035 

Epoch 360 : train  0.19701700525172525 , valid  0.9475922221841412 , test  0.976900990419792 

Epoch 370 : train  0.15303306760784954 , valid  0.9530072512104918 , test  0.9606632303954193 

Epoch 380 : train  0.12750861019487356 , valid  0.9463948771360596 , test  0.9665586878688663 

Epoch 390 : train  0.1219752656353897 , valid  0.9468574206892009 , test  0.9382821014983488 

Epoch 400 : train  0.13168829534527915 , valid  0.939780903099078 , test  0.9368848553714834 

Epoch 410 : train  0.13760825711420827 , valid  0.9638146661875362 , test  0.952288579975492 

Epoch 420 : train  0.11916083431002975 , valid  0.9245269543735387 , test  0.9280122914104867 

Epoch 430 : train  0.1129752814862292 , valid  0.9212181307860923 , test  0.9359493745432247 

Epoch 440 : train  0.1146805726722012 , valid  0.933419069179432 , test  0.9408380547517369 

Epoch 450 : train  0.12530649670672445 , valid  0.8989282070220371 , test  0.9171419080585164 

Epoch 460 : train  0.14654009291193984 , valid  0.9184131615204502 , test  0.9087265949282666 

Epoch 470 : train  0.12926921096665897 , valid  0.9194626793060574 , test  0.9132774290423459 

Epoch 480 : train  0.12311496019080914 , valid  0.8931315519770606 , test  0.9009565734772836 

Epoch 490 : train  0.13082120398505162 , valid  0.9143961822332104 , test  0.9085521563769312 

Epoch 500 : train  0.12418464148788656 , valid  0.8908931319184961 , test  0.9025323669033056 

Epoch 510 : train  0.11657744428231318 , valid  0.9010654434436716 , test  0.9284074456420855 

Epoch 520 : train  0.1548860366730215 , valid  0.9207894559988317 , test  0.9362071357717563 

Epoch 530 : train  0.11918202790795711 , valid  0.9160353946138363 , test  0.9264472486684898 

Epoch 540 : train  0.12068947984003955 , valid  0.910659208464824 , test  0.9239531339890245 

Epoch 550 : train  0.13049962149990166 , valid  0.9179232499222169 , test  0.920755072663529 

Epoch 560 : train  0.11642360592984506 , valid  0.9130274193647177 , test  0.9473769961557874 

Epoch 570 : train  0.11056155356764835 , valid  0.9127362821886639 , test  0.946907500345113 

Epoch 580 : train  0.11583609717373586 , valid  0.8940519518900814 , test  0.8975575430514122 

Epoch 590 : train  0.11372174452476941 , valid  0.917886516100308 , test  0.9330560165224523 

Epoch 600 : train  0.11136118591797264 , valid  0.9260421083710617 , test  0.9235001599481679 

Epoch 610 : train  0.1255975701304372 , valid  0.9133779248628657 , test  0.9366779351796665 

Epoch 620 : train  0.13761180907541495 , valid  0.9290469422792079 , test  0.9364971203255732 

Epoch 630 : train  0.1191919510685651 , valid  0.9201952441531199 , test  0.9067414079653139 

Epoch 640 : train  0.14472755420929984 , valid  0.9256751826676918 , test  0.9425915268972387 

Epoch 650 : train  0.12354464389107217 , valid  0.8976642095309846 , test  0.9140891624096791 

Epoch 660 : train  0.1011748697461471 , valid  0.8969934648269605 , test  0.9357007877044872 

Epoch 670 : train  0.10730825006577371 , valid  0.9136971840767883 , test  0.9428867231897107 

Epoch 680 : train  0.15545192292846224 , valid  0.92048754237122 , test  0.9162375536635186 

Epoch 690 : train  0.1057669421775717 , valid  0.9006560919917326 , test  0.9288208393993016 

Epoch 700 : train  0.11693860037594285 , valid  0.9307130770317587 , test  0.9571361249758449 

Epoch 710 : train  0.1088182113112915 , valid  0.8748202209467972 , test  0.9063011297065356 

Epoch 720 : train  0.12827020752281018 , valid  0.922149604664118 , test  0.9586496736798136 

Epoch 730 : train  0.10098020366114638 , valid  0.9056503372107325 , test  0.9490285010332878 

Epoch 740 : train  0.12438099547442433 , valid  0.9080647129292949 , test  0.9149667302511799 

Epoch 750 : train  0.12629767013313484 , valid  0.8959688837532872 , test  0.9065753141563726 

Epoch 760 : train  0.09927695175697931 , valid  0.8990604298196627 , test  0.899169419643296 

Epoch 770 : train  0.10880671920255969 , valid  0.8916727499939876 , test  0.897014036601079 

Epoch 780 : train  0.1249505444051916 , valid  0.8901607005301229 , test  0.9138380167417586 

Epoch 790 : train  0.11377513833019491 , valid  0.9232596017388508 , test  0.9260349452292006 

Epoch 800 : train  0.18312271799081065 , valid  0.9119047952073183 , test  0.8682800452426953 

Epoch 810 : train  0.11939590887438138 , valid  0.8969342649758519 , test  0.8959075226272274 

Epoch 820 : train  0.11701913795708145 , valid  0.9097856564442366 , test  0.910467783938382 

Epoch 830 : train  0.109982063690945 , valid  0.8879655452599521 , test  0.9139425075404247 

Epoch 840 : train  0.1118721331298338 , valid  0.8990101639449078 , test  0.8921306294598894 

Epoch 850 : train  0.11082822846556743 , valid  0.9312751647324023 , test  0.9095076894623576 

Epoch 860 : train  0.12666528486791628 , valid  0.919226828385414 , test  0.8952628579010391 

Epoch 870 : train  0.10375790685403115 , valid  0.9330856321255933 , test  0.9094687873394665 

Epoch 880 : train  0.10832381800629327 , valid  0.9097584834516418 , test  0.9064805323887533 

Epoch 890 : train  0.10979805243976619 , valid  0.9090403825897692 , test  0.9066671545504802 

Epoch 900 : train  0.1255176050392625 , valid  0.927996226169824 , test  0.9178911714127894 

Epoch 910 : train  0.09858586232276666 , valid  0.9091626858481797 , test  0.906847927820177 

Epoch 920 : train  0.11042343149081514 , valid  0.8979324605100466 , test  0.9016032324355809 

Epoch 930 : train  0.09859014548258005 , valid  0.9013667083613128 , test  0.9069010652682652 

Epoch 940 : train  0.10289510537351194 , valid  0.8992960993604037 , test  0.9047917978735596 

Epoch 950 : train  0.10577062278989403 , valid  0.919291471144542 , test  0.9252514538951971 

Epoch 960 : train  0.1100876236919595 , valid  0.9279642459066324 , test  0.9428105423807442 

Epoch 970 : train  0.09635190209613774 , valid  0.9247335655954846 , test  0.9125940638172297 

Epoch 980 : train  0.10380919656355235 , valid  0.8923948210106721 , test  0.9006234815599068 

Epoch 990 : train  0.1200415882596654 , valid  0.925186658964642 , test  0.9405868933743933 

Epoch 1000 : train  0.10249152166318785 , valid  0.9054985199328467 , test  0.9037748568283429 

best valid loss: 0.8748202209467972
best test loss: 0.9063011297065356
kfold index: 4
Epoch 10 : train  1.7266574011336102 , valid  1.731790827704766 , test  1.847721942966359 

Epoch 20 : train  1.6580496832116292 , valid  1.7266851761557458 , test  1.7509061463475306 

Epoch 30 : train  1.0198624297443988 , valid  1.237787774817038 , test  1.2473642758826535 

Epoch 40 : train  0.6457474694544129 , valid  1.0905429522286836 , test  1.0867577207078118 

Epoch 50 : train  0.35950421043080366 , valid  1.0007558744419545 , test  0.9885067262428393 

Epoch 60 : train  0.3072738716375854 , valid  0.9377489389080822 , test  0.9570096913352004 

Epoch 70 : train  0.2697760715048728 , valid  0.894871039607509 , test  0.9506425048147032 

Epoch 80 : train  0.30302296693413033 , valid  0.8736727255594643 , test  0.918934955402623 

Epoch 90 : train  0.2570799956473077 , valid  0.8857232855096144 , test  0.9248533486866414 

Epoch 100 : train  0.2664962598025858 , valid  0.9024844557539914 , test  0.9250247551491636 

Epoch 110 : train  0.2282270939831178 , valid  0.9001885502380028 , test  0.9240837927017965 

Epoch 120 : train  0.2671098605525122 , valid  0.9062288737458726 , test  0.9148370761402169 

Epoch 130 : train  0.23487009738174966 , valid  0.8836990438570413 , test  0.9250758405631329 

Epoch 140 : train  0.2322044181100584 , valid  0.8541877856046811 , test  0.925525689643878 

Epoch 150 : train  0.24727586740381233 , valid  0.8845737753588302 , test  0.9143819072347189 

Epoch 160 : train  0.20270760315944217 , valid  0.8467476706550613 , test  0.9087321788844624 

Epoch 170 : train  0.21018647643001429 , valid  0.8607884780746136 , test  0.8878476997486358 

Epoch 180 : train  0.18674744291969028 , valid  0.868999061900642 , test  0.9095715955449125 

Epoch 190 : train  0.18361138633797203 , valid  0.8395990820267464 , test  0.8786227729442696 

Epoch 200 : train  0.19871960594925872 , valid  0.8717754775709909 , test  0.8912807429737005 

Epoch 210 : train  0.1793846094409606 , valid  0.8459649764636095 , test  0.8660503127920365 

Epoch 220 : train  0.17541504801517913 , valid  0.843500757365373 , test  0.8978811299270266 

Epoch 230 : train  0.16947345298289912 , valid  0.8403213802523978 , test  0.867908806545147 

Epoch 240 : train  0.17494463457255519 , valid  0.8574837971545928 , test  0.8605955971369668 

Epoch 250 : train  0.1731568337312977 , valid  0.8116766539068508 , test  0.881663399842517 

Epoch 260 : train  0.16993286222421317 , valid  0.8542911245261526 , test  0.8899673984748477 

Epoch 270 : train  0.14753768507719278 , valid  0.8519476674936111 , test  0.8664887789678013 

Epoch 280 : train  0.16306203785673873 , valid  0.8483355060892254 , test  0.8947858416974307 

Epoch 290 : train  0.15721683548737436 , valid  0.8186765283122831 , test  0.8599861438275523 

Epoch 300 : train  0.16036391193918081 , valid  0.8091261582337064 , test  0.868908201283873 

Epoch 310 : train  0.16637835868499062 , valid  0.848236868068852 , test  0.8749611106272885 

Epoch 320 : train  0.15629081501537495 , valid  0.8449670927507265 , test  0.8670000680111934 

Epoch 330 : train  0.1721535315337022 , valid  0.8476383934254191 , test  0.85161274499686 

Epoch 340 : train  0.142055827984997 , valid  0.8410341453082586 , test  0.8996987215967339 

Epoch 350 : train  0.13988845971948713 , valid  0.8374088872754076 , test  0.8629127108225538 

Epoch 360 : train  0.14909006934108918 , valid  0.8354817190012628 , test  0.8490429327125767 

Epoch 370 : train  0.1753959473173642 , valid  0.836651426350583 , test  0.870449314440165 

Epoch 380 : train  0.15335780185013026 , valid  0.8118384956519066 , test  0.881780110650792 

Epoch 390 : train  0.14222397472385392 , valid  0.8275235303275463 , test  0.8630616840196563 

Epoch 400 : train  0.17545316709442893 , valid  0.8289747490961892 , test  0.8846508506164618 

Epoch 410 : train  0.15462970396373266 , valid  0.8125294875122129 , test  0.8783851368738794 

Epoch 420 : train  0.15584608949675854 , valid  0.837746495205789 , test  0.8677151349557174 

Epoch 430 : train  0.14424805438884641 , valid  0.8364510997450182 , test  0.8743543139596794 

Epoch 440 : train  0.1617721644132192 , valid  0.8271294598214746 , test  0.857333957209276 

Epoch 450 : train  0.12559762333900548 , valid  0.8227564917716531 , test  0.8465210698698945 

Epoch 460 : train  0.1466346998662156 , valid  0.8180258531115082 , test  0.8566481101759731 

Epoch 470 : train  0.1303311162296213 , valid  0.7856498852487978 , test  0.8389476342580381 

Epoch 480 : train  0.15746417579733624 , valid  0.8414811678273929 , test  0.88873155721961 

Epoch 490 : train  0.13736743813446586 , valid  0.8139569715643868 , test  0.8520758049757571 

Epoch 500 : train  0.12548646883902848 , valid  0.813289583710814 , test  0.8504996715237176 

Epoch 510 : train  0.11650091730687474 , valid  0.832423168939583 , test  0.8495157451884069 

Epoch 520 : train  0.15632280460961057 , valid  0.8116943011370769 , test  0.8434059620002844 

Epoch 530 : train  0.18607070493732375 , valid  0.8282608700145561 , test  0.8597156090461939 

Epoch 540 : train  0.14215452597168257 , valid  0.8174487098395314 , test  0.8670227217282289 

Epoch 550 : train  0.1401823114306557 , valid  0.8196700261882774 , test  0.8637105565360012 

Epoch 560 : train  0.2148568636290633 , valid  0.8253772655621706 , test  0.8630373022853899 

Epoch 570 : train  0.130623449910949 , valid  0.7971951422272303 , test  0.8469569201456117 

Epoch 580 : train  0.1446658244476774 , valid  0.8198583959671119 , test  0.8634463346665321 

Epoch 590 : train  0.1381926071831509 , valid  0.8310251480286429 , test  0.8506447818311761 

Epoch 600 : train  0.1362116346152169 , valid  0.7793978553778735 , test  0.8633281291156023 

Epoch 610 : train  0.13121088120199434 , valid  0.8022211848872856 , test  0.8464158272164849 

Epoch 620 : train  0.15112935923305698 , valid  0.8045051371276534 , test  0.8471325127591959 

Epoch 630 : train  0.13231012711214266 , valid  0.7988040612223417 , test  0.8315437910388515 

Epoch 640 : train  0.15796227428548887 , valid  0.8043596840186599 , test  0.866622050789204 

Epoch 650 : train  0.12023891522477115 , valid  0.7970890265820123 , test  0.8640517791938181 

Epoch 660 : train  0.12262186272343858 , valid  0.801699856877339 , test  0.8548967343560604 

Epoch 670 : train  0.12656140387763945 , valid  0.8150847308496652 , test  0.8660410926046337 

Epoch 680 : train  0.11951340423777736 , valid  0.7565829412835985 , test  0.8333366648587306 

Epoch 690 : train  0.15456135541809948 , valid  0.7855890260187356 , test  0.8541848510769404 

Epoch 700 : train  0.13105528994800614 , valid  0.7996686148824554 , test  0.8629074129401666 

Epoch 710 : train  0.13191157492297134 , valid  0.7605735061182414 , test  0.8310467288241413 

Epoch 720 : train  0.13351461789848681 , valid  0.7726411124160836 , test  0.8333113807487974 

Epoch 730 : train  0.126020238749973 , valid  0.8065782251840571 , test  0.8412476789206872 

Epoch 740 : train  0.10648773844237426 , valid  0.8061580267586796 , test  0.8353436568333951 

Epoch 750 : train  0.11775744383738398 , valid  0.7753166471316211 , test  0.8472275680939585 

Epoch 760 : train  0.12081619095945939 , valid  0.8031010520441245 , test  0.841547656231095 

Epoch 770 : train  0.10660143357798046 , valid  0.7817235770218336 , test  0.8354512444016726 

Epoch 780 : train  0.10760448412702744 , valid  0.8061440038834157 , test  0.8402117200479211 

Epoch 790 : train  0.101088540470257 , valid  0.7954514804390057 , test  0.8325242406475544 

Epoch 800 : train  0.11530818740488999 , valid  0.7968930908562653 , test  0.8421029585946963 

Epoch 810 : train  0.13037785772433938 , valid  0.7857820272510191 , test  0.8367800475492756 

Epoch 820 : train  0.1556565210728561 , valid  0.7956817702440774 , test  0.8217030230703202 

Epoch 830 : train  0.10805356325085316 , valid  0.7560369584355566 , test  0.8144796417997465 

Epoch 840 : train  0.12097479055277546 , valid  0.7535816839563065 , test  0.7852383054961638 

Epoch 850 : train  0.12515836870940036 , valid  0.7682887933983517 , test  0.8105080766587025 

Epoch 860 : train  0.12457640342309878 , valid  0.7865298004208569 , test  0.8298463822354651 

Epoch 870 : train  0.13373655482984534 , valid  0.752705309421315 , test  0.8276152011578913 

Epoch 880 : train  0.11036520715862283 , valid  0.774705045944235 , test  0.8106774113823388 

Epoch 890 : train  0.12448870015349937 , valid  0.7798910762970794 , test  0.8256298830729348 

Epoch 900 : train  0.11243415153402005 , valid  0.7462545185057532 , test  0.8198013222910917 

Epoch 910 : train  0.10510704538350178 , valid  0.7570109621139071 , test  0.8136755051968927 

Epoch 920 : train  0.10873243917928235 , valid  0.7654705453285664 , test  0.8155472896894796 

Epoch 930 : train  0.10355944227539843 , valid  0.7684328820841106 , test  0.8141747563041933 

Epoch 940 : train  0.10837789469463353 , valid  0.754280118900022 , test  0.816294675439326 

Epoch 950 : train  0.09997318200392431 , valid  0.7615007751164362 , test  0.8175776441557913 

Epoch 960 : train  0.10575031781925473 , valid  0.771531911739565 , test  0.8316214049903813 

Epoch 970 : train  0.10709891315866298 , valid  0.773327317693004 , test  0.8223451417939105 

Epoch 980 : train  0.13049675545735034 , valid  0.7774402772033636 , test  0.8192932655300453 

Epoch 990 : train  0.11927407124350345 , valid  0.7751111622365461 , test  0.8365575379604283 

Epoch 1000 : train  0.11815372366384883 , valid  0.7591481998488492 , test  0.812111840175602 

best valid loss: 0.7462545185057532
best test loss: 0.8198013222910917
 
Job Ended at Mon Apr 10 09:51:34 EDT 2023
