Job started on r180.ib.bridges2.psc.edu at Mon Apr 10 09:20:08 EDT 2023
Namespace(data_path='/ocean/projects/cts180021p/shang9/molecules/pretrainLCA/finalized/data/o_gnn_input/ESOL/raw/data.csv', dense=1, dropout=0, folder_idx=3, layer=1, split_folder='/ocean/projects/cts180021p/shang9/molecules/pretrainLCA/finalized/model/feature-based/result_1/ESOL/')
kfold index: 0
Epoch 10 : train  1.5789846432480963 , valid  1.8851907009145832 , test  1.77567623356086 

Epoch 20 : train  1.448404433443769 , valid  1.8222057706701458 , test  1.659151648286652 

Epoch 30 : train  1.0522496500210963 , valid  1.4945353908284 , test  1.3161701207920717 

Epoch 40 : train  0.7066725204135594 , valid  1.278285019426659 , test  1.0969522119430688 

Epoch 50 : train  0.45425979236878034 , valid  1.1197656537563228 , test  1.0341359678709952 

Epoch 60 : train  0.3083106934940497 , valid  1.0559320550937492 , test  0.9709969462396038 

Epoch 70 : train  0.2780365044613817 , valid  1.0277623150249438 , test  0.9319975020444933 

Epoch 80 : train  0.2582385160171433 , valid  1.0653223069372062 , test  0.9947728181014114 

Epoch 90 : train  0.24571927385119677 , valid  0.9857506128830685 , test  0.9602299300333064 

Epoch 100 : train  0.3355283200246195 , valid  1.0467132793327898 , test  0.9683892049548873 

Epoch 110 : train  0.24037867461162576 , valid  1.0344947025762472 , test  0.943656631713516 

Epoch 120 : train  0.3224223484012436 , valid  1.0320642678602217 , test  0.9579757735856744 

Epoch 130 : train  0.1906991323353803 , valid  1.063866384177064 , test  0.970967062550122 

Epoch 140 : train  0.19044968675134988 , valid  1.0778985464293056 , test  0.947630716795422 

Epoch 150 : train  0.1996074927152123 , valid  1.0376190691191218 , test  0.9556141117678244 

Epoch 160 : train  0.21630351253603095 , valid  1.084161222266958 , test  0.9385907924118404 

Epoch 170 : train  0.17852335803268307 , valid  0.9917592068245292 , test  0.9443932235441647 

Epoch 180 : train  0.17085385124706945 , valid  1.0030125630028404 , test  0.934877660291928 

Epoch 190 : train  0.17993660568561837 , valid  1.007391255809922 , test  0.9441949382736156 

Epoch 200 : train  0.20343810482857433 , valid  1.0115221708995918 , test  0.9453056984466202 

Epoch 210 : train  0.1680598661393792 , valid  1.0362645050364494 , test  0.9193637336988941 

Epoch 220 : train  0.16800796021411116 , valid  1.0311590537193769 , test  0.9457465483006012 

Epoch 230 : train  0.1500052044807332 , valid  0.9937401613104485 , test  0.9311965554712612 

Epoch 240 : train  0.14302361777298886 , valid  1.0096071953112222 , test  0.9310453232617916 

Epoch 250 : train  0.13293072209261442 , valid  1.022186153763985 , test  0.9195178333578808 

Epoch 260 : train  0.16118847295284294 , valid  1.006144719601415 , test  0.9209395401754291 

Epoch 270 : train  0.15135426263836566 , valid  0.9961648723712246 , test  0.9060807220765602 

Epoch 280 : train  0.15411805337105303 , valid  1.0069095896239595 , test  0.9167232267707499 

Epoch 290 : train  0.13593004342422785 , valid  1.0080579691882956 , test  0.9181841833321629 

Epoch 300 : train  0.13814499114319848 , valid  0.982363019139816 , test  0.9222478726676014 

Epoch 310 : train  0.148181187435961 , valid  1.0083163627149898 , test  0.9219518241902301 

Epoch 320 : train  0.14463363506544846 , valid  0.9855115197624621 , test  0.9011609526759451 

Epoch 330 : train  0.16778061268590494 , valid  0.9985944629412347 , test  0.923958879337279 

Epoch 340 : train  0.136172531357141 , valid  1.0089009986090218 , test  0.9199467093984771 

Epoch 350 : train  0.16672494247855169 , valid  0.999423423902968 , test  0.9349224292387247 

Epoch 360 : train  0.154919911686805 , valid  0.9908515177810816 , test  0.9417413771172819 

Epoch 370 : train  0.14896367816382206 , valid  0.9571109141634311 , test  0.9431842308230323 

Epoch 380 : train  0.13004718214057404 , valid  0.9961153751019264 , test  0.9459621379725605 

Epoch 390 : train  0.1281197588197181 , valid  0.9923820664544836 , test  0.909834450452226 

Epoch 400 : train  0.17010614901486623 , valid  0.9682877118271203 , test  0.9218648532186989 

Epoch 410 : train  0.15043568069763644 , valid  0.9812366342529574 , test  0.9284082461862107 

Epoch 420 : train  0.1573215626788262 , valid  0.9822197347162767 , test  0.9286216902927276 

Epoch 430 : train  0.15493953349699602 , valid  1.0411769107096758 , test  0.9223785403306104 

Epoch 440 : train  0.13318804232533923 , valid  0.9915673060316937 , test  0.912549838721932 

Epoch 450 : train  0.13460661586105058 , valid  0.9848802602668634 , test  0.9253647197732892 

Epoch 460 : train  0.14695304751100716 , valid  0.9689641246403573 , test  0.906901667286354 

Epoch 470 : train  0.1371338384477317 , valid  1.0025449155150186 , test  0.9155998021592171 

Epoch 480 : train  0.14251197794327813 , valid  1.0196298868245646 , test  0.9172038127406886 

Epoch 490 : train  0.14087439844131247 , valid  0.9774031685865122 , test  0.9367802163288991 

Epoch 500 : train  0.12033851263178554 , valid  0.9884101222402801 , test  0.9245650121995146 

Epoch 510 : train  0.11821469784701477 , valid  0.9969261915387504 , test  0.9351249201937133 

Epoch 520 : train  0.11844526476953043 , valid  1.0036230566215532 , test  0.934660814322321 

Epoch 530 : train  0.12492731427206136 , valid  0.9964266457291797 , test  0.9129644020817123 

Epoch 540 : train  0.1253223813471948 , valid  0.9769937863379589 , test  0.9195122531884222 

Epoch 550 : train  0.11936167717728792 , valid  0.9863274728979115 , test  0.9066495590999686 

Epoch 560 : train  0.12174358858925616 , valid  0.9650725974393572 , test  0.9273878374152578 

Epoch 570 : train  0.15567987749237375 , valid  0.9937158229674079 , test  0.933038480458078 

Epoch 580 : train  0.12033804462546782 , valid  0.9753957492501659 , test  0.9122704724242455 

Epoch 590 : train  0.14881298142828464 , valid  0.9792582529080583 , test  0.9269986255666975 

Epoch 600 : train  0.11489147382962946 , valid  0.9618734710564587 , test  0.9018770254721851 

Epoch 610 : train  0.11412497224902739 , valid  0.9643373325478276 , test  0.9160560994312305 

Epoch 620 : train  0.11524272555447053 , valid  0.9522346954202013 , test  0.9025544362652429 

Epoch 630 : train  0.14544675615937275 , valid  0.9589714310898306 , test  0.909347828847144 

Epoch 640 : train  0.11948029427214739 , valid  0.9610993015880325 , test  0.9092806751176821 

Epoch 650 : train  0.11449859426279672 , valid  0.9625553845439276 , test  0.885766324547078 

Epoch 660 : train  0.16290420139497172 , valid  0.9549466286911439 , test  0.9250543918122216 

Epoch 670 : train  0.13808612351761354 , valid  0.9750768662213163 , test  0.9016893772904404 

Epoch 680 : train  0.13324357407588625 , valid  0.9544713136788359 , test  0.8824823235952003 

Epoch 690 : train  0.12223908531835864 , valid  0.9823293000149098 , test  0.9009451728842033 

Epoch 700 : train  0.1279788520205657 , valid  0.9617525860800994 , test  0.9195516427968554 

Epoch 710 : train  0.12539828774407336 , valid  0.9869173463708396 , test  0.9091489593643708 

Epoch 720 : train  0.12070589263295976 , valid  0.9949167810044885 , test  0.8956134022080903 

Epoch 730 : train  0.11766189745825142 , valid  0.9780227783797713 , test  0.8923831021069906 

Epoch 740 : train  0.11911635556420891 , valid  0.9600298505056235 , test  0.8916581439175089 

Epoch 750 : train  0.14004442285368526 , valid  0.9379483249388711 , test  0.8919888278938117 

Epoch 760 : train  0.11381384722585527 , valid  0.9515991585620382 , test  0.8982543975654301 

Epoch 770 : train  0.11186915531183864 , valid  0.9619865940116041 , test  0.9057999267551996 

Epoch 780 : train  0.10697354931811769 , valid  0.952468903820652 , test  0.9124433198959614 

Epoch 790 : train  0.11600428877538622 , valid  0.9446964440638551 , test  0.88700631718167 

Epoch 800 : train  0.1144717775786723 , valid  0.958989347072673 , test  0.9028692341513967 

Epoch 810 : train  0.12972631464227846 , valid  0.9681805536056929 , test  0.8931354301464965 

Epoch 820 : train  0.11935726964423944 , valid  0.9583335756072585 , test  0.8982531859150666 

Epoch 830 : train  0.12229453318874642 , valid  0.956027065335684 , test  0.8886027030846664 

Epoch 840 : train  0.16661688943755298 , valid  0.9801328340354961 , test  0.8927628324153422 

Epoch 850 : train  0.13685001439219108 , valid  0.9728416094457483 , test  0.8896496587951604 

Epoch 860 : train  0.13201529721843658 , valid  0.9662199363309467 , test  0.8866027621490995 

Epoch 870 : train  0.11037767842592294 , valid  0.9724997110602744 , test  0.8964879249573069 

Epoch 880 : train  0.10586601399212786 , valid  0.9479667709132349 , test  0.902716140589324 

Epoch 890 : train  0.11811458344507231 , valid  0.951879224229929 , test  0.8773879450853753 

Epoch 900 : train  0.11418813133385933 , valid  0.9629435490576806 , test  0.8827057477031819 

Epoch 910 : train  0.11203701102929658 , valid  0.9364546154488224 , test  0.8918111207296693 

Epoch 920 : train  0.09609155992493963 , valid  0.9642464252001745 , test  0.8618899174618586 

Epoch 930 : train  0.10416049406874622 , valid  0.9477413347188929 , test  0.878006906638997 

Epoch 940 : train  0.10690433090784031 , valid  0.9672310303492229 , test  0.8814034625565856 

Epoch 950 : train  0.1108905287377171 , valid  0.9497124332241129 , test  0.8895084071017562 

Epoch 960 : train  0.10350585480962439 , valid  0.9661020464638356 , test  0.8869689695022618 

Epoch 970 : train  0.10355115590788905 , valid  0.9406495501550518 , test  0.8773015842062813 

Epoch 980 : train  0.1284905543362498 , valid  0.952840729654624 , test  0.8884734455558427 

Epoch 990 : train  0.10375367778294589 , valid  0.9330120996808183 , test  0.8708307783000266 

Epoch 1000 : train  0.1374023458969983 , valid  0.9334254207864916 , test  0.880461408434432 

best valid loss: 0.9330120996808183
best test loss: 0.8708307783000266
kfold index: 1
Epoch 10 : train  1.3939381726091868 , valid  1.690036941030735 , test  1.6612170560765365 

Epoch 20 : train  1.4541082876641829 , valid  1.6870457607134315 , test  1.645212372538538 

Epoch 30 : train  1.07871822182088 , valid  1.396614947703832 , test  1.3680843359439558 

Epoch 40 : train  0.703814563057073 , valid  1.101898042604463 , test  1.1240146762421992 

Epoch 50 : train  0.5236684097663502 , valid  1.0544588237581471 , test  1.089144352274284 

Epoch 60 : train  0.31907920900128434 , valid  0.9873489038400425 , test  1.0294252639688017 

Epoch 70 : train  0.31565455264398107 , valid  1.011640386995076 , test  1.062347232526982 

Epoch 80 : train  0.26769015572851745 , valid  0.9751620306112889 , test  1.0220478023663029 

Epoch 90 : train  0.23517675856464307 , valid  0.9658100878855163 , test  1.0420531886265776 

Epoch 100 : train  0.22828231991001396 , valid  0.929673894821729 , test  0.9618026334816016 

Epoch 110 : train  0.20229909401160193 , valid  0.9652420113445392 , test  0.9584366120812516 

Epoch 120 : train  0.23788339014660104 , valid  0.9674409590527466 , test  0.9704466829781904 

Epoch 130 : train  0.21228338537391842 , valid  0.9365280635883424 , test  0.9865116815336943 

Epoch 140 : train  0.19341942340708815 , valid  0.9574012993952988 , test  0.9762486679201076 

Epoch 150 : train  0.19349216494604451 , valid  0.9709348186506097 , test  1.0088810298351836 

Epoch 160 : train  0.1662952160923289 , valid  0.970226496862273 , test  0.966959077101118 

Epoch 170 : train  0.17779648013372026 , valid  0.9377284388992067 , test  0.9660927163846089 

Epoch 180 : train  0.17385996790042305 , valid  0.9591384406484208 , test  0.972207903986791 

Epoch 190 : train  0.1695721496712952 , valid  0.9296211321710686 , test  0.9648003216005335 

Epoch 200 : train  0.1512288014885524 , valid  0.9498866281378976 , test  0.9684810334234125 

Epoch 210 : train  0.2264655815311346 , valid  0.9549878943590214 , test  0.9866206779216675 

Epoch 220 : train  0.18693127699905143 , valid  0.9312090125476304 , test  0.9624506809880378 

Epoch 230 : train  0.16570804385025797 , valid  0.9094507814867867 , test  0.9616996576429547 

Epoch 240 : train  0.1700688595854396 , valid  0.9586334435451004 , test  0.9704185677102747 

Epoch 250 : train  0.1519822070710344 , valid  0.9377336784526472 , test  0.9522746420928556 

Epoch 260 : train  0.14670648215499196 , valid  0.9181171642946716 , test  0.9546811978326711 

Epoch 270 : train  0.13240414784507737 , valid  0.9256090457416986 , test  0.9683146584662585 

Epoch 280 : train  0.14137772160615195 , valid  0.9127795654409923 , test  0.9638506336106702 

Epoch 290 : train  0.13721730290514067 , valid  0.9451240270435745 , test  0.9789099198188054 

Epoch 300 : train  0.1284611050027472 , valid  0.9466108808948511 , test  0.9627883430161144 

Epoch 310 : train  0.13989578616921303 , valid  0.9392802464452741 , test  0.9408644199742673 

Epoch 320 : train  0.1452598593765697 , valid  0.9113044396291977 , test  0.9201911082482516 

Epoch 330 : train  0.15485374658568815 , valid  0.8850154814699382 , test  0.9472630893411257 

Epoch 340 : train  0.13458496996988226 , valid  0.8997473729515608 , test  0.9487105299666065 

Epoch 350 : train  0.1480654430392438 , valid  0.9113335747253171 , test  0.9472411639912719 

Epoch 360 : train  0.12423186268364902 , valid  0.9076261533121276 , test  0.9451403612944665 

Epoch 370 : train  0.11542917641006861 , valid  0.9233781931444812 , test  0.9650342851986774 

Epoch 380 : train  0.1437912497514748 , valid  0.9426363138818645 , test  0.9607493641163938 

Epoch 390 : train  0.11493748259426025 , valid  0.9121453360747991 , test  0.9578322096162816 

Epoch 400 : train  0.1165244638585846 , valid  0.9280625198940067 , test  0.9657567626895738 

Epoch 410 : train  0.12280978488867907 , valid  0.8962939827897942 , test  0.946710364787813 

Epoch 420 : train  0.12130572126502165 , valid  0.9153782562082329 , test  0.9544261826401433 

Epoch 430 : train  0.12552047119936552 , valid  0.8777096330671669 , test  0.9308999353638595 

Epoch 440 : train  0.1161362108843638 , valid  0.9048913068311667 , test  0.9418440388235213 

Epoch 450 : train  0.19153456938796892 , valid  0.9203018403674251 , test  0.9424033689265577 

Epoch 460 : train  0.1257243959040234 , valid  0.9309288364209818 , test  0.920749747338094 

Epoch 470 : train  0.11263316444113357 , valid  0.8979886058217398 , test  0.9306547224078766 

Epoch 480 : train  0.11658034623616596 , valid  0.9145305711976894 , test  0.9464275752570274 

Epoch 490 : train  0.12490407019524098 , valid  0.8903743258590554 , test  0.9324522351073509 

Epoch 500 : train  0.13805489172627686 , valid  0.8968715739898445 , test  0.9526996613480445 

Epoch 510 : train  0.12123641180646794 , valid  0.9123731931268596 , test  0.944775604393058 

Epoch 520 : train  0.11855401110545785 , valid  0.9293197973300621 , test  0.9538504038889903 

Epoch 530 : train  0.12658189327904149 , valid  0.918162509495618 , test  0.9430927291091028 

Epoch 540 : train  0.11639319695446625 , valid  0.9209105365022789 , test  0.9249435444605953 

Epoch 550 : train  0.10192490959379383 , valid  0.9080589777757146 , test  0.9282920653088185 

Epoch 560 : train  0.12206677431480374 , valid  0.9151247438516653 , test  0.9350324241908406 

Epoch 570 : train  0.1118136429585851 , valid  0.9265837297587741 , test  0.920475148511238 

Epoch 580 : train  0.12792354225854097 , valid  0.9332095172707763 , test  0.935774581133891 

Epoch 590 : train  0.1316094045591411 , valid  0.9092655041045089 , test  0.910790969778824 

Epoch 600 : train  0.1365311556194432 , valid  0.9257788220069344 , test  0.9307134727844963 

Epoch 610 : train  0.1050658283418582 , valid  0.920104423769332 , test  0.9015785913674018 

Epoch 620 : train  0.11719442297840986 , valid  0.9174574882784349 , test  0.9035452709871232 

Epoch 630 : train  0.15231969766310954 , valid  0.900675579100749 , test  0.8925851055389374 

Epoch 640 : train  0.12170062677471791 , valid  0.9206121472873 , test  0.9235557724388093 

Epoch 650 : train  0.12847425775034457 , valid  0.9315688319124322 , test  0.9263908806939077 

Epoch 660 : train  0.12341989419514145 , valid  0.9357003468768256 , test  0.916399615653602 

Epoch 670 : train  0.1109337078074905 , valid  0.9164469136864215 , test  0.9081581590156248 

Epoch 680 : train  0.11140787894801486 , valid  0.9097018447169545 , test  0.8846870301525801 

Epoch 690 : train  0.10153030936570501 , valid  0.920167292102447 , test  0.8975157984520495 

Epoch 700 : train  0.1182583700844443 , valid  0.8947104681984264 , test  0.9208324682457996 

Epoch 710 : train  0.14885299715910694 , valid  0.8863317111205747 , test  0.9331348679880904 

Epoch 720 : train  0.11094694584104461 , valid  0.883476583398198 , test  0.878774620738164 

Epoch 730 : train  0.10795804613701274 , valid  0.915046619005095 , test  0.9320165046583391 

Epoch 740 : train  0.1073842539610323 , valid  0.9134409247543067 , test  0.9194917386231066 

Epoch 750 : train  0.13465539379981445 , valid  0.927334646441221 , test  0.909732393743951 

Epoch 760 : train  0.10922963755196777 , valid  0.9180579620248096 , test  0.8972254400820228 

Epoch 770 : train  0.13686548581145305 , valid  0.9070738090300942 , test  0.9089913787602877 

Epoch 780 : train  0.12738839867951254 , valid  0.9007681713815393 , test  0.9220607081995384 

Epoch 790 : train  0.11160179083827848 , valid  0.9198296937796445 , test  0.9205817062683024 

Epoch 800 : train  0.11371427398351605 , valid  0.8977043814797673 , test  0.9232424563709476 

Epoch 810 : train  0.11622902378926481 , valid  0.8959632437919677 , test  0.8965154301004198 

Epoch 820 : train  0.10909875378734359 , valid  0.8933894356335677 , test  0.8824476213776968 

Epoch 830 : train  0.13281618045476346 , valid  0.8924226332833785 , test  0.9189882961274903 

Epoch 840 : train  0.1647847844083026 , valid  0.876144803895694 , test  0.9066191511337087 

Epoch 850 : train  0.09437873905575445 , valid  0.9029207189344843 , test  0.8974928197431011 

Epoch 860 : train  0.09272897439133769 , valid  0.9006277438678001 , test  0.8943026747853718 

Epoch 870 : train  0.09947316722495715 , valid  0.8811650771344441 , test  0.892126418719772 

Epoch 880 : train  0.0950355531566297 , valid  0.8761061413239587 , test  0.8888938598442939 

Epoch 890 : train  0.10604632222008788 , valid  0.9018940223399093 , test  0.8985962164566647 

Epoch 900 : train  0.09714734689321028 , valid  0.8858226986473559 , test  0.9026995758599837 

Epoch 910 : train  0.10362309580178901 , valid  0.905090547728308 , test  0.9070253820657621 

Epoch 920 : train  0.09624356249671898 , valid  0.8977380507991031 , test  0.900431070795953 

Epoch 930 : train  0.10062537191554766 , valid  0.880679608040738 , test  0.9146895978100733 

Epoch 940 : train  0.1130681221138706 , valid  0.89711562533164 , test  0.9150430655079772 

Epoch 950 : train  0.08458021810411101 , valid  0.8817604718055857 , test  0.8808722559874284 

Epoch 960 : train  0.10493274984108275 , valid  0.8954890323311455 , test  0.8945417681857208 

Epoch 970 : train  0.09741795007869106 , valid  0.9019550596467244 , test  0.8993738222737623 

Epoch 980 : train  0.13750892854697438 , valid  0.9510153050768941 , test  0.9089972473785514 

Epoch 990 : train  0.09701158287701367 , valid  0.9144417916785481 , test  0.8894924981042931 

Epoch 1000 : train  0.10105061254025176 , valid  0.9132149618969998 , test  0.8963039156159934 

best valid loss: 0.8761061413239587
best test loss: 0.8888938598442939
kfold index: 2
Epoch 10 : train  1.322717678416646 , valid  1.4279397919872319 , test  1.4443472633912484 

Epoch 20 : train  1.4101827144725736 , valid  1.538989138587168 , test  1.5596680840741055 

Epoch 30 : train  1.1056846856178435 , valid  1.3341499904725798 , test  1.3943188233236152 

Epoch 40 : train  0.7882423732945659 , valid  1.1955134534746237 , test  1.1999845475624724 

Epoch 50 : train  0.44138545525443296 , valid  1.0744323594453367 , test  1.1060444998858532 

Epoch 60 : train  0.3303296467874825 , valid  1.0045272240057344 , test  1.0045319071649614 

Epoch 70 : train  0.29116854665315894 , valid  1.0126513556016699 , test  0.9981668145197987 

Epoch 80 : train  0.3199796839624802 , valid  1.039705346337221 , test  1.0415386963267703 

Epoch 90 : train  0.22736472399444235 , valid  1.0208648506252362 , test  0.9792170166612376 

Epoch 100 : train  0.25857094972088535 , valid  1.0243074422528289 , test  0.9613279667374145 

Epoch 110 : train  0.27450241874018355 , valid  0.9886910616900636 , test  1.015223919906089 

Epoch 120 : train  0.2639944982865001 , valid  0.999776198027978 , test  1.0233729048765947 

Epoch 130 : train  0.21204137336310058 , valid  0.963927282062481 , test  0.9441717787723065 

Epoch 140 : train  0.19984285175370659 , valid  1.0101676334150347 , test  0.9619960540032648 

Epoch 150 : train  0.20865129759163728 , valid  0.9848928236440035 , test  1.0022546475518919 

Epoch 160 : train  0.18366629613528868 , valid  0.9790503368946565 , test  0.9785429634277523 

Epoch 170 : train  0.21051479409510362 , valid  0.9538536729765027 , test  1.0133890652227635 

Epoch 180 : train  0.16956814462272585 , valid  0.9775320456695605 , test  0.9724238932979745 

Epoch 190 : train  0.17514472129510347 , valid  0.9941998536475759 , test  0.970300867820345 

Epoch 200 : train  0.1661299881850012 , valid  0.9854067095083356 , test  0.9648690900959186 

Epoch 210 : train  0.16084990011851918 , valid  0.9907757290658845 , test  0.9868269997272424 

Epoch 220 : train  0.16215266071578155 , valid  0.9686060929546634 , test  0.9796455568549827 

Epoch 230 : train  0.1759561508123882 , valid  0.9612507141084998 , test  0.9606509760902058 

Epoch 240 : train  0.16068828895594628 , valid  0.9641679704976125 , test  0.9556979234775617 

Epoch 250 : train  0.14477579839098656 , valid  0.9667956420869651 , test  0.9731895076086078 

Epoch 260 : train  0.14886441369935727 , valid  0.9754956722195572 , test  0.9682867040798872 

Epoch 270 : train  0.14598970629336358 , valid  0.9571045951513782 , test  0.9505214041307603 

Epoch 280 : train  0.13750182150067566 , valid  0.9530875094261188 , test  0.9644431275409717 

Epoch 290 : train  0.14335763260349224 , valid  0.9704887006465427 , test  0.9730851264283015 

Epoch 300 : train  0.1399243630354429 , valid  0.9565554025895696 , test  0.9709436947232796 

Epoch 310 : train  0.14803521175504342 , valid  0.9556100068677632 , test  0.9736199793834447 

Epoch 320 : train  0.16581187878303724 , valid  0.9625050622958107 , test  0.9685933367073886 

Epoch 330 : train  0.14850800691441823 , valid  0.9689203678060727 , test  0.9481315019629905 

Epoch 340 : train  0.15554066645686987 , valid  0.9500229273703599 , test  0.9538254031083452 

Epoch 350 : train  0.1524098731606131 , valid  0.9519481165774545 , test  0.9449771462455824 

Epoch 360 : train  0.14517826945196802 , valid  0.9349352188212656 , test  0.9242754181564526 

Epoch 370 : train  0.12812536247590317 , valid  0.9673329518624654 , test  0.9358528021485555 

Epoch 380 : train  0.157116253304518 , valid  0.9722530319025131 , test  0.9713207652156267 

Epoch 390 : train  0.16441588573108354 , valid  0.928513973925749 , test  0.9624457846915092 

Epoch 400 : train  0.13169062138238694 , valid  0.9746577339112299 , test  0.9520982347810685 

Epoch 410 : train  0.1269357316724594 , valid  0.9366230581279495 , test  0.9378502851199197 

Epoch 420 : train  0.1349760536752072 , valid  0.9188662194288132 , test  0.9243358882255815 

Epoch 430 : train  0.15600321004621484 , valid  0.9580391213688563 , test  0.9397430974816152 

Epoch 440 : train  0.13645796626474574 , valid  0.943010364445067 , test  0.9243324585890818 

Epoch 450 : train  0.1381039281846247 , valid  0.9378787107551217 , test  0.9372132283084482 

Epoch 460 : train  0.13629023037192525 , valid  0.9109467450893148 , test  0.9309410317949134 

Epoch 470 : train  0.13682595613177762 , valid  0.9481212345315546 , test  0.9354448423481652 

Epoch 480 : train  0.13841727729168385 , valid  0.9108174056390316 , test  0.9505150988525015 

Epoch 490 : train  0.17149564833045317 , valid  0.982513995061346 , test  0.9617294448403164 

Epoch 500 : train  0.13669618071346742 , valid  0.9222853903431709 , test  0.931176540093778 

Epoch 510 : train  0.13585165257902893 , valid  0.9228616685295193 , test  0.9391764672059223 

Epoch 520 : train  0.12832613899387454 , valid  0.9186139769915729 , test  0.9390258115256171 

Epoch 530 : train  0.13410605808605108 , valid  0.9335531217398958 , test  0.9639855965561718 

Epoch 540 : train  0.13001774871012634 , valid  0.9427779773078472 , test  0.945320027779286 

Epoch 550 : train  0.13051024942327993 , valid  0.9288426109864386 , test  0.9326857512730113 

Epoch 560 : train  0.132325638315933 , valid  0.901900501329907 , test  0.9361351905490285 

Epoch 570 : train  0.1237598460255984 , valid  0.944044471809739 , test  0.9477908503131333 

Epoch 580 : train  0.12867232860855451 , valid  0.9287766656943011 , test  0.9421655534947746 

Epoch 590 : train  0.1463186716963318 , valid  0.9258982066692594 , test  0.9418445648080813 

Epoch 600 : train  0.167915750733372 , valid  0.9194956503668164 , test  0.9467148831828819 

Epoch 610 : train  0.10796098701951364 , valid  0.9047077782761541 , test  0.9235358475735695 

Epoch 620 : train  0.1244767713331648 , valid  0.9276716500046983 , test  0.9438203880091234 

Epoch 630 : train  0.12517683293203294 , valid  0.8932024430335003 , test  0.9365959810915534 

Epoch 640 : train  0.1157699374340313 , valid  0.8695554938438644 , test  0.9127657332920142 

Epoch 650 : train  0.11868700799291994 , valid  0.9241641238452193 , test  0.9371953269627402 

Epoch 660 : train  0.12208871932794062 , valid  0.9062320777855326 , test  0.9295804635388392 

Epoch 670 : train  0.13790905387554286 , valid  0.9043806117586112 , test  0.9355400910796379 

Epoch 680 : train  0.1388387094160821 , valid  0.8801356805662652 , test  0.9372466880276203 

Epoch 690 : train  0.14029141175418933 , valid  0.8963188181129369 , test  0.9399752778207922 

Epoch 700 : train  0.11641261801836408 , valid  0.900140471072685 , test  0.9179830687539822 

Epoch 710 : train  0.10962602693960684 , valid  0.8763853513852474 , test  0.910892312621834 

Epoch 720 : train  0.12681772964782756 , valid  0.8954985298082645 , test  0.9190399131638068 

Epoch 730 : train  0.12453450894221778 , valid  0.8904453433792843 , test  0.9128496419669841 

Epoch 740 : train  0.12101163593616773 , valid  0.8667175568765839 , test  0.89864361999338 

Epoch 750 : train  0.1313493219231401 , valid  0.91458602188414 , test  0.9102133117986702 

Epoch 760 : train  0.12760426995873497 , valid  0.8936129717386502 , test  0.916906723537534 

Epoch 770 : train  0.1410254118859194 , valid  0.9426517912657106 , test  0.925024478370563 

Epoch 780 : train  0.1496802028473835 , valid  0.9097377342043577 , test  0.9081248893541441 

Epoch 790 : train  0.13465435748276905 , valid  0.8986637498300734 , test  0.9238016505094926 

Epoch 800 : train  0.11962017978913264 , valid  0.8797280812102015 , test  0.8981472263108509 

Epoch 810 : train  0.11788949734933704 , valid  0.8913128471950795 , test  0.9283344444893944 

Epoch 820 : train  0.12683259416120654 , valid  0.901828951902949 , test  0.910116588914346 

Epoch 830 : train  0.11670162724177935 , valid  0.9090593438125826 , test  0.9124071970095998 

Epoch 840 : train  0.10610037436259645 , valid  0.9149053079698989 , test  0.9167445125415067 

Epoch 850 : train  0.1093286223448636 , valid  0.9067514796579714 , test  0.9034877269464239 

Epoch 860 : train  0.10606788064046233 , valid  0.9107608713510233 , test  0.9079383923093529 

Epoch 870 : train  0.12959352084723766 , valid  0.883879211948477 , test  0.8948170149936712 

Epoch 880 : train  0.11757152534196834 , valid  0.8802884399246436 , test  0.9041627786415345 

Epoch 890 : train  0.09901280193356644 , valid  0.9012066094042355 , test  0.9108755757784762 

Epoch 900 : train  0.10306051497443104 , valid  0.8920766541741233 , test  0.9062461492918666 

Epoch 910 : train  0.1084239911764453 , valid  0.9114273936517966 , test  0.9117475977237756 

Epoch 920 : train  0.11606256143210357 , valid  0.8795193686093015 , test  0.8961240088830782 

Epoch 930 : train  0.11662481303341377 , valid  0.9018470036654564 , test  0.892880429642203 

Epoch 940 : train  0.10916172759307015 , valid  0.882079128194783 , test  0.90665416625094 

Epoch 950 : train  0.12398312197553864 , valid  0.8871573591795541 , test  0.8849139845253629 

Epoch 960 : train  0.11941644335413334 , valid  0.9008255002925474 , test  0.8993034159293207 

Epoch 970 : train  0.09720666880908721 , valid  0.877335124241402 , test  0.8881157772546497 

Epoch 980 : train  0.1309194038786819 , valid  0.9047047100988257 , test  0.9237563671397623 

Epoch 990 : train  0.12017584052000573 , valid  0.8899620954017496 , test  0.8903183085623739 

Epoch 1000 : train  0.12175989315033771 , valid  0.9097733016353561 , test  0.8979301480644094 

best valid loss: 0.8667175568765839
best test loss: 0.89864361999338
kfold index: 3
Epoch 10 : train  1.7461478702160742 , valid  1.8965065975908026 , test  1.9767506235910295 

Epoch 20 : train  1.6264678651765703 , valid  1.8190900209459444 , test  1.8969247043189064 

Epoch 30 : train  1.1030693901610151 , valid  1.3401437548272805 , test  1.422965912087316 

Epoch 40 : train  0.6697380130366618 , valid  1.0746998107716181 , test  1.1736719523442596 

Epoch 50 : train  0.4175060466085115 , valid  0.9829537412992628 , test  1.031603190006076 

Epoch 60 : train  0.3007700171675958 , valid  0.9432476295804331 , test  1.0048277389866576 

Epoch 70 : train  0.2727134156752957 , valid  0.9162035151308573 , test  0.9595798231261622 

Epoch 80 : train  0.2737944262997326 , valid  0.8979838452057689 , test  0.9500545691790985 

Epoch 90 : train  0.23730822747691221 , valid  0.8943085106060845 , test  0.986446838684055 

Epoch 100 : train  0.2251079899428406 , valid  0.9088890835224385 , test  0.9073469361342584 

Epoch 110 : train  0.23428584411011352 , valid  0.9346396507452034 , test  0.9530542490323313 

Epoch 120 : train  0.20436132061311646 , valid  0.8871044831503058 , test  0.9427014492398808 

Epoch 130 : train  0.19371320051560448 , valid  0.9020671690577318 , test  0.9259459081779688 

Epoch 140 : train  0.19967636753645096 , valid  0.8936306567169108 , test  0.9352337367674896 

Epoch 150 : train  0.2080460551534576 , valid  0.876951339455301 , test  0.9278407866710277 

Epoch 160 : train  0.23460215831494727 , valid  0.9166691336399863 , test  0.9529027666522004 

Epoch 170 : train  0.23071277658362108 , valid  0.8929106586438172 , test  0.9213923411061445 

Epoch 180 : train  0.2610522356687214 , valid  0.9356849008139929 , test  0.9611506397661874 

Epoch 190 : train  0.18346237869447113 , valid  0.8846934247860119 , test  0.9605574933330773 

Epoch 200 : train  0.19443059178113895 , valid  0.872447361988247 , test  0.9371887050046582 

Epoch 210 : train  0.17284836404837217 , valid  0.8690455221926234 , test  0.9169080892819711 

Epoch 220 : train  0.16095730608290912 , valid  0.9084214112223012 , test  0.921474869020227 

Epoch 230 : train  0.1774918316459263 , valid  0.892670777126383 , test  0.9116451114919221 

Epoch 240 : train  0.17116754094982853 , valid  0.8849335276924374 , test  0.8955910053579569 

Epoch 250 : train  0.1653930502790817 , valid  0.905639412590797 , test  0.9378127293058842 

Epoch 260 : train  0.14480568583313896 , valid  0.88293006975409 , test  0.9374426913226974 

Epoch 270 : train  0.19416673252979824 , valid  0.8795798423935821 , test  0.919776250097603 

Epoch 280 : train  0.1779220676806912 , valid  0.8889928808602017 , test  0.9125357933349755 

Epoch 290 : train  0.1796470465012306 , valid  0.871429398665536 , test  0.9005402452928134 

Epoch 300 : train  0.1691879224939395 , valid  0.876604250204314 , test  0.9202568381720855 

Epoch 310 : train  0.20902893501144354 , valid  0.877925432589705 , test  0.9053771009755437 

Epoch 320 : train  0.15073596430944994 , valid  0.860840640508433 , test  0.904872769672083 

Epoch 330 : train  0.15813676117559913 , valid  0.8500825318691821 , test  0.8959766880952177 

Epoch 340 : train  0.14539234852381558 , valid  0.8462383816163053 , test  0.8941760271707215 

Epoch 350 : train  0.1957625839806122 , valid  0.8509819290171743 , test  0.9176813457193151 

Epoch 360 : train  0.17411009913176678 , valid  0.8559184506684484 , test  0.8847873184198957 

Epoch 370 : train  0.17702712589383118 , valid  0.8459436936919613 , test  0.889702702361859 

Epoch 380 : train  0.1805115127910597 , valid  0.8617645477410268 , test  0.9346639083938488 

Epoch 390 : train  0.14909656163193616 , valid  0.8665183894128206 , test  0.9135826322069993 

Epoch 400 : train  0.13961961857722707 , valid  0.8338182173942753 , test  0.8914558654335424 

Epoch 410 : train  0.14629857279715255 , valid  0.8414076590279654 , test  0.9088329582175484 

Epoch 420 : train  0.1317420671083484 , valid  0.8566660229792027 , test  0.8928288518333184 

Epoch 430 : train  0.1502283417651751 , valid  0.8741014852397777 , test  0.9151120512487579 

Epoch 440 : train  0.15902234232747284 , valid  0.8588374625643854 , test  0.9090508764543678 

Epoch 450 : train  0.1677916186618017 , valid  0.851277431216756 , test  0.8770367120159529 

Epoch 460 : train  0.15669233721324954 , valid  0.8444270989874759 , test  0.8973787597775682 

Epoch 470 : train  0.19572869438100263 , valid  0.8733785954510278 , test  0.9158365498637405 

Epoch 480 : train  0.17477225787121675 , valid  0.8418987977184299 , test  0.9133509198610325 

Epoch 490 : train  0.16061312872235403 , valid  0.8364083723692594 , test  0.8888858496644236 

Epoch 500 : train  0.1212566246451901 , valid  0.8582208923958885 , test  0.9055141855175318 

Epoch 510 : train  0.14737524321573792 , valid  0.8503134250428352 , test  0.8876522412732832 

Epoch 520 : train  0.19974374697374545 , valid  0.8532845350403792 , test  0.8935054209373979 

Epoch 530 : train  0.12872600446925875 , valid  0.8339971301509037 , test  0.8914070317406616 

Epoch 540 : train  0.17102928851610744 , valid  0.8580394291611106 , test  0.9190366942460306 

Epoch 550 : train  0.12379199323862573 , valid  0.8273342358768684 , test  0.8814778920995772 

Epoch 560 : train  0.13881456530834704 , valid  0.8674862135356425 , test  0.8976810835754666 

Epoch 570 : train  0.1305457860084832 , valid  0.8490518838840001 , test  0.8962481679544639 

Epoch 580 : train  0.10943787404820947 , valid  0.8670625719350357 , test  0.8830721945913474 

Epoch 590 : train  0.16111811258021844 , valid  0.8695742878484621 , test  0.8739481930439589 

Epoch 600 : train  0.13341665196689015 , valid  0.8623786022700204 , test  0.8794233606559153 

Epoch 610 : train  0.11543866407563574 , valid  0.855056321423709 , test  0.8775257766737481 

Epoch 620 : train  0.14922603400736348 , valid  0.9045643075746125 , test  0.9237947705049772 

Epoch 630 : train  0.12225669373599611 , valid  0.8439636824207017 , test  0.8845051334602565 

Epoch 640 : train  0.14243255662884477 , valid  0.8722781038099724 , test  0.8771954947595131 

Epoch 650 : train  0.12380542668896921 , valid  0.8426232034932658 , test  0.8704953863285319 

Epoch 660 : train  0.12784708691353572 , valid  0.8547794035205579 , test  0.8807035491266302 

Epoch 670 : train  0.11910893690449997 , valid  0.8604693173523151 , test  0.8912675830915568 

Epoch 680 : train  0.1462641198394658 , valid  0.8361159660806656 , test  0.8674600399138079 

Epoch 690 : train  0.14002480060947914 , valid  0.8158929397509187 , test  0.8803333352822627 

Epoch 700 : train  0.1369081907971623 , valid  0.8524589593094154 , test  0.8837006950175281 

Epoch 710 : train  0.1472500585924291 , valid  0.8495556896333498 , test  0.9017993324287821 

Epoch 720 : train  0.1330249781989543 , valid  0.8457694931160552 , test  0.8992809477161754 

Epoch 730 : train  0.1284954372570097 , valid  0.842673337385323 , test  0.8817722939684406 

Epoch 740 : train  0.1373862756147927 , valid  0.8598892351571356 , test  0.900292440257518 

Epoch 750 : train  0.1586685395750274 , valid  0.8369129141473627 , test  0.8788672653996222 

Epoch 760 : train  0.1243172811366958 , valid  0.8394981639999314 , test  0.8912204111377084 

Epoch 770 : train  0.1726131027268168 , valid  0.8577247765187037 , test  0.8805097734371009 

Epoch 780 : train  0.12555503812642343 , valid  0.8382424817022445 , test  0.8880589857375615 

Epoch 790 : train  0.12497211522298382 , valid  0.8447112210525147 , test  0.8881742196071456 

Epoch 800 : train  0.10893171868521201 , valid  0.8469148013762403 , test  0.8622749087263955 

Epoch 810 : train  0.10821688615301632 , valid  0.816839225730262 , test  0.8629153460471054 

Epoch 820 : train  0.12534107071397063 , valid  0.8444208924366836 , test  0.9035477584694964 

Epoch 830 : train  0.13485296366070088 , valid  0.8407014399195073 , test  0.8795294236764762 

Epoch 840 : train  0.10638875884063612 , valid  0.8307327617125655 , test  0.8828617635778404 

Epoch 850 : train  0.1157046603305348 , valid  0.8251973121020306 , test  0.8691743958815124 

Epoch 860 : train  0.11619627116132131 , valid  0.8412622514567405 , test  0.8984384626247331 

Epoch 870 : train  0.1181083931935654 , valid  0.8400384351585214 , test  0.8964893594092981 

Epoch 880 : train  0.11971555212464771 , valid  0.8382853907170933 , test  0.8728461823151026 

Epoch 890 : train  0.12957861662289438 , valid  0.8567621953731166 , test  0.883491846303693 

Epoch 900 : train  0.11767194913971929 , valid  0.8285082589441274 , test  0.866503812368779 

Epoch 910 : train  0.11250721012260471 , valid  0.8366506701643355 , test  0.8738207070627275 

Epoch 920 : train  0.10671789486566015 , valid  0.841586432188115 , test  0.8677699246186628 

Epoch 930 : train  0.10998103320420104 , valid  0.8557191279619617 , test  0.8908240184833942 

Epoch 940 : train  0.13268851294568287 , valid  0.8537289987087332 , test  0.8750139316846625 

Epoch 950 : train  0.12896699035839793 , valid  0.8318306015679221 , test  0.8711177712192668 

Epoch 960 : train  0.10916991273077133 , valid  0.8543921468859619 , test  0.8878080296938934 

Epoch 970 : train  0.12602274863990218 , valid  0.8374068226850327 , test  0.8911197964463575 

Epoch 980 : train  0.11543840607108138 , valid  0.856128801680107 , test  0.8834131101166565 

Epoch 990 : train  0.12747767855904846 , valid  0.8622707903770094 , test  0.8777219835271671 

Epoch 1000 : train  0.10298584628317535 , valid  0.8332365696769228 , test  0.8668020167478232 

best valid loss: 0.8158929397509187
best test loss: 0.8803333352822627
kfold index: 4
Epoch 10 : train  1.506845901307542 , valid  1.5857512565149823 , test  1.7061676176604086 

Epoch 20 : train  1.6191918602931843 , valid  1.7149813494372275 , test  1.7889046270906912 

Epoch 30 : train  1.2397820287362118 , valid  1.4424571334425373 , test  1.5057355946522248 

Epoch 40 : train  0.8375827766018006 , valid  1.1700327791336362 , test  1.2471751992281657 

Epoch 50 : train  0.5575764809863969 , valid  1.0544117042927073 , test  1.1827497432322556 

Epoch 60 : train  0.32629457230503695 , valid  0.9995112398520181 , test  1.1039908978254576 

Epoch 70 : train  0.24955366909790633 , valid  1.0316484897944778 , test  1.1070518212640061 

Epoch 80 : train  0.24902601987353243 , valid  1.0057010228495367 , test  1.0879348983587194 

Epoch 90 : train  0.26609677914956786 , valid  1.0368628132916449 , test  1.0634534056503355 

Epoch 100 : train  0.20480532114577718 , valid  1.0186093242211416 , test  1.088306253386221 

Epoch 110 : train  0.24136022014262454 , valid  1.0229503541342149 , test  1.0970509103646235 

Epoch 120 : train  0.18736101487523477 , valid  1.0370021097437228 , test  1.1105259480239946 

Epoch 130 : train  0.1767268992321804 , valid  0.9939571530255676 , test  1.0404875020397675 

Epoch 140 : train  0.20934667399541804 , valid  1.0604763605442062 , test  1.082887510125656 

Epoch 150 : train  0.1909649373365163 , valid  1.0467973581011236 , test  1.0561162499985948 

Epoch 160 : train  0.19591430711442642 , valid  1.0082819443158224 , test  1.0695102764920659 

Epoch 170 : train  0.173321571322494 , valid  1.0076105526464767 , test  1.0493031150040553 

Epoch 180 : train  0.15886772145024378 , valid  0.9976136258795841 , test  1.0405117278104852 

Epoch 190 : train  0.13511383872694505 , valid  0.9596488769876779 , test  1.0525339198844594 

Epoch 200 : train  0.15586782049941092 , valid  0.9855280821470109 , test  1.0610903367760829 

Epoch 210 : train  0.1643217432596731 , valid  1.0119616313056377 , test  1.034294783563761 

Epoch 220 : train  0.20373540908462962 , valid  1.0268221896371976 , test  1.0447973240973973 

Epoch 230 : train  0.16001749784958771 , valid  1.0160682151001044 , test  1.0243548637260231 

Epoch 240 : train  0.1624104631890517 , valid  1.0148812978731108 , test  1.0091810335870195 

Epoch 250 : train  0.17997813572692675 , valid  1.0231567577212488 , test  1.0228864166351366 

Epoch 260 : train  0.1554546743917268 , valid  1.0248446229313601 , test  1.0209557854320936 

Epoch 270 : train  0.1407948435645529 , valid  1.0128414076136674 , test  1.0199209885718699 

Epoch 280 : train  0.15777175951469413 , valid  0.9904840920385817 , test  1.0143179947417706 

Epoch 290 : train  0.1383073066725663 , valid  1.005550355772217 , test  1.0139048534375137 

Epoch 300 : train  0.1395208174047315 , valid  0.9998353197001302 , test  1.0057351668813 

Epoch 310 : train  0.173660181522247 , valid  0.9963591307827242 , test  1.0150280988408085 

Epoch 320 : train  0.12521137542536506 , valid  0.9747583961691076 , test  1.006879677437252 

Epoch 330 : train  0.12323901936989587 , valid  0.9934553865579578 , test  0.9772205984561252 

Epoch 340 : train  0.1509652829144357 , valid  1.0033473735500886 , test  0.9903250152394016 

Epoch 350 : train  0.1394926086026472 , valid  0.9903660419342666 , test  0.9961076866720123 

Epoch 360 : train  0.13969513537047595 , valid  0.9925062857063794 , test  1.0001802293476743 

Epoch 370 : train  0.13689631309130293 , valid  0.9921664482873045 , test  0.9923490261497626 

Epoch 380 : train  0.1376231806216553 , valid  1.010450782346652 , test  0.9646629390355582 

Epoch 390 : train  0.148073548055554 , valid  1.003681471081188 , test  0.9908154301702266 

Epoch 400 : train  0.12743295855796333 , valid  0.976251137661201 , test  0.99519317312987 

Epoch 410 : train  0.13494316347640875 , valid  0.9870913361313011 , test  0.9542802858591987 

Epoch 420 : train  0.1133101898218916 , valid  0.9847919341552789 , test  0.9849305348651765 

Epoch 430 : train  0.15035215692214424 , valid  0.983121713515329 , test  0.9932058532758399 

Epoch 440 : train  0.12181420072815034 , valid  0.9696749170325606 , test  0.9595828349553471 

Epoch 450 : train  0.12498368805620992 , valid  0.9821373187700853 , test  0.9707945654608471 

Epoch 460 : train  0.12126592755447843 , valid  0.9698325568127162 , test  0.9752128238170219 

Epoch 470 : train  0.1433919607229216 , valid  0.9917623966025526 , test  0.9540598208163721 

Epoch 480 : train  0.12997074991808935 , valid  0.9671919127712638 , test  0.9816925799081118 

Epoch 490 : train  0.13531264985666355 , valid  0.9610471579391108 , test  0.9598902102413446 

Epoch 500 : train  0.11680143828747376 , valid  0.9586409606055151 , test  0.9565388447535297 

Epoch 510 : train  0.14525616851614534 , valid  0.9829190473129541 , test  0.9911486486550725 

Epoch 520 : train  0.10835719784631764 , valid  0.9714919416239924 , test  0.9582270892547837 

Epoch 530 : train  0.11864623530935559 , valid  0.9780629083750826 , test  0.9945296960135752 

Epoch 540 : train  0.1158391709118976 , valid  0.9790193269286709 , test  0.9857672734830498 

Epoch 550 : train  0.11216632549955503 , valid  0.9654188276534367 , test  0.998808218049285 

Epoch 560 : train  0.10381377899924732 , valid  0.9701623330318767 , test  0.9787794473075941 

Epoch 570 : train  0.1303823789335427 , valid  1.0044070872845323 , test  0.9839673972428657 

Epoch 580 : train  0.13795730152397032 , valid  0.9690117508451905 , test  0.9795617578107068 

Epoch 590 : train  0.13299848835109068 , valid  0.9719193027129504 , test  0.9663760048889664 

Epoch 600 : train  0.1219405970583899 , valid  0.974890050692794 , test  0.9554106134105761 

Epoch 610 : train  0.09649098917688742 , valid  0.9635976455620341 , test  0.9551165006782081 

Epoch 620 : train  0.11285095537932335 , valid  0.9669666004407272 , test  0.9703978400886023 

Epoch 630 : train  0.09944210881535558 , valid  0.9478287787569143 , test  0.9385571442881214 

Epoch 640 : train  0.119758503581917 , valid  0.9414932859707931 , test  0.9586409244877389 

Epoch 650 : train  0.09475298958356955 , valid  0.956577967920294 , test  0.959004968634709 

Epoch 660 : train  0.1168622598990104 , valid  0.9502553036038983 , test  0.976586797857662 

Epoch 670 : train  0.11753009835598852 , valid  0.9577574192576771 , test  0.9601537885045259 

Epoch 680 : train  0.13325440827884402 , valid  0.9599809951586165 , test  0.9483384022663564 

Epoch 690 : train  0.13791635474015856 , valid  0.9856470923695665 , test  0.953702725340714 

Epoch 700 : train  0.11099704228688667 , valid  0.9797963835663953 , test  0.9576443062844502 

Epoch 710 : train  0.12290070924915013 , valid  0.9663822187093462 , test  0.9516810976914334 

Epoch 720 : train  0.10075098717334334 , valid  0.9656847092914833 , test  0.9526936127758525 

Epoch 730 : train  0.11981912142701412 , valid  0.9674253808318175 , test  0.964323187636715 

Epoch 740 : train  0.11224437503723364 , valid  0.9521568671939665 , test  0.9510934996098256 

Epoch 750 : train  0.11013500544101562 , valid  0.9520426746210824 , test  0.9519499637135558 

Epoch 760 : train  0.12831798997572239 , valid  0.9723809995981821 , test  0.9557202719580341 

Epoch 770 : train  0.11339083951094855 , valid  0.9754159669245144 , test  0.9718307636589133 

Epoch 780 : train  0.10785437017458929 , valid  0.9678281734822571 , test  0.9496041347458682 

Epoch 790 : train  0.13036903416227566 , valid  0.9913961539847974 , test  0.9601231478180977 

Epoch 800 : train  0.09877972714053528 , valid  0.9725058609062059 , test  0.969333965228017 

Epoch 810 : train  0.10161901185988252 , valid  0.9484121157840538 , test  0.9577540222660232 

Epoch 820 : train  0.10910874565146393 , valid  0.9707496597123241 , test  0.9546883191942459 

Epoch 830 : train  0.16282177913145704 , valid  0.9829557919889926 , test  0.9657303190870421 

Epoch 840 : train  0.1343448558833311 , valid  0.9498837951995486 , test  0.9749364542030912 

Epoch 850 : train  0.14934802908955291 , valid  0.975205500125394 , test  0.9766289333211995 

Epoch 860 : train  0.10959303324916164 , valid  0.977710674971392 , test  0.9729942723427538 

Epoch 870 : train  0.11138060503124594 , valid  0.9633609608492253 , test  0.9534273314141395 

Epoch 880 : train  0.11837645793900899 , valid  0.9675056475840814 , test  0.9696216451434713 

Epoch 890 : train  0.09979293142392288 , valid  0.9682797627728539 , test  0.9580721582394905 

Epoch 900 : train  0.09414562969277553 , valid  0.9530638126938447 , test  0.9481875425280871 

Epoch 910 : train  0.12512672181692286 , valid  0.9681694600664738 , test  0.9727928753305152 

Epoch 920 : train  0.09204755056709005 , valid  0.9802377659791545 , test  0.9588729907029001 

Epoch 930 : train  0.10181747592745982 , valid  0.9741015079611317 , test  0.9532999412157955 

Epoch 940 : train  0.13004232980363625 , valid  0.982818994985532 , test  0.9739845962207554 

Epoch 950 : train  0.08667109126439568 , valid  0.9624488936432438 , test  0.9431275740835353 

Epoch 960 : train  0.10116884888571029 , valid  0.9742792035246687 , test  0.9607854588743194 

Epoch 970 : train  0.08950431716387908 , valid  0.9809256714238108 , test  0.966723796702929 

Epoch 980 : train  0.07776305141997256 , valid  0.9465616137864135 , test  0.957382878094211 

Epoch 990 : train  0.09729547526428395 , valid  0.9713965149839368 , test  0.9577574511967292 

Epoch 1000 : train  0.08371938639586508 , valid  0.974259254577324 , test  0.952265144938367 

best valid loss: 0.9414932859707931
best test loss: 0.9586409244877389
 
Job Ended at Mon Apr 10 09:51:34 EDT 2023
