Job started on r180.ib.bridges2.psc.edu at Mon Apr 10 09:19:47 EDT 2023
Namespace(data_path='/ocean/projects/cts180021p/shang9/molecules/pretrainLCA/finalized/data/o_gnn_input/ESOL/raw/data.csv', dense=1, dropout=0, folder_idx=0, layer=1, split_folder='/ocean/projects/cts180021p/shang9/molecules/pretrainLCA/finalized/model/feature-based/result_1/ESOL/')
kfold index: 0
Epoch 10 : train  1.6083667003193478 , valid  1.8624116381530664 , test  1.7431654343803398 

Epoch 20 : train  1.5595871836408486 , valid  1.7990524947279383 , test  1.780818201622444 

Epoch 30 : train  1.209713816715532 , valid  1.5083647315322752 , test  1.4726903803539637 

Epoch 40 : train  0.7219276493934342 , valid  1.1717308949186664 , test  1.1515924483982232 

Epoch 50 : train  0.4854610703712073 , valid  1.049388177119367 , test  1.0387267935350526 

Epoch 60 : train  0.36737936293472967 , valid  1.0043793302843715 , test  1.0075087419347868 

Epoch 70 : train  0.29749501123631844 , valid  1.0701486760839285 , test  1.0170136757501589 

Epoch 80 : train  0.3258078729266204 , valid  1.0248906682952184 , test  0.9965775264660998 

Epoch 90 : train  0.22382931219279983 , valid  1.0114778916957852 , test  1.0020793816126405 

Epoch 100 : train  0.24984593330892627 , valid  1.0527626951340072 , test  0.9874331245951503 

Epoch 110 : train  0.2185485508249962 , valid  1.050638229676007 , test  0.965242752403574 

Epoch 120 : train  0.21286962886906183 , valid  1.0194263453308743 , test  0.958972797239807 

Epoch 130 : train  0.21209215735760661 , valid  1.0624265734381058 , test  0.9729601258073112 

Epoch 140 : train  0.18307374129690848 , valid  1.0064398758381796 , test  0.9327885689327975 

Epoch 150 : train  0.19707987251308065 , valid  1.0137954871697645 , test  0.9359921668062939 

Epoch 160 : train  0.1891900895272793 , valid  0.9883092215686686 , test  0.9217922689884588 

Epoch 170 : train  0.1709966947446062 , valid  1.0266931953252572 , test  0.9486468115955459 

Epoch 180 : train  0.1601042737604758 , valid  1.0241698116651308 , test  0.94726243520027 

Epoch 190 : train  0.14963551234622657 , valid  1.0401077281357032 , test  0.9458073918093363 

Epoch 200 : train  0.21140267611449123 , valid  1.0279835017920838 , test  0.9392774548572645 

Epoch 210 : train  0.1510330824874301 , valid  1.0026860473397514 , test  0.9142167643918242 

Epoch 220 : train  0.15574601715305642 , valid  1.0082122437604737 , test  0.9310570706229095 

Epoch 230 : train  0.16285079726043533 , valid  1.0153584427474267 , test  0.9440747851913354 

Epoch 240 : train  0.14101062820509772 , valid  1.007109003710583 , test  0.9567519872442123 

Epoch 250 : train  0.15691223515310274 , valid  1.0021924300249057 , test  0.9426319306156729 

Epoch 260 : train  0.1611220259698767 , valid  1.0146139270070411 , test  0.9486333051739607 

Epoch 270 : train  0.14728971999589313 , valid  1.0043004155511297 , test  0.9578737802652777 

Epoch 280 : train  0.1472777702213165 , valid  1.012628711205449 , test  0.9620789886191661 

Epoch 290 : train  0.1281853570580262 , valid  0.993953001363288 , test  0.9334137475339566 

Epoch 300 : train  0.15472800236075007 , valid  1.0306149360769699 , test  0.9593575763733017 

Epoch 310 : train  0.1692379416035944 , valid  0.9703271655588761 , test  0.9081390242093098 

Epoch 320 : train  0.16011719264152463 , valid  1.010392733277226 , test  0.9419489517204548 

Epoch 330 : train  0.12476745883801309 , valid  0.9579608312404339 , test  0.9265866155835528 

Epoch 340 : train  0.1368811821899618 , valid  0.9551291702712714 , test  0.9085462127384597 

Epoch 350 : train  0.14073453784952117 , valid  0.981045396197142 , test  0.9236191974374309 

Epoch 360 : train  0.1392062795713285 , valid  0.9909872538056982 , test  0.9255211218419965 

Epoch 370 : train  0.13496325368877027 , valid  0.9627786965249936 , test  0.9203993716051354 

Epoch 380 : train  0.12283189682527641 , valid  0.9884953323481066 , test  0.9136144584804409 

Epoch 390 : train  0.12927821908607828 , valid  0.9759597187763688 , test  0.9308363927985859 

Epoch 400 : train  0.12167098245379379 , valid  0.9672289184072732 , test  0.9024378107852656 

Epoch 410 : train  0.13793997293078303 , valid  0.9702290738435652 , test  0.9047273157167932 

Epoch 420 : train  0.15598353102522014 , valid  0.9882126387482355 , test  0.9226784734883237 

Epoch 430 : train  0.12956267275266473 , valid  0.9495509432804257 , test  0.8902429993323714 

Epoch 440 : train  0.15682392087373495 , valid  0.980240946750698 , test  0.9040531266497558 

Epoch 450 : train  0.1444417478877177 , valid  0.9684792168039481 , test  0.9054256519991976 

Epoch 460 : train  0.1431639648522497 , valid  0.9702093872459513 , test  0.9216891059171743 

Epoch 470 : train  0.15659201202502923 , valid  0.9868339878394434 , test  0.93960324136836 

Epoch 480 : train  0.12088731113442058 , valid  0.971913232795336 , test  0.9161843022679111 

Epoch 490 : train  0.13105937815329416 , valid  0.9882972608549365 , test  0.9214332201580865 

Epoch 500 : train  0.12935251827901356 , valid  0.9475903634605167 , test  0.8985405410327296 

Epoch 510 : train  0.12795885423007888 , valid  0.944320087710317 , test  0.9116002421398997 

Epoch 520 : train  0.15988734567331497 , valid  0.9700361084348815 , test  0.9077332214800643 

Epoch 530 : train  0.11248643297051354 , valid  0.946596541996929 , test  0.9027812325963012 

Epoch 540 : train  0.11841917062526655 , valid  0.9306031877113533 , test  0.8890126539869476 

Epoch 550 : train  0.1354187752996445 , valid  0.9530016839973305 , test  0.8948816364846361 

Epoch 560 : train  0.12965737528203236 , valid  0.9546561028783369 , test  0.8993755887818744 

Epoch 570 : train  0.13219180200844574 , valid  0.9509692892791005 , test  0.8998081814969785 

Epoch 580 : train  0.1047811846930987 , valid  0.9449201520277741 , test  0.8892327835727788 

Epoch 590 : train  0.12413909216870905 , valid  0.9611239399658406 , test  0.9011334091185749 

Epoch 600 : train  0.11325874243244334 , valid  0.9828046302199542 , test  0.8924178136878748 

Epoch 610 : train  0.12046349358931666 , valid  0.9552894228164377 , test  0.89007629175064 

Epoch 620 : train  0.1141547132562881 , valid  0.9482710185680789 , test  0.8926625024221343 

Epoch 630 : train  0.10427439955107674 , valid  0.9417600928412486 , test  0.884517154637845 

Epoch 640 : train  0.1179330549272379 , valid  0.9524335673236294 , test  0.8880536277230123 

Epoch 650 : train  0.11897198020844352 , valid  0.932994610370592 , test  0.8727394335599373 

Epoch 660 : train  0.12300700148592394 , valid  0.956066569512323 , test  0.8984746456952895 

Epoch 670 : train  0.13110753655771945 , valid  0.9491094909769844 , test  0.88187812159577 

Epoch 680 : train  0.1854905645219184 , valid  0.9725476069863953 , test  0.9020259831352021 

Epoch 690 : train  0.1394936129699774 , valid  0.9461835555175487 , test  0.9053583872276258 

Epoch 700 : train  0.12151037667126044 , valid  0.9577046383301021 , test  0.9065630215170245 

Epoch 710 : train  0.1250577609284112 , valid  0.9754369876652297 , test  0.879163226822315 

Epoch 720 : train  0.11242870222583687 , valid  0.9320006240269146 , test  0.8753941351956437 

Epoch 730 : train  0.12774144349431382 , valid  0.9669803017216936 , test  0.8825734376745676 

Epoch 740 : train  0.1107674324194479 , valid  0.9561692871321424 , test  0.9029283946975564 

Epoch 750 : train  0.13036697637290867 , valid  0.9518048917714793 , test  0.8642838299217618 

Epoch 760 : train  0.14073959278655915 , valid  0.978313650535472 , test  0.8941192976595683 

Epoch 770 : train  0.12234393187555906 , valid  0.963493604294003 , test  0.8771890534800141 

Epoch 780 : train  0.1019134070024324 , valid  0.959257929831034 , test  0.8764957049167613 

Epoch 790 : train  0.10151911943940976 , valid  0.9461720578614905 , test  0.8718023860434744 

Epoch 800 : train  0.10766029648191684 , valid  0.9519102030361283 , test  0.8866355616152174 

Epoch 810 : train  0.10396980237154682 , valid  0.9393625971208528 , test  0.8783809311815897 

Epoch 820 : train  0.11966616844040043 , valid  0.9389842780700065 , test  0.8941078358273625 

Epoch 830 : train  0.11503804048429583 , valid  0.9558422602963409 , test  0.8942535823053015 

Epoch 840 : train  0.11726952179183706 , valid  0.952384085836001 , test  0.8867824118729833 

Epoch 850 : train  0.11811869561268895 , valid  0.9445790154525896 , test  0.893878842483507 

Epoch 860 : train  0.1037994900841763 , valid  0.9774059126315878 , test  0.8958687121518248 

Epoch 870 : train  0.12061734682315754 , valid  0.938259673104867 , test  0.8670573361586578 

Epoch 880 : train  0.12321888581345454 , valid  0.9564486692256026 , test  0.8773857802448448 

Epoch 890 : train  0.1309292512128027 , valid  0.967287250442814 , test  0.8950816045365031 

Epoch 900 : train  0.1221050967230788 , valid  0.9345311326837327 , test  0.8648690641136093 

Epoch 910 : train  0.09134309739261444 , valid  0.9380055088800899 , test  0.8776978639457146 

Epoch 920 : train  0.13700336322492127 , valid  0.9568763226557722 , test  0.8804378464652783 

Epoch 930 : train  0.09973333605562773 , valid  0.9314139821925059 , test  0.8446585740350013 

Epoch 940 : train  0.10568978286233058 , valid  0.9240983861401448 , test  0.8737189789865569 

Epoch 950 : train  0.1043340942817772 , valid  0.9151239746632233 , test  0.854006114692164 

Epoch 960 : train  0.10552349538390643 , valid  0.952536426951303 , test  0.874439046075289 

Epoch 970 : train  0.0951179749750865 , valid  0.9559342153001845 , test  0.8719619498481893 

Epoch 980 : train  0.09683866456545993 , valid  0.9215151815355401 , test  0.8699363318868603 

Epoch 990 : train  0.09085353568575628 , valid  0.938135172620073 , test  0.8682693666258049 

Epoch 1000 : train  0.09282889715254551 , valid  0.9430241684176371 , test  0.8629181508027468 

best valid loss: 0.9151239746632233
best test loss: 0.854006114692164
kfold index: 1
Epoch 10 : train  2.1660973857445094 , valid  2.3921205503632774 , test  2.337762369126224 

Epoch 20 : train  2.2843847729372504 , valid  2.513839382941019 , test  2.502182245713068 

Epoch 30 : train  1.5873300338645016 , valid  1.9067974212121523 , test  1.8747562916164948 

Epoch 40 : train  1.0355570729492496 , valid  1.4708239651687276 , test  1.3737887489372775 

Epoch 50 : train  0.5627755573205256 , valid  1.1380144454240326 , test  1.1016276709861226 

Epoch 60 : train  0.3760631009964436 , valid  1.0807735693428286 , test  1.0542850557141061 

Epoch 70 : train  0.3081211717678337 , valid  1.094491421375942 , test  1.0134311003887548 

Epoch 80 : train  0.25108018420748984 , valid  1.0938333820736754 , test  0.996730447926697 

Epoch 90 : train  0.21665888094036206 , valid  1.0586138980593216 , test  0.9881307689321388 

Epoch 100 : train  0.21806905064478319 , valid  1.0452100792239325 , test  0.9895965092305222 

Epoch 110 : train  0.22206757647148764 , valid  1.0497891261039463 , test  0.966977944271487 

Epoch 120 : train  0.20840660453423202 , valid  1.0224353731860873 , test  0.9857371558630682 

Epoch 130 : train  0.18967374797385442 , valid  1.0485596362265652 , test  0.9844180373541515 

Epoch 140 : train  0.20093869609786308 , valid  1.0113620131454804 , test  0.9742392871410516 

Epoch 150 : train  0.19555811999800013 , valid  0.9841234441239654 , test  0.9801416771670947 

Epoch 160 : train  0.18448241978586055 , valid  1.0019417902061472 , test  0.9578496138811897 

Epoch 170 : train  0.1892985373233486 , valid  1.0316234874711303 , test  0.9523142683908025 

Epoch 180 : train  0.1878888892548383 , valid  1.0016028031612958 , test  0.960012372700745 

Epoch 190 : train  0.19357337787967507 , valid  1.0010359122035277 , test  0.9656943501850106 

Epoch 200 : train  0.17422641634003325 , valid  1.0002308437724756 , test  0.9572278761791214 

Epoch 210 : train  0.14742108861234454 , valid  0.9926861600940728 , test  0.9507825363840136 

Epoch 220 : train  0.1614878519810346 , valid  1.0015769110466015 , test  0.933789244374272 

Epoch 230 : train  0.22200454169468595 , valid  1.0471311060917905 , test  0.9770544529772855 

Epoch 240 : train  0.14954021323608443 , valid  1.0183014176674505 , test  0.9439873317334776 

Epoch 250 : train  0.14227216364200881 , valid  0.9874776337961676 , test  0.9495960059837838 

Epoch 260 : train  0.13824577244948985 , valid  0.9846477970365562 , test  0.9286223776873507 

Epoch 270 : train  0.15413236222733057 , valid  1.0149107015508791 , test  0.9784872271857274 

Epoch 280 : train  0.13516822785158153 , valid  1.0176532027454648 , test  0.9424676021115407 

Epoch 290 : train  0.13579129556617586 , valid  0.9927703690070796 , test  0.9554036909863978 

Epoch 300 : train  0.1326905257451638 , valid  0.9918879650701381 , test  0.9542850880047222 

Epoch 310 : train  0.12955743722444527 , valid  1.0032053395795175 , test  0.9490827305596934 

Epoch 320 : train  0.1422140800435966 , valid  0.9740129945500794 , test  0.9418013192153396 

Epoch 330 : train  0.14875559306648758 , valid  0.9943930289397952 , test  0.9626335856426392 

Epoch 340 : train  0.13873747155066643 , valid  1.0077748757086091 , test  0.9669569103805885 

Epoch 350 : train  0.11678300623761267 , valid  0.9922766312055981 , test  0.9361621599669063 

Epoch 360 : train  0.1258764371289892 , valid  1.001556272957165 , test  0.9472423660594936 

Epoch 370 : train  0.11342573532671256 , valid  1.0069380257008547 , test  0.9581688519886813 

Epoch 380 : train  0.11779009829696858 , valid  0.9993511283798684 , test  0.9562460007245633 

Epoch 390 : train  0.1460293395490456 , valid  0.9773274326184483 , test  0.958872635298442 

Epoch 400 : train  0.12874651772038379 , valid  1.0001806078670827 , test  0.967809295307757 

Epoch 410 : train  0.13458468209188926 , valid  0.9899691303967104 , test  0.9422174271590975 

Epoch 420 : train  0.12797567333629428 , valid  0.9875173973423036 , test  0.9329973702148823 

Epoch 430 : train  0.12190607901307042 , valid  0.9974574287670688 , test  0.9319683562727826 

Epoch 440 : train  0.12097854831712114 , valid  0.9900405793516687 , test  0.9499055108683073 

Epoch 450 : train  0.12825567017064324 , valid  0.9724801510910874 , test  0.9373021258897154 

Epoch 460 : train  0.11922441108296426 , valid  0.9878009518873733 , test  0.9540964361064859 

Epoch 470 : train  0.11751143697378691 , valid  0.9918849223478965 , test  0.9382669284845585 

Epoch 480 : train  0.11069501177315771 , valid  0.9922834017814628 , test  0.9434710484689129 

Epoch 490 : train  0.16906045128636588 , valid  0.9981139321398484 , test  0.9427508776048219 

Epoch 500 : train  0.11801405797666195 , valid  0.991465696014474 , test  0.9296076491632678 

Epoch 510 : train  0.11895798498334327 , valid  1.0000031107887213 , test  0.9292193849484087 

Epoch 520 : train  0.14009705733052147 , valid  0.9979577265388023 , test  0.9517748215666088 

Epoch 530 : train  0.13782407979986977 , valid  1.0013568086664306 , test  0.921637237518066 

Epoch 540 : train  0.11639465792440955 , valid  0.992834764162486 , test  0.9436160361526682 

Epoch 550 : train  0.12064086489632905 , valid  1.02042396291962 , test  0.9532300271491361 

Epoch 560 : train  0.13084217443257026 , valid  1.0293501277737904 , test  0.9515019207945525 

Epoch 570 : train  0.11500463672949277 , valid  1.0337566708147448 , test  0.9583884304443009 

Epoch 580 : train  0.1274495533016215 , valid  0.9985502172844621 , test  0.9330800443422231 

Epoch 590 : train  0.13166663351246405 , valid  0.9863458950219164 , test  0.933977523566269 

Epoch 600 : train  0.12370512901253244 , valid  1.0122472417786563 , test  0.9166418248108219 

Epoch 610 : train  0.12263700866693766 , valid  0.9986027529759579 , test  0.9501105519702658 

Epoch 620 : train  0.12420550587458168 , valid  1.007217461151235 , test  0.9112298166997103 

Epoch 630 : train  0.1341739326703813 , valid  0.9721886776343521 , test  0.934339302334018 

Epoch 640 : train  0.10652802550225907 , valid  0.9727281960647061 , test  0.9141760678012606 

Epoch 650 : train  0.1308240315479812 , valid  0.999916928363157 , test  0.9187492148710799 

Epoch 660 : train  0.13735052999992994 , valid  0.9820014285809919 , test  0.8976480718475028 

Epoch 670 : train  0.1106303608702506 , valid  0.9952334736064964 , test  0.9284601831593723 

Epoch 680 : train  0.11236121853902584 , valid  0.9975150200804238 , test  0.9413298653890051 

Epoch 690 : train  0.10497663076540736 , valid  1.0182892601494928 , test  0.9327096218560375 

Epoch 700 : train  0.15570642606290075 , valid  1.0031785749469533 , test  0.9234797069108118 

Epoch 710 : train  0.12514460013538117 , valid  0.9688578827663791 , test  0.9132724136042241 

Epoch 720 : train  0.11818551402478367 , valid  1.0000326483536401 , test  0.9231106442910122 

Epoch 730 : train  0.12588156628263872 , valid  0.9924997422611688 , test  0.9115452229185284 

Epoch 740 : train  0.11653081528065105 , valid  0.9672276547840087 , test  0.9014545698846504 

Epoch 750 : train  0.11187183335587508 , valid  0.9798818060451833 , test  0.8940386363300321 

Epoch 760 : train  0.11750343841186418 , valid  1.0148669032578619 , test  0.91996148810449 

Epoch 770 : train  0.1102674389989548 , valid  0.9906275997763431 , test  0.9132894924833839 

Epoch 780 : train  0.11602884173727386 , valid  0.9955425664424832 , test  0.9118510729106384 

Epoch 790 : train  0.09943567814924197 , valid  1.0016421477390016 , test  0.9257911100343422 

Epoch 800 : train  0.08649049677687462 , valid  1.0132415379690576 , test  0.92876934253983 

Epoch 810 : train  0.101206531720054 , valid  0.9724956466396157 , test  0.907535588455702 

Epoch 820 : train  0.11006653780578235 , valid  1.0075665799564548 , test  0.9097034113115223 

Epoch 830 : train  0.10746317124129545 , valid  1.0195046727768533 , test  0.9085615925850208 

Epoch 840 : train  0.13741239710687148 , valid  0.9846026557603192 , test  0.9182071808654843 

Epoch 850 : train  0.10005920604537155 , valid  0.9815105543336421 , test  0.9107444400013238 

Epoch 860 : train  0.10438746818843252 , valid  1.0232757050819794 , test  0.9269954037648678 

Epoch 870 : train  0.11136488523869116 , valid  0.9898988097175172 , test  0.914075644898364 

Epoch 880 : train  0.11562258507749652 , valid  1.0229310699050185 , test  0.9272609112952513 

Epoch 890 : train  0.10693714680637016 , valid  0.9923465228040573 , test  0.9201208352945605 

Epoch 900 : train  0.10911825517315749 , valid  0.9727565391475145 , test  0.9152918895012937 

Epoch 910 : train  0.09013268531491123 , valid  1.008290694888404 , test  0.9086665444510565 

Epoch 920 : train  0.09474886080154607 , valid  0.9934177896770158 , test  0.9006365853955647 

Epoch 930 : train  0.09864313492095206 , valid  0.9854832231310209 , test  0.9216926072281242 

Epoch 940 : train  0.11063423315101847 , valid  0.9978365279535016 , test  0.9169187052285308 

Epoch 950 : train  0.08707518111651281 , valid  0.9880071852653902 , test  0.9083065629632482 

Epoch 960 : train  0.1435036854787476 , valid  0.9879103406878067 , test  0.913142579726466 

Epoch 970 : train  0.09799668046126457 , valid  0.9901646378294383 , test  0.9317025435319817 

Epoch 980 : train  0.09560530057109048 , valid  0.975832063642701 , test  0.9093611750657223 

Epoch 990 : train  0.11396443992776738 , valid  0.9834636898978516 , test  0.9254143708761012 

Epoch 1000 : train  0.09601020110461585 , valid  1.0113255893179391 , test  0.9087205272667461 

best valid loss: 0.9672276547840087
best test loss: 0.9014545698846504
kfold index: 2
Epoch 10 : train  1.7208548481844992 , valid  1.7620710613940915 , test  1.8985928048400775 

Epoch 20 : train  1.570078602737247 , valid  1.6368796919362723 , test  1.7751927550911892 

Epoch 30 : train  1.2027487465075741 , valid  1.3740586538365713 , test  1.4735242256574683 

Epoch 40 : train  0.7939162627627107 , valid  1.1078151041367477 , test  1.196257047948653 

Epoch 50 : train  0.4840253216334473 , valid  0.9950248127035476 , test  1.0118287898757157 

Epoch 60 : train  0.3507048940104751 , valid  0.9224685720517465 , test  1.004117714119968 

Epoch 70 : train  0.2574426396155829 , valid  0.9031091680942571 , test  0.9643529630909213 

Epoch 80 : train  0.22396486893854667 , valid  0.8856841736347011 , test  0.932264590669987 

Epoch 90 : train  0.21737469765932474 , valid  0.8611787867812088 , test  0.9371044053099262 

Epoch 100 : train  0.20068026923516671 , valid  0.8848077208338369 , test  0.9385834286642115 

Epoch 110 : train  0.2473994084169659 , valid  0.9021127800586396 , test  0.9359584856303005 

Epoch 120 : train  0.21053416881844025 , valid  0.9112586504498151 , test  0.95137911129354 

Epoch 130 : train  0.1983597843532032 , valid  0.8909430606436205 , test  0.9456001700648649 

Epoch 140 : train  0.21147814427327077 , valid  0.8761952875473606 , test  0.9485111193710121 

Epoch 150 : train  0.17805335565806596 , valid  0.8781102119735007 , test  0.9338162784603493 

Epoch 160 : train  0.18856865956773064 , valid  0.8841816279737458 , test  0.9320298267310904 

Epoch 170 : train  0.176726413563434 , valid  0.8800733017555386 , test  0.9370022793322224 

Epoch 180 : train  0.16926131404181952 , valid  0.8810502434900772 , test  0.9121324518432857 

Epoch 190 : train  0.170174967280753 , valid  0.8870844885856399 , test  0.9348733939419309 

Epoch 200 : train  0.16536084093628842 , valid  0.880712113271362 , test  0.8981150797383587 

Epoch 210 : train  0.2043468760362197 , valid  0.8895543293776167 , test  0.9387077868972381 

Epoch 220 : train  0.1480810538480495 , valid  0.8629983967472126 , test  0.9464298952666989 

Epoch 230 : train  0.13055872782546132 , valid  0.8701081513924734 , test  0.9228980648386232 

Epoch 240 : train  0.14995878300334634 , valid  0.86534391475388 , test  0.926141815003602 

Epoch 250 : train  0.13984986788021198 , valid  0.8789271945993097 , test  0.9312941145635296 

Epoch 260 : train  0.1805093143113483 , valid  0.8635883929826994 , test  0.9114823381583154 

Epoch 270 : train  0.13559778085469856 , valid  0.8564974204499984 , test  0.8823294239913084 

Epoch 280 : train  0.13628299698416618 , valid  0.8505669154807008 , test  0.8699616582894338 

Epoch 290 : train  0.1413805248789118 , valid  0.9048491540444842 , test  0.9117814835566681 

Epoch 300 : train  0.1381665952778468 , valid  0.8532052105860304 , test  0.8712320695737868 

Epoch 310 : train  0.14657891553234623 , valid  0.8703648357633454 , test  0.8889206751976827 

Epoch 320 : train  0.13964007341208595 , valid  0.8666231927341029 , test  0.9011831262096897 

Epoch 330 : train  0.13209123344959883 , valid  0.880456543767774 , test  0.8899350857935362 

Epoch 340 : train  0.16254654670091928 , valid  0.8592391956955686 , test  0.9043403005426133 

Epoch 350 : train  0.15231663631225822 , valid  0.8415047483163062 , test  0.9002014522008431 

Epoch 360 : train  0.15307225104630895 , valid  0.8757121043937762 , test  0.9005488597339077 

Epoch 370 : train  0.11879735880887979 , valid  0.8669204559693925 , test  0.9011636473861743 

Epoch 380 : train  0.12084704324057231 , valid  0.8555045242311279 , test  0.8703914297540488 

Epoch 390 : train  0.15006984454281505 , valid  0.8986756004445242 , test  0.9092321800705113 

Epoch 400 : train  0.12297264919423416 , valid  0.8602668312878796 , test  0.8931919880250825 

Epoch 410 : train  0.17024268331910128 , valid  0.8605004396088499 , test  0.8737170870010461 

Epoch 420 : train  0.12415863642313887 , valid  0.8375102403034262 , test  0.8607211526986434 

Epoch 430 : train  0.14346910305206942 , valid  0.8420793538166537 , test  0.8673928992800735 

Epoch 440 : train  0.12482182997301598 , valid  0.8603394527061043 , test  0.8925443965577379 

Epoch 450 : train  0.12016051189789913 , valid  0.8744527702590247 , test  0.8693851598008817 

Epoch 460 : train  0.13551474279627965 , valid  0.8373188552847034 , test  0.8643128948483767 

Epoch 470 : train  0.11460889572733354 , valid  0.8305882629920524 , test  0.8545677602935229 

Epoch 480 : train  0.12310949435501828 , valid  0.8377472507709629 , test  0.8672482393694528 

Epoch 490 : train  0.11009037197851886 , valid  0.8415418609902453 , test  0.861372045156158 

Epoch 500 : train  0.1084448912331152 , valid  0.8478329490214076 , test  0.8332696848073144 

Epoch 510 : train  0.12732657744140413 , valid  0.8298343660585475 , test  0.8639815035319116 

Epoch 520 : train  0.1467216395387618 , valid  0.8499852777863124 , test  0.8589907203821184 

Epoch 530 : train  0.11973969340659295 , valid  0.8369029302334101 , test  0.8773256271788445 

Epoch 540 : train  0.17483446876386266 , valid  0.8772747943810327 , test  0.8633454571405129 

Epoch 550 : train  0.13085801449374773 , valid  0.8250967343081052 , test  0.8765903728920914 

Epoch 560 : train  0.12264656926754489 , valid  0.8538317439484979 , test  0.900165079357605 

Epoch 570 : train  0.1199130263440471 , valid  0.842399499227266 , test  0.8493339671688261 

Epoch 580 : train  0.1395156265950943 , valid  0.8112723002119927 , test  0.8658813957448526 

Epoch 590 : train  0.12400399208855385 , valid  0.803981592205276 , test  0.862805543935377 

Epoch 600 : train  0.15785337422535378 , valid  0.8502311090966843 , test  0.89094201007452 

Epoch 610 : train  0.1486799585828107 , valid  0.8754375094551576 , test  0.8696267648226694 

Epoch 620 : train  0.110026661319954 , valid  0.8317930429992374 , test  0.8414206742560753 

Epoch 630 : train  0.1158236900595871 , valid  0.8271083883284505 , test  0.8615536337532015 

Epoch 640 : train  0.12174934209744705 , valid  0.8374798787187521 , test  0.8513034656302968 

Epoch 650 : train  0.11807152708696272 , valid  0.8245804866733573 , test  0.8491902854596264 

Epoch 660 : train  0.10827846945009921 , valid  0.8181217016531889 , test  0.8477532935244 

Epoch 670 : train  0.12036818395996435 , valid  0.8315390311965807 , test  0.8587171147900354 

Epoch 680 : train  0.10966572512808404 , valid  0.8134045389556481 , test  0.8656698782462605 

Epoch 690 : train  0.11748041666223644 , valid  0.8234603280703066 , test  0.8569980275414835 

Epoch 700 : train  0.13167377530029445 , valid  0.8374566005410462 , test  0.8854157056706878 

Epoch 710 : train  0.10188412608701404 , valid  0.8289699414867643 , test  0.8425067398794098 

Epoch 720 : train  0.12009471634641285 , valid  0.8015892908337564 , test  0.8420833134946887 

Epoch 730 : train  0.10810036377953461 , valid  0.8419967696043671 , test  0.8578470650902331 

Epoch 740 : train  0.11471550265426231 , valid  0.8485681436404544 , test  0.8678965527019211 

Epoch 750 : train  0.10383187966902942 , valid  0.8376186300282678 , test  0.8706859119344338 

Epoch 760 : train  0.11004929326127619 , valid  0.8204157411249338 , test  0.8629509813151847 

Epoch 770 : train  0.10519868167134269 , valid  0.8419284710028774 , test  0.8725789453012479 

Epoch 780 : train  0.13227028131817864 , valid  0.812629145539612 , test  0.8380742654287687 

Epoch 790 : train  0.09608589127354741 , valid  0.8064935772413526 , test  0.8386113384996765 

Epoch 800 : train  0.13328761733515856 , valid  0.836327432564474 , test  0.8555745810833929 

Epoch 810 : train  0.09925052310124248 , valid  0.8314495554891266 , test  0.8489186565620468 

Epoch 820 : train  0.11472253874022288 , valid  0.8369528469470608 , test  0.846576896303327 

Epoch 830 : train  0.12158260544986112 , valid  0.8449003352185063 , test  0.852689299798355 

Epoch 840 : train  0.1539855941983463 , valid  0.8072782331933154 , test  0.8541632055898385 

Epoch 850 : train  0.12111948784915494 , valid  0.8337827444814812 , test  0.8429315101332335 

Epoch 860 : train  0.11522967907276355 , valid  0.814897353683056 , test  0.8480415368249757 

Epoch 870 : train  0.1327849183812756 , valid  0.8360674507528036 , test  0.8782923232160103 

Epoch 880 : train  0.1282702010190565 , valid  0.8262595152725815 , test  0.8715862509119668 

Epoch 890 : train  0.10532318961929057 , valid  0.8152073914497661 , test  0.832774117347435 

Epoch 900 : train  0.11654094132942788 , valid  0.8326040086078205 , test  0.8426802274812746 

Epoch 910 : train  0.09801114615558697 , valid  0.8353009798026307 , test  0.8403722938839331 

Epoch 920 : train  0.10295638929363005 , valid  0.8013243701411229 , test  0.8325059993975883 

Epoch 930 : train  0.10478264767149827 , valid  0.79533530831031 , test  0.8444883072203847 

Epoch 940 : train  0.08695561652746893 , valid  0.8179650924871379 , test  0.8474183274075437 

Epoch 950 : train  0.10682233892868329 , valid  0.8303518250544002 , test  0.8536471604801807 

Epoch 960 : train  0.10387542315330596 , valid  0.8130072400510464 , test  0.8319365904900703 

Epoch 970 : train  0.09063172595582418 , valid  0.8273740577949535 , test  0.8651317241461912 

Epoch 980 : train  0.09158188667172656 , valid  0.8243838735366666 , test  0.8681441840670691 

Epoch 990 : train  0.1081012854753234 , valid  0.8237428241398985 , test  0.8319590184577915 

Epoch 1000 : train  0.08934410121981064 , valid  0.8174959006756684 , test  0.8618203194023059 

best valid loss: 0.79533530831031
best test loss: 0.8444883072203847
kfold index: 3
Epoch 10 : train  1.6975305265628398 , valid  1.9031056173449108 , test  1.9503314437743795 

Epoch 20 : train  1.819271480339298 , valid  2.0130733433009005 , test  2.0531167002055213 

Epoch 30 : train  1.3000581584538076 , valid  1.5434061243568031 , test  1.6193799580520871 

Epoch 40 : train  0.8504497151290232 , valid  1.2334494486644425 , test  1.3095439570382217 

Epoch 50 : train  0.5580163277172389 , valid  1.1399040481419058 , test  1.1530524353369076 

Epoch 60 : train  0.36388511272047375 , valid  1.0636012390704406 , test  1.1309526293994336 

Epoch 70 : train  0.24827276710845927 , valid  1.0456946858913 , test  1.0720427637892573 

Epoch 80 : train  0.2446436082163452 , valid  1.0442418314470427 , test  1.0925401236016246 

Epoch 90 : train  0.23491078653133188 , valid  0.9969745576985802 , test  1.0662268773873207 

Epoch 100 : train  0.25445114215279635 , valid  1.0710318688255145 , test  1.1089925250461496 

Epoch 110 : train  0.2129074329943073 , valid  1.006465598562599 , test  1.0302292620352056 

Epoch 120 : train  0.23234540583586347 , valid  1.0156247699617125 , test  1.0709332030561873 

Epoch 130 : train  0.20784806572584702 , valid  0.9949881485157177 , test  1.032967109228041 

Epoch 140 : train  0.17144797661747874 , valid  0.9924370238864537 , test  1.0367230241958385 

Epoch 150 : train  0.19876998887597858 , valid  0.9658303397151281 , test  1.041332536142852 

Epoch 160 : train  0.20511128154547567 , valid  0.9555708225079341 , test  1.040519692907971 

Epoch 170 : train  0.18215315353518416 , valid  0.9805946630777531 , test  1.025102677373069 

Epoch 180 : train  0.17718488697146842 , valid  0.9826941406853011 , test  1.0215701800421577 

Epoch 190 : train  0.1562578849270023 , valid  0.9555233190889609 , test  1.018258708652959 

Epoch 200 : train  0.15491641399566672 , valid  0.9596193815762691 , test  0.9734932185460472 

Epoch 210 : train  0.16919817446101135 , valid  0.9899068005955283 , test  1.0181014405272344 

Epoch 220 : train  0.2042919983950715 , valid  0.9925089537615237 , test  1.0091406707461112 

Epoch 230 : train  0.16031759694270684 , valid  0.983945451567649 , test  0.987866925072252 

Epoch 240 : train  0.14323011405577876 , valid  0.999241207795167 , test  1.001383893943429 

Epoch 250 : train  0.15441428196605722 , valid  0.9663927539631196 , test  0.9652350151251845 

Epoch 260 : train  0.17292215046469306 , valid  0.9738515009416304 , test  0.9848918140311155 

Epoch 270 : train  0.1374931728897749 , valid  0.9672048145045143 , test  0.9724758567883204 

Epoch 280 : train  0.16939632544404093 , valid  0.9342720348956285 , test  0.9878176873872057 

Epoch 290 : train  0.15282768186577392 , valid  0.9611830241856888 , test  0.9687121087203474 

Epoch 300 : train  0.13065641173493603 , valid  0.9656384145659275 , test  0.9525354890503296 

Epoch 310 : train  0.14067989004734976 , valid  0.9569582752921447 , test  0.9590048170097716 

Epoch 320 : train  0.121780872819857 , valid  0.9654970686296821 , test  0.9636162749574907 

Epoch 330 : train  0.14257251185291833 , valid  0.9365875450370043 , test  0.970414456411034 

Epoch 340 : train  0.17678526157055588 , valid  0.9744696794091947 , test  0.9776023760749832 

Epoch 350 : train  0.12867690357266204 , valid  0.9522055989741808 , test  0.977739141397472 

Epoch 360 : train  0.14287580616593862 , valid  0.9515328647491327 , test  0.9601242131928062 

Epoch 370 : train  0.14551600230300882 , valid  0.9365266323352636 , test  0.9429198330569414 

Epoch 380 : train  0.14627559183501201 , valid  0.948545349328211 , test  0.9797049758083916 

Epoch 390 : train  0.13265405741369288 , valid  0.9587044999069146 , test  0.9511247218091641 

Epoch 400 : train  0.17008944952666824 , valid  0.9477625784733903 , test  0.9265683865126488 

Epoch 410 : train  0.1530730994617838 , valid  0.9655551658353959 , test  0.9320891234876134 

Epoch 420 : train  0.12296206637312657 , valid  0.9617119859247982 , test  0.950984391809524 

Epoch 430 : train  0.11941011847880426 , valid  0.9945741464386694 , test  0.9490711490074804 

Epoch 440 : train  0.14900340079482297 , valid  0.9689676019167711 , test  0.94643324965174 

Epoch 450 : train  0.14808668070615352 , valid  0.9356207730199378 , test  0.9357666039350531 

Epoch 460 : train  0.1203186345582159 , valid  0.9365576804063108 , test  0.9581081531783927 

Epoch 470 : train  0.12933273201754264 , valid  0.9568800655133963 , test  0.9455020791139375 

Epoch 480 : train  0.13823313043517294 , valid  0.9530512690437547 , test  0.9542873819993756 

Epoch 490 : train  0.11175911008090557 , valid  0.9545591493979988 , test  0.948601864668739 

Epoch 500 : train  0.11891311015233083 , valid  0.9660614663699723 , test  0.9541714586309196 

Epoch 510 : train  0.13986949023072265 , valid  0.9661496408900041 , test  0.9781172516498168 

Epoch 520 : train  0.10773293210028856 , valid  0.9653009108576983 , test  0.9350014006068867 

Epoch 530 : train  0.1121316653967208 , valid  0.9635327736423599 , test  0.9417611072752976 

Epoch 540 : train  0.15490921855855708 , valid  0.9460986239441956 , test  0.9405586389251248 

Epoch 550 : train  0.16270588997670796 , valid  0.946115017889612 , test  0.9545030679031177 

Epoch 560 : train  0.12904401723509354 , valid  0.9619028267533969 , test  0.9554454634033336 

Epoch 570 : train  0.11319112253207339 , valid  0.9436231474707382 , test  0.9508970322107781 

Epoch 580 : train  0.11930434852012281 , valid  0.9518070390498465 , test  0.9633319828720005 

Epoch 590 : train  0.11252285328526185 , valid  0.9357166492138369 , test  0.9495942677427617 

Epoch 600 : train  0.16936210770266819 , valid  0.9628746829759323 , test  0.9372658491343738 

Epoch 610 : train  0.12250910976722434 , valid  0.9509950708303301 , test  0.9212206171833738 

Epoch 620 : train  0.13170242532616078 , valid  0.956818874227854 , test  0.9299179139479057 

Epoch 630 : train  0.11181921579370138 , valid  0.9199368980066083 , test  0.928255993688899 

Epoch 640 : train  0.11911091804936928 , valid  0.955772817601249 , test  0.9502372237664133 

Epoch 650 : train  0.14286918431666085 , valid  0.9791114095155858 , test  0.9197104088954585 

Epoch 660 : train  0.16692938690582673 , valid  0.9419201126760978 , test  0.9147328947866913 

Epoch 670 : train  0.10908730314269226 , valid  0.9425422762410194 , test  0.9358727344822189 

Epoch 680 : train  0.11870236910526365 , valid  0.9431915186815125 , test  0.9373080557577427 

Epoch 690 : train  0.09405808324152047 , valid  0.9496109573413671 , test  0.9367125274095301 

Epoch 700 : train  0.11572318602557634 , valid  0.9345597864329903 , test  0.9263909392648972 

Epoch 710 : train  0.18376908414173787 , valid  0.9731332615082173 , test  0.9448649781926913 

Epoch 720 : train  0.11323613175430976 , valid  0.9495634940466716 , test  0.8896885753291061 

Epoch 730 : train  0.13377606300675504 , valid  0.9359912867893653 , test  0.905593851378965 

Epoch 740 : train  0.13554278485219803 , valid  0.9520099788989471 , test  0.9369773713517384 

Epoch 750 : train  0.11968357176830667 , valid  0.9509554889896336 , test  0.9412104433251415 

Epoch 760 : train  0.11465919167472576 , valid  0.9450791906003748 , test  0.9497360166332621 

Epoch 770 : train  0.10933069151290337 , valid  0.937509944931388 , test  0.9168916611383781 

Epoch 780 : train  0.11492436238649816 , valid  0.92696260585768 , test  0.92160976394427 

Epoch 790 : train  0.09860308304636736 , valid  0.9209601463675043 , test  0.9198371602694053 

Epoch 800 : train  0.09890559622239678 , valid  0.9261318984639058 , test  0.9369757507720724 

Epoch 810 : train  0.1099803966877174 , valid  0.9025446755583972 , test  0.9253766396033478 

Epoch 820 : train  0.10553117146852521 , valid  0.9706653136798598 , test  0.9223371649427257 

Epoch 830 : train  0.09823696475033979 , valid  0.9452206820438717 , test  0.9246703441760917 

Epoch 840 : train  0.10995210730786407 , valid  0.9436284328159614 , test  0.9484657314004703 

Epoch 850 : train  0.09190033729251704 , valid  0.9404707153097269 , test  0.9417792112932382 

Epoch 860 : train  0.10025319278495172 , valid  0.9399548565968856 , test  0.9468603267408587 

Epoch 870 : train  0.11588910323706535 , valid  0.93685989053623 , test  0.928861869262267 

Epoch 880 : train  0.0983796567288075 , valid  0.9090911533748351 , test  0.9122703656343045 

Epoch 890 : train  0.09702245715413287 , valid  0.9122591935058111 , test  0.9343137889630266 

Epoch 900 : train  0.10629364314115695 , valid  0.9121530120303667 , test  0.9120704319784991 

Epoch 910 : train  0.10572859388768333 , valid  0.9181064316729461 , test  0.9177194747637033 

Epoch 920 : train  0.12361585664874875 , valid  0.9314805952906456 , test  0.8983332566880997 

Epoch 930 : train  0.11570394936731716 , valid  0.9059299055923655 , test  0.9084871856999378 

Epoch 940 : train  0.11273841640194203 , valid  0.9036628482031934 , test  0.909140497017985 

Epoch 950 : train  0.10486360329098966 , valid  0.9035487960414028 , test  0.910148819191256 

Epoch 960 : train  0.1175945824539133 , valid  0.9184507568955182 , test  0.9354199017913277 

Epoch 970 : train  0.09560465537767864 , valid  0.9131523676885671 , test  0.8985197534238276 

Epoch 980 : train  0.13904477652498556 , valid  0.9143191411347942 , test  0.8763543252454135 

Epoch 990 : train  0.09133247670848466 , valid  0.911280020973858 , test  0.8942237252552306 

Epoch 1000 : train  0.1049329005037307 , valid  0.903411324153024 , test  0.8895440586740833 

best valid loss: 0.9025446755583972
best test loss: 0.9253766396033478
kfold index: 4
Epoch 10 : train  1.3188792238514888 , valid  1.3982319613561158 , test  1.474036186627292 

Epoch 20 : train  1.3510602057017158 , valid  1.4524289873338296 , test  1.4662954181828418 

Epoch 30 : train  0.9843082620118485 , valid  1.186612611318482 , test  1.1779804245182461 

Epoch 40 : train  0.7374164265678674 , valid  1.0636023831883332 , test  1.0839031429690014 

Epoch 50 : train  0.5034345790877119 , valid  1.0437338059973653 , test  1.0365212745065104 

Epoch 60 : train  0.366618045849583 , valid  1.016452563682721 , test  0.9837053258131012 

Epoch 70 : train  0.28683467407522306 , valid  1.0447848636152615 , test  0.9907905512083488 

Epoch 80 : train  0.2923794564174856 , valid  0.9991219485997733 , test  0.9903433260806191 

Epoch 90 : train  0.25798312788354166 , valid  0.9850576224885135 , test  0.9505003689416833 

Epoch 100 : train  0.24665130807545915 , valid  1.0019516982179835 , test  0.9412541912178993 

Epoch 110 : train  0.23732346645488256 , valid  0.9451017986890811 , test  0.926523404791683 

Epoch 120 : train  0.1867955052953838 , valid  0.9339101085998577 , test  0.9296015251879184 

Epoch 130 : train  0.24094679887112502 , valid  0.9438608532344712 , test  0.9586536491223175 

Epoch 140 : train  0.1877060434370319 , valid  0.9326003018875607 , test  0.9228387174904923 

Epoch 150 : train  0.16762893610994584 , valid  0.9476285361434176 , test  0.9072217764721039 

Epoch 160 : train  0.1820915913589098 , valid  0.9423269400772144 , test  0.9220974624428517 

Epoch 170 : train  0.17739928918210068 , valid  0.934598352965577 , test  0.9647912594300417 

Epoch 180 : train  0.1754188761103517 , valid  0.9316644550626454 , test  0.9525034619170214 

Epoch 190 : train  0.1732779844432513 , valid  0.9577129567527115 , test  0.9366910277747341 

Epoch 200 : train  0.19293881144962732 , valid  0.9103909217797617 , test  0.9299341071430822 

Epoch 210 : train  0.18659595953964972 , valid  0.9425639401524857 , test  0.9421225191873295 

Epoch 220 : train  0.17296196315767556 , valid  0.9039277562630024 , test  0.9587135616945783 

Epoch 230 : train  0.14776079955042698 , valid  0.9163216411888081 , test  0.9242744478570121 

Epoch 240 : train  0.1672872997714268 , valid  0.9151124390776884 , test  0.929414801561186 

Epoch 250 : train  0.13551588449801374 , valid  0.9422398340663893 , test  0.9187317333041387 

Epoch 260 : train  0.15161677414142774 , valid  0.9369618860975787 , test  0.9258881133472596 

Epoch 270 : train  0.1657870419264462 , valid  0.9058002624232065 , test  0.9570045980252698 

Epoch 280 : train  0.12971070415659625 , valid  0.8916149903017776 , test  0.8896077609789982 

Epoch 290 : train  0.1440953858506257 , valid  0.8886296207454736 , test  0.9204253443018108 

Epoch 300 : train  0.148312485802251 , valid  0.8926366486458661 , test  0.9239553445432652 

Epoch 310 : train  0.12705576056229764 , valid  0.8857527990301463 , test  0.9108492215403255 

Epoch 320 : train  0.12415746154632643 , valid  0.9083161539261031 , test  0.8932704396289578 

Epoch 330 : train  0.13451891497257687 , valid  0.8857101708086458 , test  0.900045254447739 

Epoch 340 : train  0.16337802920667507 , valid  0.9043734587217572 , test  0.9098220015474882 

Epoch 350 : train  0.15788944356131482 , valid  0.8883313878754819 , test  0.9057873084193172 

Epoch 360 : train  0.15330897605334184 , valid  0.9008753549371391 , test  0.9314894591445215 

Epoch 370 : train  0.14068868809107582 , valid  0.8776493734230518 , test  0.8959781138752447 

Epoch 380 : train  0.16576214556959357 , valid  0.8739582591220765 , test  0.8870797463702477 

Epoch 390 : train  0.11750523358361215 , valid  0.880783516237353 , test  0.9190628444767158 

Epoch 400 : train  0.11761709125803761 , valid  0.8743552283715635 , test  0.9393780879047561 

Epoch 410 : train  0.12277120468261545 , valid  0.8827817850753285 , test  0.8985396652416616 

Epoch 420 : train  0.12524663867263794 , valid  0.9087446046693372 , test  0.906011332018563 

Epoch 430 : train  0.15219782618082564 , valid  0.866190226581898 , test  0.892157871348131 

Epoch 440 : train  0.11653328946895262 , valid  0.8929423426435635 , test  0.9184318348414292 

Epoch 450 : train  0.13491768845286856 , valid  0.8737027268359031 , test  0.9046718833026889 

Epoch 460 : train  0.11638806793308004 , valid  0.8698875122454156 , test  0.898128841452416 

Epoch 470 : train  0.11973908423613626 , valid  0.8825314788096864 , test  0.8984415212872691 

Epoch 480 : train  0.17469237467367452 , valid  0.8887558008170953 , test  0.8819603601529963 

Epoch 490 : train  0.11168158868593019 , valid  0.8685056649521057 , test  0.8966891100607137 

Epoch 500 : train  0.11454213531468287 , valid  0.870877686464603 , test  0.8949178713934064 

Epoch 510 : train  0.11959928115410524 , valid  0.862831366947363 , test  0.9083330175984626 

Epoch 520 : train  0.11705111752624894 , valid  0.8660313824782223 , test  0.9210032868049886 

Epoch 530 : train  0.12241344298842809 , valid  0.8724908147328263 , test  0.9215040144228952 

Epoch 540 : train  0.11502085642672086 , valid  0.876956082709747 , test  0.9017550746551287 

Epoch 550 : train  0.16358310740110893 , valid  0.8527007901335932 , test  0.8827674003612128 

Epoch 560 : train  0.11260639073132897 , valid  0.8703405463834255 , test  0.9086342490825471 

Epoch 570 : train  0.11450465600080133 , valid  0.8801681850574494 , test  0.9008698565171238 

Epoch 580 : train  0.13862335457689515 , valid  0.8520840493371484 , test  0.9008787239685084 

Epoch 590 : train  0.13580360164174904 , valid  0.8748443486075153 , test  0.8941815352333461 

Epoch 600 : train  0.13074144976882648 , valid  0.8605970549801253 , test  0.8864866649129515 

Epoch 610 : train  0.11798519293439653 , valid  0.8552480680809987 , test  0.8950626308863772 

Epoch 620 : train  0.11947418862181655 , valid  0.8532649372471208 , test  0.8919595827500816 

Epoch 630 : train  0.12259984954231665 , valid  0.8398123473887916 , test  0.8890607022152933 

Epoch 640 : train  0.13146341898549344 , valid  0.8510655086101531 , test  0.8776233643512706 

Epoch 650 : train  0.12702948221514626 , valid  0.8773825031825089 , test  0.8914554874022247 

Epoch 660 : train  0.1647836883014459 , valid  0.8785543386298097 , test  0.9047686313172474 

Epoch 670 : train  0.12780520568172857 , valid  0.8858500552206623 , test  0.887732171955296 

Epoch 680 : train  0.11010224080367433 , valid  0.879254465268724 , test  0.8943242344112342 

Epoch 690 : train  0.09921217949692297 , valid  0.8794185735583538 , test  0.9053570674079584 

Epoch 700 : train  0.11315182094975602 , valid  0.8539540331368292 , test  0.9011258316013191 

Epoch 710 : train  0.10822146993758246 , valid  0.8613412911251185 , test  0.8689059661395799 

Epoch 720 : train  0.12999620920032084 , valid  0.8760358755886543 , test  0.8769705051688663 

Epoch 730 : train  0.12886151999380954 , valid  0.8827721693737755 , test  0.8858566826173566 

Epoch 740 : train  0.1417433950230652 , valid  0.8701647410922411 , test  0.9124502800271607 

Epoch 750 : train  0.10836609953370871 , valid  0.8781419844599744 , test  0.8946210354512938 

Epoch 760 : train  0.11245635112645659 , valid  0.8692549199435546 , test  0.8867220249837825 

Epoch 770 : train  0.11021340085579917 , valid  0.8606874203503965 , test  0.8794586516228227 

Epoch 780 : train  0.11357857298011982 , valid  0.8521831129348979 , test  0.8749596504180855 

Epoch 790 : train  0.11363053028663248 , valid  0.8440943762149405 , test  0.8764764241334643 

Epoch 800 : train  0.12113346910560238 , valid  0.8478052828513537 , test  0.8916008619858005 

Epoch 810 : train  0.10446883958282517 , valid  0.8670494986951182 , test  0.8986804640027666 

Epoch 820 : train  0.09270949594626698 , valid  0.870142760518046 , test  0.8811351204161071 

Epoch 830 : train  0.10424986957176609 , valid  0.8537944709011743 , test  0.8994790656681303 

Epoch 840 : train  0.10259963855026133 , valid  0.8454398518146088 , test  0.8765527792481842 

Epoch 850 : train  0.09815113994311181 , valid  0.8495727186107065 , test  0.894026864639437 

Epoch 860 : train  0.10435010127015282 , valid  0.8524579320671816 , test  0.8809842599063469 

Epoch 870 : train  0.09016511572247043 , valid  0.8477063997936664 , test  0.8873752452706475 

Epoch 880 : train  0.09056146498397367 , valid  0.8307657685612846 , test  0.8917725458485148 

Epoch 890 : train  0.1467625518476622 , valid  0.8696418979977851 , test  0.9086290269168701 

Epoch 900 : train  0.10895418248977377 , valid  0.8483128267613178 , test  0.9099557706236512 

Epoch 910 : train  0.09682893041981976 , valid  0.8546404016199515 , test  0.8944269661333248 

Epoch 920 : train  0.10702313532142593 , valid  0.8618633470563271 , test  0.8683420228182521 

Epoch 930 : train  0.09185885010713996 , valid  0.8502818877253183 , test  0.8814384636128414 

Epoch 940 : train  0.09094851794682629 , valid  0.8181878911676962 , test  0.8714634788694925 

Epoch 950 : train  0.10078390714244183 , valid  0.8213356010476877 , test  0.8842564338899153 

Epoch 960 : train  0.12385117468481181 , valid  0.821997219747073 , test  0.8731595861426428 

Epoch 970 : train  0.10510648474598759 , valid  0.8582666462828894 , test  0.8487293628494342 

Epoch 980 : train  0.08587189178809632 , valid  0.8485477095705709 , test  0.8653707992756601 

Epoch 990 : train  0.09168799890752653 , valid  0.8275802374501652 , test  0.8628288980081907 

Epoch 1000 : train  0.15112909722848386 , valid  0.8780619715749324 , test  0.9237957385054475 

best valid loss: 0.8181878911676962
best test loss: 0.8714634788694925
 
Job Ended at Mon Apr 10 09:52:59 EDT 2023
