Job started on r180.ib.bridges2.psc.edu at Mon Apr 10 09:20:21 EDT 2023
Namespace(data_path='/ocean/projects/cts180021p/shang9/molecules/pretrainLCA/finalized/data/o_gnn_input/O3_react/raw/data.csv', dense=1, dropout=0, folder_idx=0, layer=0, split_folder='/ocean/projects/cts180021p/shang9/molecules/pretrainLCA/finalized/model/feature-based/result_1/O3_react/')
kfold index: 0
Epoch 10 : train  2.8173067217556675 , valid  2.8282967628918385 , test  3.155061291497129 

Epoch 20 : train  2.2468311125100433 , valid  2.4532292761872 , test  2.8251464077379795 

Epoch 30 : train  1.890515677919468 , valid  2.2066007419704685 , test  2.609818109868171 

Epoch 40 : train  1.5857727348455717 , valid  2.0053395614827454 , test  2.500324839236902 

Epoch 50 : train  1.3218609723257004 , valid  1.9343848515438806 , test  2.396118095172691 

Epoch 60 : train  1.095926870592695 , valid  1.8736131407140517 , test  2.336208559001256 

Epoch 70 : train  0.8547094357646112 , valid  1.8692824559411567 , test  2.3364180545523263 

Epoch 80 : train  0.7602177537022239 , valid  1.931726271966791 , test  2.354275346348058 

Epoch 90 : train  0.6981690364458466 , valid  1.907484070979064 , test  2.362528027075465 

Epoch 100 : train  0.6399372895204617 , valid  1.900413522357579 , test  2.354342300546904 

Epoch 110 : train  0.6467603010425299 , valid  1.908803765801916 , test  2.307886089927822 

Epoch 120 : train  0.6393579042607946 , valid  1.8992201548777565 , test  2.3331486032153084 

Epoch 130 : train  0.6598170366865996 , valid  1.9231746143674837 , test  2.3557488575329346 

Epoch 140 : train  0.6531900575276071 , valid  1.970998095864382 , test  2.3214480311070456 

Epoch 150 : train  0.6399439783962899 , valid  1.9427040109591418 , test  2.2974107983377623 

Epoch 160 : train  0.6500239550515999 , valid  1.9720637969163128 , test  2.3420030051248864 

Epoch 170 : train  0.6464865526649619 , valid  1.971622576015188 , test  2.3461222575233696 

Epoch 180 : train  0.6392690324245175 , valid  1.9662958111492908 , test  2.3246595314714127 

Epoch 190 : train  0.6373140990959075 , valid  1.9680633640660317 , test  2.2857208199426755 

Epoch 200 : train  0.6326279666925101 , valid  1.9417274314603594 , test  2.329060007605644 

Epoch 210 : train  0.6424679656671511 , valid  1.9478674990970544 , test  2.3132013712840886 

Epoch 220 : train  0.6374860628154684 , valid  1.994800629643661 , test  2.307308702531871 

Epoch 230 : train  0.6393772927486133 , valid  1.9660648275915549 , test  2.334800861556001 

Epoch 240 : train  0.6456278196037364 , valid  1.9923488622833705 , test  2.28811549469593 

Epoch 250 : train  0.6207617053851978 , valid  1.954962959912423 , test  2.3286896183761745 

Epoch 260 : train  0.619965205616088 , valid  1.9415010514961266 , test  2.3250196745117218 

Epoch 270 : train  0.6408342157304748 , valid  1.9273345466982965 , test  2.330366644552565 

Epoch 280 : train  0.6243727070140139 , valid  1.9749646577582025 , test  2.3515073691765624 

Epoch 290 : train  0.631877049668581 , valid  1.9556128589026416 , test  2.313951948582269 

Epoch 300 : train  0.6248232949278943 , valid  1.9693370069323946 , test  2.3200512115586354 

Epoch 310 : train  0.6335492075211709 , valid  1.9825958857947723 , test  2.3658495831168525 

Epoch 320 : train  0.6126574663854935 , valid  1.998852253032743 , test  2.3384537954754427 

Epoch 330 : train  0.6128632707118561 , valid  1.96868972016788 , test  2.324448187452605 

Epoch 340 : train  0.6159932148968877 , valid  1.9665514544702487 , test  2.3194496644891727 

Epoch 350 : train  0.6199667273834187 , valid  1.9155577910027182 , test  2.31858835121532 

Epoch 360 : train  0.6182841383616474 , valid  1.9530781233829833 , test  2.3153186866067967 

Epoch 370 : train  0.6203453128899346 , valid  1.958991323193681 , test  2.3005005091132453 

Epoch 380 : train  0.612143157693512 , valid  1.8922520527927569 , test  2.3299818654777793 

Epoch 390 : train  0.6118089204606988 , valid  1.948804587430347 , test  2.3134495594854347 

Epoch 400 : train  0.6099932793678514 , valid  1.9574262919534282 , test  2.3105201365297057 

Epoch 410 : train  0.6102005976057844 , valid  1.9437055941189385 , test  2.304761603085573 

Epoch 420 : train  0.6080006435813925 , valid  1.931155356038443 , test  2.2998021696804334 

Epoch 430 : train  0.6269643396686186 , valid  1.9366859239668863 , test  2.3255642484827197 

Epoch 440 : train  0.6150252694364157 , valid  1.9361800380574594 , test  2.314307234273706 

Epoch 450 : train  0.6161574657609606 , valid  1.9530348162585933 , test  2.3094632800281496 

Epoch 460 : train  0.610231989127335 , valid  1.951133774559097 , test  2.3141205915384564 

Epoch 470 : train  0.6227581713109315 , valid  1.9273025082479027 , test  2.3068494166644506 

Epoch 480 : train  0.6069871508994267 , valid  1.9357337911162806 , test  2.2838605564618253 

Epoch 490 : train  0.615808404993633 , valid  1.9339346071998436 , test  2.296185951533591 

Epoch 500 : train  0.6135943652182021 , valid  1.9495153021272982 , test  2.293902768103373 

Epoch 510 : train  0.6212395618316391 , valid  1.9732320825851954 , test  2.3104061698667837 

Epoch 520 : train  0.6058029607129165 , valid  1.9446210654545124 , test  2.2976991617360043 

Epoch 530 : train  0.6077466888699914 , valid  1.9478501356761189 , test  2.3061761411334807 

Epoch 540 : train  0.6052049708100689 , valid  1.9339992074630827 , test  2.289843668775769 

Epoch 550 : train  0.607245610124356 , valid  1.9366283110077005 , test  2.2782714046014587 

Epoch 560 : train  0.6056859853565563 , valid  1.9440982388269288 , test  2.287741897661329 

Epoch 570 : train  0.6029735288628257 , valid  1.9184993582153835 , test  2.284947986036439 

Epoch 580 : train  0.6021948587440487 , valid  1.9267896704848462 , test  2.2851008600668967 

Epoch 590 : train  0.6116046437405216 , valid  1.9326118871472675 , test  2.29366882380798 

Epoch 600 : train  0.6023150908675857 , valid  1.9363512884556828 , test  2.2801073035520667 

Epoch 610 : train  0.6017926947435256 , valid  1.915908122131032 , test  2.278914940879717 

Epoch 620 : train  0.6126227582218682 , valid  1.9636339305034396 , test  2.2811454482145463 

Epoch 630 : train  0.6213741086943778 , valid  1.9526459167320271 , test  2.2751598763081695 

Epoch 640 : train  0.6140057917132976 , valid  1.9400985765483547 , test  2.2672550906718474 

Epoch 650 : train  0.609821554258363 , valid  1.9501724781307632 , test  2.2451179593412363 

Epoch 660 : train  0.6085467175239762 , valid  1.9586339783482551 , test  2.235761602265751 

Epoch 670 : train  0.608441766305117 , valid  1.9464050925375007 , test  2.2531616536462375 

Epoch 680 : train  0.608012680806532 , valid  1.9325147872096713 , test  2.269108538852083 

Epoch 690 : train  0.5968459093216893 , valid  1.9705247098281646 , test  2.2795365210230707 

Epoch 700 : train  0.5983598437734595 , valid  1.9328472459085728 , test  2.27487267548616 

Epoch 710 : train  0.6068316826711915 , valid  1.90956040698531 , test  2.27047950980177 

Epoch 720 : train  0.5996032962811431 , valid  1.9646878448458402 , test  2.2862284748373103 

Epoch 730 : train  0.6011498226346972 , valid  1.939675995636 , test  2.286729739884145 

Epoch 740 : train  0.6027950880667114 , valid  1.9324060891067358 , test  2.259745976061087 

Epoch 750 : train  0.6010370962292962 , valid  1.917965680604499 , test  2.250474249415597 

Epoch 760 : train  0.6065065688249147 , valid  1.9366034388541975 , test  2.2794836596543817 

Epoch 770 : train  0.606370605679835 , valid  1.9459185615779597 , test  2.2853503847521726 

Epoch 780 : train  0.6039685966196362 , valid  1.935410434675031 , test  2.2504962366909997 

Epoch 790 : train  0.6079411287783433 , valid  1.9238840562685553 , test  2.283341081510149 

Epoch 800 : train  0.5984237947387233 , valid  1.938845651010974 , test  2.2611594174066885 

Epoch 810 : train  0.6048177093664155 , valid  1.936022793453078 , test  2.2712333513431506 

Epoch 820 : train  0.6027380846952158 , valid  1.9209353227388302 , test  2.2547494453626307 

Epoch 830 : train  0.6028277455356696 , valid  1.9477542835162862 , test  2.2743043542456673 

Epoch 840 : train  0.6018255383080594 , valid  1.924914305975684 , test  2.2708578361481844 

Epoch 850 : train  0.6006046334406443 , valid  1.9447392532438807 , test  2.2586216186647112 

Epoch 860 : train  0.6005446203555038 , valid  1.9624224122450855 , test  2.265621090065188 

Epoch 870 : train  0.6007144834908 , valid  1.9493625509106085 , test  2.2811575589308895 

Epoch 880 : train  0.6047532663117461 , valid  1.9295396641202534 , test  2.2748585907679653 

Epoch 890 : train  0.6059647878014138 , valid  1.9842174932588172 , test  2.2653335556959395 

Epoch 900 : train  0.6021669202286856 , valid  1.9281377694869197 , test  2.278735390260531 

Epoch 910 : train  0.6025296657684294 , valid  1.9620038183117283 , test  2.284826153186233 

Epoch 920 : train  0.5969548301917581 , valid  1.9654501223131153 , test  2.300267580965522 

Epoch 930 : train  0.599981519021799 , valid  1.9641323854420147 , test  2.28471595419364 

Epoch 940 : train  0.6020569613617973 , valid  1.9479642131919515 , test  2.2829601995456383 

Epoch 950 : train  0.6050501422417621 , valid  1.9808743561615452 , test  2.3158961874982538 

Epoch 960 : train  0.5971912913563533 , valid  1.9753673317862623 , test  2.285169647576994 

Epoch 970 : train  0.5919543781596625 , valid  1.9370928489250134 , test  2.3080224345730285 

Epoch 980 : train  0.5962136533244677 , valid  1.9342902773909374 , test  2.3021423897283806 

Epoch 990 : train  0.6034538831062413 , valid  1.9039762537151046 , test  2.2792610199228713 

Epoch 1000 : train  0.5948620480010978 , valid  1.9594156954378497 , test  2.317756705966348 

best valid loss: 1.8692824559411567
best test loss: 2.3364180545523263
kfold index: 1
Epoch 10 : train  2.6600989145399407 , valid  2.614578212826652 , test  3.053666002284986 

Epoch 20 : train  2.456386759711918 , valid  2.4612247087542123 , test  2.9312410591936535 

Epoch 30 : train  2.2805053555000576 , valid  2.293385724111124 , test  2.82202767579518 

Epoch 40 : train  2.122621905698017 , valid  2.2340255858146163 , test  2.7014787107121623 

Epoch 50 : train  1.8821961983518656 , valid  2.0739608015091515 , test  2.5746837677448347 

Epoch 60 : train  1.5697141473914835 , valid  1.8653443472897528 , test  2.4122695409036465 

Epoch 70 : train  1.350391137713605 , valid  1.8260519585795134 , test  2.34688916428435 

Epoch 80 : train  1.051729473084582 , valid  1.7433070331137386 , test  2.2824749682330854 

Epoch 90 : train  0.8626404594521488 , valid  1.6929733297015346 , test  2.179004660546275 

Epoch 100 : train  0.7849831505922884 , valid  1.6641691528608216 , test  2.189626667836704 

Epoch 110 : train  0.7221925733729814 , valid  1.715256860800151 , test  2.1978751747808287 

Epoch 120 : train  0.6923934487623056 , valid  1.7092011737231563 , test  2.1962617508877114 

Epoch 130 : train  0.693515297571579 , valid  1.7453210428037784 , test  2.1793613619085694 

Epoch 140 : train  0.673687296337469 , valid  1.693501813738016 , test  2.1961379134669223 

Epoch 150 : train  0.6835192788885192 , valid  1.7243907903711841 , test  2.1846242392697697 

Epoch 160 : train  0.6792182903334336 , valid  1.7491232726559287 , test  2.2261513840069815 

Epoch 170 : train  0.6831119795944491 , valid  1.7528680516671116 , test  2.279727869784374 

Epoch 180 : train  0.6711020789074562 , valid  1.7001613997269882 , test  2.2485521967910502 

Epoch 190 : train  0.6680957833957686 , valid  1.7377875922650452 , test  2.2095746131641483 

Epoch 200 : train  0.6749581578116507 , valid  1.7393208173690058 , test  2.2307136633289413 

Epoch 210 : train  0.6753321052841651 , valid  1.7400289869209926 , test  2.236865645528246 

Epoch 220 : train  0.6702261369651867 , valid  1.7468715202664953 , test  2.252485095909562 

Epoch 230 : train  0.6685880392164874 , valid  1.7393124154259871 , test  2.2233143940885185 

Epoch 240 : train  0.6812266445191619 , valid  1.6822140314340541 , test  2.2121577583606746 

Epoch 250 : train  0.6711678823421918 , valid  1.7120854151773879 , test  2.207240537808871 

Epoch 260 : train  0.6761850267626838 , valid  1.7174924785510592 , test  2.216157925753793 

Epoch 270 : train  0.6683646193457798 , valid  1.7072974870254354 , test  2.2617611189988893 

Epoch 280 : train  0.676967583847985 , valid  1.6863193805357635 , test  2.272542715256522 

Epoch 290 : train  0.6660331630072623 , valid  1.7435448085959038 , test  2.28322963624549 

Epoch 300 : train  0.6580008715811586 , valid  1.736027048599638 , test  2.2720178738035646 

Epoch 310 : train  0.6605946922477853 , valid  1.7200211013704252 , test  2.28791586838551 

Epoch 320 : train  0.6545185007949559 , valid  1.6979144006199283 , test  2.285658095758215 

Epoch 330 : train  0.6590601390734065 , valid  1.7221340748268457 , test  2.1884178284729248 

Epoch 340 : train  0.6631998023733289 , valid  1.7333359580136187 , test  2.2300095523913335 

Epoch 350 : train  0.657821792936511 , valid  1.7277931839000837 , test  2.2516360617088127 

Epoch 360 : train  0.6565614828405305 , valid  1.6798283651625376 , test  2.2368840643791406 

Epoch 370 : train  0.6634681280845934 , valid  1.6966710870418635 , test  2.244276946371222 

Epoch 380 : train  0.6617098889688711 , valid  1.681995769468391 , test  2.2543907628022297 

Epoch 390 : train  0.6647283923370324 , valid  1.6817382533612897 , test  2.239394893663336 

Epoch 400 : train  0.6622961904190862 , valid  1.7116285533005198 , test  2.1890834346328267 

Epoch 410 : train  0.6635730828224041 , valid  1.7203480665414344 , test  2.225601037885531 

Epoch 420 : train  0.6568354297104105 , valid  1.7082069373830107 , test  2.199792136636343 

Epoch 430 : train  0.6627557259597977 , valid  1.721236577551154 , test  2.2228762083705442 

Epoch 440 : train  0.6512185344358435 , valid  1.7184369977067224 , test  2.219174383356053 

Epoch 450 : train  0.6593857680087046 , valid  1.7095569113407003 , test  2.169456442603506 

Epoch 460 : train  0.659141726233074 , valid  1.7274403074090472 , test  2.166661735942106 

Epoch 470 : train  0.6563568154623126 , valid  1.7330345775020661 , test  2.2163126327014977 

Epoch 480 : train  0.6639309389103676 , valid  1.6987386146091925 , test  2.232048331037614 

Epoch 490 : train  0.647097708501417 , valid  1.7108281810527737 , test  2.212424632750745 

Epoch 500 : train  0.6558105549927927 , valid  1.6841894098940333 , test  2.2030953787973298 

Epoch 510 : train  0.6541277555516559 , valid  1.6665475435175297 , test  2.191509129929745 

Epoch 520 : train  0.6526430777556309 , valid  1.7368515453984004 , test  2.215688277547189 

Epoch 530 : train  0.648217649426169 , valid  1.739166023976444 , test  2.2240976227660822 

Epoch 540 : train  0.6482873945661549 , valid  1.7633903777096491 , test  2.228598149867757 

Epoch 550 : train  0.6547501693758814 , valid  1.7494873979557748 , test  2.204195490493467 

Epoch 560 : train  0.6503850524030804 , valid  1.7612754861849456 , test  2.177741939632343 

Epoch 570 : train  0.6493878079345521 , valid  1.7521732104405217 , test  2.2188054928627956 

Epoch 580 : train  0.6536042893363323 , valid  1.7185087809355566 , test  2.219815570102879 

Epoch 590 : train  0.6451594985994893 , valid  1.7562170677270257 , test  2.2406723620969298 

Epoch 600 : train  0.6480277872630035 , valid  1.7400995662226502 , test  2.2281456058840186 

Epoch 610 : train  0.656781756832182 , valid  1.7304505141134023 , test  2.2336526927938465 

Epoch 620 : train  0.653435297490473 , valid  1.741451299106062 , test  2.2241180441695287 

Epoch 630 : train  0.6514880449170384 , valid  1.7375042164430357 , test  2.2296011621524676 

Epoch 640 : train  0.666345934668012 , valid  1.745060013632046 , test  2.169881909676893 

Epoch 650 : train  0.6494832595328849 , valid  1.7406788884552287 , test  2.2009062196898332 

Epoch 660 : train  0.6492038126541677 , valid  1.7706154108061058 , test  2.2153841143423034 

Epoch 670 : train  0.6507004574244667 , valid  1.761198558096034 , test  2.166160590880045 

Epoch 680 : train  0.6529346674252133 , valid  1.791700027912934 , test  2.2066064994158823 

Epoch 690 : train  0.6465698909712254 , valid  1.782820647516288 , test  2.192428144086873 

Epoch 700 : train  0.6441101373289292 , valid  1.7507102084099624 , test  2.1796682513712238 

Epoch 710 : train  0.6448824083390834 , valid  1.759386558157886 , test  2.1874993471858764 

Epoch 720 : train  0.6514708367549329 , valid  1.7406779632409626 , test  2.198424378318954 

Epoch 730 : train  0.6460845014651971 , valid  1.7445298212609976 , test  2.218720234694897 

Epoch 740 : train  0.6467896149092832 , valid  1.7593750515838809 , test  2.1823322493286925 

Epoch 750 : train  0.6428577017942803 , valid  1.740513304130655 , test  2.1997542311599028 

Epoch 760 : train  0.6506803225516428 , valid  1.7837618644103677 , test  2.202721315624334 

Epoch 770 : train  0.6463934609768212 , valid  1.7288023002755128 , test  2.2251652870387617 

Epoch 780 : train  0.6428294594836947 , valid  1.7211371394039112 , test  2.2161411623126015 

Epoch 790 : train  0.6489704764259983 , valid  1.7603866358036078 , test  2.210700607083785 

Epoch 800 : train  0.6437217208086932 , valid  1.7520327848409876 , test  2.203934210880726 

Epoch 810 : train  0.6438483034304467 , valid  1.7484282015842034 , test  2.221677018498663 

Epoch 820 : train  0.6415247310208857 , valid  1.7549290955211696 , test  2.238931988781969 

Epoch 830 : train  0.6416453587821229 , valid  1.7036124237539745 , test  2.25112568357987 

Epoch 840 : train  0.6386071641264945 , valid  1.7425301240709206 , test  2.25322632101804 

Epoch 850 : train  0.6388521389861634 , valid  1.72078228284236 , test  2.2412877703861747 

Epoch 860 : train  0.6421934767454555 , valid  1.7302417732924933 , test  2.2607481615044356 

Epoch 870 : train  0.6446551360915236 , valid  1.7526122121907062 , test  2.255556576077364 

Epoch 880 : train  0.6492674537932809 , valid  1.8154477696522604 , test  2.245352580067549 

Epoch 890 : train  0.6493192151981676 , valid  1.75219582443512 , test  2.2442107599378733 

Epoch 900 : train  0.643890320854183 , valid  1.7808822881540491 , test  2.2215732976722076 

Epoch 910 : train  0.6500948083570195 , valid  1.8052246095815268 , test  2.188003398107376 

Epoch 920 : train  0.6448627167794289 , valid  1.8116186111078283 , test  2.1916530425454286 

Epoch 930 : train  0.64098470174853 , valid  1.7823532988858115 , test  2.2041272437348263 

Epoch 940 : train  0.6402185198010508 , valid  1.795599607019566 , test  2.2064294620712297 

Epoch 950 : train  0.6410720858669757 , valid  1.7420348631252363 , test  2.221053174818313 

Epoch 960 : train  0.6415979091936732 , valid  1.762162646963064 , test  2.19784789397937 

Epoch 970 : train  0.6435247081265526 , valid  1.8126474565831001 , test  2.207658753454556 

Epoch 980 : train  0.6407731649035927 , valid  1.8233908521244544 , test  2.2167957229118613 

Epoch 990 : train  0.645946840952839 , valid  1.7973762667611133 , test  2.1998453551328367 

Epoch 1000 : train  0.646390976610884 , valid  1.8354628158983912 , test  2.1913634121937573 

best valid loss: 1.6641691528608216
best test loss: 2.189626667836704
kfold index: 2
Epoch 10 : train  2.2858272662655335 , valid  2.5366234875663585 , test  2.6715091604448493 

Epoch 20 : train  2.1159719305524134 , valid  2.417946789978184 , test  2.630595639285048 

Epoch 30 : train  1.9726172720808912 , valid  2.391900121808713 , test  2.6202961018916398 

Epoch 40 : train  1.7806826352094847 , valid  2.2984967860784367 , test  2.5865928499522046 

Epoch 50 : train  1.5453173104805895 , valid  2.2230084412532243 , test  2.501314475530229 

Epoch 60 : train  1.3099454205789562 , valid  2.216439510409612 , test  2.448958469574716 

Epoch 70 : train  1.0927744565486819 , valid  2.127593531692504 , test  2.3321559042817954 

Epoch 80 : train  0.8955973513112614 , valid  2.0959456320421563 , test  2.3258024610272554 

Epoch 90 : train  0.7600397703221978 , valid  2.049885857202741 , test  2.3629490856692326 

Epoch 100 : train  0.6916646489136704 , valid  2.0658182109168615 , test  2.2536811207850143 

Epoch 110 : train  0.6995991325500147 , valid  2.0290958244584023 , test  2.3622485364378103 

Epoch 120 : train  0.6602145724701292 , valid  2.038243996377275 , test  2.3214449342284964 

Epoch 130 : train  0.6784719113407315 , valid  2.0079946486492015 , test  2.318947023016489 

Epoch 140 : train  0.6808750865244918 , valid  1.9727459769842346 , test  2.282682508300245 

Epoch 150 : train  0.6618849771872841 , valid  1.9580879853514301 , test  2.265495356603396 

Epoch 160 : train  0.6727323972351418 , valid  1.9345974398318018 , test  2.277854678319304 

Epoch 170 : train  0.6648505167522324 , valid  1.9256273400391166 , test  2.308242406512314 

Epoch 180 : train  0.649026817341574 , valid  1.926135938110897 , test  2.273418316636104 

Epoch 190 : train  0.6484512581108206 , valid  1.9572283825898311 , test  2.2269981173411506 

Epoch 200 : train  0.6516718407119119 , valid  1.9383310596964163 , test  2.271619298430997 

Epoch 210 : train  0.6460992354167552 , valid  1.9669417231280504 , test  2.222897290312423 

Epoch 220 : train  0.6418699711571015 , valid  2.003691470910925 , test  2.212040554071183 

Epoch 230 : train  0.6585371982521405 , valid  1.9828847691359544 , test  2.2427454238905957 

Epoch 240 : train  0.657773001159662 , valid  2.0260145480155822 , test  2.22496231911899 

Epoch 250 : train  0.652123797840867 , valid  1.9972419384074187 , test  2.231411371152217 

Epoch 260 : train  0.6485177902841542 , valid  1.9182524883085468 , test  2.2379556213181004 

Epoch 270 : train  0.6585644321071173 , valid  1.9937440720209907 , test  2.240541001605499 

Epoch 280 : train  0.6398163068674719 , valid  2.0030632339174383 , test  2.233454880321495 

Epoch 290 : train  0.6474638153013296 , valid  2.012615023621227 , test  2.2459956785338213 

Epoch 300 : train  0.6551182004213963 , valid  2.0197835303811504 , test  2.2357685187697776 

Epoch 310 : train  0.6442989349930429 , valid  2.0221681785952415 , test  2.2302553438731683 

Epoch 320 : train  0.6653683416858578 , valid  2.1139432809522445 , test  2.266334283628766 

Epoch 330 : train  0.6452941884397573 , valid  1.9928167819084384 , test  2.2657379847295203 

Epoch 340 : train  0.6505951265701939 , valid  1.989298615631898 , test  2.236415966231922 

Epoch 350 : train  0.6346615154273033 , valid  1.9873945339364172 , test  2.2063233273957312 

Epoch 360 : train  0.6406906545398313 , valid  1.9796659133174719 , test  2.274639565725416 

Epoch 370 : train  0.6407800221890153 , valid  2.013306888802876 , test  2.220203999428524 

Epoch 380 : train  0.6357915766677817 , valid  2.009689534174739 , test  2.2128041525012705 

Epoch 390 : train  0.6407032375493893 , valid  1.9514930217262825 , test  2.2378278780422884 

Epoch 400 : train  0.632404231212647 , valid  1.980090700763412 , test  2.1994852342950915 

Epoch 410 : train  0.6336230658464923 , valid  2.0380922703154876 , test  2.2282746034623617 

Epoch 420 : train  0.630542108327916 , valid  1.9944433480135366 , test  2.1945630437241483 

Epoch 430 : train  0.6321904694471232 , valid  1.9647701331764513 , test  2.2016277927548784 

Epoch 440 : train  0.6288442154980902 , valid  1.9964237426892077 , test  2.2343140159472874 

Epoch 450 : train  0.6264753732890288 , valid  2.004009569612789 , test  2.209418282665541 

Epoch 460 : train  0.6280705151014904 , valid  1.985807831523919 , test  2.2224347471135526 

Epoch 470 : train  0.6278587069168806 , valid  1.9933525724590437 , test  2.2318666534123204 

Epoch 480 : train  0.6325489036422134 , valid  1.9901198630012926 , test  2.213615833275888 

Epoch 490 : train  0.6267391024086459 , valid  1.9648046280900722 , test  2.206923589982583 

Epoch 500 : train  0.6288164227786234 , valid  1.9777711714207824 , test  2.176033764520263 

Epoch 510 : train  0.6323919547372308 , valid  1.9800357163113937 , test  2.2130638376563248 

Epoch 520 : train  0.6256844957870681 , valid  1.9278064199974718 , test  2.2370019169763027 

Epoch 530 : train  0.6281953144491821 , valid  1.9605860636549322 , test  2.234211783002163 

Epoch 540 : train  0.6275277632306002 , valid  1.9536568567331023 , test  2.265708894253167 

Epoch 550 : train  0.6277385468596446 , valid  1.9554529169863606 , test  2.279933291996591 

Epoch 560 : train  0.6240694993781015 , valid  1.9653986728171229 , test  2.259319343954888 

Epoch 570 : train  0.6217131800831425 , valid  1.989012819022024 , test  2.2664593570190172 

Epoch 580 : train  0.6281584186941539 , valid  1.990289468240003 , test  2.2479733408593208 

Epoch 590 : train  0.624536090399982 , valid  1.9604723758418285 , test  2.244946851956458 

Epoch 600 : train  0.6231915341174843 , valid  1.9706369917599225 , test  2.235353833285247 

Epoch 610 : train  0.6267729019146844 , valid  1.9863053302982758 , test  2.25960689692652 

Epoch 620 : train  0.6270208353694007 , valid  1.995597856347086 , test  2.2664518069733157 

Epoch 630 : train  0.6264961393078926 , valid  2.011667076647466 , test  2.25201845328653 

Epoch 640 : train  0.625979412541559 , valid  2.013378639945353 , test  2.253333962318824 

Epoch 650 : train  0.6288017624090549 , valid  2.017118773837076 , test  2.2383551282167926 

Epoch 660 : train  0.6291869901051685 , valid  1.9576205811136083 , test  2.2472741884731917 

Epoch 670 : train  0.6222235644138842 , valid  1.9879612339469341 , test  2.2292576689419996 

Epoch 680 : train  0.6172084802355836 , valid  1.968410347991201 , test  2.2464622369681297 

Epoch 690 : train  0.6205430284177967 , valid  1.9948851716094633 , test  2.2681248161197436 

Epoch 700 : train  0.6221589089364326 , valid  1.9726800567852023 , test  2.2729425218686576 

Epoch 710 : train  0.6264264469489744 , valid  2.01183862402887 , test  2.2512581800044686 

Epoch 720 : train  0.6333732372086559 , valid  2.0142407967903244 , test  2.2490603744071995 

Epoch 730 : train  0.6264924840480294 , valid  2.006625890149764 , test  2.260724093611455 

Epoch 740 : train  0.62103499804272 , valid  1.9851580732009955 , test  2.234924919739289 

Epoch 750 : train  0.6218950885913586 , valid  1.9640259495351016 , test  2.2298879300155603 

Epoch 760 : train  0.6305367671851638 , valid  2.039610565064134 , test  2.2331829493390005 

Epoch 770 : train  0.62745610874289 , valid  1.9880175131219653 , test  2.257979164421174 

Epoch 780 : train  0.6257438293482082 , valid  1.953340995166156 , test  2.2479621828596525 

Epoch 790 : train  0.6209467822211191 , valid  2.0142731316402274 , test  2.2509511871891843 

Epoch 800 : train  0.6178118066242538 , valid  1.9736161703909538 , test  2.2157429649605165 

Epoch 810 : train  0.6274536612098733 , valid  1.9124175831468435 , test  2.241974918954522 

Epoch 820 : train  0.6192738375140557 , valid  1.9884730477111863 , test  2.233840925030493 

Epoch 830 : train  0.6183828625853165 , valid  1.9667026015169984 , test  2.2643427671460827 

Epoch 840 : train  0.6191752136845116 , valid  1.9569094012865793 , test  2.290404788790454 

Epoch 850 : train  0.6204373614656493 , valid  1.9338878002289752 , test  2.284383283461892 

Epoch 860 : train  0.6257711686303662 , valid  1.9606832083587977 , test  2.25064672207955 

Epoch 870 : train  0.6236192332070621 , valid  1.9770762798458492 , test  2.2532264516291587 

Epoch 880 : train  0.6149817005119201 , valid  1.9824112721885783 , test  2.252131072291101 

Epoch 890 : train  0.6167724335806045 , valid  1.9781698838605923 , test  2.2566856383825744 

Epoch 900 : train  0.6184966631545757 , valid  1.996622065268918 , test  2.2466977116547757 

Epoch 910 : train  0.6194919108538038 , valid  1.9903903515722654 , test  2.2707000130110213 

Epoch 920 : train  0.6169359725598251 , valid  1.9773882659429347 , test  2.249782651429985 

Epoch 930 : train  0.6202473666050184 , valid  1.9925112279514055 , test  2.2606694000999914 

Epoch 940 : train  0.6205180034111554 , valid  2.054682771053909 , test  2.246953803570186 

Epoch 950 : train  0.6196944736733808 , valid  1.9778172381993337 , test  2.271407877744007 

Epoch 960 : train  0.6179950437623989 , valid  1.9867256544043446 , test  2.268918443537364 

Epoch 970 : train  0.6179865190356538 , valid  2.006309720673723 , test  2.244928843786689 

Epoch 980 : train  0.6188900060539344 , valid  2.0121061936320856 , test  2.261649268767168 

Epoch 990 : train  0.6201980374802729 , valid  1.9697830716460376 , test  2.276238590459438 

Epoch 1000 : train  0.624763170576734 , valid  2.021724655728773 , test  2.251983963306015 

best valid loss: 1.9124175831468435
best test loss: 2.241974918954522
kfold index: 3
Epoch 10 : train  2.2999058146226625 , valid  2.5815215906149414 , test  2.630097509035518 

Epoch 20 : train  2.043647610363032 , valid  2.4828488939916236 , test  2.512939990965343 

Epoch 30 : train  1.8728705841346345 , valid  2.3599468866286513 , test  2.446228325770852 

Epoch 40 : train  1.6618481112323638 , valid  2.2872959826651753 , test  2.423376637672586 

Epoch 50 : train  1.4140146995746465 , valid  2.216649965684527 , test  2.3258677363261704 

Epoch 60 : train  1.187132035195436 , valid  2.1368599941941624 , test  2.2296083470326726 

Epoch 70 : train  0.998205583467169 , valid  2.1623581523700373 , test  2.2187134319314086 

Epoch 80 : train  0.8196022727277777 , valid  2.1395330323798705 , test  2.2463524612036316 

Epoch 90 : train  0.7121131927810653 , valid  2.1789977346092395 , test  2.220900684266959 

Epoch 100 : train  0.7006415641400384 , valid  2.175953201729918 , test  2.2115104840103053 

Epoch 110 : train  0.6663073593282608 , valid  2.183711994330901 , test  2.286189259303448 

Epoch 120 : train  0.6849263929918364 , valid  2.1937384620590166 , test  2.1893231478263084 

Epoch 130 : train  0.6596641550463422 , valid  2.1882637963031444 , test  2.20893789945865 

Epoch 140 : train  0.6329675291032832 , valid  2.210224458210019 , test  2.195275227708807 

Epoch 150 : train  0.6459798313480125 , valid  2.2095379623972584 , test  2.2197745038373937 

Epoch 160 : train  0.6472409568230715 , valid  2.2498395655365138 , test  2.245297355786041 

Epoch 170 : train  0.6637956006744004 , valid  2.291526121722612 , test  2.3154101592642053 

Epoch 180 : train  0.6464163728065437 , valid  2.2236624739693025 , test  2.2362172847023007 

Epoch 190 : train  0.6461333104388811 , valid  2.2493507393037317 , test  2.245698550077758 

Epoch 200 : train  0.6649300498423201 , valid  2.2329826690825314 , test  2.2094741098961315 

Epoch 210 : train  0.633999531438389 , valid  2.1977887013269854 , test  2.1517276415481636 

Epoch 220 : train  0.6296783956760328 , valid  2.2104317150875286 , test  2.178722705581512 

Epoch 230 : train  0.6373623280726112 , valid  2.203334412895033 , test  2.216504520889977 

Epoch 240 : train  0.6279254840284689 , valid  2.2308523400647133 , test  2.186528202708353 

Epoch 250 : train  0.6308445875623114 , valid  2.1775342264093487 , test  2.2044782957995213 

Epoch 260 : train  0.6288857015348375 , valid  2.1919360220030364 , test  2.229935255398183 

Epoch 270 : train  0.6224804027493651 , valid  2.1863339546959817 , test  2.1856713221618596 

Epoch 280 : train  0.6223132238197724 , valid  2.225090994407414 , test  2.1930780298104255 

Epoch 290 : train  0.6235907708086331 , valid  2.202839914653217 , test  2.166365271563047 

Epoch 300 : train  0.6295215987680196 , valid  2.2169229887262376 , test  2.1868607267437374 

Epoch 310 : train  0.6252442112207223 , valid  2.2165987177235476 , test  2.2373985370263636 

Epoch 320 : train  0.6140769281404453 , valid  2.197053975385326 , test  2.215423492157095 

Epoch 330 : train  0.6252223806274614 , valid  2.1792418474203665 , test  2.211676203294106 

Epoch 340 : train  0.6260630069971131 , valid  2.1789596578297523 , test  2.2078020198129193 

Epoch 350 : train  0.6212134137884029 , valid  2.211863119500686 , test  2.1790511519240154 

Epoch 360 : train  0.6151264907934325 , valid  2.2113822846113953 , test  2.1914618846961127 

Epoch 370 : train  0.6197047868442502 , valid  2.198756203913134 , test  2.1920262795257925 

Epoch 380 : train  0.6230462633816306 , valid  2.1447337499961745 , test  2.169453196096005 

Epoch 390 : train  0.6131379868470209 , valid  2.190424616969186 , test  2.200019395506858 

Epoch 400 : train  0.6187973410792288 , valid  2.1999341742229497 , test  2.2002965220210466 

Epoch 410 : train  0.6229748167834723 , valid  2.212131993178974 , test  2.174755909474027 

Epoch 420 : train  0.6133783109765146 , valid  2.1844746522125367 , test  2.1762288309838294 

Epoch 430 : train  0.6281383144043444 , valid  2.131956749538334 , test  2.174430132172891 

Epoch 440 : train  0.6225601960183371 , valid  2.2168720290189796 , test  2.1964537551437777 

Epoch 450 : train  0.619349014382887 , valid  2.18768103394294 , test  2.2127867881587218 

Epoch 460 : train  0.6119859929565704 , valid  2.212654283727711 , test  2.181096722874097 

Epoch 470 : train  0.6096626270379716 , valid  2.21545609986796 , test  2.1853490560015634 

Epoch 480 : train  0.6190142299760258 , valid  2.2077566096905312 , test  2.197287613123794 

Epoch 490 : train  0.6160241069481546 , valid  2.2152011966069174 , test  2.2142263960882267 

Epoch 500 : train  0.6165717736055553 , valid  2.207363735837446 , test  2.187806915797278 

Epoch 510 : train  0.6131880764437009 , valid  2.2304140547724396 , test  2.207624232311492 

Epoch 520 : train  0.6086056930396145 , valid  2.2026693130900186 , test  2.1507127926273695 

Epoch 530 : train  0.6105916903740191 , valid  2.1911854144731087 , test  2.167612755070833 

Epoch 540 : train  0.6110149245618425 , valid  2.2465213316883887 , test  2.1893296950521317 

Epoch 550 : train  0.6167534715381449 , valid  2.212949758507954 , test  2.151391737732428 

Epoch 560 : train  0.6173160160008669 , valid  2.2310387320527836 , test  2.174772771205744 

Epoch 570 : train  0.606469473387021 , valid  2.232005487311731 , test  2.172711454148129 

Epoch 580 : train  0.6050424362794983 , valid  2.209519331771965 , test  2.1460834937678754 

Epoch 590 : train  0.6071701991951697 , valid  2.215923514227889 , test  2.154364608298254 

Epoch 600 : train  0.6074088529317315 , valid  2.183172099973557 , test  2.164777159696328 

Epoch 610 : train  0.6131733078455459 , valid  2.2136362498302686 , test  2.1937232800434585 

Epoch 620 : train  0.6108821347980238 , valid  2.25998390915865 , test  2.200433918872903 

Epoch 630 : train  0.6118895183521831 , valid  2.2376446167870117 , test  2.200730187201263 

Epoch 640 : train  0.6141670806843965 , valid  2.223706792797814 , test  2.230624357802098 

Epoch 650 : train  0.6190129764863741 , valid  2.2239282134999505 , test  2.204243460118874 

Epoch 660 : train  0.6062762457431957 , valid  2.1873450854793175 , test  2.192671452256161 

Epoch 670 : train  0.6091348600146937 , valid  2.235435879597019 , test  2.199546432472863 

Epoch 680 : train  0.6184870001355003 , valid  2.17611120230144 , test  2.159738605582647 

Epoch 690 : train  0.6059026672695818 , valid  2.1969177161320865 , test  2.169261443921852 

Epoch 700 : train  0.6094085324426878 , valid  2.240104635660719 , test  2.183462092613738 

Epoch 710 : train  0.6088173738244343 , valid  2.1711104035375066 , test  2.172864774201404 

Epoch 720 : train  0.6118472260535859 , valid  2.191348948991117 , test  2.1574385364216475 

Epoch 730 : train  0.6031760862114119 , valid  2.176830383798385 , test  2.1820658394146597 

Epoch 740 : train  0.6007392731685631 , valid  2.2360522937425853 , test  2.165920202506902 

Epoch 750 : train  0.6020782125029046 , valid  2.2080264163366334 , test  2.1815070838345387 

Epoch 760 : train  0.6061397806832673 , valid  2.186181242257214 , test  2.1415684612060533 

Epoch 770 : train  0.6079995099833829 , valid  2.189054372858363 , test  2.160482276254149 

Epoch 780 : train  0.6028375337456344 , valid  2.2014295463457794 , test  2.1794463495946377 

Epoch 790 : train  0.6035057375226344 , valid  2.217115010210277 , test  2.203846349049883 

Epoch 800 : train  0.6057409450410282 , valid  2.1943370775740387 , test  2.164438601925426 

Epoch 810 : train  0.6066528882918262 , valid  2.188899549527293 , test  2.1921850250914994 

Epoch 820 : train  0.6012207511115759 , valid  2.1890669879350844 , test  2.1916804702402075 

Epoch 830 : train  0.6110908677217872 , valid  2.2169905880833207 , test  2.1988378005263907 

Epoch 840 : train  0.6039911029929038 , valid  2.2100640984908027 , test  2.2132526277930937 

Epoch 850 : train  0.6055636190476056 , valid  2.2450596129711142 , test  2.1996984520867477 

Epoch 860 : train  0.6067877237563696 , valid  2.249031147734718 , test  2.1789641696360023 

Epoch 870 : train  0.6095768981023718 , valid  2.2238138368236635 , test  2.175923761006152 

Epoch 880 : train  0.6052254355428707 , valid  2.262010236336614 , test  2.185878412832223 

Epoch 890 : train  0.6066687471898189 , valid  2.221162645528187 , test  2.1731942197570677 

Epoch 900 : train  0.6033435724018154 , valid  2.2256241636195404 , test  2.215382461412477 

Epoch 910 : train  0.6016008166774567 , valid  2.204223016298385 , test  2.1770653966337012 

Epoch 920 : train  0.5990942574209364 , valid  2.216694287973892 , test  2.195070104539751 

Epoch 930 : train  0.6097783793508714 , valid  2.1562180638106074 , test  2.1657361305715446 

Epoch 940 : train  0.6127135917327684 , valid  2.195685752814745 , test  2.177073230354134 

Epoch 950 : train  0.6030708162435072 , valid  2.1859927633530862 , test  2.1841337674898034 

Epoch 960 : train  0.6017190513621283 , valid  2.174135034858576 , test  2.1844839538489724 

Epoch 970 : train  0.5998977304299496 , valid  2.185909781194541 , test  2.1626547327804158 

Epoch 980 : train  0.601759981144198 , valid  2.1900022725625305 , test  2.187340722002507 

Epoch 990 : train  0.6033553034135067 , valid  2.179757347504509 , test  2.186303771597772 

Epoch 1000 : train  0.6023581750797582 , valid  2.139123516195363 , test  2.180941667229615 

best valid loss: 2.131956749538334
best test loss: 2.174430132172891
kfold index: 4
Epoch 10 : train  2.2610360485156105 , valid  2.335060716141643 , test  2.5928577403251047 

Epoch 20 : train  2.155810748487056 , valid  2.274553394339452 , test  2.716731831834672 

Epoch 30 : train  2.4730586497943627 , valid  2.652064456062162 , test  3.0416220525459345 

Epoch 40 : train  2.1689137768795623 , valid  2.441014711273049 , test  2.86312603272011 

Epoch 50 : train  1.8213972417754885 , valid  2.198729606739385 , test  2.705676008250466 

Epoch 60 : train  1.4767543478221345 , valid  2.0354142258209924 , test  2.622419075787966 

Epoch 70 : train  1.1945674251300402 , valid  1.8575948913634386 , test  2.5139490498541215 

Epoch 80 : train  0.9825708695657233 , valid  1.8036221928139675 , test  2.4380918010630985 

Epoch 90 : train  0.8256942842157385 , valid  1.8031117709276616 , test  2.4144638218819026 

Epoch 100 : train  0.7365123826614097 , valid  1.7215483892567758 , test  2.3491292560141552 

Epoch 110 : train  0.6937031818174767 , valid  1.7014685938648044 , test  2.3576219647094656 

Epoch 120 : train  0.7134778327397996 , valid  1.7037728371451153 , test  2.3406641611830734 

Epoch 130 : train  0.7095561736259217 , valid  1.7075555302479088 , test  2.3501105815033285 

Epoch 140 : train  0.679018642574475 , valid  1.7385402243716537 , test  2.3686774652227376 

Epoch 150 : train  0.7072723255312694 , valid  1.7696228976848958 , test  2.3471096703147376 

Epoch 160 : train  0.6770855587606165 , valid  1.7191004224179074 , test  2.304064624513154 

Epoch 170 : train  0.6847596638326122 , valid  1.7234489811915623 , test  2.3471968839977504 

Epoch 180 : train  0.7229500707461282 , valid  1.768036198804869 , test  2.3761897827260157 

Epoch 190 : train  0.6645481714724009 , valid  1.7392079401344571 , test  2.3580158387056547 

Epoch 200 : train  0.7023177048725905 , valid  1.769160049263335 , test  2.3502443887206126 

Epoch 210 : train  0.6758499167463742 , valid  1.7201992147300713 , test  2.3456180984625283 

Epoch 220 : train  0.669357130724596 , valid  1.7580959771382418 , test  2.367762128188517 

Epoch 230 : train  0.6655074550472311 , valid  1.7549381083967777 , test  2.356081566295939 

Epoch 240 : train  0.6810183122663718 , valid  1.7545647147156715 , test  2.3504679040528975 

Epoch 250 : train  0.6697850683400104 , valid  1.706330074537249 , test  2.3291818488842235 

Epoch 260 : train  0.6653046899324672 , valid  1.7075819497586775 , test  2.3199755067443677 

Epoch 270 : train  0.6782970450982745 , valid  1.7409680132064447 , test  2.3732925465122823 

Epoch 280 : train  0.6700025290624622 , valid  1.7704177934474312 , test  2.3730054576750828 

Epoch 290 : train  0.6680261027594423 , valid  1.7289853596116034 , test  2.364785491783273 

Epoch 300 : train  0.6712168191329306 , valid  1.7423058913376086 , test  2.367140879360443 

Epoch 310 : train  0.6630999615487455 , valid  1.7352265524338133 , test  2.3466165042831566 

Epoch 320 : train  0.6755187978056 , valid  1.727761908920894 , test  2.3397027026764117 

Epoch 330 : train  0.6773028637167228 , valid  1.7581494148409749 , test  2.34028614848478 

Epoch 340 : train  0.6722553246212498 , valid  1.7506638962085972 , test  2.328424788943479 

Epoch 350 : train  0.6647974321389359 , valid  1.7048697823656869 , test  2.3448724209815848 

Epoch 360 : train  0.679439469366163 , valid  1.708440760843861 , test  2.3494310133565093 

Epoch 370 : train  0.6607175420314272 , valid  1.738032207740163 , test  2.3114857096247317 

Epoch 380 : train  0.6620995553161515 , valid  1.7354439849423606 , test  2.3432576883236855 

Epoch 390 : train  0.6671177068860443 , valid  1.780920667293558 , test  2.317062925583743 

Epoch 400 : train  0.6697740103963824 , valid  1.7391217110592736 , test  2.3175413021015534 

Epoch 410 : train  0.6721608683598126 , valid  1.7672558583402755 , test  2.3397609871457776 

Epoch 420 : train  0.6644431676322001 , valid  1.7208227977891988 , test  2.3038227745841096 

Epoch 430 : train  0.6760057661400508 , valid  1.7662816282255887 , test  2.353970326199157 

Epoch 440 : train  0.6572161104607412 , valid  1.7531445423857674 , test  2.3218260618672097 

Epoch 450 : train  0.6633486334402666 , valid  1.7761019607091466 , test  2.3145623742239887 

Epoch 460 : train  0.6619265671568466 , valid  1.7568178980499658 , test  2.3063699003540954 

Epoch 470 : train  0.6606961472718681 , valid  1.748897462285194 , test  2.310308544023759 

Epoch 480 : train  0.6728026470031414 , valid  1.733475387334826 , test  2.3092933400578373 

Epoch 490 : train  0.6625090974189038 , valid  1.7481975814440573 , test  2.3057633460384044 

Epoch 500 : train  0.655280290439481 , valid  1.7602668818705423 , test  2.2970973227359677 

Epoch 510 : train  0.6696366081976721 , valid  1.6955833231543678 , test  2.280144664967403 

Epoch 520 : train  0.6557037306346395 , valid  1.6993306016134984 , test  2.309069167503328 

Epoch 530 : train  0.6563026990775439 , valid  1.7015296229042105 , test  2.3188601733327414 

Epoch 540 : train  0.6606588632137845 , valid  1.7452757926814844 , test  2.3271489651821926 

Epoch 550 : train  0.6736261556320209 , valid  1.7599674599625545 , test  2.3294372519941646 

Epoch 560 : train  0.6514303926570716 , valid  1.7208002178479211 , test  2.3053320708583698 

Epoch 570 : train  0.6525118880647383 , valid  1.7458616261171167 , test  2.335954125450087 

Epoch 580 : train  0.6533045281446652 , valid  1.7400329028265258 , test  2.328599941310134 

Epoch 590 : train  0.6512088224840831 , valid  1.7482188752562624 , test  2.319405983339207 

Epoch 600 : train  0.6491835822011385 , valid  1.721828379142092 , test  2.335546484969306 

Epoch 610 : train  0.6478160085887057 , valid  1.6875592459692015 , test  2.3012985539564212 

Epoch 620 : train  0.6578259165665714 , valid  1.7095419975444222 , test  2.333030766479443 

Epoch 630 : train  0.6500218895201808 , valid  1.7259239823043584 , test  2.3381693834385 

Epoch 640 : train  0.6524959364725013 , valid  1.7227371818967872 , test  2.337092310393606 

Epoch 650 : train  0.6507061272447686 , valid  1.7574823334274277 , test  2.333668386119094 

Epoch 660 : train  0.6473698707649065 , valid  1.7238925340734323 , test  2.3376115190747586 

Epoch 670 : train  0.6444466683701547 , valid  1.792627782635534 , test  2.3472160984186803 

Epoch 680 : train  0.6588428663449292 , valid  1.7588855430162003 , test  2.3337011343400484 

Epoch 690 : train  0.6562959848372334 , valid  1.750188745923948 , test  2.3371530014082147 

Epoch 700 : train  0.6510878743541461 , valid  1.7559651645036152 , test  2.338513393455233 

Epoch 710 : train  0.6479394464484853 , valid  1.7331810407780035 , test  2.330771899402106 

Epoch 720 : train  0.6529276446883817 , valid  1.7333161319448174 , test  2.3254816852041698 

Epoch 730 : train  0.6474759166649353 , valid  1.721844107451718 , test  2.2991324857211444 

Epoch 740 : train  0.6477947622261484 , valid  1.7558759256415797 , test  2.2903550760896363 

Epoch 750 : train  0.6471530070008188 , valid  1.7862546532845647 , test  2.316064239836368 

Epoch 760 : train  0.646367100749814 , valid  1.7520482337850007 , test  2.305929588357453 

Epoch 770 : train  0.6473075254652864 , valid  1.7397032640762617 , test  2.3244996924346624 

Epoch 780 : train  0.6428862713199096 , valid  1.7150329813235334 , test  2.335941377497779 

Epoch 790 : train  0.6463335149281042 , valid  1.7514503828814125 , test  2.345323188322869 

Epoch 800 : train  0.6461520949607367 , valid  1.761641159649587 , test  2.3071523014471813 

Epoch 810 : train  0.6473582176169649 , valid  1.755634623353209 , test  2.319855128740048 

Epoch 820 : train  0.6485646071088077 , valid  1.7635150282917014 , test  2.3109339888233693 

Epoch 830 : train  0.650182872120993 , valid  1.8042384051612284 , test  2.322312069314639 

Epoch 840 : train  0.6447431903652399 , valid  1.7845232660829928 , test  2.304546394650957 

Epoch 850 : train  0.6464711347706239 , valid  1.7924892278175282 , test  2.3298531520017707 

Epoch 860 : train  0.648313729671874 , valid  1.7723194389451886 , test  2.328635798855719 

Epoch 870 : train  0.6491896735028262 , valid  1.7875707235331415 , test  2.3469234089521005 

Epoch 880 : train  0.6430018218712917 , valid  1.7949380428675465 , test  2.3515390707168775 

Epoch 890 : train  0.6454452095837416 , valid  1.7542907262132703 , test  2.335215342973157 

Epoch 900 : train  0.6419632288951302 , valid  1.769580854399581 , test  2.3672389004844114 

Epoch 910 : train  0.6404927631697371 , valid  1.7799535118518386 , test  2.318365745006682 

Epoch 920 : train  0.6463955911723713 , valid  1.7934209078327386 , test  2.3192256879867195 

Epoch 930 : train  0.6414880579787355 , valid  1.7613410266266378 , test  2.323187456600166 

Epoch 940 : train  0.6466310473503896 , valid  1.803833165075322 , test  2.3377071133365073 

Epoch 950 : train  0.6478664523624373 , valid  1.7936847474927813 , test  2.325641653421565 

Epoch 960 : train  0.6483500249579786 , valid  1.761125061111654 , test  2.3225224451768627 

Epoch 970 : train  0.6475740103461013 , valid  1.7684748695381403 , test  2.314414583021844 

Epoch 980 : train  0.6412815945155603 , valid  1.7601879034953738 , test  2.3142377785107353 

Epoch 990 : train  0.6471360226852062 , valid  1.748771212385234 , test  2.277060271374808 

Epoch 1000 : train  0.6464464049745847 , valid  1.8064008801661684 , test  2.307564336365605 

best valid loss: 1.6875592459692015
best test loss: 2.3012985539564212
 
Job Ended at Mon Apr 10 09:34:56 EDT 2023
