Job started on r181.ib.bridges2.psc.edu at Mon Apr 10 09:20:29 EDT 2023
Namespace(data_path='/ocean/projects/cts180021p/shang9/molecules/pretrainLCA/finalized/data/o_gnn_input/SO4_react/raw/data.csv', dense=1, dropout=0, folder_idx=0, layer=2, split_folder='/ocean/projects/cts180021p/shang9/molecules/pretrainLCA/finalized/model/feature-based/result_1/SO4_react/')
kfold index: 0
Epoch 10 : train  4.995366628391867 , valid  5.019515174345811 , test  5.027501313658917 

Epoch 20 : train  2.9920827281564844 , valid  3.1437098234573373 , test  3.0122043505206273 

Epoch 30 : train  1.9067980474198356 , valid  2.161578294003216 , test  2.0173323224646147 

Epoch 40 : train  1.49294020629118 , valid  1.7663228855399482 , test  1.6719938685725564 

Epoch 50 : train  1.1986717574487373 , valid  1.588040466624355 , test  1.441364038535802 

Epoch 60 : train  0.9895555319700573 , valid  1.4573644005803494 , test  1.308637830510888 

Epoch 70 : train  0.7584157161128566 , valid  1.4509172948810785 , test  1.2510692156845353 

Epoch 80 : train  0.5760011426282791 , valid  1.3443521555262845 , test  1.146314978704363 

Epoch 90 : train  0.46873408907221636 , valid  1.3611999258625997 , test  1.1697942059448585 

Epoch 100 : train  0.409475889452498 , valid  1.342821602085734 , test  1.116596056643737 

Epoch 110 : train  0.3705752632637559 , valid  1.3766584618513957 , test  1.1112759302676525 

Epoch 120 : train  0.361352770885882 , valid  1.3320318054799567 , test  1.127304824900269 

Epoch 130 : train  0.3337654375500198 , valid  1.2990615684196813 , test  1.1479458429386962 

Epoch 140 : train  0.33093998315564405 , valid  1.2864941011978763 , test  1.140081538988657 

Epoch 150 : train  0.3198686512401795 , valid  1.3141527196355103 , test  1.162398355087184 

Epoch 160 : train  0.3176952047908528 , valid  1.3275181185228933 , test  1.1664439674530116 

Epoch 170 : train  0.3472636803122936 , valid  1.2804640242493712 , test  1.1010413816562468 

Epoch 180 : train  0.3234652678287632 , valid  1.3030343348188862 , test  1.1149569661199907 

Epoch 190 : train  0.3285615568232122 , valid  1.294679691387375 , test  1.112385108947077 

Epoch 200 : train  0.30596131262766746 , valid  1.3123002456112205 , test  1.1451053260061073 

Epoch 210 : train  0.3168169628945273 , valid  1.2871267943913633 , test  1.1515712671119254 

Epoch 220 : train  0.305637484627821 , valid  1.2930158145930306 , test  1.1431028001076196 

Epoch 230 : train  0.29156477463783104 , valid  1.3047674752779592 , test  1.1711655418046527 

Epoch 240 : train  0.30500613704900714 , valid  1.2925906401245233 , test  1.1228133051205804 

Epoch 250 : train  0.3035800448369738 , valid  1.2874272150784947 , test  1.0912843322753827 

Epoch 260 : train  0.3000182439158398 , valid  1.2826384049351893 , test  1.11815749385839 

Epoch 270 : train  0.2949013285004394 , valid  1.2565875734494896 , test  1.1061408094282652 

Epoch 280 : train  0.3084620163725816 , valid  1.2520685650391261 , test  1.0981720538600026 

Epoch 290 : train  0.30566809666091604 , valid  1.2713216309045967 , test  1.1153407217460076 

Epoch 300 : train  0.2938561230941386 , valid  1.2216098698583355 , test  1.07468124292202 

Epoch 310 : train  0.30434620625667064 , valid  1.2488526358299208 , test  1.1271479972239749 

Epoch 320 : train  0.29841497260265154 , valid  1.2791884700794887 , test  1.1260349673120644 

Epoch 330 : train  0.2918996936072843 , valid  1.291000283064396 , test  1.124248084390144 

Epoch 340 : train  0.2886048848828519 , valid  1.3288631602815972 , test  1.1292703387392184 

Epoch 350 : train  0.2989036050579312 , valid  1.2679110226984467 , test  1.088340760317862 

Epoch 360 : train  0.2959010490045455 , valid  1.2525308904751025 , test  1.12131214137515 

Epoch 370 : train  0.29063350020842876 , valid  1.2649382116419425 , test  1.1007536785132161 

Epoch 380 : train  0.28521350579742855 , valid  1.2686660757518349 , test  1.1008484076091 

Epoch 390 : train  0.295075906321675 , valid  1.2809266556363383 , test  1.094914615410443 

Epoch 400 : train  0.2915435728298943 , valid  1.2642484074151707 , test  1.0875992404023591 

Epoch 410 : train  0.29153461278939646 , valid  1.3104525998915417 , test  1.077299051744524 

Epoch 420 : train  0.2883769994196388 , valid  1.291759928126607 , test  1.0357553906989345 

Epoch 430 : train  0.29378170177982943 , valid  1.2760840309967272 , test  1.0627264333887803 

Epoch 440 : train  0.2904920143914966 , valid  1.2481215808737127 , test  1.0750079989987924 

Epoch 450 : train  0.29050365923308963 , valid  1.2285868798780155 , test  1.051574318557885 

Epoch 460 : train  0.29305942016417297 , valid  1.229172298944887 , test  1.0459353730869492 

Epoch 470 : train  0.285063671255413 , valid  1.2311226592683708 , test  1.0593640534042479 

Epoch 480 : train  0.2852448921170256 , valid  1.2155312642185383 , test  1.092505127559665 

Epoch 490 : train  0.2853359484396798 , valid  1.2175463907935198 , test  1.066055868690326 

Epoch 500 : train  0.28215760792150124 , valid  1.234771218984977 , test  1.080245880495955 

Epoch 510 : train  0.29666136845051283 , valid  1.2058706527514995 , test  1.0685710170207943 

Epoch 520 : train  0.2827193205733336 , valid  1.2452418482575947 , test  1.0896429884365806 

Epoch 530 : train  0.29167266593829333 , valid  1.2707846187515042 , test  1.0515251181109482 

Epoch 540 : train  0.28382360871017237 , valid  1.2837977242609961 , test  1.095182132419966 

Epoch 550 : train  0.2926015695690061 , valid  1.1970538968619515 , test  1.068950739100948 

Epoch 560 : train  0.30071620048511216 , valid  1.218545239128039 , test  1.0750680885955985 

Epoch 570 : train  0.29645479924879503 , valid  1.2161501140544893 , test  1.0816745667428727 

Epoch 580 : train  0.28140352466262775 , valid  1.2246702137634493 , test  1.074392502990346 

Epoch 590 : train  0.2980373251025283 , valid  1.219506125488814 , test  1.0816755699259648 

Epoch 600 : train  0.2925276794326709 , valid  1.2247055264631832 , test  1.0759807947344342 

Epoch 610 : train  0.2825374473582149 , valid  1.21472134209273 , test  1.0870794343405852 

Epoch 620 : train  0.2818699683058655 , valid  1.213894360390696 , test  1.0778708117328781 

Epoch 630 : train  0.27936109143304616 , valid  1.2233573662612618 , test  1.080356710455895 

Epoch 640 : train  0.2804884074744382 , valid  1.2006745778825905 , test  1.0906897486460652 

Epoch 650 : train  0.2756090354597887 , valid  1.208532771592516 , test  1.0909737299683007 

Epoch 660 : train  0.2813036165000094 , valid  1.2152380335653425 , test  1.0753926726908818 

Epoch 670 : train  0.2827594042865488 , valid  1.1883202403803141 , test  1.059257867156788 

Epoch 680 : train  0.29386754060268716 , valid  1.2156492300093484 , test  1.0736075336271285 

Epoch 690 : train  0.2775384705857911 , valid  1.169362927052245 , test  1.0716654903029925 

Epoch 700 : train  0.27716420643597495 , valid  1.1807103715696465 , test  1.0667652118390356 

Epoch 710 : train  0.27609257511133695 , valid  1.1864572414513623 , test  1.049354162248453 

Epoch 720 : train  0.27559471030525595 , valid  1.1932621316839254 , test  1.046587465945301 

Epoch 730 : train  0.279963119799585 , valid  1.1589091269157796 , test  1.0523891193997004 

Epoch 740 : train  0.2781533261350462 , valid  1.1510992484668174 , test  1.0559815578494487 

Epoch 750 : train  0.28452760688985856 , valid  1.1582597405556894 , test  1.0968664688295746 

Epoch 760 : train  0.27515723617856835 , valid  1.1755397402694774 , test  1.0853855060978574 

Epoch 770 : train  0.285791284538599 , valid  1.1634353923861709 , test  1.0874324957681658 

Epoch 780 : train  0.27281615573438756 , valid  1.1742919025100107 , test  1.052171038271944 

Epoch 790 : train  0.2782697743653223 , valid  1.1646294525440017 , test  1.0684640901274753 

Epoch 800 : train  0.27523895270161186 , valid  1.180906420448644 , test  1.0547743884426721 

Epoch 810 : train  0.26997890947612263 , valid  1.1400272526891513 , test  1.0283943319207314 

Epoch 820 : train  0.27156701069884287 , valid  1.1629699633253079 , test  1.045922672563659 

Epoch 830 : train  0.275240643154113 , valid  1.1602876821031696 , test  1.053895068280418 

Epoch 840 : train  0.275285559835737 , valid  1.1301973274607042 , test  1.0406373321930946 

Epoch 850 : train  0.27280866764268763 , valid  1.1352454803390504 , test  1.035679975761872 

Epoch 860 : train  0.2760675669182057 , valid  1.1614838513236363 , test  1.0350474439223172 

Epoch 870 : train  0.27461868489368174 , valid  1.1441702987871116 , test  1.0277438909292365 

Epoch 880 : train  0.27301057285952063 , valid  1.1459759194468488 , test  1.0510673676781994 

Epoch 890 : train  0.27599738255728506 , valid  1.142746672364553 , test  1.0590635136117408 

Epoch 900 : train  0.2746308491592014 , valid  1.1256622472529079 , test  1.071767114466808 

Epoch 910 : train  0.2759996903105449 , valid  1.1347145309597673 , test  1.0561939386048858 

Epoch 920 : train  0.2723039129907609 , valid  1.1093932389320653 , test  1.0702677423661553 

Epoch 930 : train  0.2736856695829104 , valid  1.138361631585457 , test  1.0507651615150406 

Epoch 940 : train  0.2763446365524298 , valid  1.140586909758274 , test  1.0706792782420782 

Epoch 950 : train  0.280436186031139 , valid  1.1576736080974688 , test  1.0615906001439812 

Epoch 960 : train  0.27356760434366256 , valid  1.145873397009982 , test  1.0374130708110785 

Epoch 970 : train  0.27450517934953894 , valid  1.1631427030344523 , test  1.0504016542414438 

Epoch 980 : train  0.27597841398232853 , valid  1.1724616890885144 , test  1.0570556791238745 

Epoch 990 : train  0.27719979532118394 , valid  1.1629244076876093 , test  1.0716440289905373 

Epoch 1000 : train  0.2688501527901219 , valid  1.1345336689013605 , test  1.0701104888845463 

best valid loss: 1.1093932389320653
best test loss: 1.0702677423661553
kfold index: 1
Epoch 10 : train  5.507891885158146 , valid  5.625093929934652 , test  5.567118722842501 

Epoch 20 : train  3.153768527740669 , valid  3.211802815584278 , test  3.3527725831049313 

Epoch 30 : train  2.0454798519402844 , valid  2.0821076056195285 , test  2.2844442494047934 

Epoch 40 : train  1.6570097353746227 , valid  1.7822408015896867 , test  1.9080160282645067 

Epoch 50 : train  1.3075510208650496 , valid  1.5055097686462868 , test  1.6332366654663115 

Epoch 60 : train  1.1117034406251498 , valid  1.3253511559811957 , test  1.4793345451548723 

Epoch 70 : train  0.8600808180220768 , valid  1.1710473598258084 , test  1.3463632505902698 

Epoch 80 : train  0.7137125359452368 , valid  1.0970362673745266 , test  1.2930315661779397 

Epoch 90 : train  0.5478831407347714 , valid  1.040211380797861 , test  1.1927227085482008 

Epoch 100 : train  0.4462654814384461 , valid  1.022653236345467 , test  1.161156097405407 

Epoch 110 : train  0.413256436339341 , valid  1.0054967917949105 , test  1.2035174560117556 

Epoch 120 : train  0.3807407094792074 , valid  0.970747939556893 , test  1.168250742337554 

Epoch 130 : train  0.3782858670185784 , valid  1.0112969886145236 , test  1.2036079878657633 

Epoch 140 : train  0.36030505830315324 , valid  0.9910478207435524 , test  1.1993566667087967 

Epoch 150 : train  0.36675185534907817 , valid  0.9603319495430681 , test  1.1906611528720332 

Epoch 160 : train  0.35065989100152245 , valid  0.961164970011984 , test  1.1970642065400683 

Epoch 170 : train  0.34664241452613365 , valid  0.9752367124946176 , test  1.1936835634234049 

Epoch 180 : train  0.3517750276425404 , valid  0.9317626309570507 , test  1.1776308299693834 

Epoch 190 : train  0.34999030713365026 , valid  0.9343911810321621 , test  1.1950280421637745 

Epoch 200 : train  0.34176015051602215 , valid  0.9014066160029955 , test  1.1903902313138686 

Epoch 210 : train  0.3403720554638786 , valid  0.9313294211129055 , test  1.1999529097632757 

Epoch 220 : train  0.33345734191462456 , valid  0.8859539273404881 , test  1.1850193400061304 

Epoch 230 : train  0.33767431552588245 , valid  0.9155441182987375 , test  1.1773714831155218 

Epoch 240 : train  0.3427748092173905 , valid  0.8743973778367485 , test  1.2083791134879727 

Epoch 250 : train  0.34556263556357963 , valid  0.8858872991717395 , test  1.1848945597079767 

Epoch 260 : train  0.36011486220455635 , valid  0.9236952554436341 , test  1.1806386448951178 

Epoch 270 : train  0.34117397150982554 , valid  0.9256405996331731 , test  1.1614342478535808 

Epoch 280 : train  0.3385515475964017 , valid  0.9464042440106158 , test  1.1924915322872525 

Epoch 290 : train  0.32724263592725256 , valid  0.9206152479151294 , test  1.1651920918427572 

Epoch 300 : train  0.3239921724563231 , valid  0.9276420675774799 , test  1.1734913602436312 

Epoch 310 : train  0.3281517937680828 , valid  0.839816853992059 , test  1.1659761295381774 

Epoch 320 : train  0.334716662609 , valid  0.8138426195686945 , test  1.1709580774480342 

Epoch 330 : train  0.3287274876408104 , valid  0.8729682738100586 , test  1.1799838770158952 

Epoch 340 : train  0.3298153565093923 , valid  0.9121388159612444 , test  1.1497528706075106 

Epoch 350 : train  0.3294636522164692 , valid  0.8998662813822473 , test  1.1606308788646686 

Epoch 360 : train  0.33177424155464513 , valid  0.8900174375849907 , test  1.1682749992141266 

Epoch 370 : train  0.32625067412544584 , valid  0.8499717855555692 , test  1.147155609245743 

Epoch 380 : train  0.3363208948820969 , valid  0.8843698074776525 , test  1.1441354456669963 

Epoch 390 : train  0.32969539149611016 , valid  0.8814118965773836 , test  1.1233248734183725 

Epoch 400 : train  0.3349479844372803 , valid  0.8481141345915222 , test  1.1261415174141747 

Epoch 410 : train  0.3359335490785514 , valid  0.8863468766449544 , test  1.1207018245867297 

Epoch 420 : train  0.3257434318904794 , valid  0.833293463965124 , test  1.1159637779413183 

Epoch 430 : train  0.32359235639649825 , valid  0.8243176841462909 , test  1.1192867093561183 

Epoch 440 : train  0.3212532748390735 , valid  0.8115558378118138 , test  1.1219685361430864 

Epoch 450 : train  0.32573793006065066 , valid  0.8391778613854644 , test  1.121250647145021 

Epoch 460 : train  0.3404332809653356 , valid  0.8055067804626088 , test  1.1048869243313617 

Epoch 470 : train  0.3285140252593013 , valid  0.8131971756070755 , test  1.1077006630632276 

Epoch 480 : train  0.32865280444180767 , valid  0.8140202866124385 , test  1.0545339049877 

Epoch 490 : train  0.3317661731984147 , valid  0.834143142978744 , test  1.0877899631837151 

Epoch 500 : train  0.33161434870052975 , valid  0.7839417851124096 , test  1.1156086018099514 

Epoch 510 : train  0.3293736328349896 , valid  0.758397921819085 , test  1.1136871300210431 

Epoch 520 : train  0.3214942227538351 , valid  0.7953585430517055 , test  1.0901143053194111 

Epoch 530 : train  0.3274305977646968 , valid  0.7785023760063039 , test  1.0918339630853098 

Epoch 540 : train  0.3228523720277069 , valid  0.7626045196195954 , test  1.1132454279397208 

Epoch 550 : train  0.32199802111511067 , valid  0.7840033734171701 , test  1.0853958526004264 

Epoch 560 : train  0.32291721187983174 , valid  0.7533193458977137 , test  1.0999183025211767 

Epoch 570 : train  0.3262662784181309 , valid  0.7734078687514928 , test  1.107465246785828 

Epoch 580 : train  0.32397449951587115 , valid  0.7424012497098039 , test  1.0863034418732227 

Epoch 590 : train  0.32707981651515994 , valid  0.761682767880344 , test  1.0790148327038576 

Epoch 600 : train  0.3218241442853009 , valid  0.7524473569988707 , test  1.0382929856002387 

Epoch 610 : train  0.3476970629461385 , valid  0.758583847427075 , test  1.0620074904405798 

Epoch 620 : train  0.3384852493288817 , valid  0.7473961828601544 , test  1.0243885554480525 

Epoch 630 : train  0.32636713125472766 , valid  0.7383862797466463 , test  1.020597866215251 

Epoch 640 : train  0.3217017921659583 , valid  0.7278816666243701 , test  1.0279476153387987 

Epoch 650 : train  0.31851483220807664 , valid  0.7490591719208927 , test  1.0238928509364746 

Epoch 660 : train  0.3191178376954536 , valid  0.7139433931793988 , test  1.0311663367803898 

Epoch 670 : train  0.3371043390604484 , valid  0.7169215196993026 , test  1.0157096137892507 

Epoch 680 : train  0.31828412002599177 , valid  0.7525723319063664 , test  1.023969834424519 

Epoch 690 : train  0.3241212891831758 , valid  0.7741819129370969 , test  1.0230172992571565 

Epoch 700 : train  0.31787804703586314 , valid  0.7492390738028082 , test  1.0240731332680788 

Epoch 710 : train  0.31920471952297663 , valid  0.7654716679121035 , test  1.0368461769569624 

Epoch 720 : train  0.31823084084652997 , valid  0.7387794427260472 , test  1.0283235043727728 

Epoch 730 : train  0.31688078949822807 , valid  0.7435732111122926 , test  1.0759012709049294 

Epoch 740 : train  0.32206001697155057 , valid  0.7547020595709861 , test  1.081989966405486 

Epoch 750 : train  0.32365815671871384 , valid  0.7574720589537549 , test  1.0434730306957636 

Epoch 760 : train  0.3197461139868406 , valid  0.7601551701496259 , test  1.0365331311603556 

Epoch 770 : train  0.3180402715252539 , valid  0.7303414199797645 , test  1.0546234318153933 

Epoch 780 : train  0.3194662832890835 , valid  0.71884587033087 , test  1.0421847651188287 

Epoch 790 : train  0.31703742832079373 , valid  0.7380170941062956 , test  1.042479861319831 

Epoch 800 : train  0.31950507932750416 , valid  0.7409857458738015 , test  1.0108917582538306 

Epoch 810 : train  0.31847931978926597 , valid  0.771473011992244 , test  1.0030997258336192 

Epoch 820 : train  0.31851895240735234 , valid  0.7289042784957617 , test  0.9988250278222017 

Epoch 830 : train  0.3138686350395369 , valid  0.6989366414995398 , test  1.0233727823785475 

Epoch 840 : train  0.3186741999361006 , valid  0.7443140745699017 , test  1.0332995950375803 

Epoch 850 : train  0.3158158951652943 , valid  0.7525593042391637 , test  1.0386334320356565 

Epoch 860 : train  0.316320853418625 , valid  0.7603568915508128 , test  1.018643221344859 

Epoch 870 : train  0.32335464999597213 , valid  0.7550883197753313 , test  0.9889885980201891 

Epoch 880 : train  0.31457799694497846 , valid  0.7378681389912338 , test  1.0233083389543067 

Epoch 890 : train  0.3143849147778312 , valid  0.7176709433942908 , test  1.032014877575032 

Epoch 900 : train  0.3162206450053008 , valid  0.760961112898265 , test  1.0045920682508473 

Epoch 910 : train  0.31638153723132 , valid  0.7624924369130502 , test  1.024673677501024 

Epoch 920 : train  0.3169949339176017 , valid  0.7339886699615032 , test  1.032264268795949 

Epoch 930 : train  0.31554678736011726 , valid  0.7120342351768696 , test  1.0108139433587866 

Epoch 940 : train  0.32175265757370153 , valid  0.7453458651601598 , test  1.0109067254820907 

Epoch 950 : train  0.3171538167562791 , valid  0.7159114598108542 , test  1.0182188792358624 

Epoch 960 : train  0.3196881690881121 , valid  0.7260461213123051 , test  1.0139340726203059 

Epoch 970 : train  0.316611640231951 , valid  0.7085925492040968 , test  1.0077136431269578 

Epoch 980 : train  0.31525188637257134 , valid  0.7062764803812742 , test  1.0238048122740506 

Epoch 990 : train  0.3141525842327983 , valid  0.6961343784720071 , test  1.0466860768765731 

Epoch 1000 : train  0.319345532983611 , valid  0.7094407597900478 , test  0.995645725401806 

best valid loss: 0.6961343784720071
best test loss: 1.0466860768765731
kfold index: 2
Epoch 10 : train  5.2477446512740755 , valid  5.424729207666369 , test  5.241971741537544 

Epoch 20 : train  2.3125104950011397 , valid  2.61561130323507 , test  2.491426732716105 

Epoch 30 : train  1.7079024411226977 , valid  2.062658224398537 , test  1.9551458095860959 

Epoch 40 : train  1.4632868232463956 , valid  1.8201719985723759 , test  1.773798859912025 

Epoch 50 : train  1.2316424999626898 , valid  1.6427178859754288 , test  1.5974271984304584 

Epoch 60 : train  0.9818653022096181 , valid  1.4715176451567933 , test  1.4064662230454892 

Epoch 70 : train  0.7519007445213247 , valid  1.3583601032468835 , test  1.223879068451594 

Epoch 80 : train  0.6052323889249374 , valid  1.265360306474568 , test  1.1149289193592093 

Epoch 90 : train  0.46063105016675604 , valid  1.2072861754982736 , test  1.1046815072426304 

Epoch 100 : train  0.4025348297366435 , valid  1.2050228574390527 , test  1.0845934470198142 

Epoch 110 : train  0.3753094947008239 , valid  1.1215280721311796 , test  1.089673292133357 

Epoch 120 : train  0.3696505739252213 , valid  1.173247713368861 , test  1.0728497111653152 

Epoch 130 : train  0.3587726297541154 , valid  1.1864188566221172 , test  1.07134238112147 

Epoch 140 : train  0.36133454801601006 , valid  1.1610062583875287 , test  1.0958614144999168 

Epoch 150 : train  0.35643185968923274 , valid  1.1689097450764174 , test  1.100392674680797 

Epoch 160 : train  0.35928313378935867 , valid  1.1679381140190572 , test  1.1051227960821273 

Epoch 170 : train  0.35107648625394144 , valid  1.1815433102020703 , test  1.1117748944925383 

Epoch 180 : train  0.35622800419057693 , valid  1.2010018000497265 , test  1.0928031182757088 

Epoch 190 : train  0.35089221275851185 , valid  1.1795916353283447 , test  1.0913747371220217 

Epoch 200 : train  0.3597072782721246 , valid  1.1346307045262192 , test  1.084122824939958 

Epoch 210 : train  0.36235057135011667 , valid  1.194011435569617 , test  1.1152679620741244 

Epoch 220 : train  0.3479140931308588 , valid  1.1848890393163531 , test  1.1216123346406621 

Epoch 230 : train  0.34781324148948195 , valid  1.1408960879387136 , test  1.075948739152733 

Epoch 240 : train  0.36130464275789514 , valid  1.1085817798621416 , test  1.075605583344911 

Epoch 250 : train  0.3573329890794147 , valid  1.1501513396951903 , test  1.038858122148995 

Epoch 260 : train  0.35388586719719933 , valid  1.086970602918041 , test  1.03007619387385 

Epoch 270 : train  0.3465742384463707 , valid  1.1036351849050055 , test  1.0873847566698105 

Epoch 280 : train  0.3472152247342539 , valid  1.1541875645045891 , test  1.079755085343353 

Epoch 290 : train  0.35800565348185365 , valid  1.0859692409616695 , test  1.0748961719923218 

Epoch 300 : train  0.35038508317801387 , valid  1.103721604988299 , test  1.0869782865179045 

Epoch 310 : train  0.3507214654906365 , valid  1.1083336974373308 , test  1.0649870317019696 

Epoch 320 : train  0.35570453914803074 , valid  1.0858150567514364 , test  1.0626178269333486 

Epoch 330 : train  0.3483589419890227 , valid  1.124374272672178 , test  1.0832263541885514 

Epoch 340 : train  0.34924267654590363 , valid  1.1103095762087731 , test  1.1246288826092972 

Epoch 350 : train  0.3511320871621515 , valid  1.1050218782185606 , test  1.047953155743061 

Epoch 360 : train  0.3620060109037311 , valid  1.1272825655687972 , test  1.0605522633089521 

Epoch 370 : train  0.347536465324223 , valid  1.1057682361125516 , test  1.039834023880625 

Epoch 380 : train  0.3508267531698765 , valid  1.102102588695276 , test  1.0300063789777316 

Epoch 390 : train  0.3428390497045969 , valid  1.116489040332695 , test  1.0251805443305817 

Epoch 400 : train  0.3389258743245386 , valid  1.079982732487654 , test  1.0240997618038947 

Epoch 410 : train  0.35011458069770746 , valid  1.075594655245515 , test  1.096219489827045 

Epoch 420 : train  0.3507960247386491 , valid  1.0595417580229178 , test  1.0248634268226138 

Epoch 430 : train  0.340683662427069 , valid  1.0796220838857653 , test  1.0214418575230875 

Epoch 440 : train  0.3421121820225704 , valid  1.0391642211926335 , test  1.070399871818466 

Epoch 450 : train  0.3559710696899303 , valid  1.0057878074288975 , test  1.0063695878277523 

Epoch 460 : train  0.3460851855742703 , valid  1.0428692595810565 , test  0.9809910177329145 

Epoch 470 : train  0.34886690919988445 , valid  1.0742182730775345 , test  0.9838077750308247 

Epoch 480 : train  0.3438650254618171 , valid  1.0340045985899782 , test  0.943049254163821 

Epoch 490 : train  0.33827766820190985 , valid  1.0212369734009412 , test  0.9811143856923142 

Epoch 500 : train  0.3373504052963449 , valid  1.0749194175943406 , test  0.9864304521630378 

Epoch 510 : train  0.3886687238531503 , valid  1.066839991326173 , test  0.9834879773117371 

Epoch 520 : train  0.35589893265885414 , valid  0.967773084654384 , test  0.9554201390469407 

Epoch 530 : train  0.34921886731764723 , valid  1.0047997756354317 , test  0.9307830459125637 

Epoch 540 : train  0.3500616681240151 , valid  1.0224760796970924 , test  0.9440848068273177 

Epoch 550 : train  0.3445288881639563 , valid  1.0149319597257684 , test  0.9493869332838025 

Epoch 560 : train  0.3487170349760336 , valid  1.0419275780925175 , test  0.9670458297093909 

Epoch 570 : train  0.33647502760581033 , valid  1.0196816409233525 , test  0.9456700727201358 

Epoch 580 : train  0.33077190177500304 , valid  1.0142589159446977 , test  0.9608806580060015 

Epoch 590 : train  0.3298787712000024 , valid  1.0178862964442157 , test  0.9464992914835014 

Epoch 600 : train  0.34343615543200945 , valid  1.0414855859974692 , test  0.9712439764909708 

Epoch 610 : train  0.3452418458407305 , valid  1.035953068562217 , test  0.9734448554189553 

Epoch 620 : train  0.34179109364222354 , valid  1.0464745759335279 , test  0.9318294050511271 

Epoch 630 : train  0.34124342402264796 , valid  1.0433171752487342 , test  0.9282898511456006 

Epoch 640 : train  0.33819096106723984 , valid  1.0262886729295537 , test  0.9179162420581264 

Epoch 650 : train  0.3347495321819296 , valid  1.0060004077850258 , test  0.9429444040499979 

Epoch 660 : train  0.33259366516797884 , valid  1.0221366470530866 , test  0.9275879853149677 

Epoch 670 : train  0.344737461207797 , valid  0.986463070031247 , test  0.9520053078119265 

Epoch 680 : train  0.3409312083172985 , valid  0.9628067273160231 , test  0.96345149458529 

Epoch 690 : train  0.34508943232331174 , valid  1.0058153620182633 , test  0.9809399655864834 

Epoch 700 : train  0.3376217191618428 , valid  0.9989368321982728 , test  0.9971015361044463 

Epoch 710 : train  0.33053334348540514 , valid  0.984963451668429 , test  1.0325363396158094 

Epoch 720 : train  0.3365187235485014 , valid  0.955281201694836 , test  0.9699033829356408 

Epoch 730 : train  0.3366678390488635 , valid  0.9387948495591528 , test  0.97010475380745 

Epoch 740 : train  0.3322683212615085 , valid  0.9587353341557117 , test  0.9517649654511723 

Epoch 750 : train  0.3329019726173893 , valid  0.9644369064276272 , test  0.952984078934652 

Epoch 760 : train  0.33357026375344867 , valid  0.9669140728536012 , test  0.9647004429460542 

Epoch 770 : train  0.3309759633560839 , valid  0.9961571473122188 , test  0.937392291787405 

Epoch 780 : train  0.3336982967349559 , valid  0.9763464554499848 , test  0.937094207619535 

Epoch 790 : train  0.33226993719446263 , valid  0.991190787876579 , test  0.9483555275316405 

Epoch 800 : train  0.33416254628263825 , valid  0.9885483631662727 , test  0.9688949825765563 

Epoch 810 : train  0.33529378206768895 , valid  1.019495284128599 , test  0.984798746155347 

Epoch 820 : train  0.3387071619704509 , valid  1.029834493064898 , test  0.9630968739815889 

Epoch 830 : train  0.33672212008980595 , valid  0.9832630257520039 , test  0.9284538538809322 

Epoch 840 : train  0.34181923338769543 , valid  0.9581970873576873 , test  0.9086045037408219 

Epoch 850 : train  0.3334478115561461 , valid  0.9360226191188944 , test  0.9469861077050528 

Epoch 860 : train  0.335008944665627 , valid  0.9545088857540521 , test  0.9031358403142488 

Epoch 870 : train  0.3351241345461736 , valid  0.949884986819036 , test  0.9317000832802429 

Epoch 880 : train  0.3629316348398464 , valid  0.9676530316871662 , test  0.9225976105496543 

Epoch 890 : train  0.3539164600521165 , valid  0.9819070806252641 , test  0.9422358381397464 

Epoch 900 : train  0.3421611300961378 , valid  0.9893457460335019 , test  0.9288580377547889 

Epoch 910 : train  0.34004904964472205 , valid  0.967920590520064 , test  0.8880783580890802 

Epoch 920 : train  0.33275245491170463 , valid  0.9618008228159339 , test  0.9227153398844782 

Epoch 930 : train  0.32946385189570726 , valid  0.9321278169943348 , test  0.9545350522098167 

Epoch 940 : train  0.32918077232214565 , valid  0.9880643970941008 , test  0.9097819266438402 

Epoch 950 : train  0.33087647035021256 , valid  0.9109852790917542 , test  0.9055322546220353 

Epoch 960 : train  0.34680955397633256 , valid  0.9590872633630217 , test  0.8889711864834068 

Epoch 970 : train  0.33217902286463935 , valid  0.9167163748351507 , test  0.8793428713507092 

Epoch 980 : train  0.3347577406995443 , valid  0.9241081633961624 , test  0.8984063685465569 

Epoch 990 : train  0.335357042483674 , valid  0.894823905278195 , test  0.9418460687211582 

Epoch 1000 : train  0.3342017743738845 , valid  0.9329812668576194 , test  0.9597758007743082 

best valid loss: 0.894823905278195
best test loss: 0.9418460687211582
kfold index: 3
Epoch 10 : train  5.6013246920541135 , valid  5.585534602514948 , test  5.573276159839176 

Epoch 20 : train  2.9883380363521606 , valid  3.13585585281204 , test  3.0816257770892554 

Epoch 30 : train  2.0513878777543484 , valid  2.245165817635442 , test  2.2598346858961733 

Epoch 40 : train  1.7759297199717352 , valid  1.9983300278750922 , test  2.013706041777162 

Epoch 50 : train  1.5307574681037819 , valid  1.8013272809357095 , test  1.8211011236023331 

Epoch 60 : train  1.2070482922738426 , valid  1.6118588436765928 , test  1.5746062070872258 

Epoch 70 : train  0.83100441863481 , valid  1.3831238229750613 , test  1.3177848777563343 

Epoch 80 : train  0.605112675142847 , valid  1.2655106785898294 , test  1.236660187800856 

Epoch 90 : train  0.4578799485729449 , valid  1.2075785724082233 , test  1.1704834336985208 

Epoch 100 : train  0.39308208810079925 , valid  1.1750384139825236 , test  1.0944608827441173 

Epoch 110 : train  0.34656696907256795 , valid  1.1784007858694474 , test  1.0431634588676708 

Epoch 120 : train  0.3706621106651858 , valid  1.144146458260322 , test  1.0742212029895397 

Epoch 130 : train  0.34847703592401863 , valid  1.1264494428182923 , test  1.0146763195577522 

Epoch 140 : train  0.3547224223876828 , valid  1.125949364035901 , test  1.0137888637345256 

Epoch 150 : train  0.35525732481914124 , valid  1.1304592703575203 , test  1.081339320073405 

Epoch 160 : train  0.3665253526514961 , valid  1.0648375595297148 , test  1.04469976784146 

Epoch 170 : train  0.35211447385194095 , valid  1.0598469662172323 , test  1.004861246520751 

Epoch 180 : train  0.34473048658035377 , valid  1.0613815266070965 , test  1.0411986493563161 

Epoch 190 : train  0.33963300614563746 , valid  1.062588290819746 , test  1.0520046309638906 

Epoch 200 : train  0.3300373418708885 , valid  1.067680569374837 , test  1.0822417195414504 

Epoch 210 : train  0.3402208846423353 , valid  1.0257469982065555 , test  1.0728374206618727 

Epoch 220 : train  0.3404628798918644 , valid  1.007476913353841 , test  1.0359050647481578 

Epoch 230 : train  0.33887308502273394 , valid  1.0080853908538914 , test  1.0489453074918291 

Epoch 240 : train  0.33897874337008543 , valid  1.0166153186581877 , test  1.0245443389685371 

Epoch 250 : train  0.32964760210289623 , valid  1.0268257365070095 , test  1.0077708091191206 

Epoch 260 : train  0.3233350172062392 , valid  1.0214117225356696 , test  1.0073793059036047 

Epoch 270 : train  0.3179844471792912 , valid  0.9772404578231902 , test  1.0214826247650377 

Epoch 280 : train  0.34029442006478344 , valid  0.9242607061996457 , test  0.9827727286613614 

Epoch 290 : train  0.33988302538073967 , valid  0.8981364604409457 , test  1.0177361641126432 

Epoch 300 : train  0.34265421186193823 , valid  0.9555510503948641 , test  1.0289398596956278 

Epoch 310 : train  0.33344769807673375 , valid  1.0062120821146423 , test  1.0370478858616843 

Epoch 320 : train  0.3202176930400605 , valid  0.9995408202887537 , test  1.0449877643807242 

Epoch 330 : train  0.32116923062234387 , valid  0.999368199930887 , test  1.0685848302690888 

Epoch 340 : train  0.32504441583380056 , valid  0.9428562197803004 , test  1.0539432921868588 

Epoch 350 : train  0.31708052389264 , valid  0.9804940513803959 , test  1.054459595819246 

Epoch 360 : train  0.3363834335496642 , valid  0.9229062571687334 , test  0.9750935712495002 

Epoch 370 : train  0.32650527153506015 , valid  0.9410660872552151 , test  0.998647865392342 

Epoch 380 : train  0.33218522566473957 , valid  0.9569176827346814 , test  0.9963077770877389 

Epoch 390 : train  0.32062326599463914 , valid  0.9693731763977383 , test  0.9907416945271373 

Epoch 400 : train  0.3174844757047289 , valid  0.9633497860753341 , test  1.0358768782944805 

Epoch 410 : train  0.3142736044040581 , valid  1.0092460615887682 , test  1.0177056804611542 

Epoch 420 : train  0.30991735811533244 , valid  0.9694109570336118 , test  1.0245579238365805 

Epoch 430 : train  0.30912615413632805 , valid  0.9492474727487813 , test  1.0587755269592527 

Epoch 440 : train  0.30626484344158955 , valid  0.966202812667814 , test  1.0749472577484223 

Epoch 450 : train  0.3108266986336601 , valid  0.958863937190313 , test  1.0441649052783837 

Epoch 460 : train  0.31176206381530563 , valid  0.9824362381193602 , test  1.0431891249647343 

Epoch 470 : train  0.31056871661193597 , valid  0.9589110436957453 , test  1.0274285253570157 

Epoch 480 : train  0.31646952163247194 , valid  0.98141235676099 , test  1.0371768270583825 

Epoch 490 : train  0.30724065598837497 , valid  0.9396125052729885 , test  1.070723904370777 

Epoch 500 : train  0.3131638958246475 , valid  0.9279007228906637 , test  1.018708086958033 

Epoch 510 : train  0.3303979370860995 , valid  0.9088772423031084 , test  0.9884444345460087 

Epoch 520 : train  0.31177606046521433 , valid  0.9506490070281876 , test  1.0344253578839502 

Epoch 530 : train  0.30875540035183996 , valid  0.9529963887236974 , test  1.031445228708591 

Epoch 540 : train  0.3149892256315409 , valid  0.940225235082556 , test  1.0320205200275023 

Epoch 550 : train  0.3139782450248921 , valid  0.9135154889266706 , test  1.0074416148617351 

Epoch 560 : train  0.328111960211866 , valid  0.9188662145663117 , test  1.0223426082814613 

Epoch 570 : train  0.32226552691971094 , valid  0.9373701097374525 , test  0.9998049332671485 

Epoch 580 : train  0.3206850031421017 , valid  0.977010201441144 , test  0.993569317637959 

Epoch 590 : train  0.32029070561603934 , valid  0.9463663899929112 , test  1.0544749537090596 

Epoch 600 : train  0.31000075484915196 , valid  0.9006044375077995 , test  0.9863611436238652 

Epoch 610 : train  0.3093605916544758 , valid  0.8840361304697574 , test  0.9469035911814025 

Epoch 620 : train  0.31112990897095644 , valid  0.9347205837037593 , test  0.9705184695216627 

Epoch 630 : train  0.3131012902269307 , valid  0.9357333052370368 , test  1.0096073116804634 

Epoch 640 : train  0.3138742346967398 , valid  0.9587283492403903 , test  1.008237764731525 

Epoch 650 : train  0.3132580975791724 , valid  0.9341490665942741 , test  0.9581226464553508 

Epoch 660 : train  0.3047178847257125 , valid  0.9182591651096763 , test  0.9532316422269907 

Epoch 670 : train  0.3041205289540967 , valid  0.9460817117612141 , test  0.962488023711469 

Epoch 680 : train  0.30576190125024866 , valid  0.9385669837033477 , test  0.9764943629167827 

Epoch 690 : train  0.3109832018685864 , valid  0.9437493645503283 , test  0.9732569229965352 

Epoch 700 : train  0.30258191506689486 , valid  0.9738972978559356 , test  1.0398116292325172 

Epoch 710 : train  0.30805874219107726 , valid  0.9170436871600638 , test  0.9929028564526596 

Epoch 720 : train  0.30669722299615576 , valid  0.9212543739049462 , test  0.9885958466575229 

Epoch 730 : train  0.3071244731976125 , valid  0.9125385351002312 , test  0.9886332404190069 

Epoch 740 : train  0.31302154076236344 , valid  0.9555679364060672 , test  0.9803461759047379 

Epoch 750 : train  0.3028879877111346 , valid  0.8938049422214469 , test  0.955101245694745 

Epoch 760 : train  0.30298626447227317 , valid  0.872706603642522 , test  0.983846361719993 

Epoch 770 : train  0.2993735407830761 , valid  0.8966472551032862 , test  0.9747116143041223 

Epoch 780 : train  0.30301130308352053 , valid  0.8823347934916219 , test  0.9567989342138176 

Epoch 790 : train  0.30468574534866316 , valid  0.904050972173296 , test  0.9394468536117087 

Epoch 800 : train  0.30644602391307635 , valid  0.9030466037068333 , test  0.9586066801246989 

Epoch 810 : train  0.3036374843179828 , valid  0.8752852110691589 , test  0.9532350278543006 

Epoch 820 : train  0.30382729581173057 , valid  0.8885290772800766 , test  1.000747019777962 

Epoch 830 : train  0.30765810139199545 , valid  0.8958394925696109 , test  1.0021136046079153 

Epoch 840 : train  0.30608439267674975 , valid  0.8410058407065504 , test  0.9810739222032201 

Epoch 850 : train  0.3121764317339535 , valid  0.8859786364086067 , test  0.9710475431622841 

Epoch 860 : train  0.3128913484138651 , valid  0.8695735683050546 , test  0.9704655657709877 

Epoch 870 : train  0.3023971077709332 , valid  0.9188146097734763 , test  0.9816961293046608 

Epoch 880 : train  0.30872139718254665 , valid  0.9014393477586536 , test  0.9650890559803461 

Epoch 890 : train  0.3060429218479788 , valid  0.8980263033597307 , test  0.9703771760422654 

Epoch 900 : train  0.3059527994579631 , valid  0.8945526105118706 , test  0.9689566093566416 

Epoch 910 : train  0.3130031156886421 , valid  0.8869656255296949 , test  0.9514653229461403 

Epoch 920 : train  0.3111251466364787 , valid  0.9024338284401192 , test  0.9709813748985868 

Epoch 930 : train  0.3059735263874379 , valid  0.9156696033151325 , test  0.9656184050252219 

Epoch 940 : train  0.30384176936890744 , valid  0.8710656338658033 , test  0.9474426912053354 

Epoch 950 : train  0.3041103780833534 , valid  0.8728757780404853 , test  0.9763760084126888 

Epoch 960 : train  0.3135915254067583 , valid  0.8607397045999464 , test  0.9462304999126449 

Epoch 970 : train  0.31442975560941994 , valid  0.8528272092402746 , test  0.9497837119204776 

Epoch 980 : train  0.3239831903471251 , valid  0.8494885226359024 , test  0.9203285980034899 

Epoch 990 : train  0.30827524616719937 , valid  0.8888571154177191 , test  0.9888693580914649 

Epoch 1000 : train  0.2992741366866388 , valid  0.8729425184229201 , test  1.0268301105849897 

best valid loss: 0.8410058407065504
best test loss: 0.9810739222032201
kfold index: 4
Epoch 10 : train  6.615118283696155 , valid  6.900109841805806 , test  6.718293939418367 

Epoch 20 : train  2.891765886980496 , valid  3.051626239516901 , test  3.0510928955149144 

Epoch 30 : train  2.0440719524906354 , valid  2.1272609876763955 , test  2.235039527595365 

Epoch 40 : train  1.6963031439885299 , valid  1.7639717588101795 , test  1.8779604003497214 

Epoch 50 : train  1.429449427992294 , valid  1.5591479943149587 , test  1.6840433806693678 

Epoch 60 : train  1.1425440036594228 , valid  1.3949410664629307 , test  1.4408650959820886 

Epoch 70 : train  0.9173277091449051 , valid  1.266456613605809 , test  1.2851086375988787 

Epoch 80 : train  0.723010821623025 , valid  1.159276032483982 , test  1.1200142341824486 

Epoch 90 : train  0.5235300653582867 , valid  1.0611356802123346 , test  1.074513268648159 

Epoch 100 : train  0.45837121467972164 , valid  1.0568382384347879 , test  1.0711364936617274 

Epoch 110 : train  0.40291725712310295 , valid  0.9921942973975143 , test  1.0743292915996054 

Epoch 120 : train  0.3749582019156172 , valid  1.0041859221155331 , test  1.1071376628617233 

Epoch 130 : train  0.36476224206308117 , valid  0.9932769189080828 , test  1.078866635546422 

Epoch 140 : train  0.3583518927159672 , valid  0.9819406859559124 , test  1.0478973887253542 

Epoch 150 : train  0.3633616124841077 , valid  1.0108156080830137 , test  1.060114254995342 

Epoch 160 : train  0.3475275997071718 , valid  1.0080103257680009 , test  1.078745313353398 

Epoch 170 : train  0.3365961224202447 , valid  1.0212137634736222 , test  1.073081060604823 

Epoch 180 : train  0.3467740198818237 , valid  1.0173649190023764 , test  1.0665115301110732 

Epoch 190 : train  0.351145990267344 , valid  0.9910548426609702 , test  1.0753486782824977 

Epoch 200 : train  0.35541396642870715 , valid  1.0045187096392239 , test  1.054996879163788 

Epoch 210 : train  0.3406474266339785 , valid  1.0407828899029883 , test  1.0838743464160612 

Epoch 220 : train  0.3556417665121652 , valid  1.0315382071512673 , test  1.0336859493145163 

Epoch 230 : train  0.3442777760360021 , valid  0.9963108226628818 , test  1.0903739872272065 

Epoch 240 : train  0.34453172192003406 , valid  0.9791399594771393 , test  1.1266365772145013 

Epoch 250 : train  0.3609182690573982 , valid  1.037788308829981 , test  1.0256338194313739 

Epoch 260 : train  0.3518451032876302 , valid  1.0543146747787158 , test  1.0909795371147206 

Epoch 270 : train  0.35721264959324267 , valid  1.0016620639220915 , test  1.0616260331219463 

Epoch 280 : train  0.35273271865674416 , valid  0.9982276012612047 , test  1.0762523656446779 

Epoch 290 : train  0.3509856771078981 , valid  0.9629884916953408 , test  1.073777011599996 

Epoch 300 : train  0.35813567756537534 , valid  0.9730122415893917 , test  1.0895440104328007 

Epoch 310 : train  0.366730861142688 , valid  0.9892351607474587 , test  1.0775495613691641 

Epoch 320 : train  0.3441779662379478 , valid  0.953702095274955 , test  1.0877673670108354 

Epoch 330 : train  0.3483567128888156 , valid  0.956152267762931 , test  1.1182632359906104 

Epoch 340 : train  0.341132664115213 , valid  0.9549594239395482 , test  1.092707688404572 

Epoch 350 : train  0.33215805136114285 , valid  0.9749249905817298 , test  1.0975256510147424 

Epoch 360 : train  0.3357374248376594 , valid  0.9935726373762891 , test  1.0872090670180155 

Epoch 370 : train  0.34675141645517205 , valid  0.9718211868766995 , test  1.0701205955143092 

Epoch 380 : train  0.33602282053820776 , valid  0.9763080869766031 , test  1.099593131914488 

Epoch 390 : train  0.33424953896333376 , valid  0.972983801962121 , test  1.1075482738460727 

Epoch 400 : train  0.3388587024495905 , valid  0.9877037237881858 , test  1.100069046949397 

Epoch 410 : train  0.33848364301128747 , valid  0.9649911743315933 , test  1.0498334139140457 

Epoch 420 : train  0.3355888072702757 , valid  0.9763545360141013 , test  1.0583309386784867 

Epoch 430 : train  0.33342591588039333 , valid  0.9848032609837061 , test  1.0580489200363967 

Epoch 440 : train  0.33282048936834774 , valid  0.9583116106631493 , test  1.0677801484133278 

Epoch 450 : train  0.33515230987698763 , valid  0.9555478083090331 , test  1.0941452400785747 

Epoch 460 : train  0.34089523345840544 , valid  0.9644049309252256 , test  1.0740583185439176 

Epoch 470 : train  0.32732016453652035 , valid  0.9525344705674683 , test  1.1137722484288868 

Epoch 480 : train  0.34529393380153195 , valid  0.9812486562980655 , test  1.045309546996151 

Epoch 490 : train  0.34930659792186075 , valid  0.9546152452751736 , test  1.0722832699123317 

Epoch 500 : train  0.3400574107753676 , valid  0.9610819787688113 , test  1.0824309153330367 

Epoch 510 : train  0.3348885260230961 , valid  0.9648956945912966 , test  1.0847248622027656 

Epoch 520 : train  0.3329366511167385 , valid  0.9895133297477896 , test  1.09371274384164 

Epoch 530 : train  0.3310531787251156 , valid  0.9805272418665008 , test  1.120065201635836 

Epoch 540 : train  0.33008320311150835 , valid  1.0087299576207431 , test  1.1037227288060019 

Epoch 550 : train  0.32735009113195607 , valid  0.9921295641662018 , test  1.065848886796176 

Epoch 560 : train  0.3283943250370075 , valid  0.9895685205184357 , test  1.0572722275746254 

Epoch 570 : train  0.3288143261965552 , valid  0.9593366709117341 , test  1.0965478400459603 

Epoch 580 : train  0.3266291651605312 , valid  0.9757547887995424 , test  1.0750756841885543 

Epoch 590 : train  0.3264801865142763 , valid  0.9656904244125866 , test  1.0749247587187925 

Epoch 600 : train  0.33472259643879504 , valid  0.9965641745562511 , test  1.061924254954181 

Epoch 610 : train  0.3318085725814523 , valid  1.0082909595429943 , test  1.0486949776126284 

Epoch 620 : train  0.32477778943431135 , valid  0.9927869386099997 , test  1.0874327701184783 

Epoch 630 : train  0.3315988571606974 , valid  0.9683653577586867 , test  1.0894702899542517 

Epoch 640 : train  0.3248384478067267 , valid  0.9635290768149029 , test  1.096706822865135 

Epoch 650 : train  0.32765393470989246 , valid  0.9832705412309635 , test  1.087112004054975 

Epoch 660 : train  0.32577128878333955 , valid  1.0155465531175902 , test  1.0816515002088374 

Epoch 670 : train  0.3289538991070835 , valid  1.019045187336469 , test  1.0864390605243754 

Epoch 680 : train  0.3291820202805971 , valid  0.9914774143764645 , test  1.048038785677299 

Epoch 690 : train  0.33698385609508114 , valid  1.0336283324005324 , test  1.0579268845936793 

Epoch 700 : train  0.33205293095296357 , valid  1.0069307203953772 , test  1.0682437763777315 

Epoch 710 : train  0.3323303667331409 , valid  1.005955856782601 , test  1.0461655095262856 

Epoch 720 : train  0.33228452772403944 , valid  0.964736192881004 , test  1.0370943621089546 

Epoch 730 : train  0.3332371939817302 , valid  0.9554642670952428 , test  1.0616414453228067 

Epoch 740 : train  0.32632717837611525 , valid  0.9513465379577208 , test  1.0737039046434456 

Epoch 750 : train  0.32854226920464435 , valid  0.9536056598210149 , test  1.0826608032728986 

Epoch 760 : train  0.3300391555348044 , valid  0.900159388584695 , test  1.1083615360816887 

Epoch 770 : train  0.33303859419994636 , valid  0.939485490463533 , test  1.0566487377875422 

Epoch 780 : train  0.3286823389925667 , valid  0.9823718161603565 , test  1.04171151476512 

Epoch 790 : train  0.34696909055836933 , valid  0.955115928446556 , test  0.994257992621466 

Epoch 800 : train  0.3392935415232814 , valid  0.9174110362354156 , test  1.0309402433830184 

Epoch 810 : train  0.3246001501902205 , valid  0.9197870772726244 , test  1.0618701720927055 

Epoch 820 : train  0.32994802456791295 , valid  0.9437203690823556 , test  1.0797439363158774 

Epoch 830 : train  0.3275107796221875 , valid  0.9334294626476468 , test  1.0530268736243287 

Epoch 840 : train  0.3285335199967056 , valid  0.925282664392003 , test  1.06125155240251 

Epoch 850 : train  0.32629037673905353 , valid  0.9108758335263318 , test  1.0869213556792892 

Epoch 860 : train  0.32141450602415844 , valid  0.9163562564665623 , test  1.0765697337262898 

Epoch 870 : train  0.32707657856643185 , valid  0.9044687752260938 , test  1.036627247739405 

Epoch 880 : train  0.3283117671974042 , valid  0.931287984614098 , test  1.0651337760258157 

Epoch 890 : train  0.3247032538747438 , valid  0.9138496009455284 , test  1.0556112881486819 

Epoch 900 : train  0.3241275901614448 , valid  0.8978221709238524 , test  1.0658403133316035 

Epoch 910 : train  0.3248811594635429 , valid  0.8943212564103995 , test  1.0815862250175934 

Epoch 920 : train  0.3236625339593529 , valid  0.9148486423722945 , test  1.0938542347515483 

Epoch 930 : train  0.32310967493305 , valid  0.8921738289221461 , test  1.1050780030676925 

Epoch 940 : train  0.32410031982660725 , valid  0.9334698710419418 , test  1.0633927080059828 

Epoch 950 : train  0.32603482587464205 , valid  0.9283012561880313 , test  1.0881068632451185 

Epoch 960 : train  0.32028821143468533 , valid  0.9311486402991845 , test  1.0772987456156216 

Epoch 970 : train  0.3189871556339 , valid  0.9215053581248103 , test  1.0818570368761065 

Epoch 980 : train  0.32679200462997166 , valid  0.9461084483038749 , test  1.0554111404651014 

Epoch 990 : train  0.31951550836473624 , valid  0.9323422746580685 , test  1.060639658655249 

Epoch 1000 : train  0.3299513126226665 , valid  0.9701324191728815 , test  1.073134616564597 

best valid loss: 0.8921738289221461
best test loss: 1.1050780030676925
 
Job Ended at Mon Apr 10 09:37:39 EDT 2023
